Exception in thread "main" Exception in thread "main" Exception in thread "main" Exception in thread "main" Exception in thread "main" Exception in thread "main" Exception Exception in thread "main" Exception in thread "main" Exception in thread "main" Exception in thread "main" Exception in thread "main" Exception in thread "main" java.lang.NoClassDefFoundError: NPB_MPJ/BTjava.lang.NoClassDefFoundError: NPB_MPJ/BTjava.lang.NoClassDefFoundError: NPB_MPJ/BT
java.lang.NoClassDefFoundError: NPB_MPJ/BT
java.lang.NoClassDefFoundError: NPB_MPJ/BT
java.lang.NoClassDefFoundError: NPB_MPJ/BT
java.lang.NoClassDefFoundError: NPB_MPJ/BTjava.lang.NoClassDefFoundError: NPB_MPJ/BT
java.lang.NoClassDefFoundError: NPB_MPJ/BT
java.lang.NoClassDefFoundError: NPB_MPJ/BT
java.lang.NoClassDefFoundError: NPB_MPJ/BTjava.lang.NoClassDefFoundError: NPB_MPJ/BT



in thread "main" 
Caused by: java.lang.ClassNotFoundException: NPB_MPJ.BTCaused by: java.lang.ClassNotFoundException: NPB_MPJ.BTCaused by: java.lang.ClassNotFoundException: NPB_MPJ.BTCaused by: java.lang.ClassNotFoundException: NPB_MPJ.BTCaused by: java.lang.ClassNotFoundException: NPB_MPJ.BTCaused by: java.lang.ClassNotFoundException: NPB_MPJ.BTCaused by: java.lang.ClassNotFoundException: NPB_MPJ.BT

Caused by: java.lang.ClassNotFoundException: NPB_MPJ.BT

Caused by: java.lang.ClassNotFoundException: NPB_MPJ.BT



Caused by: java.lang.ClassNotFoundException: NPB_MPJ.BT
Caused by: java.lang.ClassNotFoundException: NPB_MPJ.BT

	at java.net.URLClassLoader$1.run(URLClassLoader.java:217)	at java.net.URLClassLoader$1.run(URLClassLoader.java:217)	at java.net.URLClassLoader$1.run(URLClassLoader.java:217)	at java.net.URLClassLoader$1.run(URLClassLoader.java:217)

	at java.net.URLClassLoader$1.run(URLClassLoader.java:217)

	at java.net.URLClassLoader$1.run(URLClassLoader.java:217)
	at java.net.URLClassLoader$1.run(URLClassLoader.java:217)
	at java.net.URLClassLoader$1.run(URLClassLoader.java:217)
	at java.net.URLClassLoader$1.run(URLClassLoader.java:217)
	at java.net.URLClassLoader$1.run(URLClassLoader.java:217)

	at java.security.AccessController.doPrivileged(Native Method)	at java.security.AccessController.doPrivileged(Native Method)
	at java.net.URLClassLoader$1.run(URLClassLoader.java:217)
	at java.security.AccessController.doPrivileged(Native Method)
	at java.security.AccessController.doPrivileged(Native Method)

	at java.security.AccessController.doPrivileged(Native Method)	at java.security.AccessController.doPrivileged(Native Method)
	at java.security.AccessController.doPrivileged(Native Method)
	at java.net.URLClassLoader.findClass(URLClassLoader.java:205)	at java.security.AccessController.doPrivileged(Native Method)
	at java.security.AccessController.doPrivileged(Native Method)
	at java.security.AccessController.doPrivileged(Native Method)
	at java.net.URLClassLoader.findClass(URLClassLoader.java:205)	at java.net.URLClassLoader.findClass(URLClassLoader.java:205)

Caused by: java.lang.ClassNotFoundException: NPB_MPJ.BT
	at java.net.URLClassLoader.findClass(URLClassLoader.java:205)
	at java.security.AccessController.doPrivileged(Native Method)
	at java.net.URLClassLoader.findClass(URLClassLoader.java:205)
	at java.net.URLClassLoader.findClass(URLClassLoader.java:205)	at java.net.URLClassLoader.findClass(URLClassLoader.java:205)
	at java.net.URLClassLoader.findClass(URLClassLoader.java:205)

	at java.net.URLClassLoader.findClass(URLClassLoader.java:205)
	at java.net.URLClassLoader.findClass(URLClassLoader.java:205)
	at java.lang.ClassLoader.loadClass(ClassLoader.java:323)	at java.net.URLClassLoader.findClass(URLClassLoader.java:205)

	at java.lang.ClassLoader.loadClass(ClassLoader.java:323)	at java.lang.ClassLoader.loadClass(ClassLoader.java:323)
	at java.lang.ClassLoader.loadClass(ClassLoader.java:323)

	at java.lang.ClassLoader.loadClass(ClassLoader.java:323)
	at java.lang.ClassLoader.loadClass(ClassLoader.java:323)
	at java.lang.ClassLoader.loadClass(ClassLoader.java:323)

	at java.lang.ClassLoader.loadClass(ClassLoader.java:323)	at java.lang.ClassLoader.loadClass(ClassLoader.java:323)
	at java.lang.ClassLoader.loadClass(ClassLoader.java:323)

	at sun.misc.Launcher$AppClassLoader.loadClass(Launcher.java:294)	at java.lang.ClassLoader.loadClass(ClassLoader.java:323)
	at sun.misc.Launcher$AppClassLoader.loadClass(Launcher.java:294)
	at sun.misc.Launcher$AppClassLoader.loadClass(Launcher.java:294)
	at sun.misc.Launcher$AppClassLoader.loadClass(Launcher.java:294)
	at sun.misc.Launcher$AppClassLoader.loadClass(Launcher.java:294)
	at sun.misc.Launcher$AppClassLoader.loadClass(Launcher.java:294)

	at sun.misc.Launcher$AppClassLoader.loadClass(Launcher.java:294)	at sun.misc.Launcher$AppClassLoader.loadClass(Launcher.java:294)
	at sun.misc.Launcher$AppClassLoader.loadClass(Launcher.java:294)
	at sun.misc.Launcher$AppClassLoader.loadClass(Launcher.java:294)

	at sun.misc.Launcher$AppClassLoader.loadClass(Launcher.java:294)
	at java.lang.ClassLoader.loadClass(ClassLoader.java:268)
	at java.lang.ClassLoader.loadClass(ClassLoader.java:268)
	at java.lang.ClassLoader.loadClass(ClassLoader.java:268)
	at java.lang.ClassLoader.loadClass(ClassLoader.java:268)
	at java.lang.ClassLoader.loadClass(ClassLoader.java:268)
	at java.lang.ClassLoader.loadClass(ClassLoader.java:268)

	at java.lang.ClassLoader.loadClass(ClassLoader.java:268)
	at java.lang.ClassLoader.loadClass(ClassLoader.java:268)
	at java.lang.ClassLoader.loadClass(ClassLoader.java:268)	at java.lang.ClassLoader.loadClass(ClassLoader.java:268)
	at java.lang.ClassLoader.loadClass(ClassLoader.java:268)

	at java.net.URLClassLoader$1.run(URLClassLoader.java:217)
	at java.security.AccessController.doPrivileged(Native Method)
java.lang.NoClassDefFoundError: NPB_MPJ/BT
	at java.net.URLClassLoader.findClass(URLClassLoader.java:205)Caused by: java.lang.ClassNotFoundException: NPB_MPJ.BTException in thread "main" 

	at java.net.URLClassLoader$1.run(URLClassLoader.java:217)
	at java.security.AccessController.doPrivileged(Native Method)
java.lang.NoClassDefFoundError: NPB_MPJ/BT	at java.net.URLClassLoader.findClass(URLClassLoader.java:205)	at java.lang.ClassLoader.loadClass(ClassLoader.java:323)

	at sun.misc.Launcher$AppClassLoader.loadClass(Launcher.java:294)
	at java.lang.ClassLoader.loadClass(ClassLoader.java:268)
Could not find the main class: NPB_MPJ.BT. Program will exit.
Could not find the main class: NPB_MPJ.BT. Program will exit.
Could not find the main class: NPB_MPJ.BT. Program will exit.
Could not find the main class: NPB_MPJ.BT. Program will exit.
Could not find the main class: NPB_MPJ.BT. Program will exit.
Could not find the main class: NPB_MPJ.BT. Program will exit.
Could not find the main class: NPB_MPJ.BT. Program will exit.
Could not find the main class: NPB_MPJ.BT. Program will exit.
Could not find the main class: NPB_MPJ.BT. Program will exit.

	at java.lang.ClassLoader.loadClass(ClassLoader.java:323)
	at sun.misc.Launcher$AppClassLoader.loadClass(Launcher.java:294)
	at java.lang.ClassLoader.loadClass(ClassLoader.java:268)
Could not find the main class: NPB_MPJ.BT. Program will exit.
Could not find the main class: NPB_MPJ.BT. Program will exit.
Caused by: java.lang.ClassNotFoundException: NPB_MPJ.BT
	at java.net.URLClassLoader$1.run(URLClassLoader.java:217)
	at java.security.AccessController.doPrivileged(Native Method)
	at java.net.URLClassLoader.findClass(URLClassLoader.java:205)
	at java.lang.ClassLoader.loadClass(ClassLoader.java:323)
	at sun.misc.Launcher$AppClassLoader.loadClass(Launcher.java:294)
	at java.lang.ClassLoader.loadClass(ClassLoader.java:268)
Could not find the main class: NPB_MPJ.BT. Program will exit.
Could not find the main class: NPB_MPJ.BT. Program will exit.
Could not find the main class: NPB_MPJ.BT. Program will exit.
-------------------------------------------------------
Primary job  terminated normally, but 1 process returned
a non-zero exit code.. Per user-direction, the job has been aborted.
-------------------------------------------------------
--------------------------------------------------------------------------
mpirun detected that one or more processes exited with non-zero status, thus causing
the job to be terminated. The first process to do so was:

  Process name: [[29968,1],0]
  Exit code:    1
--------------------------------------------------------------------------
