 Unofficial NAS Parallel Benchmarks -- CG Benchmark
 Size: 75000
 Iterations: 75
 Number of active processes: 16
 Number of nonzeroes per row: 13
 Eigenvalue shift: 60.0
 Iteration "-1"  is the warm up iteration
   iteration            ||r||                 zeta
    -1        1.6899786290133728E-13          59.999475157875374
    0        1.6899786290133728E-13          59.999475157875374
    1        6.732389511108846E-16          21.762784614253754
    2        7.192497191716659E-16          22.287661704322545
    3        7.393448958824317E-16          22.523073818835215
    4        7.486248933092999E-16          22.627539065389108
    5        7.477235163543298E-16          22.67402591895386
    6        7.604941615286422E-16          22.694905682625183
    7        7.578429961833761E-16          22.704402316687172
    8        7.593752809425973E-16          22.70878343456166
    9        7.606812529939397E-16          22.71083513971722
    10        7.5486596383332E-16          22.711810712133698
    11        7.609533391601258E-16          22.71228162409723
    12        7.543114789612817E-16          22.712512266324524
    13        7.546361786678309E-16          22.71262680075983
    14        7.534216094263653E-16          22.712684416181638
    15        7.533714392707711E-16          22.712713746175773
    16        7.550754853368952E-16          22.712728840199638
    17        7.521676917289731E-16          22.712736684829814
    18        7.542539238257793E-16          22.712740798121843
    19        7.57149861022683E-16          22.712742972136475
    20        7.553851336414589E-16          22.712744129402743
    21        7.518589990256705E-16          22.712744749390126
    22        7.459440925728345E-16          22.71274508345288
    23        7.490880154120412E-16          22.71274526438787
    24        7.52294192424098E-16          22.712745362845972
    25        7.504848735047878E-16          22.712745416651558
    26        7.49734018999503E-16          22.712745446169315
    27        7.500885743561037E-16          22.71274546242053
    28        7.576400810406177E-16          22.712745471397085
    29        7.477519963252187E-16          22.712745476370486
    30        7.482770676054658E-16          22.71274547913375
    31        7.464739073374218E-16          22.712745480672687
    32        7.509434575797383E-16          22.712745481532494
    33        7.53159907358105E-16          22.71274548201346
    34        7.471685274587231E-16          22.712745482283367
    35        7.471582028335646E-16          22.712745482434947
    36        7.472107443499199E-16          22.71274548252069
    37        7.422864762746776E-16          22.712745482568742
    38        7.474831403472696E-16          22.712745482595906
    39        7.50261248491253E-16          22.71274548261148
    40        7.409182119514594E-16          22.712745482620058
    41        7.415882551800469E-16          22.712745482625145
    42        7.424450631027099E-16          22.712745482628
    43        7.402933510509795E-16          22.712745482629586
    44        7.48080050394689E-16          22.71274548263051
    45        7.386577031331138E-16          22.712745482630915
    46        7.4005089025364245E-16          22.71274548263107
    47        7.436646789448697E-16          22.712745482631554
    48        7.368479262448059E-16          22.712745482631398
    49        7.418039960515161E-16          22.71274548263159
    50        7.364313596139577E-16          22.712745482631803
    51        7.416825504767083E-16          22.71274548263178
    52        7.401514949407254E-16          22.712745482631725
    53        7.395040136883879E-16          22.712745482631625
    54        7.367156020793182E-16          22.712745482631625
    55        7.379165116861266E-16          22.712745482631696
    56        7.375109855442865E-16          22.712745482631746
    57        7.409470100178462E-16          22.712745482631753
    58        7.323800185658539E-16          22.71274548263176
    59        7.313804826126534E-16          22.71274548263149
    60        7.367584204253365E-16          22.712745482631625
    61        7.335337141857865E-16          22.712745482631753
    62        7.3076326554693E-16          22.71274548263176
    63        7.336916494808569E-16          22.712745482631725
    64        7.31788481881238E-16          22.71274548263161
    65        7.348879133251133E-16          22.71274548263166
    66        7.362350976936199E-16          22.712745482631682
    67        7.350409863863497E-16          22.71274548263171
    68        7.319602688325147E-16          22.712745482631625
    69        7.29907007578295E-16          22.712745482631746
    70        7.38383990095845E-16          22.712745482631867
    71        7.297072898552137E-16          22.712745482631775
    72        7.260514982503051E-16          22.712745482631618
    73        7.3218873831514E-16          22.71274548263183
    74        7.312510763441324E-16          22.712745482631725

 Benchmark completed 
CG.B: Verification Successful
Zeta is: 22.712745482631725
Error is: 3.190955452873538E-14
**** NAS Parallel Benchmarks Java-MPJ version (NPB-MPJ) CG ***** 
* Class             = B                                        * 
* Size              = 75000                                    * 
* Iterations        = 75                                       * 
* Time in seconds   = 6.014                                    * 
* ACCTime           = 0.000                                    * 
* Mops total        = 9096.899                                 * 
* Operation type    = Floating point                           * 
* Verification      = Successful                               * 
* Process requested = 16                                       * 
*                                                              *
* Please send all errors/feedbacks to:                         * 
* Damian Alvarez Mallon                                        * 
* dalvarezm@udc.es                                             * 
**************************************************************** 
