
 NAS Parallel Benchmarks 3.3 -- EP Benchmark

 Number of random numbers generated:   2199023255552
 Number of active processes:                      16

EP Benchmark Results:

CPU Time = 4827.9182
N = 2^   40
No. Gaussian Pairs =  863554308186.
Sums =    -5.319717441509699D+05   -3.688834557750430D+05
Counts:
  0  402472491787.
  1  384285547773.
  2   72139715664.
  3    4547154685.
  4     108408570.
  5        986325.
  6          3374.
  7             8.
  8             0.
  9             0.


 EP Benchmark Completed.
 Class           =                        E
 Size            =            2199023255552
 Iterations      =                        0
 Time in seconds =                  4827.92
 Total processes =                       16
 Compiled procs  =                       16
 Mop/s total     =                   455.48
 Mop/s/process   =                    28.47
 Operation type  = Random numbers generated
 Verification    =               SUCCESSFUL
 Version         =                    3.3.1
 Compile date    =              12 Feb 2014

 Compile options:
    MPIF77       = mpif77
    FLINK        = $(MPIF77)
    FMPI_LIB     = (none)
    FMPI_INC     = (none)
    FFLAGS       = -O
    FLINKFLAGS   = -O
    RAND         = randi8


 Please send feedbacks and/or the results of this run to:

 NPB Development Team 
 Internet: npb@nas.nasa.gov


