 Unofficial NAS Parallel Benchmarks Java version
 MPJ Version IS CLASS=B np=16
 Size:  33554432 Iterations:   10

   iteration
        1
        2
        3
        4
        5
        6
        7
        8
        9
        10
IS.B: Verification Successful
**** NAS Parallel Benchmarks Java-MPJ version (NPB-MPJ) IS ***** 
* Class             = B                                        * 
* Size              = 33554432                                 * 
* Iterations        = 10                                       * 
* Time in seconds   = 0.659                                    * 
* ACCTime           = 0.000                                    * 
* Mops total        = 509.172                                  * 
* Operation type    = keys ranked                              * 
* Verification      = Successful                               * 
* Process requested = 16                                       * 
*                                                              *
* Please send all errors/feedbacks to:                         * 
* Damian Alvarez Mallon                                        * 
* dalvarezm@udc.es                                             * 
**************************************************************** 
