

 NAS Parallel Benchmarks 3.3 -- IS Benchmark

 Size:  134217728  (class C)
 Iterations:   10
 Number of processes:     16

   iteration
        1
        2
        3
        4
        5
        6
        7
        8
        9
        10


 IS Benchmark Completed
 Class           =                        C
 Size            =                134217728
 Iterations      =                       10
 Time in seconds =                     2.51
 Total processes =                       16
 Compiled procs  =                       16
 Mop/s total     =                   533.85
 Mop/s/process   =                    33.37
 Operation type  =              keys ranked
 Verification    =               SUCCESSFUL
 Version         =                    3.3.1
 Compile date    =              12 Feb 2014

 Compile options:
    MPICC        = mpicc
    CLINK        = $(MPICC)
    CMPI_LIB     = (none)
    CMPI_INC     = (none)
    CFLAGS       = -O
    CLINKFLAGS   = -O


 Please send feedbacks and/or the results of this run to:

 NPB Development Team
 npb@nas.nasa.gov


