Exception in thread "main" java.lang.NoClassDefFoundError: NPB_MPJ/LU
Caused by: java.lang.ClassNotFoundException: NPB_MPJ.LU
	at java.net.URLClassLoader$1.run(URLClassLoader.java:217)
	at java.security.AccessController.doPrivileged(Native Method)
	at java.net.URLClassLoader.findClass(URLClassLoader.java:205)
	at java.lang.ClassLoader.loadClass(ClassLoader.java:323)
	at sun.misc.Launcher$AppClassLoader.loadClass(Launcher.java:294)
	at java.lang.ClassLoader.loadClass(ClassLoader.java:268)
Exception in thread "main" java.lang.NoClassDefFoundError: NPB_MPJ/LU
Caused by: java.lang.ClassNotFoundException: NPB_MPJ.LU
	at java.net.URLClassLoader$1.run(URLClassLoader.java:217)
	at java.security.AccessController.doPrivileged(Native Method)
	at java.net.URLClassLoader.findClass(URLClassLoader.java:205)
	at java.lang.ClassLoader.loadClass(ClassLoader.java:323)
	at sun.misc.Launcher$AppClassLoader.loadClass(Launcher.java:294)
	at java.lang.ClassLoader.loadClass(ClassLoader.java:268)
Exception in thread "main" java.lang.NoClassDefFoundError: NPB_MPJ/LUException in thread "main" java.lang.NoClassDefFoundError: NPB_MPJ/LU

Caused by: java.lang.ClassNotFoundException: NPB_MPJ.LU
Exception in thread "main" java.lang.NoClassDefFoundError: NPB_MPJ/LU
Caused by: java.lang.ClassNotFoundException: NPB_MPJ.LU
Caused by: java.lang.ClassNotFoundException: NPB_MPJ.LU
	at java.net.URLClassLoader$1.run(URLClassLoader.java:217)	at java.net.URLClassLoader$1.run(URLClassLoader.java:217)
	at java.security.AccessController.doPrivileged(Native Method)
	at java.net.URLClassLoader$1.run(URLClassLoader.java:217)	at java.security.AccessController.doPrivileged(Native Method)

	at java.net.URLClassLoader.findClass(URLClassLoader.java:205)

	at java.security.AccessController.doPrivileged(Native Method)
Could not find the main class: NPB_MPJ.LU. Program will exit.
	at java.net.URLClassLoader.findClass(URLClassLoader.java:205)	at java.lang.ClassLoader.loadClass(ClassLoader.java:323)
	at java.net.URLClassLoader.findClass(URLClassLoader.java:205)
	at sun.misc.Launcher$AppClassLoader.loadClass(Launcher.java:294)

	at java.lang.ClassLoader.loadClass(ClassLoader.java:323)
	at java.lang.ClassLoader.loadClass(ClassLoader.java:323)	at sun.misc.Launcher$AppClassLoader.loadClass(Launcher.java:294)

	at java.lang.ClassLoader.loadClass(ClassLoader.java:268)
	at java.lang.ClassLoader.loadClass(ClassLoader.java:268)	at sun.misc.Launcher$AppClassLoader.loadClass(Launcher.java:294)

	at java.lang.ClassLoader.loadClass(ClassLoader.java:268)
Could not find the main class: NPB_MPJ.LU. Program will exit.
Could not find the main class: NPB_MPJ.LU. Program will exit.
Could not find the main class: NPB_MPJ.LU. Program will exit.
Could not find the main class: NPB_MPJ.LU. Program will exit.
-------------------------------------------------------
Primary job  terminated normally, but 1 process returned
a non-zero exit code.. Per user-direction, the job has been aborted.
-------------------------------------------------------
Exception in thread "main" java.lang.NoClassDefFoundError: NPB_MPJ/LU
Caused by: java.lang.ClassNotFoundException: NPB_MPJ.LU
	at java.net.URLClassLoader$1.run(URLClassLoader.java:217)
	at java.security.AccessController.doPrivileged(Native Method)
	at java.net.URLClassLoader.findClass(URLClassLoader.java:205)
	at java.lang.ClassLoader.loadClass(ClassLoader.java:323)
	at sun.misc.Launcher$AppClassLoader.loadClass(Launcher.java:294)
	at java.lang.ClassLoader.loadClass(ClassLoader.java:268)
Exception in thread "main" java.lang.NoClassDefFoundError: NPB_MPJ/LU
Caused by: java.lang.ClassNotFoundException: NPB_MPJ.LU
	at java.net.URLClassLoader$1.run(URLClassLoader.java:217)
	at java.security.AccessController.doPrivileged(Native Method)
	at java.net.URLClassLoader.findClass(URLClassLoader.java:205)
	at java.lang.ClassLoader.loadClass(ClassLoader.java:323)
	at sun.misc.Launcher$AppClassLoader.loadClass(Launcher.java:294)
	at java.lang.ClassLoader.loadClass(ClassLoader.java:268)
Exception in thread "main" java.lang.NoClassDefFoundError: NPB_MPJ/LU
Caused by: java.lang.ClassNotFoundException: NPB_MPJ.LU
	at java.net.URLClassLoader$1.run(URLClassLoader.java:217)
	at java.security.AccessController.doPrivileged(Native Method)
	at java.net.URLClassLoader.findClass(URLClassLoader.java:205)
	at java.lang.ClassLoader.loadClass(ClassLoader.java:323)
	at sun.misc.Launcher$AppClassLoader.loadClass(Launcher.java:294)
	at java.lang.ClassLoader.loadClass(ClassLoader.java:268)
Could not find the main class: NPB_MPJ.LU. Program will exit.
Exception in thread "main" java.lang.NoClassDefFoundError: NPB_MPJ/LU
Caused by: java.lang.ClassNotFoundException: NPB_MPJ.LU
	at java.net.URLClassLoader$1.run(URLClassLoader.java:217)
	at java.security.AccessController.doPrivileged(Native Method)
	at java.net.URLClassLoader.findClass(URLClassLoader.java:205)
	at java.lang.ClassLoader.loadClass(ClassLoader.java:323)
	at sun.misc.Launcher$AppClassLoader.loadClass(Launcher.java:294)
	at java.lang.ClassLoader.loadClass(ClassLoader.java:268)
Could not find the main class: NPB_MPJ.LU. Program will exit.
Exception in thread "main" java.lang.NoClassDefFoundError: NPB_MPJ/LU
Caused by: java.lang.ClassNotFoundException: NPB_MPJ.LU
	at java.net.URLClassLoader$1.run(URLClassLoader.java:217)
	at java.security.AccessController.doPrivileged(Native Method)
	at java.net.URLClassLoader.findClass(URLClassLoader.java:205)
	at java.lang.ClassLoader.loadClass(ClassLoader.java:323)
	at sun.misc.Launcher$AppClassLoader.loadClass(Launcher.java:294)
	at java.lang.ClassLoader.loadClass(ClassLoader.java:268)
Could not find the main class: NPB_MPJ.LU. Program will exit.
--------------------------------------------------------------------------
mpirun detected that one or more processes exited with non-zero status, thus causing
the job to be terminated. The first process to do so was:

  Process name: [[44023,1],0]
  Exit code:    1
--------------------------------------------------------------------------
