 Unofficial NAS Parallel Benchmarks Java version
 MPJ Version MG CLASS=A np=16
 No input file mg.input. Using compiled defaults
 Size                : 256x256x256
 Iterations          : 4
 Number of processes : 16
   iter 1
   iter 4
 Initialization time: 1.676
 Benchmark completed 
 Verification successful 
 L2 Norm is 2.43336530906949E-6
 Error is   2.097249224432151E-13
MG.A: Verification Successful
**** NAS Parallel Benchmarks Java-MPJ version (NPB-MPJ) MG ***** 
* Class             = A                                        * 
* Size              = 256 X 256 X 256                          * 
* Iterations        = 4                                        * 
* Time in seconds   = 0.265                                    * 
* ACCTime           = 0.000                                    * 
* Mops total        = 14687.978                                * 
* Operation type    = floating point                           * 
* Verification      = Successful                               * 
* Process requested = 16                                       * 
*                                                              *
* Please send all errors/feedbacks to:                         * 
* Damian Alvarez Mallon                                        * 
* dalvarezm@udc.es                                             * 
**************************************************************** 
