 Unofficial NAS Parallel Benchmarks Java version
 MPJ Version MG CLASS=D np=16
 No input file mg.input. Using compiled defaults
 Size                : 1024x1024x1024
 Iterations          : 50
 Number of processes : 16
   iter 1
   iter 5
   iter 10
   iter 15
   iter 20
[mpi009][[39554,1],6][btl_usnic_component.c:921:usnic_handle_completion] usnic_2: RX error polling CQ[1] with status 1 for wr_id 2aaaac567a80 vend_err 1, byte_len 0
   iter 25
   iter 30
   iter 35
   iter 40
   iter 45
   iter 50
 Initialization time: 19.126
 Benchmark completed 
 Verification successful 
 L2 Norm is 1.583275060435508E-10
 Error is   3.4788578696752566E-12
MG.D: Verification Successful
**** NAS Parallel Benchmarks Java-MPJ version (NPB-MPJ) MG ***** 
* Class             = D                                        * 
* Size              = 1024 X 1024 X 1024                       * 
* Iterations        = 50                                       * 
* Time in seconds   = 131.375                                  * 
* ACCTime           = 0.000                                    * 
* Mops total        = 23701.827                                * 
* Operation type    = floating point                           * 
* Verification      = Successful                               * 
* Process requested = 16                                       * 
*                                                              *
* Please send all errors/feedbacks to:                         * 
* Damian Alvarez Mallon                                        * 
* dalvarezm@udc.es                                             * 
**************************************************************** 
