 Unofficial NAS Parallel Benchmarks Java version
 MPJ Version SP CLASS=A np=16
 No input file inputsp.data. Using compiled defaults
 Unofficial NAS Parallel Benchmarks -- SP Benchmark
 Size: 64x64x64
 Iterations: 400    dt: 0.0015
 Number of processes: 16
 Time step 1
 Time step 20
 Time step 40
 Time step 60
 Time step 80
 Time step 100
 Time step 120
 Time step 140
 Time step 160
 Time step 180
 Time step 200
 Time step 220
 Time step 240
 Time step 260
 Time step 280
 Time step 300
 Time step 320
 Time step 340
 Time step 360
 Time step 380
 Time step 400
 Verification being performed for class A
 Accuracy setting for epsilon 1.0E-8
 Comparison of RMS-norms of residual
0 2.4799822399303064 2.4799822399300195 1.1567890485023624E-13
1 1.1276337964370169 1.1276337964368832 1.1854101268270278E-13
2 1.502897788877033 1.5028977888770492 1.078533502377343E-14
3 1.421781621169527 1.421781621169518 6.403113295583134E-15
4 2.129211303513895 2.129211303513828 3.149404221962132E-14
 Comparison of RMS-norms of solution error
0 1.0900140297816444E-4 1.090014029782055E-4 3.767305388821384E-13
1 3.7343951769287276E-5 3.734395176928209E-5 1.388134193516278E-13
2 5.009278540653867E-5 5.009278540654163E-5 5.911484377577308E-14
3 4.767109393953637E-5 4.767109393952825E-5 1.702911155507154E-13
4 1.3621613399212408E-4 1.3621613399213E-4 4.3577854695986995E-14
 Verification successful
SP.A: Verification Successful
**** NAS Parallel Benchmarks Java-MPJ version (NPB-MPJ) SP ***** 
* Class             = A                                        * 
* Size              = 64 X 64 X 64                             * 
* Iterations        = 400                                      * 
* Time in seconds   = 138.739                                  * 
* ACCTime           = 0.000                                    * 
* Mops total        = 612.733                                  * 
* Operation type    = floating point                           * 
* Verification      = Successful                               * 
* Process requested = 16                                       * 
*                                                              *
* Please send all errors/feedbacks to:                         * 
* Damian Alvarez Mallon                                        * 
* dalvarezm@udc.es                                             * 
**************************************************************** 
