 Unofficial NAS Parallel Benchmarks Java version
 MPJ Version SP CLASS=D np=16
 No input file inputsp.data. Using compiled defaults
 Unofficial NAS Parallel Benchmarks -- SP Benchmark
 Size: 408x408x408
 Iterations: 500    dt: 3.0E-4
 Number of processes: 16
 Time step 1
 Time step 20
 Time step 40
 Time step 60
 Time step 80
 Time step 100
 Time step 120
srun: error: mpi022: task 12: Exited with exit code 1
srun: Terminating job step 644855.62
srun: error: mpi010: task 6: Exited with exit code 1
slurmd[mpi004]: *** STEP 644855.62 KILLED AT 2014-02-13T06:40:25 WITH SIGNAL 9 ***
slurmd[mpi006]: *** STEP 644855.62 KILLED AT 2014-02-13T06:40:25 WITH SIGNAL 9 ***
slurmd[mpi011]: *** STEP 644855.62 KILLED AT 2014-02-13T06:40:25 WITH SIGNAL 9 ***
slurmd[mpi007]: *** STEP 644855.62 KILLED AT 2014-02-13T06:40:25 WITH SIGNAL 9 ***
slurmd[mpi005]: *** STEP 644855.62 KILLED AT 2014-02-13T06:40:25 WITH SIGNAL 9 ***
slurmd[mpi008]: *** STEP 644855.62 KILLED AT 2014-02-13T06:40:25 WITH SIGNAL 9 ***
slurmd[mpi009]: *** STEP 644855.62 KILLED AT 2014-02-13T06:40:25 WITH SIGNAL 9 ***
slurmd[mpi012]: *** STEP 644855.62 KILLED AT 2014-02-13T06:40:25 WITH SIGNAL 9 ***
srun: Job step aborted: Waiting up to 2 seconds for job step to finish.
slurmd[mpi013]: *** STEP 644855.62 KILLED AT 2014-02-13T06:40:25 WITH SIGNAL 9 ***
slurmd[mpi021]: *** STEP 644855.62 KILLED AT 2014-02-13T06:40:25 WITH SIGNAL 9 ***
slurmd[mpi020]: *** STEP 644855.62 KILLED AT 2014-02-13T06:40:25 WITH SIGNAL 9 ***
slurmd[mpi023]: *** STEP 644855.62 KILLED AT 2014-02-13T06:40:25 WITH SIGNAL 9 ***
slurmd[mpi024]: *** STEP 644855.62 KILLED AT 2014-02-13T06:40:25 WITH SIGNAL 9 ***
slurmd[mpi022]: *** STEP 644855.62 KILLED AT 2014-02-13T06:40:25 WITH SIGNAL 9 ***
slurmd[mpi010]: *** STEP 644855.62 KILLED AT 2014-02-13T06:40:25 WITH SIGNAL 9 ***
slurmd[mpi010]: *** STEP 644855.62 KILLED AT 2014-02-13T06:40:25 WITH SIGNAL 9 ***
srun: error: mpi006: task 2: Killed
srun: error: mpi011: task 7: Killed
srun: error: mpi005: task 1: Killed
srun: error: mpi021: task 11: Killed
srun: error: mpi004: task 0: Killed
srun: error: mpi012: task 8: Killed
srun: error: mpi007: task 3: Killed
srun: error: mpi020: task 10: Killed
srun: error: mpi009: task 5: Killed
srun: error: mpi013: task 9: Killed
srun: error: mpi008: task 4: Killed
srun: error: mpi023: task 13: Killed
srun: error: mpi024: task 14: Killed
