srun: cluster configuration lacks support for cpu binding
Running C benchmark /home/jsquyres/svn/ompi-tests/NPB3.3.1/NPB3.3-MPI/bin/cg.C.2, class tcp,self, on 2 servers (np=2), tcp,self

SLURM job ID: 776713

Servers:
mpi030
mpi032

mpirun --mca btl_usnic_if_include 10.1.0.0/16,10.2.0.0/16 --mca btl_tcp_if_include 10.1.0.0/16,10.2.0.0/16 --mca btl tcp,self --bind-to core --map-by node -np 2 /home/jsquyres/svn/ompi-tests/NPB3.3.1/NPB3.3-MPI/bin/cg.C.2

Start: Sun Jun  1 04:35:05 PDT 2014
===============================================================================
srun: cluster configuration lacks support for cpu binding
--------------------------------------------------------------------------
WARNING: An invalid value was given for btl_tcp_if_include.  This
value will be ignored.

  Local host: mpi030
  Value:      10.1.0.0/16
  Message:    Did not find interface matching this subnet
--------------------------------------------------------------------------


 NAS Parallel Benchmarks 3.3 -- CG Benchmark

 Size:     150000
 Iterations:    75
 Number of active processes:     2
 Number of nonzeroes per row:       15
 Eigenvalue shift: .110E+03
[mpi030:07997] 1 more process has sent help message help-mpi-btl-tcp.txt / invalid if_inexclude
[mpi030:07997] Set MCA parameter "orte_base_help_aggregate" to 0 to see all help / error messages

   iteration           ||r||                 zeta
        1       0.16275218237522E-12   109.9994423237398
        2       0.47102494253072E-15    27.3920437146530
        3       0.46985364425774E-15    28.0339761840276
        4       0.46985004160748E-15    28.4191507551296
        5       0.46830078113161E-15    28.6471670038882
        6       0.46846763718778E-15    28.7812969418424
        7       0.46683850798756E-15    28.8600458537355
        8       0.46872587270890E-15    28.9063145572688
        9       0.46779848010727E-15    28.9335649214633
       10       0.46866867455661E-15    28.9496695449005
       11       0.46808605958439E-15    28.9592263353758
       12       0.46661029090272E-15    28.9649233484888
       13       0.46654221344147E-15    28.9683359248936
       14       0.46813880051981E-15    28.9703903960005
       15       0.46768114644093E-15    28.9716336228368
       16       0.46736033322009E-15    28.9723898600848
       17       0.46729196961654E-15    28.9728522692217
       18       0.46766402480321E-15    28.9731364797786
       19       0.46564685709899E-15    28.9733120569290
       20       0.46444980530051E-15    28.9734210663758
       21       0.46599673278561E-15    28.9734890760541
       22       0.46322044406494E-15    28.9735317064871
       23       0.46384650572158E-15    28.9735585497255
       24       0.46476210128547E-15    28.9735755256645
       25       0.46412747321679E-15    28.9735863059383
       26       0.46445724224846E-15    28.9735931787384
       27       0.46535572577129E-15    28.9735975767373
       28       0.46348052049232E-15    28.9736004009986
       29       0.46444343361665E-15    28.9736022206758
       30       0.46390135512400E-15    28.9736033967627
       31       0.46505154419003E-15    28.9736041591164
       32       0.46265052361128E-15    28.9736046546412
       33       0.46259912072588E-15    28.9736049775610
       34       0.45920094619540E-15    28.9736051885092
       35       0.46034386619077E-15    28.9736053266252
       36       0.46071369941774E-15    28.9736054172461
       37       0.45950614117417E-15    28.9736054768224
       38       0.45941739851713E-15    28.9736055160635
       39       0.45897151580197E-15    28.9736055419569
       40       0.46049042651417E-15    28.9736055590703
       41       0.45889702194491E-15    28.9736055703979
       42       0.45966349118930E-15    28.9736055779078
       43       0.45854829011885E-15    28.9736055828930
       44       0.46001589815709E-15    28.9736055862076
       45       0.45884253343118E-15    28.9736055884132
       46       0.45636863255038E-15    28.9736055898831
       47       0.45890545021542E-15    28.9736055908644
       48       0.45766244018229E-15    28.9736055915181
       49       0.45620221801520E-15    28.9736055919562
       50       0.45493758064412E-15    28.9736055922486
       51       0.45343962402229E-15    28.9736055924456
       52       0.45515438577100E-15    28.9736055925765
       53       0.45583974226640E-15    28.9736055926646
       54       0.45790633613507E-15    28.9736055927225
       55       0.45472301649569E-15    28.9736055927623
       56       0.45502852821853E-15    28.9736055927896
       57       0.45421523940810E-15    28.9736055928084
       58       0.45516270740581E-15    28.9736055928196
       59       0.45465509819974E-15    28.9736055928281
       60       0.45214045498156E-15    28.9736055928345
       61       0.45324783295758E-15    28.9736055928383
       62       0.45370996824536E-15    28.9736055928404
       63       0.45129277031978E-15    28.9736055928419
       64       0.45161646328206E-15    28.9736055928438
       65       0.45152485447302E-15    28.9736055928435
       66       0.45288106456824E-15    28.9736055928445
       67       0.45297967009728E-15    28.9736055928446
       68       0.45162725526068E-15    28.9736055928450
       69       0.45197862558286E-15    28.9736055928440
       70       0.45167478147154E-15    28.9736055928450
       71       0.44990398843514E-15    28.9736055928453
       72       0.45078886018771E-15    28.9736055928470
       73       0.45278864882851E-15    28.9736055928450
       74       0.45026924463180E-15    28.9736055928442
       75       0.45077046210833E-15    28.9736055928458
 Benchmark completed 
 VERIFICATION SUCCESSFUL 
 Zeta is     0.2897360559285E+02
 Error is    0.2857022004072E-13


 CG Benchmark Completed.
 Class           =                        C
 Size            =                   150000
 Iterations      =                       75
 Time in seconds =                   147.26
 Total processes =                        2
 Compiled procs  =                        2
 Mop/s total     =                   973.42
 Mop/s/process   =                   486.71
 Operation type  =           floating point
 Verification    =               SUCCESSFUL
 Version         =                    3.3.1
 Compile date    =              01 Jun 2014

 Compile options:
    MPIF77       = mpifort
    FLINK        = $(MPIF77)
    FMPI_LIB     = (none)
    FMPI_INC     = (none)
    FFLAGS       = -O2 -mcmodel=large
    FLINKFLAGS   = -O2 -mcmodel=large
    RAND         = randi8


 Please send feedbacks and/or the results of this run to:

 NPB Development Team 
 Internet: npb@nas.nasa.gov


===============================================================================
End: Sun Jun  1 04:37:36 PDT 2014
