srun: cluster configuration lacks support for cpu binding
Running C benchmark /home/jsquyres/svn/ompi-tests/NPB3.3.1/NPB3.3-MPI/bin/cg.C.8, class usnic,self, on 8 servers (np=8), usnic,self

SLURM job ID: 776756

Servers:
mpi003
mpi001
mpi026
mpi024
mpi027
mpi028
mpi022
mpi025

mpirun --mca btl_usnic_if_include 10.1.0.0/16,10.2.0.0/16 --mca btl_tcp_if_include 10.1.0.0/16,10.2.0.0/16 --mca btl usnic,self --bind-to core --map-by node -np 8 /home/jsquyres/svn/ompi-tests/NPB3.3.1/NPB3.3-MPI/bin/cg.C.8

Start: Sun Jun  1 06:06:52 PDT 2014
===============================================================================
srun: cluster configuration lacks support for cpu binding


 NAS Parallel Benchmarks 3.3 -- CG Benchmark

 Size:     150000
 Iterations:    75
 Number of active processes:     8
 Number of nonzeroes per row:       15
 Eigenvalue shift: .110E+03

   iteration           ||r||                 zeta
        1       0.14228057097065E-12   109.9994423237398
        2       0.41555295435830E-15    27.3920437146525
        3       0.41271724718434E-15    28.0339761840275
        4       0.41262911498462E-15    28.4191507551287
        5       0.41054374323902E-15    28.6471670038893
        6       0.41046360702734E-15    28.7812969418412
        7       0.40851283310540E-15    28.8600458537343
        8       0.40931378325354E-15    28.9063145572685
        9       0.41038689598994E-15    28.9335649214622
       10       0.40951710036029E-15    28.9496695449003
       11       0.40808698621495E-15    28.9592263353754
       12       0.40848562546757E-15    28.9649233484889
       13       0.41022035088991E-15    28.9683359248936
       14       0.41018096601777E-15    28.9703903960005
       15       0.40958909543632E-15    28.9716336228371
       16       0.40640682381998E-15    28.9723898600853
       17       0.40740933066112E-15    28.9728522692228
       18       0.40739720955493E-15    28.9731364797778
       19       0.40650029027564E-15    28.9733120569288
       20       0.40419583746802E-15    28.9734210663747
       21       0.40459551872073E-15    28.9734890760554
       22       0.40396274289673E-15    28.9735317064871
       23       0.40404946793718E-15    28.9735585497258
       24       0.40426060946012E-15    28.9735755256648
       25       0.40397961455377E-15    28.9735863059382
       26       0.40396135523205E-15    28.9735931787373
       27       0.40479865748602E-15    28.9735975767371
       28       0.40311898691102E-15    28.9736004009989
       29       0.40374583196339E-15    28.9736022206772
       30       0.40198602386064E-15    28.9736033967627
       31       0.40210127722983E-15    28.9736041591158
       32       0.40203180443944E-15    28.9736046546405
       33       0.40189447447896E-15    28.9736049775614
       34       0.40039795223772E-15    28.9736051885099
       35       0.39949888893865E-15    28.9736053266246
       36       0.39827570154868E-15    28.9736054172454
       37       0.40001784247728E-15    28.9736054768226
       38       0.40013593124691E-15    28.9736055160638
       39       0.39663147166599E-15    28.9736055419573
       40       0.39809345615071E-15    28.9736055590700
       41       0.39713802971795E-15    28.9736055703976
       42       0.39929881390503E-15    28.9736055779073
       43       0.40054506826309E-15    28.9736055828934
       44       0.39664875240458E-15    28.9736055862072
       45       0.39921662197726E-15    28.9736055884132
       46       0.39909568858431E-15    28.9736055898825
       47       0.39666383944173E-15    28.9736055908630
       48       0.39579161068349E-15    28.9736055915179
       49       0.39519138233782E-15    28.9736055919554
       50       0.39477922231459E-15    28.9736055922485
       51       0.39373953086073E-15    28.9736055924449
       52       0.39543538003911E-15    28.9736055925760
       53       0.39346973740203E-15    28.9736055926646
       54       0.39528942622589E-15    28.9736055927235
       55       0.39256025765786E-15    28.9736055927632
       56       0.39426024666202E-15    28.9736055927905
       57       0.39324412046167E-15    28.9736055928077
       58       0.39306150659826E-15    28.9736055928208
       59       0.39330816308505E-15    28.9736055928281
       60       0.39263793485368E-15    28.9736055928339
       61       0.39262526323007E-15    28.9736055928376
       62       0.39159572235445E-15    28.9736055928397
       63       0.39029321231966E-15    28.9736055928419
       64       0.38929364548967E-15    28.9736055928432
       65       0.38949623335925E-15    28.9736055928440
       66       0.39018939600814E-15    28.9736055928439
       67       0.38901554970096E-15    28.9736055928450
       68       0.38921557456406E-15    28.9736055928445
       69       0.38876139611037E-15    28.9736055928450
       70       0.39082527608477E-15    28.9736055928455
       71       0.38962093451608E-15    28.9736055928456
       72       0.38808652345383E-15    28.9736055928457
       73       0.38888790849124E-15    28.9736055928458
       74       0.38757904807327E-15    28.9736055928451
       75       0.38780321992689E-15    28.9736055928458
 Benchmark completed 
 VERIFICATION SUCCESSFUL 
 Zeta is     0.2897360559285E+02
 Error is    0.2857022004072E-13


 CG Benchmark Completed.
 Class           =                        C
 Size            =                   150000
 Iterations      =                       75
 Time in seconds =                    28.83
 Total processes =                        8
 Compiled procs  =                        8
 Mop/s total     =                  4971.70
 Mop/s/process   =                   621.46
 Operation type  =           floating point
 Verification    =               SUCCESSFUL
 Version         =                    3.3.1
 Compile date    =              01 Jun 2014

 Compile options:
    MPIF77       = mpifort
    FLINK        = $(MPIF77)
    FMPI_LIB     = (none)
    FMPI_INC     = (none)
    FFLAGS       = -O2 -mcmodel=large
    FLINKFLAGS   = -O2 -mcmodel=large
    RAND         = randi8


 Please send feedbacks and/or the results of this run to:

 NPB Development Team 
 Internet: npb@nas.nasa.gov


===============================================================================
End: Sun Jun  1 06:07:23 PDT 2014
