Running C benchmark /home/jsquyres/svn/ompi-tests/NPB3.3.1/NPB3.3-MPI/bin/cg.C.16, class sm,self, on 1 servers (np=16), sm,self

SLURM job ID: 776701

Servers:
mpi012
mpi012
mpi012
mpi012
mpi012
mpi012
mpi012
mpi012
mpi012
mpi012
mpi012
mpi012
mpi012
mpi012
mpi012
mpi012

mpirun --mca btl_usnic_if_include 10.1.0.0/16,10.2.0.0/16 --mca btl_tcp_if_include 10.1.0.0/16,10.2.0.0/16 --mca btl sm,self --bind-to core --map-by node -np 16 /home/jsquyres/svn/ompi-tests/NPB3.3.1/NPB3.3-MPI/bin/cg.C.16

Start: Sun Jun  1 04:31:51 PDT 2014
===============================================================================


 NAS Parallel Benchmarks 3.3 -- CG Benchmark

 Size:     150000
 Iterations:    75
 Number of active processes:    16
 Number of nonzeroes per row:       15
 Eigenvalue shift: .110E+03

   iteration           ||r||                 zeta
        1       0.14248219242590E-12   109.9994423237398
        2       0.41521812206686E-15    27.3920437146525
        3       0.41285194427180E-15    28.0339761840275
        4       0.41387676571330E-15    28.4191507551287
        5       0.41018441839004E-15    28.6471670038893
        6       0.40924504654818E-15    28.7812969418412
        7       0.40953885413123E-15    28.8600458537343
        8       0.40923479213596E-15    28.9063145572685
        9       0.41000754431279E-15    28.9335649214622
       10       0.40991619130423E-15    28.9496695449003
       11       0.40717312188090E-15    28.9592263353755
       12       0.41100074468411E-15    28.9649233484889
       13       0.40945586929301E-15    28.9683359248936
       14       0.40868740320801E-15    28.9703903960006
       15       0.40855535130258E-15    28.9716336228371
       16       0.40715884017789E-15    28.9723898600853
       17       0.40701554161560E-15    28.9728522692229
       18       0.40763533591020E-15    28.9731364797778
       19       0.40643504279977E-15    28.9733120569288
       20       0.40501010228939E-15    28.9734210663747
       21       0.40429240460651E-15    28.9734890760554
       22       0.40388723646262E-15    28.9735317064871
       23       0.40400444972582E-15    28.9735585497258
       24       0.40440916253336E-15    28.9735755256648
       25       0.40382097368133E-15    28.9735863059382
       26       0.40284378856725E-15    28.9735931787373
       27       0.40400674285368E-15    28.9735975767371
       28       0.40236580350587E-15    28.9736004009989
       29       0.40505840140805E-15    28.9736022206772
       30       0.40377097719296E-15    28.9736033967627
       31       0.40119447596549E-15    28.9736041591157
       32       0.40178628951518E-15    28.9736046546405
       33       0.40189467922073E-15    28.9736049775614
       34       0.39949092317097E-15    28.9736051885100
       35       0.40073182072397E-15    28.9736053266246
       36       0.39863908633103E-15    28.9736054172455
       37       0.40001096332796E-15    28.9736054768226
       38       0.40018606151603E-15    28.9736055160638
       39       0.39769434898602E-15    28.9736055419574
       40       0.39686567512866E-15    28.9736055590700
       41       0.39828315299028E-15    28.9736055703976
       42       0.39919334224558E-15    28.9736055779074
       43       0.40136866429788E-15    28.9736055828934
       44       0.39722408266469E-15    28.9736055862072
       45       0.39781999661168E-15    28.9736055884132
       46       0.39822719598013E-15    28.9736055898825
       47       0.39603360980474E-15    28.9736055908630
       48       0.39408529424702E-15    28.9736055915179
       49       0.39479711169828E-15    28.9736055919554
       50       0.39485504332266E-15    28.9736055922485
       51       0.39441739915092E-15    28.9736055924449
       52       0.39486304586380E-15    28.9736055925760
       53       0.39306104679144E-15    28.9736055926646
       54       0.39533304417519E-15    28.9736055927235
       55       0.39273073379938E-15    28.9736055927632
       56       0.39315065410090E-15    28.9736055927905
       57       0.39365192486493E-15    28.9736055928077
       58       0.39399072865905E-15    28.9736055928208
       59       0.39384873977043E-15    28.9736055928281
       60       0.39157076529535E-15    28.9736055928339
       61       0.39274504070273E-15    28.9736055928376
       62       0.39082625077394E-15    28.9736055928397
       63       0.38933054933226E-15    28.9736055928419
       64       0.38999844865077E-15    28.9736055928432
       65       0.38932285483335E-15    28.9736055928440
       66       0.38880202011171E-15    28.9736055928438
       67       0.38831887179526E-15    28.9736055928451
       68       0.38806466802366E-15    28.9736055928445
       69       0.38913802227352E-15    28.9736055928450
       70       0.39116626990075E-15    28.9736055928455
       71       0.38903435281607E-15    28.9736055928456
       72       0.38818188766684E-15    28.9736055928457
       73       0.38940182401714E-15    28.9736055928458
       74       0.38818415597506E-15    28.9736055928450
       75       0.38828464566735E-15    28.9736055928458
 Benchmark completed 
 VERIFICATION SUCCESSFUL 
 Zeta is     0.2897360559285E+02
 Error is    0.2758926827966E-13


 CG Benchmark Completed.
 Class           =                        C
 Size            =                   150000
 Iterations      =                       75
 Time in seconds =                    17.00
 Total processes =                       16
 Compiled procs  =                       16
 Mop/s total     =                  8431.21
 Mop/s/process   =                   526.95
 Operation type  =           floating point
 Verification    =               SUCCESSFUL
 Version         =                    3.3.1
 Compile date    =              01 Jun 2014

 Compile options:
    MPIF77       = mpifort
    FLINK        = $(MPIF77)
    FMPI_LIB     = (none)
    FMPI_INC     = (none)
    FFLAGS       = -O2 -mcmodel=large
    FLINKFLAGS   = -O2 -mcmodel=large
    RAND         = randi8


 Please send feedbacks and/or the results of this run to:

 NPB Development Team 
 Internet: npb@nas.nasa.gov


===============================================================================
End: Sun Jun  1 04:32:10 PDT 2014
