srun: cluster configuration lacks support for cpu binding
Running C benchmark /home/jsquyres/svn/ompi-tests/NPB3.3.1/NPB3.3-MPI/bin/ft.D.4, class tcp,self, on 4 servers (np=4), tcp,self

SLURM job ID: 776741

Servers:
mpi004
mpi031
mpi005
mpi032

mpirun --mca btl_usnic_if_include 10.1.0.0/16,10.2.0.0/16 --mca btl_tcp_if_include 10.1.0.0/16,10.2.0.0/16 --mca btl tcp,self --bind-to core --map-by node -np 4 /home/jsquyres/svn/ompi-tests/NPB3.3.1/NPB3.3-MPI/bin/ft.D.4

Start: Sun Jun  1 05:27:16 PDT 2014
===============================================================================
srun: cluster configuration lacks support for cpu binding
--------------------------------------------------------------------------
WARNING: An invalid value was given for btl_tcp_if_include.  This
value will be ignored.

  Local host: mpi004
  Value:      10.1.0.0/16
  Message:    Did not find interface matching this subnet
--------------------------------------------------------------------------


 NAS Parallel Benchmarks 3.3 -- FT Benchmark

 No input file inputft.data. Using compiled defaults
 Size                : 2048x1024x1024
 Iterations          :             25
 Number of processes :              4
 Processor array     :         1x   4
 Layout type         :             1D
[mpi004:06379] 3 more processes have sent help message help-mpi-btl-tcp.txt / invalid if_inexclude
[mpi004:06379] Set MCA parameter "orte_base_help_aggregate" to 0 to see all help / error messages
[mpi032][[3440,1],3][../../../../../ompi/mca/btl/tcp/btl_tcp_frag.c:209:mca_btl_tcp_frag_recv] mca_btl_tcp_frag_recv: readv error (0x2aaa32792178, 2147465784)
	Bad address(1)

[mpi031][[3440,1],2][../../../../../ompi/mca/btl/tcp/btl_tcp_frag.c:215:mca_btl_tcp_frag_recv] mca_btl_tcp_frag_recv: readv failed: Connection reset by peer (104)
[mpi004][[3440,1],0][../../../../../ompi/mca/btl/tcp/btl_tcp_frag.c:209:mca_btl_tcp_frag_recv] mca_btl_tcp_frag_recv: readv error (0x2aaa32792178, 2147465784)
	Bad address(1)

[mpi032][[3440,1],3][../../../../../ompi/mca/btl/tcp/btl_tcp_frag.c:215:mca_btl_tcp_frag_recv] mca_btl_tcp_frag_recv: readv failed: Connection reset by peer (104)
[mpi004][[3440,1],0][../../../../../ompi/mca/btl/tcp/btl_tcp_frag.c:215:mca_btl_tcp_frag_recv] mca_btl_tcp_frag_recv: readv failed: Connection reset by peer (104)
[mpi031][[3440,1],2][../../../../../ompi/mca/btl/tcp/btl_tcp_frag.c:209:mca_btl_tcp_frag_recv] mca_btl_tcp_frag_recv: readv error (0x2aaa32792178, 2147465784)
	Bad address(1)

[mpi005][[3440,1],1][../../../../../ompi/mca/btl/tcp/btl_tcp_frag.c:209:mca_btl_tcp_frag_recv] mca_btl_tcp_frag_recv: readv error (0x2aaa32792178, 2147465784)
	Bad address(1)

[mpi005][[3440,1],1][../../../../../ompi/mca/btl/tcp/btl_tcp_frag.c:215:mca_btl_tcp_frag_recv] mca_btl_tcp_frag_recv: readv failed: Connection reset by peer (104)
srun: Job step aborted: Waiting up to 2 seconds for job step to finish.
mpirun: Forwarding signal 18 to job
srun: got SIGCONT
slurmd[mpi004]: *** JOB 776741 CANCELLED AT 2014-06-01T06:21:38 ***
slurmd[mpi005]: *** STEP 776741.1 CANCELLED AT 2014-06-01T06:21:38 ***
srun: forcing job termination
srun: error: mpi032: task 2: Exited with exit code 1
srun: Terminating job step 776741.1
srun: error: mpi005: task 0: Exited with exit code 1
srun: error: mpi031: task 1: Exited with exit code 1
forrtl: error (78): process killed (SIGTERM)

Stack trace terminated abnormally.
