srun: cluster configuration lacks support for cpu binding
Running C benchmark /home/jsquyres/svn/ompi-tests/NPB3.3.1/NPB3.3-MPI/bin/is.C.2, class tcp,self, on 2 servers (np=2), tcp,self

SLURM job ID: 776725

Servers:
mpi009
mpi015

mpirun --mca btl_usnic_if_include 10.1.0.0/16,10.2.0.0/16 --mca btl_tcp_if_include 10.1.0.0/16,10.2.0.0/16 --mca btl tcp,self --bind-to core --map-by node -np 2 /home/jsquyres/svn/ompi-tests/NPB3.3.1/NPB3.3-MPI/bin/is.C.2

Start: Sun Jun  1 04:49:24 PDT 2014
===============================================================================
srun: cluster configuration lacks support for cpu binding
--------------------------------------------------------------------------
WARNING: An invalid value was given for btl_tcp_if_include.  This
value will be ignored.

  Local host: mpi009
  Value:      10.1.0.0/16
  Message:    Did not find interface matching this subnet
--------------------------------------------------------------------------


 NAS Parallel Benchmarks 3.3 -- IS Benchmark

 Size:  134217728  (class C)
 Iterations:   10
 Number of processes:     2
[mpi009:08725] 1 more process has sent help message help-mpi-btl-tcp.txt / invalid if_inexclude
[mpi009:08725] Set MCA parameter "orte_base_help_aggregate" to 0 to see all help / error messages

   iteration
        1
        2
        3
        4
        5
        6
        7
        8
        9
        10


 IS Benchmark Completed
 Class           =                        C
 Size            =                134217728
 Iterations      =                       10
 Time in seconds =                    10.16
 Total processes =                        2
 Compiled procs  =                        2
 Mop/s total     =                   132.13
 Mop/s/process   =                    66.06
 Operation type  =              keys ranked
 Verification    =               SUCCESSFUL
 Version         =                    3.3.1
 Compile date    =              01 Jun 2014

 Compile options:
    MPICC        = mpicc
    CLINK        = $(MPICC)
    CMPI_LIB     = (none)
    CMPI_INC     = (none)
    CFLAGS       = -O2 -mcmodel=large
    CLINKFLAGS   = -O2 -mcmodel=large


 Please send feedbacks and/or the results of this run to:

 NPB Development Team
 npb@nas.nasa.gov


===============================================================================
End: Sun Jun  1 04:49:45 PDT 2014
