srun: cluster configuration lacks support for cpu binding
Running C benchmark /home/jsquyres/svn/ompi-tests/NPB3.3.1/NPB3.3-MPI/bin/is.C.8, class usnic,self, on 8 servers (np=8), usnic,self

SLURM job ID: 776768

Servers:
mpi008
mpi021
mpi029
mpi013
mpi030
mpi009
mpi016
mpi012

mpirun --mca btl_usnic_if_include 10.1.0.0/16,10.2.0.0/16 --mca btl_tcp_if_include 10.1.0.0/16,10.2.0.0/16 --mca btl usnic,self --bind-to core --map-by node -np 8 /home/jsquyres/svn/ompi-tests/NPB3.3.1/NPB3.3-MPI/bin/is.C.8

Start: Sun Jun  1 06:58:11 PDT 2014
===============================================================================
srun: cluster configuration lacks support for cpu binding


 NAS Parallel Benchmarks 3.3 -- IS Benchmark

 Size:  134217728  (class C)
 Iterations:   10
 Number of processes:     8

   iteration
        1
        2
        3
        4
        5
        6
        7
        8
        9
        10


 IS Benchmark Completed
 Class           =                        C
 Size            =                134217728
 Iterations      =                       10
 Time in seconds =                     3.06
 Total processes =                        8
 Compiled procs  =                        8
 Mop/s total     =                   438.35
 Mop/s/process   =                    54.79
 Operation type  =              keys ranked
 Verification    =               SUCCESSFUL
 Version         =                    3.3.1
 Compile date    =              01 Jun 2014

 Compile options:
    MPICC        = mpicc
    CLINK        = $(MPICC)
    CMPI_LIB     = (none)
    CMPI_INC     = (none)
    CFLAGS       = -O2 -mcmodel=large
    CLINKFLAGS   = -O2 -mcmodel=large


 Please send feedbacks and/or the results of this run to:

 NPB Development Team
 npb@nas.nasa.gov


===============================================================================
End: Sun Jun  1 06:58:18 PDT 2014
