srun: cluster configuration lacks support for cpu binding
Running C benchmark /home/jsquyres/svn/ompi-tests/NPB3.3.1/NPB3.3-MPI/bin/is.D.8, class tcp,self, on 8 servers (np=8), tcp,self

SLURM job ID: 776769

Servers:
mpi008
mpi013
mpi021
mpi029
mpi030
mpi009
mpi016
mpi012

mpirun --mca btl_usnic_if_include 10.1.0.0/16,10.2.0.0/16 --mca btl_tcp_if_include 10.1.0.0/16,10.2.0.0/16 --mca btl tcp,self --bind-to core --map-by node -np 8 /home/jsquyres/svn/ompi-tests/NPB3.3.1/NPB3.3-MPI/bin/is.D.8

Start: Sun Jun  1 06:58:19 PDT 2014
===============================================================================
srun: cluster configuration lacks support for cpu binding
--------------------------------------------------------------------------
WARNING: An invalid value was given for btl_tcp_if_include.  This
value will be ignored.

  Local host: mpi009
  Value:      10.1.0.0/16
  Message:    Did not find interface matching this subnet
--------------------------------------------------------------------------


 NAS Parallel Benchmarks 3.3 -- IS Benchmark

 Size:  2147483648  (class D)
 Iterations:   10
 Number of processes:     8
[mpi008:13454] 7 more processes have sent help message help-mpi-btl-tcp.txt / invalid if_inexclude
[mpi008:13454] Set MCA parameter "orte_base_help_aggregate" to 0 to see all help / error messages

   iteration
        1
        2
        3
        4
        5
        6
        7
        8
        9
        10


 IS Benchmark Completed
 Class           =                        D
 Size            =               2147483648
 Iterations      =                       10
 Time in seconds =                    57.85
 Total processes =                        8
 Compiled procs  =                        8
 Mop/s total     =                   371.23
 Mop/s/process   =                    46.40
 Operation type  =              keys ranked
 Verification    =               SUCCESSFUL
 Version         =                    3.3.1
 Compile date    =              01 Jun 2014

 Compile options:
    MPICC        = mpicc
    CLINK        = $(MPICC)
    CMPI_LIB     = (none)
    CMPI_INC     = (none)
    CFLAGS       = -O2 -mcmodel=large
    CLINKFLAGS   = -O2 -mcmodel=large


 Please send feedbacks and/or the results of this run to:

 NPB Development Team
 npb@nas.nasa.gov


===============================================================================
End: Sun Jun  1 07:00:08 PDT 2014
