srun: cluster configuration lacks support for cpu binding
Running C benchmark /home/jsquyres/svn/ompi-tests/NPB3.3.1/NPB3.3-MPI/bin/mg.D.8, class tcp,self, on 8 servers (np=8), tcp,self

SLURM job ID: 776773

Servers:
mpi008
mpi021
mpi029
mpi013
mpi030
mpi016
mpi012
mpi009

mpirun --mca btl_usnic_if_include 10.1.0.0/16,10.2.0.0/16 --mca btl_tcp_if_include 10.1.0.0/16,10.2.0.0/16 --mca btl tcp,self --bind-to core --map-by node -np 8 /home/jsquyres/svn/ompi-tests/NPB3.3.1/NPB3.3-MPI/bin/mg.D.8

Start: Sun Jun  1 07:02:24 PDT 2014
===============================================================================
srun: cluster configuration lacks support for cpu binding
--------------------------------------------------------------------------
WARNING: An invalid value was given for btl_tcp_if_include.  This
value will be ignored.

  Local host: mpi009
  Value:      10.1.0.0/16
  Message:    Did not find interface matching this subnet
--------------------------------------------------------------------------


 NAS Parallel Benchmarks 3.3 -- MG Benchmark

 No input file. Using compiled defaults 
 Size: 1024x1024x1024  (class D)
 Iterations:   50
 Number of processes:      8
[mpi008:13942] 7 more processes have sent help message help-mpi-btl-tcp.txt / invalid if_inexclude
[mpi008:13942] Set MCA parameter "orte_base_help_aggregate" to 0 to see all help / error messages

 Initialization time:           5.982 seconds

  iter    1
  iter    5
  iter   10
  iter   15
  iter   20
  iter   25
  iter   30
  iter   35
  iter   40
  iter   45
  iter   50

 Benchmark completed 
 VERIFICATION SUCCESSFUL 
 L2 Norm is  0.1583275060424E-09
 Error is    0.1014449191529E-10


 MG Benchmark Completed.
 Class           =                        D
 Size            =           1024x1024x1024
 Iterations      =                       50
 Time in seconds =                   131.80
 Total processes =                        8
 Compiled procs  =                        8
 Mop/s total     =                 23624.97
 Mop/s/process   =                  2953.12
 Operation type  =           floating point
 Verification    =               SUCCESSFUL
 Version         =                    3.3.1
 Compile date    =              01 Jun 2014

 Compile options:
    MPIF77       = mpifort
    FLINK        = $(MPIF77)
    FMPI_LIB     = (none)
    FMPI_INC     = (none)
    FFLAGS       = -O2 -mcmodel=large
    FLINKFLAGS   = -O2 -mcmodel=large
    RAND         = randi8


 Please send feedbacks and/or the results of this run to:

 NPB Development Team 
 Internet: npb@nas.nasa.gov


===============================================================================
End: Sun Jun  1 07:04:42 PDT 2014
