srun: cluster configuration lacks support for cpu binding
Running C benchmark /home/jsquyres/svn/ompi-tests/NPB3.3.1/NPB3.3-MPI/bin/sp.D.9, class usnic,self, on 8 servers (np=9), usnic,self

SLURM job ID: 776778

Servers:
mpi001
mpi001
mpi007
mpi006
mpi004
mpi015
mpi003
mpi005
mpi002

mpirun --mca btl_usnic_if_include 10.1.0.0/16,10.2.0.0/16 --mca btl_tcp_if_include 10.1.0.0/16,10.2.0.0/16 --mca btl usnic,self --bind-to core --map-by node -np 9 /home/jsquyres/svn/ompi-tests/NPB3.3.1/NPB3.3-MPI/bin/sp.D.9

Start: Sun Jun  1 07:08:26 PDT 2014
===============================================================================
srun: cluster configuration lacks support for cpu binding
*** An error occurred in MPI_Init
*** on a NULL communicator
*** MPI_ERRORS_ARE_FATAL (processes in this communicator will now abort,
***    and potentially your MPI job)
[mpi001:17976] Local abort before MPI_INIT completed successfully; not able to aggregate error messages, and not able to guarantee that all other processes were killed!
--------------------------------------------------------------------------
At least one pair of MPI processes are unable to reach each other for
MPI communications.  This means that no Open MPI device has indicated
that it can be used to communicate between these processes.  This is
an error; Open MPI requires that all MPI processes be able to reach
each other.  This error can sometimes be the result of forgetting to
specify the "self" BTL.

  Process 1 ([[2697,1],8]) is on host: mpi001
  Process 2 ([[2697,1],0]) is on host: mpi001
  BTLs attempted: self usnic

Your MPI job is now going to abort; sorry.
--------------------------------------------------------------------------
--------------------------------------------------------------------------
MPI_INIT has failed because at least one MPI process is unreachable
from another.  This *usually* means that an underlying communication
plugin -- such as a BTL or an MTL -- has either not loaded or not
allowed itself to be used.  Your MPI job will now abort.

You may wish to try to narrow down the problem;

 * Check the output of ompi_info to see which BTL/MTL plugins are
   available.
 * Run your application with MPI_THREAD_SINGLE.
 * Set the MCA parameter btl_base_verbose to 100 (or mtl_base_verbose,
   if using MTL-based communications) to see exactly which
   communication plugins were considered and/or discarded.
--------------------------------------------------------------------------
*** An error occurred in MPI_Init
*** on a NULL communicator
*** MPI_ERRORS_ARE_FATAL (processes in this communicator will now abort,
***    and potentially your MPI job)
[mpi001:17975] Local abort before MPI_INIT completed successfully; not able to aggregate error messages, and not able to guarantee that all other processes were killed!
-------------------------------------------------------
Primary job  terminated normally, but 1 process returned
a non-zero exit code.. Per user-direction, the job has been aborted.
-------------------------------------------------------
forrtl: error (78): process killed (SIGTERM)
Image              PC                Routine            Line        Source             
libintlc.so.5      00002AAAACA752C9  Unknown               Unknown  Unknown
libintlc.so.5      00002AAAACA73B9E  Unknown               Unknown  Unknown
libifcore.so.5     00002AAAAB726F3F  Unknown               Unknown  Unknown
libifcore.so.5     00002AAAAB68ED7F  Unknown               Unknown  Unknown
libifcore.so.5     00002AAAAB69FF0E  Unknown               Unknown  Unknown
libpthread.so.0    0000003C19A0F710  Unknown               Unknown  Unknown
libc.so.6          0000003C196CF527  Unknown               Unknown  Unknown
libmpi.so.1        00002AAAAB16F911  Unknown               Unknown  Unknown
libmpi.so.1        00002AAAAB19259B  Unknown               Unknown  Unknown
libmpi_mpifh.so.2  00002AAAAAF13877  Unknown               Unknown  Unknown
sp.D.9             00000000004413F8  Unknown               Unknown  Unknown
sp.D.9             00000000004017F6  Unknown               Unknown  Unknown
sp.D.9             0000000000401776  Unknown               Unknown  Unknown
libc.so.6          0000003C1961ED1D  Unknown               Unknown  Unknown
sp.D.9             00000000004015F9  Unknown               Unknown  Unknown
forrtl: error (78): process killed (SIGTERM)
Image              PC                Routine            Line        Source             
libintlc.so.5      00002AAAACA752C9  Unknown               Unknown  Unknown
libintlc.so.5      00002AAAACA73B9E  Unknown               Unknown  Unknown
libifcore.so.5     00002AAAAB726F3F  Unknown               Unknown  Unknown
libifcore.so.5     00002AAAAB68ED7F  Unknown               Unknown  Unknown
libifcore.so.5     00002AAAAB69FF0E  Unknown               Unknown  Unknown
libpthread.so.0    000000324920F710  Unknown               Unknown  Unknown
libc.so.6          0000003248ECF527  Unknown               Unknown  Unknown
libmpi.so.1        00002AAAAB16F911  Unknown               Unknown  Unknown
libmpi.so.1        00002AAAAB19259B  Unknown               Unknown  Unknown
libmpi_mpifh.so.2  00002AAAAAF13877  Unknown               Unknown  Unknown
sp.D.9             00000000004413F8  Unknown               Unknown  Unknown
sp.D.9             00000000004017F6  Unknown               Unknown  Unknown
sp.D.9             0000000000401776  Unknown               Unknown  Unknown
libc.so.6          0000003248E1ED1D  Unknown               Unknown  Unknown
sp.D.9             00000000004015F9  Unknown               Unknown  Unknown
forrtl: error (78): process killed (SIGTERM)
Image              PC                Routine            Line        Source             
libintlc.so.5      00002AAAACA752C9  Unknown               Unknown  Unknown
libintlc.so.5      00002AAAACA73B9E  Unknown               Unknown  Unknown
libifcore.so.5     00002AAAAB726F3F  Unknown               Unknown  Unknown
libifcore.so.5     00002AAAAB68ED7F  Unknown               Unknown  Unknown
libifcore.so.5     00002AAAAB69FF0E  Unknown               Unknown  Unknown
libpthread.so.0    0000003CB2E0F710  Unknown               Unknown  Unknown
libc.so.6          0000003CB2ADF343  Unknown               Unknown  Unknown
libopen-pal.so.6   00002AAAAD1E8079  Unknown               Unknown  Unknown
libopen-pal.so.6   00002AAAAD1DD35C  Unknown               Unknown  Unknown
libopen-pal.so.6   00002AAAAD1941CD  Unknown               Unknown  Unknown
libmpi.so.1        00002AAAAB16F911  Unknown               Unknown  Unknown
libmpi.so.1        00002AAAAB19259B  Unknown               Unknown  Unknown
libmpi_mpifh.so.2  00002AAAAAF13877  Unknown               Unknown  Unknown
sp.D.9             00000000004413F8  Unknown               Unknown  Unknown
sp.D.9             00000000004017F6  Unknown               Unknown  Unknown
sp.D.9             0000000000401776  Unknown               Unknown  Unknown
libc.so.6          0000003CB2A1ED1D  Unknown               Unknown  Unknown
sp.D.9             00000000004015F9  Unknown               Unknown  Unknown
forrtl: error (78): process killed (SIGTERM)
Image              PC                Routine            Line        Source             
libintlc.so.5      00002AAAACA752C9  Unknown               Unknown  Unknown
libintlc.so.5      00002AAAACA73B9E  Unknown               Unknown  Unknown
libifcore.so.5     00002AAAAB726F3F  Unknown               Unknown  Unknown
libifcore.so.5     00002AAAAB68ED7F  Unknown               Unknown  Unknown
libifcore.so.5     00002AAAAB69FF0E  Unknown               Unknown  Unknown
libpthread.so.0    000000308180F710  Unknown               Unknown  Unknown
libc.so.6          00000030814DF343  Unknown               Unknown  Unknown
libopen-pal.so.6   00002AAAAD1E8079  Unknown               Unknown  Unknown
libopen-pal.so.6   00002AAAAD1DD35C  Unknown               Unknown  Unknown
libopen-pal.so.6   00002AAAAD1941CD  Unknown               Unknown  Unknown
libmpi.so.1        00002AAAAB16F911  Unknown               Unknown  Unknown
libmpi.so.1        00002AAAAB19259B  Unknown               Unknown  Unknown
libmpi_mpifh.so.2  00002AAAAAF13877  Unknown               Unknown  Unknown
sp.D.9             00000000004413F8  Unknown               Unknown  Unknown
sp.D.9             00000000004017F6  Unknown               Unknown  Unknown
sp.D.9             0000000000401776  Unknown               Unknown  Unknown
libc.so.6          000000308141ED1D  Unknown               Unknown  Unknown
sp.D.9             00000000004015F9  Unknown               Unknown  Unknown
forrtl: error (78): process killed (SIGTERM)
Image              PC                Routine            Line        Source             
libintlc.so.5      00002AAAACA752C9  Unknown               Unknown  Unknown
libintlc.so.5      00002AAAACA73B9E  Unknown               Unknown  Unknown
libifcore.so.5     00002AAAAB726F3F  Unknown               Unknown  Unknown
libifcore.so.5     00002AAAAB68ED7F  Unknown               Unknown  Unknown
libifcore.so.5     00002AAAAB69FF0E  Unknown               Unknown  Unknown
libpthread.so.0    0000003283C0F710  Unknown               Unknown  Unknown
libc.so.6          00000032838DF343  Unknown               Unknown  Unknown
libopen-pal.so.6   00002AAAAD1E8079  Unknown               Unknown  Unknown
libopen-pal.so.6   00002AAAAD1DD35C  Unknown               Unknown  Unknown
libopen-pal.so.6   00002AAAAD1941CD  Unknown               Unknown  Unknown
libmpi.so.1        00002AAAAB16F911  Unknown               Unknown  Unknown
libmpi.so.1        00002AAAAB19259B  Unknown               Unknown  Unknown
libmpi_mpifh.so.2  00002AAAAAF13877  Unknown               Unknown  Unknown
sp.D.9             00000000004413F8  Unknown               Unknown  Unknown
sp.D.9             00000000004017F6  Unknown               Unknown  Unknown
sp.D.9             0000000000401776  Unknown               Unknown  Unknown
libc.so.6          000000328381ED1D  Unknown               Unknown  Unknown
sp.D.9             00000000004015F9  Unknown               Unknown  Unknown
forrtl: error (78): process killed (SIGTERM)
Image              PC                Routine            Line        Source             
libintlc.so.5      00002AAAACA752C9  Unknown               Unknown  Unknown
libintlc.so.5      00002AAAACA73B9E  Unknown               Unknown  Unknown
libifcore.so.5     00002AAAAB726F3F  Unknown               Unknown  Unknown
libifcore.so.5     00002AAAAB68ED7F  Unknown               Unknown  Unknown
libifcore.so.5     00002AAAAB69FF0E  Unknown               Unknown  Unknown
libpthread.so.0    00000034B9E0F710  Unknown               Unknown  Unknown
libc.so.6          00000034B9ADF343  Unknown               Unknown  Unknown
libopen-pal.so.6   00002AAAAD1E8079  Unknown               Unknown  Unknown
libopen-pal.so.6   00002AAAAD1DD35C  Unknown               Unknown  Unknown
libopen-pal.so.6   00002AAAAD1941CD  Unknown               Unknown  Unknown
libmpi.so.1        00002AAAAB16F911  Unknown               Unknown  Unknown
libmpi.so.1        00002AAAAB19259B  Unknown               Unknown  Unknown
libmpi_mpifh.so.2  00002AAAAAF13877  Unknown               Unknown  Unknown
sp.D.9             00000000004413F8  Unknown               Unknown  Unknown
sp.D.9             00000000004017F6  Unknown               Unknown  Unknown
sp.D.9             0000000000401776  Unknown               Unknown  Unknown
libc.so.6          00000034B9A1ED1D  Unknown               Unknown  Unknown
sp.D.9             00000000004015F9  Unknown               Unknown  Unknown
forrtl: error (78): process killed (SIGTERM)
Image              PC                Routine            Line        Source             
libintlc.so.5      00002AAAACA752C9  Unknown               Unknown  Unknown
libintlc.so.5      00002AAAACA73B9E  Unknown               Unknown  Unknown
libifcore.so.5     00002AAAAB726F3F  Unknown               Unknown  Unknown
libifcore.so.5     00002AAAAB68ED7F  Unknown               Unknown  Unknown
libifcore.so.5     00002AAAAB69FF0E  Unknown               Unknown  Unknown
libpthread.so.0    000000318500F710  Unknown               Unknown  Unknown
libc.so.6          0000003184CCF527  Unknown               Unknown  Unknown
libmpi.so.1        00002AAAAB16F911  Unknown               Unknown  Unknown
libmpi.so.1        00002AAAAB19259B  Unknown               Unknown  Unknown
libmpi_mpifh.so.2  00002AAAAAF13877  Unknown               Unknown  Unknown
sp.D.9             00000000004413F8  Unknown               Unknown  Unknown
sp.D.9             00000000004017F6  Unknown               Unknown  Unknown
sp.D.9             0000000000401776  Unknown               Unknown  Unknown
libc.so.6          0000003184C1ED1D  Unknown               Unknown  Unknown
sp.D.9             00000000004015F9  Unknown               Unknown  Unknown
--------------------------------------------------------------------------
mpirun detected that one or more processes exited with non-zero status, thus causing
the job to be terminated. The first process to do so was:

  Process name: [[2697,1],8]
  Exit code:    1
--------------------------------------------------------------------------
===============================================================================
End: Sun Jun  1 07:08:28 PDT 2014
