Running C benchmark /home/jsquyres/svn/ompi-tests/NPB3.3.1/NPB3.3-MPI/bin/sp.C.4, class sm,self, on 1 servers (np=4), sm,self

SLURM job ID: 776687

Servers:
mpi028
mpi028
mpi028
mpi028

mpirun --mca btl_usnic_if_include 10.1.0.0/16,10.2.0.0/16 --mca btl_tcp_if_include 10.1.0.0/16,10.2.0.0/16 --mca btl sm,self --bind-to core --map-by node -np 4 /home/jsquyres/svn/ompi-tests/NPB3.3.1/NPB3.3-MPI/bin/sp.C.4

Start: Sun Jun  1 04:29:56 PDT 2014
===============================================================================


 NAS Parallel Benchmarks 3.3 -- SP Benchmark

 No input file inputsp.data. Using compiled defaults
 Size:  162x 162x 162
 Iterations:  400    dt:   0.0006700
 Number of active processes:     4

 Time step    1
 Time step   20
 Time step   40
 Time step   60
 Time step   80
 Time step  100
 Time step  120
 Time step  140
 Time step  160
 Time step  180
 Time step  200
 Time step  220
 Time step  240
 Time step  260
 Time step  280
 Time step  300
 Time step  320
 Time step  340
 Time step  360
 Time step  380
 Time step  400
 Verification being performed for class C
 accuracy setting for epsilon =  0.1000000000000E-07
 Comparison of RMS-norms of residual
           1 0.5881691581829E+03 0.5881691581829E+03 0.6687811712740E-13
           2 0.2454417603569E+03 0.2454417603569E+03 0.4365591429788E-13
           3 0.3293829191851E+03 0.3293829191851E+03 0.3744888145175E-13
           4 0.3081924971891E+03 0.3081924971891E+03 0.1418353448012E-12
           5 0.4597223799176E+03 0.4597223799176E+03 0.3227193839319E-13
 Comparison of RMS-norms of solution error
           1 0.2598120500183E+00 0.2598120500183E+00 0.1687905140258E-13
           2 0.2590888922315E-01 0.2590888922315E-01 0.1675208110819E-12
           3 0.5132886416320E-01 0.5132886416320E-01 0.3974439803036E-13
           4 0.4806073419454E-01 0.4806073419454E-01 0.2743174576580E-14
           5 0.5483377491301E+00 0.5483377491301E+00 0.6985237549363E-13
 Verification Successful


 SP Benchmark Completed.
 Class           =                        C
 Size            =            162x 162x 162
 Iterations      =                      400
 Time in seconds =                   272.54
 Total processes =                        4
 Compiled procs  =                        4
 Mop/s total     =                  5320.63
 Mop/s/process   =                  1330.16
 Operation type  =           floating point
 Verification    =               SUCCESSFUL
 Version         =                    3.3.1
 Compile date    =              01 Jun 2014

 Compile options:
    MPIF77       = mpifort
    FLINK        = $(MPIF77)
    FMPI_LIB     = (none)
    FMPI_INC     = (none)
    FFLAGS       = -O2 -mcmodel=large
    FLINKFLAGS   = -O2 -mcmodel=large
    RAND         = (none)


 Please send feedbacks and/or the results of this run to:

 NPB Development Team 
 Internet: npb@nas.nasa.gov


===============================================================================
End: Sun Jun  1 04:34:31 PDT 2014
