Running Java benchmark FT, class C, on 1 servers (np=8), sm,self

SLURM job ID: 776845

Servers:
mpi011
mpi011
mpi011
mpi011
mpi011
mpi011
mpi011
mpi011

mpirun --mca btl_usnic_if_include 10.10.0.0/16,10.2.0.0/16 --mca btl_tcp_if_include 10.10.0.0/16,10.2.0.0/16 --mca btl sm,self --bind-to core --map-by node -np 8 java -Xmx64g NPB_MPJ.FT class=C

Start: Sun Jun  1 07:59:32 PDT 2014
===============================================================================
 Unofficial NAS Parallel Benchmarks Java version
 MPJ Version FT CLASS=C np=8
 No input file inputft.data. Using compiled defaults
 Size                : 512x512x512
 Iterations          : 20
 Number of processes : 8
 Processor array     : 1x8
 Layout type         : 1D
 T = 1 Checksum = ( 519.507870745666, 514.901969923807)
 T = 2 Checksum = ( 515.5422171134112, 512.7578201996747)
 T = 3 Checksum = ( 514.4678022222145, 512.2251847514315)
 T = 4 Checksum = ( 514.0150594328431, 512.1090289018032)
 T = 5 Checksum = ( 513.7550426810105, 512.1143685823705)
 T = 6 Checksum = ( 513.5811056727715, 512.1496764568182)
 T = 7 Checksum = ( 513.4569343165184, 512.1870921892544)
 T = 8 Checksum = ( 513.3651975661285, 512.2193250322357)
 T = 9 Checksum = ( 513.2955192804632, 512.245473579366)
 T = 10 Checksum = ( 513.2410471738192, 512.2663649603151)
 T = 11 Checksum = ( 513.1971141679048, 512.2830879826865)
 T = 12 Checksum = ( 513.1605205715779, 512.2965869718473)
 T = 13 Checksum = ( 513.1290734193583, 512.3075927445425)
 T = 14 Checksum = ( 513.1012720313774, 512.3166486553143)
 T = 15 Checksum = ( 513.0760908195364, 512.3241541685366)
 T = 16 Checksum = ( 513.0528295923039, 512.330403759943)
 T = 17 Checksum = ( 513.0310107772617, 512.3356167976099)
 T = 18 Checksum = ( 513.010309013305, 512.3399592211208)
 T = 19 Checksum = ( 512.9905029333117, 512.343558898476)
 T = 20 Checksum = ( 512.9714421109035, 512.346516400816)
FT.C: Verification Successful
**** NAS Parallel Benchmarks Java-MPJ version (NPB-MPJ) FT ***** 
* Class             = C                                        * 
* Size              = 512 X 512 X 512                          * 
* Iterations        = 20                                       * 
* Time in seconds   = 80.190                                   * 
* ACCTime           = 0.000                                    * 
* Mops total        = 4943.112                                 * 
* Operation type    = floating point                           * 
* Verification      = Successful                               * 
* Process requested = 8                                        * 
*                                                              *
* Please send all errors/feedbacks to:                         * 
* Damian Alvarez Mallon                                        * 
* dalvarezm@udc.es                                             * 
**************************************************************** 
===============================================================================
End: Sun Jun  1 08:01:01 PDT 2014
