Running Java benchmark EP, class D, on 1 servers (np=1), sm,self

SLURM job ID: 776814

Servers:
mpi009

mpirun --mca btl_usnic_if_include 10.10.0.0/16,10.2.0.0/16 --mca btl_tcp_if_include 10.10.0.0/16,10.2.0.0/16 --mca btl sm,self --bind-to core --map-by node -np 1 java -Xmx64g NPB_MPJ.EP class=D

Start: Sun Jun  1 07:57:58 PDT 2014
===============================================================================
 Unofficial NAS Parallel Benchmarks Java version
 MPJ Version EP CLASS=D np=1
EP Benchmark Results
CPU Time = 6915.419
N = 2^36
No. Gaussian Pairs = 5.3972171957E10
Sums = 198248.12009356287 -102059.66363742041
Counts:
0 2.5154622775E10
1 2.4017899906E10
2 4.508609839E9
3 2.84201296E8
4 6776403.0
5 61541.0
6 197.0
7 0.0
8 0.0
9 0.0
EP.D: Verification Successful
**** NAS Parallel Benchmarks Java-MPJ version (NPB-MPJ) EP ***** 
* Class             = D                                        * 
* Size              = 2147483647                               * 
* Iterations        = 1                                        * 
* Time in seconds   = 6915.419                                 * 
* ACCTime           = 0.000                                    * 
* Mops total        = 19.874                                   * 
* Operation type    = Random numbers generated                 * 
* Verification      = Successful                               * 
* Process requested = 1                                        * 
*                                                              *
* Please send all errors/feedbacks to:                         * 
* Damian Alvarez Mallon                                        * 
* dalvarezm@udc.es                                             * 
**************************************************************** 
===============================================================================
End: Sun Jun  1 09:53:14 PDT 2014
