srun: cluster configuration lacks support for cpu binding
Running Java benchmark MGopt, class D, on 8 servers (np=8), usnic,self

SLURM job ID: 776918

Servers:
mpi002
mpi026
mpi025
mpi011
mpi027
mpi024
mpi009
mpi010

mpirun --mca btl_usnic_if_include 10.10.0.0/16,10.2.0.0/16 --mca btl_tcp_if_include 10.10.0.0/16,10.2.0.0/16 --mca btl usnic,self --bind-to core --map-by node -np 8 java -Xmx64g NPB_MPJ.MGopt class=D

Start: Sun Jun  1 10:56:51 PDT 2014
===============================================================================
srun: cluster configuration lacks support for cpu binding
 Unofficial NAS Parallel Benchmarks Java version
 MPJ Version MG CLASS=D np=8
 No input file mg.input. Using compiled defaults
 Size                : 1024x1024x1024
 Iterations          : 50
 Number of processes : 8
   iter 1
   iter 5
   iter 10
   iter 15
   iter 20
   iter 25
   iter 30
   iter 35
   iter 40
   iter 45
   iter 50
 Initialization time: 34.777
 Benchmark completed 
 Verification successful 
 L2 Norm is 1.5832750604261002E-10
 Error is   2.4631841880885394E-12
MG.D: Verification Successful
**** NAS Parallel Benchmarks Java-MPJ version (NPB-MPJ) MG ***** 
* Class             = D                                        * 
* Size              = 1024 X 1024 X 1024                       * 
* Iterations        = 50                                       * 
* Time in seconds   = 279.101                                  * 
* ACCTime           = 0.000                                    * 
* Mops total        = 11156.718                                * 
* Operation type    = floating point                           * 
* Verification      = Successful                               * 
* Process requested = 8                                        * 
*                                                              *
* Please send all errors/feedbacks to:                         * 
* Damian Alvarez Mallon                                        * 
* dalvarezm@udc.es                                             * 
**************************************************************** 
===============================================================================
End: Sun Jun  1 11:02:07 PDT 2014
