srun: cluster configuration lacks support for cpu binding
Running Java benchmark MG, class D, on 4 servers (np=4), tcp,self

SLURM job ID: 776895

Servers:
mpi002
mpi010
mpi009
mpi011

mpirun --mca btl_usnic_if_include 10.10.0.0/16,10.2.0.0/16 --mca btl_tcp_if_include 10.10.0.0/16,10.2.0.0/16 --mca btl tcp,self --bind-to core --map-by node -np 4 java -Xmx64g NPB_MPJ.MG class=D

Start: Sun Jun  1 09:57:11 PDT 2014
===============================================================================
srun: cluster configuration lacks support for cpu binding
Exception in thread "main" java.lang.NegativeArraySizeException
	at NPB_MPJ.MG.runBenchmark(MG.java:198)
	at NPB_MPJ.MG.main(MG.java:112)
Exception in thread "main" java.lang.NegativeArraySizeException
	at NPB_MPJ.MG.runBenchmark(MG.java:198)
	at NPB_MPJ.MG.main(MG.java:112)
-------------------------------------------------------
Primary job  terminated normally, but 1 process returned
a non-zero exit code.. Per user-direction, the job has been aborted.
-------------------------------------------------------
Exception in thread "main" java.lang.NegativeArraySizeException
	at NPB_MPJ.MG.runBenchmark(MG.java:198)
	at NPB_MPJ.MG.main(MG.java:112)
Exception in thread "main" java.lang.NegativeArraySizeException
	at NPB_MPJ.MG.runBenchmark(MG.java:198)
	at NPB_MPJ.MG.main(MG.java:112)
--------------------------------------------------------------------------
mpirun detected that one or more processes exited with non-zero status, thus causing
the job to be terminated. The first process to do so was:

  Process name: [[8880,1],0]
  Exit code:    1
--------------------------------------------------------------------------
===============================================================================
End: Sun Jun  1 09:57:12 PDT 2014
