Running Java benchmark MG, class D, on 1 servers (np=16), sm,self

SLURM job ID: 776857

Servers:
mpi008
mpi008
mpi008
mpi008
mpi008
mpi008
mpi008
mpi008
mpi008
mpi008
mpi008
mpi008
mpi008
mpi008
mpi008
mpi008

mpirun --mca btl_usnic_if_include 10.10.0.0/16,10.2.0.0/16 --mca btl_tcp_if_include 10.10.0.0/16,10.2.0.0/16 --mca btl sm,self --bind-to core --map-by node -np 16 java -Xmx64g NPB_MPJ.MG class=D

Start: Sun Jun  1 08:01:32 PDT 2014
===============================================================================
 Unofficial NAS Parallel Benchmarks Java version
 MPJ Version MG CLASS=D np=16
 No input file mg.input. Using compiled defaults
 Size                : 1024x1024x1024
 Iterations          : 50
 Number of processes : 16
   iter 1
   iter 5
   iter 10
   iter 15
   iter 20
   iter 25
   iter 30
   iter 35
   iter 40
   iter 45
   iter 50
 Initialization time: 24.112
 Benchmark completed 
 Verification successful 
 L2 Norm is 1.583275060435508E-10
 Error is   3.4788578696752566E-12
MG.D: Verification Successful
**** NAS Parallel Benchmarks Java-MPJ version (NPB-MPJ) MG ***** 
* Class             = D                                        * 
* Size              = 1024 X 1024 X 1024                       * 
* Iterations        = 50                                       * 
* Time in seconds   = 158.747                                  * 
* ACCTime           = 0.000                                    * 
* Mops total        = 19615.182                                * 
* Operation type    = floating point                           * 
* Verification      = Successful                               * 
* Process requested = 16                                       * 
*                                                              *
* Please send all errors/feedbacks to:                         * 
* Damian Alvarez Mallon                                        * 
* dalvarezm@udc.es                                             * 
**************************************************************** 
===============================================================================
End: Sun Jun  1 08:04:36 PDT 2014
