srun: cluster configuration lacks support for cpu binding
Running Java benchmark CGbuf, class C, on 8 servers (np=8), tcp,self

SLURM job ID: 776903

Servers:
mpi006
mpi007
mpi021
mpi016
mpi014
mpi022
mpi013
mpi015

mpirun --mca btl_usnic_if_include 10.10.0.0/16,10.2.0.0/16 --mca btl_tcp_if_include 10.10.0.0/16,10.2.0.0/16 --mca btl tcp,self --bind-to core --map-by node -np 8 java -Xmx64g NPB_MPJ.CGbuf class=C

Start: Sun Jun  1 10:21:51 PDT 2014
===============================================================================
srun: cluster configuration lacks support for cpu binding
 Unofficial NAS Parallel Benchmarks -- CG Benchmark
 Size: 150000
 Iterations: 75
 Number of active processes: 8
 Number of nonzeroes per row: 15
 Eigenvalue shift: 110.0
 Iteration "-1"  is the warm up iteration
   iteration            ||r||                 zeta
    -1        2.5684152458808876E-13          109.9994423237398
    0        2.5684152458808876E-13          109.9994423237398
    1        7.390427187885132E-16          27.39204371465256
    2        7.303158471226579E-16          28.033976184027466
    3        7.356519389663943E-16          28.41915075512871
    4        7.334971139711359E-16          28.647167003889322
    5        7.336020439885437E-16          28.78129694184122
    6        7.33665150211037E-16          28.86004585373435
    7        7.339004087876634E-16          28.906314557268473
    8        7.367017098643282E-16          28.933564921462164
    9        7.3571071517574455E-16          28.94966954490029
    10        7.364852644278911E-16          28.95922633537546
    11        7.384720806722853E-16          28.964923348488895
    12        7.340500771679952E-16          28.96833592489361
    13        7.329655554610577E-16          28.970390396000482
    14        7.303300464084288E-16          28.97163362283709
    15        7.364302437670679E-16          28.972389860085286
    16        7.3361604597500575E-16          28.972852269222884
    17        7.34592216402571E-16          28.973136479777835
    18        7.358722651425094E-16          28.973312056928748
    19        7.308053735532013E-16          28.97342106637474
    20        7.340397561904652E-16          28.973489076055415
    21        7.363509664245548E-16          28.973531706487123
    22        7.352167759312441E-16          28.97355854972581
    23        7.338849206058389E-16          28.973575525664813
    24        7.311446598943541E-16          28.97358630593824
    25        7.292996459220633E-16          28.973593178737374
    26        7.28145911576883E-16          28.973597576737077
    27        7.346035277281389E-16          28.97360040099892
    28        7.327118843347495E-16          28.973602220677137
    29        7.331505313303423E-16          28.973603396762726
    30        7.308332160135167E-16          28.973604159115695
    31        7.315854682282254E-16          28.973604654640482
    32        7.314898406993366E-16          28.973604977561394
    33        7.280780116883949E-16          28.97360518850995
    34        7.289623293733153E-16          28.97360532662458
    35        7.289108461234376E-16          28.97360541724541
    36        7.301638516989213E-16          28.973605476822584
    37        7.31385073239943E-16          28.973605516063827
    38        7.270321599402639E-16          28.97360554195737
    39        7.292104624043546E-16          28.97360555906998
    40        7.289982431884587E-16          28.97360557039761
    41        7.269889673149524E-16          28.97360557790735
    42        7.302078128531456E-16          28.9736055828934
    43        7.290998117073542E-16          28.97360558620717
    44        7.319981688620607E-16          28.973605588413193
    45        7.259772566671897E-16          28.973605589882396
    46        7.260616003799726E-16          28.97360559086296
    47        7.296541101965695E-16          28.97360559151791
    48        7.283584134289611E-16          28.97360559195539
    49        7.250840640243069E-16          28.973605592248518
    50        7.317000068620581E-16          28.97360559244494
    51        7.262241738812317E-16          28.973605592576064
    52        7.275768005501698E-16          28.973605592664597
    53        7.291719101728843E-16          28.97360559272356
    54        7.279375901597857E-16          28.973605592763207
    55        7.242580179315296E-16          28.97360559279045
    56        7.261076478575044E-16          28.973605592807715
    57        7.261493312656075E-16          28.973605592820846
    58        7.250903465899321E-16          28.973605592828136
    59        7.230822674696042E-16          28.97360559283392
    60        7.236850814504566E-16          28.973605592837558
    61        7.254654505002955E-16          28.97360559283966
    62        7.284470169536569E-16          28.973605592841864
    63        7.235900531444526E-16          28.973605592843185
    64        7.255860250267291E-16          28.973605592843995
    65        7.248416048719502E-16          28.973605592843853
    66        7.280822699646154E-16          28.973605592845047
    67        7.266252067721146E-16          28.97360559284448
    68        7.240310245864092E-16          28.97360559284502
    69        7.2378150618886005E-16          28.973605592845487
    70        7.257889347345883E-16          28.973605592845644
    71        7.228921592955567E-16          28.973605592845644
    72        7.265404077157867E-16          28.973605592845786
    73        7.240106128316615E-16          28.97360559284509
    74        7.218624807082751E-16          28.97360559284583

 Benchmark completed 
CG.C: Verification Successful
Zeta is: 28.97360559284583
Error is: 2.857022004071653E-14
**** NAS Parallel Benchmarks Java-MPJ version (NPB-MPJ) CG ***** 
* Class             = C                                        * 
* Size              = 150000                                   * 
* Iterations        = 75                                       * 
* Time in seconds   = 33.817                                   * 
* ACCTime           = 0.000                                    * 
* Mops total        = 4238.918                                 * 
* Operation type    = Floating point                           * 
* Verification      = Successful                               * 
* Process requested = 8                                        * 
*                                                              *
* Please send all errors/feedbacks to:                         * 
* Damian Alvarez Mallon                                        * 
* dalvarezm@udc.es                                             * 
**************************************************************** 
===============================================================================
End: Sun Jun  1 10:22:28 PDT 2014
