srun: cluster configuration lacks support for cpu binding
Running Java benchmark IS, class C, on 16 servers (np=16), tcp,self

SLURM job ID: 777035

Servers:
mpi001
mpi013
mpi010
mpi007
mpi011
mpi006
mpi004
mpi015
mpi014
mpi008
mpi012
mpi003
mpi002
mpi005
mpi009
mpi016

mpirun --mca btl_usnic_if_include 10.10.0.0/16,10.2.0.0/16 --mca btl_tcp_if_include 10.10.0.0/16,10.2.0.0/16 --mca btl tcp,self --bind-to core --map-by node -np 16 java -Xmx64g NPB_MPJ.IS class=C

Start: Mon Jun  2 07:54:21 PDT 2014
===============================================================================
srun: cluster configuration lacks support for cpu binding
 Unofficial NAS Parallel Benchmarks Java version
 MPJ Version IS CLASS=C np=16
 Size:  134217728 Iterations:   10

   iteration
        1
        2
        3
        4
        5
        6
        7
        8
        9
        10
IS.C: Verification Successful
**** NAS Parallel Benchmarks Java-MPJ version (NPB-MPJ) IS ***** 
* Class             = C                                        * 
* Size              = 134217728                                * 
* Iterations        = 10                                       * 
* Time in seconds   = 2.261                                    * 
* ACCTime           = 0.000                                    * 
* Mops total        = 593.621                                  * 
* Operation type    = keys ranked                              * 
* Verification      = Successful                               * 
* Process requested = 16                                       * 
*                                                              *
* Please send all errors/feedbacks to:                         * 
* Damian Alvarez Mallon                                        * 
* dalvarezm@udc.es                                             * 
**************************************************************** 
===============================================================================
End: Mon Jun  2 07:54:26 PDT 2014
