srun: cluster configuration lacks support for cpu binding
Running C benchmark /home/jsquyres/svn/ompi-tests/NPB3.3.1/NPB3.3-MPI/bin/ep.C.4, class tcp,self, on 4 servers (np=4), tcp,self

SLURM job ID: 775565

Servers:
mpi012
mpi022
mpi014
mpi031

mpirun --mca btl tcp,self --bind-to core --map-by node -np 4 /home/jsquyres/svn/ompi-tests/NPB3.3.1/NPB3.3-MPI/bin/ep.C.4

Start: Sat May 31 08:58:45 PDT 2014
===============================================================================
srun: cluster configuration lacks support for cpu binding

 NAS Parallel Benchmarks 3.3 -- EP Benchmark

 Number of random numbers generated:      8589934592
 Number of active processes:                       4

EP Benchmark Results:

CPU Time =   33.6819
N = 2^   32
No. Gaussian Pairs =    3373275903.
Sums =     4.764367927995943D+04   -8.084072988039246D+04
Counts:
  0    1572172634.
  1    1501108549.
  2     281805648.
  3      17761221.
  4        424017.
  5          3821.
  6            13.
  7             0.
  8             0.
  9             0.


 EP Benchmark Completed.
 Class           =                        C
 Size            =               8589934592
 Iterations      =                        0
 Time in seconds =                    33.68
 Total processes =                        4
 Compiled procs  =                        4
 Mop/s total     =                   255.03
 Mop/s/process   =                    63.76
 Operation type  = Random numbers generated
 Verification    =               SUCCESSFUL
 Version         =                    3.3.1
 Compile date    =              31 May 2014

 Compile options:
    MPIF77       = mpifort
    FLINK        = $(MPIF77)
    FMPI_LIB     = (none)
    FMPI_INC     = (none)
    FFLAGS       = -O2 -mcmodel=large
    FLINKFLAGS   = -O2 -mcmodel=large
    RAND         = randi8


 Please send feedbacks and/or the results of this run to:

 NPB Development Team 
 Internet: npb@nas.nasa.gov


===============================================================================
End: Sat May 31 08:59:20 PDT 2014
