srun: cluster configuration lacks support for cpu binding
Running C benchmark /home/jsquyres/svn/ompi-tests/NPB3.3.1/NPB3.3-MPI/bin/ep.C.16, class tcp,self, on 16 servers (np=16), tcp,self

SLURM job ID: 775609

Servers:
mpi001
mpi002
mpi004
mpi006
mpi010
mpi011
mpi013
mpi007
mpi008
mpi012
mpi014
mpi015
mpi016
mpi003
mpi005
mpi009

mpirun --mca btl tcp,self --bind-to core --map-by node -np 16 /home/jsquyres/svn/ompi-tests/NPB3.3.1/NPB3.3-MPI/bin/ep.C.16

Start: Sun Jun  1 03:51:42 PDT 2014
===============================================================================
srun: cluster configuration lacks support for cpu binding

 NAS Parallel Benchmarks 3.3 -- EP Benchmark

 Number of random numbers generated:      8589934592
 Number of active processes:                      16

EP Benchmark Results:

CPU Time =    8.4263
N = 2^   32
No. Gaussian Pairs =    3373275903.
Sums =     4.764367927997306D+04   -8.084072988045780D+04
Counts:
  0    1572172634.
  1    1501108549.
  2     281805648.
  3      17761221.
  4        424017.
  5          3821.
  6            13.
  7             0.
  8             0.
  9             0.


 EP Benchmark Completed.
 Class           =                        C
 Size            =               8589934592
 Iterations      =                        0
 Time in seconds =                     8.43
 Total processes =                       16
 Compiled procs  =                       16
 Mop/s total     =                  1019.42
 Mop/s/process   =                    63.71
 Operation type  = Random numbers generated
 Verification    =               SUCCESSFUL
 Version         =                    3.3.1
 Compile date    =              31 May 2014

 Compile options:
    MPIF77       = mpifort
    FLINK        = $(MPIF77)
    FMPI_LIB     = (none)
    FMPI_INC     = (none)
    FFLAGS       = -O2 -mcmodel=large
    FLINKFLAGS   = -O2 -mcmodel=large
    RAND         = randi8


 Please send feedbacks and/or the results of this run to:

 NPB Development Team 
 Internet: npb@nas.nasa.gov


===============================================================================
End: Sun Jun  1 03:51:52 PDT 2014
