srun: cluster configuration lacks support for cpu binding
Running C benchmark /home/jsquyres/svn/ompi-tests/NPB3.3.1/NPB3.3-MPI/bin/ep.D.8, class tcp,self, on 8 servers (np=8), tcp,self

SLURM job ID: 775591

Servers:
mpi001
mpi005
mpi009
mpi026
mpi027
mpi006
mpi003
mpi002

mpirun --mca btl tcp,self --bind-to core --map-by node -np 8 /home/jsquyres/svn/ompi-tests/NPB3.3.1/NPB3.3-MPI/bin/ep.D.8

Start: Sat May 31 12:21:45 PDT 2014
===============================================================================
srun: cluster configuration lacks support for cpu binding

 NAS Parallel Benchmarks 3.3 -- EP Benchmark

 Number of random numbers generated:    137438953472
 Number of active processes:                       8

EP Benchmark Results:

CPU Time =  269.3838
N = 2^   36
No. Gaussian Pairs =   53972171957.
Sums =     1.982481200958002D+05   -1.020596636362469D+05
Counts:
  0   25154622775.
  1   24017899906.
  2    4508609839.
  3     284201296.
  4       6776403.
  5         61541.
  6           197.
  7             0.
  8             0.
  9             0.


 EP Benchmark Completed.
 Class           =                        D
 Size            =             137438953472
 Iterations      =                        0
 Time in seconds =                   269.38
 Total processes =                        8
 Compiled procs  =                        8
 Mop/s total     =                   510.20
 Mop/s/process   =                    63.77
 Operation type  = Random numbers generated
 Verification    =               SUCCESSFUL
 Version         =                    3.3.1
 Compile date    =              31 May 2014

 Compile options:
    MPIF77       = mpifort
    FLINK        = $(MPIF77)
    FMPI_LIB     = (none)
    FMPI_INC     = (none)
    FFLAGS       = -O2 -mcmodel=large
    FLINKFLAGS   = -O2 -mcmodel=large
    RAND         = randi8


 Please send feedbacks and/or the results of this run to:

 NPB Development Team 
 Internet: npb@nas.nasa.gov


===============================================================================
End: Sat May 31 12:26:16 PDT 2014
