srun: cluster configuration lacks support for cpu binding
Running C benchmark /home/jsquyres/svn/ompi-tests/NPB3.3.1/NPB3.3-MPI/bin/is.C.8, class usnic,self, on 8 servers (np=8), usnic,self

SLURM job ID: 775598

Servers:
mpi001
mpi009
mpi005
mpi026
mpi027
mpi006
mpi003
mpi002

mpirun --mca btl usnic,self --bind-to core --map-by node -np 8 /home/jsquyres/svn/ompi-tests/NPB3.3.1/NPB3.3-MPI/bin/is.C.8

Start: Sat May 31 13:09:15 PDT 2014
===============================================================================
srun: cluster configuration lacks support for cpu binding


 NAS Parallel Benchmarks 3.3 -- IS Benchmark

 Size:  134217728  (class C)
 Iterations:   10
 Number of processes:     8
[mpi006][[14920,1],4][../../../../../ompi/mca/btl/usnic/btl_usnic_component.c:1003:usnic_handle_completion] usnic_2: RX error polling CQ[1] with status 1 for wr_id 2aaab2c40c80 vend_err 1, byte_len 0
[mpi006][[14920,1],4][../../../../../ompi/mca/btl/usnic/btl_usnic_component.c:1003:usnic_handle_completion] usnic_2: RX error polling CQ[1] with status 1 for wr_id 2aaab2c40b00 vend_err 1, byte_len 0
[mpi006][[14920,1],4][../../../../../ompi/mca/btl/usnic/btl_usnic_component.c:1003:usnic_handle_completion] usnic_2: RX error polling CQ[1] with status 1 for wr_id 2aaab2c40980 vend_err 1, byte_len 0
[mpi006][[14920,1],4][../../../../../ompi/mca/btl/usnic/btl_usnic_component.c:1003:usnic_handle_completion] usnic_2: RX error polling CQ[1] with status 1 for wr_id 2aaab2c40800 vend_err 1, byte_len 0
[mpi006][[14920,1],4][../../../../../ompi/mca/btl/usnic/btl_usnic_component.c:1003:usnic_handle_completion] usnic_2: RX error polling CQ[1] with status 1 for wr_id 2aaab2c40380 vend_err 1, byte_len 0
[mpi006][[14920,1],4][../../../../../ompi/mca/btl/usnic/btl_usnic_component.c:1003:usnic_handle_completion] usnic_2: RX error polling CQ[1] with status 1 for wr_id 2aaab2c3ff00 vend_err 1, byte_len 0
[mpi006][[14920,1],4][../../../../../ompi/mca/btl/usnic/btl_usnic_component.c:1003:usnic_handle_completion] usnic_2: RX error polling CQ[1] with status 1 for wr_id 2aaab2c3f780 vend_err 1, byte_len 0
[mpi006][[14920,1],4][../../../../../ompi/mca/btl/usnic/btl_usnic_component.c:1003:usnic_handle_completion] usnic_2: RX error polling CQ[1] with status 1 for wr_id 2aaab2c3f180 vend_err 1, byte_len 0
[mpi006][[14920,1],4][../../../../../ompi/mca/btl/usnic/btl_usnic_component.c:1003:usnic_handle_completion] usnic_2: RX error polling CQ[1] with status 1 for wr_id 2aaab2c3ed00 vend_err 1, byte_len 0
[mpi006][[14920,1],4][../../../../../ompi/mca/btl/usnic/btl_usnic_component.c:1003:usnic_handle_completion] usnic_2: RX error polling CQ[1] with status 1 for wr_id 2aaab2c3e880 vend_err 1, byte_len 0
[mpi006][[14920,1],4][../../../../../ompi/mca/btl/usnic/btl_usnic_component.c:1003:usnic_handle_completion] usnic_2: RX error polling CQ[1] with status 1 for wr_id 2aaab2c3e580 vend_err 1, byte_len 0
[mpi006][[14920,1],4][../../../../../ompi/mca/btl/usnic/btl_usnic_component.c:1003:usnic_handle_completion] usnic_2: RX error polling CQ[1] with status 1 for wr_id 2aaab2c3e400 vend_err 1, byte_len 0
[mpi006][[14920,1],4][../../../../../ompi/mca/btl/usnic/btl_usnic_component.c:1003:usnic_handle_completion] usnic_2: RX error polling CQ[1] with status 1 for wr_id 2aaab2c3e280 vend_err 1, byte_len 0
[mpi006][[14920,1],4][../../../../../ompi/mca/btl/usnic/btl_usnic_component.c:1003:usnic_handle_completion] usnic_2: RX error polling CQ[1] with status 1 for wr_id 2aaab2c3e100 vend_err 1, byte_len 0
[mpi006][[14920,1],4][../../../../../ompi/mca/btl/usnic/btl_usnic_component.c:1003:usnic_handle_completion] usnic_2: RX error polling CQ[1] with status 1 for wr_id 2aaab2c3df80 vend_err 1, byte_len 0
[mpi006][[14920,1],4][../../../../../ompi/mca/btl/usnic/btl_usnic_component.c:1003:usnic_handle_completion] usnic_2: RX error polling CQ[1] with status 1 for wr_id 2aaab2c3dc80 vend_err 1, byte_len 0
[mpi006][[14920,1],4][../../../../../ompi/mca/btl/usnic/btl_usnic_component.c:1003:usnic_handle_completion] usnic_2: RX error polling CQ[1] with status 1 for wr_id 2aaab2c3d680 vend_err 1, byte_len 0
[mpi006][[14920,1],4][../../../../../ompi/mca/btl/usnic/btl_usnic_component.c:1003:usnic_handle_completion] usnic_2: RX error polling CQ[1] with status 1 for wr_id 2aaab2c3d500 vend_err 1, byte_len 0
[mpi006][[14920,1],4][../../../../../ompi/mca/btl/usnic/btl_usnic_component.c:1003:usnic_handle_completion] usnic_2: RX error polling CQ[1] with status 1 for wr_id 2aaab2c3cd80 vend_err 1, byte_len 0
[mpi006][[14920,1],4][../../../../../ompi/mca/btl/usnic/btl_usnic_component.c:1003:usnic_handle_completion] usnic_2: RX error polling CQ[1] with status 1 for wr_id 2aaab2c3cc00 vend_err 1, byte_len 0
[mpi006][[14920,1],4][../../../../../ompi/mca/btl/usnic/btl_usnic_component.c:1003:usnic_handle_completion] usnic_2: RX error polling CQ[1] with status 1 for wr_id 2aaab2c3c900 vend_err 1, byte_len 0
[mpi006][[14920,1],4][../../../../../ompi/mca/btl/usnic/btl_usnic_component.c:1003:usnic_handle_completion] usnic_2: RX error polling CQ[1] with status 1 for wr_id 2aaab2c3c480 vend_err 1, byte_len 0
[mpi006][[14920,1],4][../../../../../ompi/mca/btl/usnic/btl_usnic_component.c:1003:usnic_handle_completion] usnic_2: RX error polling CQ[1] with status 1 for wr_id 2aaab2c3c000 vend_err 1, byte_len 0
[mpi006][[14920,1],4][../../../../../ompi/mca/btl/usnic/btl_usnic_component.c:1003:usnic_handle_completion] usnic_2: RX error polling CQ[1] with status 1 for wr_id 2aaab2c3be80 vend_err 1, byte_len 0
[mpi006][[14920,1],4][../../../../../ompi/mca/btl/usnic/btl_usnic_component.c:1003:usnic_handle_completion] usnic_2: RX error polling CQ[1] with status 1 for wr_id 2aaab2c3b880 vend_err 1, byte_len 0
[mpi006][[14920,1],4][../../../../../ompi/mca/btl/usnic/btl_usnic_component.c:1003:usnic_handle_completion] usnic_2: RX error polling CQ[1] with status 1 for wr_id 2aaab2c3b700 vend_err 1, byte_len 0
[mpi006][[14920,1],4][../../../../../ompi/mca/btl/usnic/btl_usnic_component.c:1003:usnic_handle_completion] usnic_2: RX error polling CQ[1] with status 1 for wr_id 2aaab2c3b400 vend_err 1, byte_len 0
[mpi006][[14920,1],4][../../../../../ompi/mca/btl/usnic/btl_usnic_component.c:1003:usnic_handle_completion] usnic_2: RX error polling CQ[1] with status 1 for wr_id 2aaab2c3b100 vend_err 1, byte_len 0
[mpi006][[14920,1],4][../../../../../ompi/mca/btl/usnic/btl_usnic_component.c:1003:usnic_handle_completion] usnic_2: RX error polling CQ[1] with status 1 for wr_id 2aaab2c3ac80 vend_err 1, byte_len 0
[mpi006][[14920,1],4][../../../../../ompi/mca/btl/usnic/btl_usnic_component.c:1003:usnic_handle_completion] usnic_2: RX error polling CQ[1] with status 1 for wr_id 2aaab2c3ab00 vend_err 1, byte_len 0
[mpi006][[14920,1],4][../../../../../ompi/mca/btl/usnic/btl_usnic_component.c:1003:usnic_handle_completion] usnic_2: RX error polling CQ[1] with status 1 for wr_id 2aaab2c3a980 vend_err 1, byte_len 0
[mpi006][[14920,1],4][../../../../../ompi/mca/btl/usnic/btl_usnic_component.c:1003:usnic_handle_completion] usnic_2: RX error polling CQ[1] with status 1 for wr_id 2aaab2c3a800 vend_err 1, byte_len 0
[mpi006][[14920,1],4][../../../../../ompi/mca/btl/usnic/btl_usnic_component.c:1003:usnic_handle_completion] usnic_2: RX error polling CQ[1] with status 1 for wr_id 2aaab2c3a380 vend_err 1, byte_len 0
[mpi006][[14920,1],4][../../../../../ompi/mca/btl/usnic/btl_usnic_component.c:1003:usnic_handle_completion] usnic_2: RX error polling CQ[1] with status 1 for wr_id 2aaab2c39f00 vend_err 1, byte_len 0
[mpi006][[14920,1],4][../../../../../ompi/mca/btl/usnic/btl_usnic_component.c:1003:usnic_handle_completion] usnic_2: RX error polling CQ[1] with status 1 for wr_id 2aaab2c39780 vend_err 1, byte_len 0
[mpi006][[14920,1],4][../../../../../ompi/mca/btl/usnic/btl_usnic_component.c:1003:usnic_handle_completion] usnic_2: RX error polling CQ[1] with status 1 for wr_id 2aaab2c39600 vend_err 1, byte_len 0
[mpi006][[14920,1],4][../../../../../ompi/mca/btl/usnic/btl_usnic_component.c:1003:usnic_handle_completion] usnic_2: RX error polling CQ[1] with status 1 for wr_id 2aaab2c39480 vend_err 1, byte_len 0
[mpi006][[14920,1],4][../../../../../ompi/mca/btl/usnic/btl_usnic_component.c:1003:usnic_handle_completion] usnic_2: RX error polling CQ[1] with status 1 for wr_id 2aaab2c39300 vend_err 1, byte_len 0
[mpi006][[14920,1],4][../../../../../ompi/mca/btl/usnic/btl_usnic_component.c:1003:usnic_handle_completion] usnic_2: RX error polling CQ[1] with status 1 for wr_id 2aaab2c39180 vend_err 1, byte_len 0
[mpi006][[14920,1],4][../../../../../ompi/mca/btl/usnic/btl_usnic_component.c:1003:usnic_handle_completion] usnic_2: RX error polling CQ[1] with status 1 for wr_id 2aaab2c39000 vend_err 1, byte_len 0
[mpi006][[14920,1],4][../../../../../ompi/mca/btl/usnic/btl_usnic_component.c:1003:usnic_handle_completion] usnic_2: RX error polling CQ[1] with status 1 for wr_id 2aaab2c38e80 vend_err 1, byte_len 0
[mpi006][[14920,1],4][../../../../../ompi/mca/btl/usnic/btl_usnic_component.c:1003:usnic_handle_completion] usnic_2: RX error polling CQ[1] with status 1 for wr_id 2aaab2c38d00 vend_err 1, byte_len 0
[mpi006][[14920,1],4][../../../../../ompi/mca/btl/usnic/btl_usnic_component.c:1003:usnic_handle_completion] usnic_2: RX error polling CQ[1] with status 1 for wr_id 2aaab2c38b80 vend_err 1, byte_len 0
[mpi006][[14920,1],4][../../../../../ompi/mca/btl/usnic/btl_usnic_component.c:1003:usnic_handle_completion] usnic_2: RX error polling CQ[1] with status 1 for wr_id 2aaab2c38a00 vend_err 1, byte_len 0
[mpi006][[14920,1],4][../../../../../ompi/mca/btl/usnic/btl_usnic_component.c:1003:usnic_handle_completion] usnic_2: RX error polling CQ[1] with status 1 for wr_id 2aaab2c38400 vend_err 1, byte_len 0
[mpi006][[14920,1],4][../../../../../ompi/mca/btl/usnic/btl_usnic_component.c:1003:usnic_handle_completion] usnic_2: RX error polling CQ[1] with status 1 for wr_id 2aaab2c38100 vend_err 1, byte_len 0
[mpi006][[14920,1],4][../../../../../ompi/mca/btl/usnic/btl_usnic_component.c:1003:usnic_handle_completion] usnic_2: RX error polling CQ[1] with status 1 for wr_id 2aaab2c37c80 vend_err 1, byte_len 0

   iteration
        1
        2
        3
        4
        5
        6
        7
        8
        9
        10


 IS Benchmark Completed
 Class           =                        C
 Size            =                134217728
 Iterations      =                       10
 Time in seconds =                     2.20
 Total processes =                        8
 Compiled procs  =                        8
 Mop/s total     =                   611.12
 Mop/s/process   =                    76.39
 Operation type  =              keys ranked
 Verification    =               SUCCESSFUL
 Version         =                    3.3.1
 Compile date    =              31 May 2014

 Compile options:
    MPICC        = mpicc
    CLINK        = $(MPICC)
    CMPI_LIB     = (none)
    CMPI_INC     = (none)
    CFLAGS       = -O2 -mcmodel=large
    CLINKFLAGS   = -O2 -mcmodel=large


 Please send feedbacks and/or the results of this run to:

 NPB Development Team
 npb@nas.nasa.gov


===============================================================================
End: Sat May 31 13:09:22 PDT 2014
