Running C benchmark /home/jsquyres/svn/ompi-tests/NPB3.3.1/NPB3.3-MPI/bin/is.C.1, class sm,self, on 1 servers (np=1), sm,self

SLURM job ID: 775495

Servers:
mpi007

mpirun --mca btl sm,self --bind-to core --map-by node -np 1 /home/jsquyres/svn/ompi-tests/NPB3.3.1/NPB3.3-MPI/bin/is.C.1

Start: Sat May 31 06:30:15 PDT 2014
===============================================================================


 NAS Parallel Benchmarks 3.3 -- IS Benchmark

 Size:  134217728  (class C)
 Iterations:   10
 Number of processes:     1

   iteration
        1
        2
        3
        4
        5
        6
        7
        8
        9
        10


 IS Benchmark Completed
 Class           =                        C
 Size            =                134217728
 Iterations      =                       10
 Time in seconds =                    17.50
 Total processes =                        1
 Compiled procs  =                        1
 Mop/s total     =                    76.69
 Mop/s/process   =                    76.69
 Operation type  =              keys ranked
 Verification    =               SUCCESSFUL
 Version         =                    3.3.1
 Compile date    =              31 May 2014

 Compile options:
    MPICC        = mpicc
    CLINK        = $(MPICC)
    CMPI_LIB     = (none)
    CMPI_INC     = (none)
    CFLAGS       = -O2 -mcmodel=large
    CLINKFLAGS   = -O2 -mcmodel=large


 Please send feedbacks and/or the results of this run to:

 NPB Development Team
 npb@nas.nasa.gov


===============================================================================
End: Sat May 31 06:30:53 PDT 2014
