srun: cluster configuration lacks support for cpu binding
Running C benchmark /home/jsquyres/svn/ompi-tests/NPB3.3.1/NPB3.3-MPI/bin/mg.D.4, class tcp,self, on 4 servers (np=4), tcp,self

SLURM job ID: 775579

Servers:
mpi002
mpi014
mpi026
mpi027

mpirun --mca btl tcp,self --bind-to core --map-by node -np 4 /home/jsquyres/svn/ompi-tests/NPB3.3.1/NPB3.3-MPI/bin/mg.D.4

Start: Sat May 31 10:12:15 PDT 2014
===============================================================================
srun: cluster configuration lacks support for cpu binding


 NAS Parallel Benchmarks 3.3 -- MG Benchmark

 No input file. Using compiled defaults 
 Size: 1024x1024x1024  (class D)
 Iterations:   50
 Number of processes:      4

 Initialization time:          12.440 seconds

  iter    1
  iter    5
  iter   10
  iter   15
  iter   20
  iter   25
  iter   30
  iter   35
  iter   40
  iter   45
  iter   50

 Benchmark completed 
 VERIFICATION SUCCESSFUL 
 L2 Norm is  0.1583275060427E-09
 Error is    0.7978613911774E-11


 MG Benchmark Completed.
 Class           =                        D
 Size            =           1024x1024x1024
 Iterations      =                       50
 Time in seconds =                   287.12
 Total processes =                        4
 Compiled procs  =                        4
 Mop/s total     =                 10845.19
 Mop/s/process   =                  2711.30
 Operation type  =           floating point
 Verification    =               SUCCESSFUL
 Version         =                    3.3.1
 Compile date    =              31 May 2014

 Compile options:
    MPIF77       = mpifort
    FLINK        = $(MPIF77)
    FMPI_LIB     = (none)
    FMPI_INC     = (none)
    FFLAGS       = -O2 -mcmodel=large
    FLINKFLAGS   = -O2 -mcmodel=large
    RAND         = randi8


 Please send feedbacks and/or the results of this run to:

 NPB Development Team 
 Internet: npb@nas.nasa.gov


===============================================================================
End: Sat May 31 10:17:16 PDT 2014
