Running C benchmark /home/jsquyres/svn/ompi-tests/NPB3.3.1/NPB3.3-MPI/bin/mg.C.16, class sm,self, on 1 servers (np=16), sm,self

SLURM job ID: 775539

Servers:
mpi012
mpi012
mpi012
mpi012
mpi012
mpi012
mpi012
mpi012
mpi012
mpi012
mpi012
mpi012
mpi012
mpi012
mpi012
mpi012

mpirun --mca btl sm,self --bind-to core --map-by node -np 16 /home/jsquyres/svn/ompi-tests/NPB3.3.1/NPB3.3-MPI/bin/mg.C.16

Start: Sat May 31 06:34:15 PDT 2014
===============================================================================


 NAS Parallel Benchmarks 3.3 -- MG Benchmark

 No input file. Using compiled defaults 
 Size:  512x 512x 512  (class C)
 Iterations:   20
 Number of processes:     16

 Initialization time:           0.695 seconds

  iter    1
  iter    5
  iter   10
  iter   15
  iter   20

 Benchmark completed 
 VERIFICATION SUCCESSFUL 
 L2 Norm is  0.5706732285740E-06
 Error is    0.6345252708911E-13


 MG Benchmark Completed.
 Class           =                        C
 Size            =            512x 512x 512
 Iterations      =                       20
 Time in seconds =                     6.20
 Total processes =                       16
 Compiled procs  =                       16
 Mop/s total     =                 25126.70
 Mop/s/process   =                  1570.42
 Operation type  =           floating point
 Verification    =               SUCCESSFUL
 Version         =                    3.3.1
 Compile date    =              31 May 2014

 Compile options:
    MPIF77       = mpifort
    FLINK        = $(MPIF77)
    FMPI_LIB     = (none)
    FMPI_INC     = (none)
    FFLAGS       = -O2 -mcmodel=large
    FLINKFLAGS   = -O2 -mcmodel=large
    RAND         = randi8


 Please send feedbacks and/or the results of this run to:

 NPB Development Team 
 Internet: npb@nas.nasa.gov


===============================================================================
End: Sat May 31 06:34:23 PDT 2014
