srun: cluster configuration lacks support for cpu binding
Running C benchmark /home/jsquyres/svn/ompi-tests/NPB3.3.1/NPB3.3-MPI/bin/mg.C.8, class usnic,self, on 8 servers (np=8), usnic,self

SLURM job ID: 775602

Servers:
mpi001
mpi026
mpi005
mpi009
mpi027
mpi003
mpi006
mpi002

mpirun --mca btl usnic,self --bind-to core --map-by node -np 8 /home/jsquyres/svn/ompi-tests/NPB3.3.1/NPB3.3-MPI/bin/mg.C.8

Start: Sat May 31 13:14:15 PDT 2014
===============================================================================
srun: cluster configuration lacks support for cpu binding


 NAS Parallel Benchmarks 3.3 -- MG Benchmark

 No input file. Using compiled defaults 
 Size:  512x 512x 512  (class C)
 Iterations:   20
 Number of processes:      8

 Initialization time:           0.727 seconds

  iter    1
  iter    5
  iter   10
  iter   15
  iter   20

 Benchmark completed 
 VERIFICATION SUCCESSFUL 
 L2 Norm is  0.5706732285740E-06
 Error is    0.3283946577419E-13


 MG Benchmark Completed.
 Class           =                        C
 Size            =            512x 512x 512
 Iterations      =                       20
 Time in seconds =                     6.21
 Total processes =                        8
 Compiled procs  =                        8
 Mop/s total     =                 25085.32
 Mop/s/process   =                  3135.66
 Operation type  =           floating point
 Verification    =               SUCCESSFUL
 Version         =                    3.3.1
 Compile date    =              31 May 2014

 Compile options:
    MPIF77       = mpifort
    FLINK        = $(MPIF77)
    FMPI_LIB     = (none)
    FMPI_INC     = (none)
    FFLAGS       = -O2 -mcmodel=large
    FLINKFLAGS   = -O2 -mcmodel=large
    RAND         = randi8


 Please send feedbacks and/or the results of this run to:

 NPB Development Team 
 Internet: npb@nas.nasa.gov


===============================================================================
End: Sat May 31 13:14:24 PDT 2014
