Running C benchmark /home/jsquyres/svn/ompi-tests/NPB3.3.1/NPB3.3-MPI/bin/sp.D.4, class sm,self, on 1 servers (np=4), sm,self

SLURM job ID: 775520

Servers:
mpi027
mpi027
mpi027
mpi027

mpirun --mca btl sm,self --bind-to core --map-by node -np 4 /home/jsquyres/svn/ompi-tests/NPB3.3.1/NPB3.3-MPI/bin/sp.D.4

Start: Sat May 31 06:31:15 PDT 2014
===============================================================================


 NAS Parallel Benchmarks 3.3 -- SP Benchmark

 No input file inputsp.data. Using compiled defaults
 Size:  408x 408x 408
 Iterations:  500    dt:   0.0003000
 Number of active processes:     4

 Time step    1
 Time step   20
 Time step   40
 Time step   60
 Time step   80
 Time step  100
 Time step  120
 Time step  140
 Time step  160
 Time step  180
 Time step  200
 Time step  220
 Time step  240
 Time step  260
 Time step  280
 Time step  300
 Time step  320
 Time step  340
 Time step  360
 Time step  380
 Time step  400
 Time step  420
 Time step  440
 Time step  460
 Time step  480
 Time step  500
 Verification being performed for class D
 accuracy setting for epsilon =  0.1000000000000E-07
 Comparison of RMS-norms of residual
           1 0.1044696216887E+05 0.1044696216887E+05 0.2160786852016E-12
           2 0.3204427762578E+04 0.3204427762578E+04 0.1234636024227E-12
           3 0.4648680733031E+04 0.4648680733032E+04 0.2674477617895E-12
           4 0.4238923283697E+04 0.4238923283697E+04 0.1115701354495E-12
           5 0.7588412036136E+04 0.7588412036136E+04 0.7191185961768E-14
 Comparison of RMS-norms of solution error
           1 0.5089471423668E+01 0.5089471423669E+01 0.9825076293103E-13
           2 0.5323514855894E+00 0.5323514855894E+00 0.6110537023392E-13
           3 0.1187051008971E+01 0.1187051008971E+01 0.4104001087770E-12
           4 0.1083734951938E+01 0.1083734951938E+01 0.2806969621154E-13
           5 0.1164108338568E+02 0.1164108338568E+02 0.1525937733240E-13
 Verification Successful


 SP Benchmark Completed.
 Class           =                        D
 Size            =            408x 408x 408
 Iterations      =                      500
 Time in seconds =                  5367.53
 Total processes =                        4
 Compiled procs  =                        4
 Mop/s total     =                  5502.71
 Mop/s/process   =                  1375.68
 Operation type  =           floating point
 Verification    =               SUCCESSFUL
 Version         =                    3.3.1
 Compile date    =              31 May 2014

 Compile options:
    MPIF77       = mpifort
    FLINK        = $(MPIF77)
    FMPI_LIB     = (none)
    FMPI_INC     = (none)
    FFLAGS       = -O2 -mcmodel=large
    FLINKFLAGS   = -O2 -mcmodel=large
    RAND         = (none)


 Please send feedbacks and/or the results of this run to:

 NPB Development Team 
 Internet: npb@nas.nasa.gov


===============================================================================
End: Sat May 31 08:01:08 PDT 2014
