Running Java benchmark EP, class C, on 1 servers (np=1), sm,self

SLURM job ID: 775633

Servers:
mpi015

mpirun --mca btl sm,self --bind-to core --map-by node -np 1 java NPB_MPJ.EP class=C

Start: Sat May 31 06:48:15 PDT 2014
===============================================================================
 Unofficial NAS Parallel Benchmarks Java version
 MPJ Version EP CLASS=C np=1
EP Benchmark Results
CPU Time = 430.101
N = 2^32
No. Gaussian Pairs = 3.373275903E9
Sums = 47643.67927994626 -80840.72988037119
Counts:
0 1.572172634E9
1 1.501108549E9
2 2.81805648E8
3 1.7761221E7
4 424017.0
5 3821.0
6 13.0
7 0.0
8 0.0
9 0.0
EP.C: Verification Successful
**** NAS Parallel Benchmarks Java-MPJ version (NPB-MPJ) EP ***** 
* Class             = C                                        * 
* Size              = 2147483647                               * 
* Iterations        = 1                                        * 
* Time in seconds   = 430.101                                  * 
* ACCTime           = 0.000                                    * 
* Mops total        = 19.972                                   * 
* Operation type    = Random numbers generated                 * 
* Verification      = Successful                               * 
* Process requested = 1                                        * 
*                                                              *
* Please send all errors/feedbacks to:                         * 
* Damian Alvarez Mallon                                        * 
* dalvarezm@udc.es                                             * 
**************************************************************** 
===============================================================================
End: Sat May 31 06:55:27 PDT 2014
