srun: cluster configuration lacks support for cpu binding
Running Java benchmark IS, class C, on 8 servers (np=8), tcp,self

SLURM job ID: 775778

Servers:
mpi001
mpi014
mpi022
mpi024
mpi028
mpi015
mpi012
mpi002

mpirun --mca btl tcp,self --bind-to core --map-by node -np 8 java NPB_MPJ.IS class=C

Start: Sat May 31 20:52:40 PDT 2014
===============================================================================
srun: cluster configuration lacks support for cpu binding
 Unofficial NAS Parallel Benchmarks Java version
 MPJ Version IS CLASS=C np=8
 Size:  134217728 Iterations:   10

   iteration
        1
        2
        3
        4
        5
        6
        7
        8
        9
        10
IS.C: Verification Successful
**** NAS Parallel Benchmarks Java-MPJ version (NPB-MPJ) IS ***** 
* Class             = C                                        * 
* Size              = 134217728                                * 
* Iterations        = 10                                       * 
* Time in seconds   = 5.799                                    * 
* ACCTime           = 0.000                                    * 
* Mops total        = 231.450                                  * 
* Operation type    = keys ranked                              * 
* Verification      = Successful                               * 
* Process requested = 8                                        * 
*                                                              *
* Please send all errors/feedbacks to:                         * 
* Damian Alvarez Mallon                                        * 
* dalvarezm@udc.es                                             * 
**************************************************************** 
===============================================================================
End: Sat May 31 20:52:51 PDT 2014
