Running Java benchmark MGopt, class D, on 1 servers (np=1), sm,self

SLURM job ID: 775638

Servers:
mpi015

mpirun --mca btl sm,self --bind-to core --map-by node -np 1 java NPB_MPJ.MGopt class=D

Start: Sat May 31 06:57:15 PDT 2014
===============================================================================
 Unofficial NAS Parallel Benchmarks Java version
 MPJ Version MG CLASS=D np=1
 No input file mg.input. Using compiled defaults
Exception in thread "main" java.lang.ArrayIndexOutOfBoundsException: 8413289
	at NPB_MPJ.MGopt.zero3(MGopt.java:639)
	at NPB_MPJ.MGopt.runBenchmark(MGopt.java:241)
	at NPB_MPJ.MGopt.main(MGopt.java:113)
-------------------------------------------------------
Primary job  terminated normally, but 1 process returned
a non-zero exit code.. Per user-direction, the job has been aborted.
-------------------------------------------------------
--------------------------------------------------------------------------
mpirun detected that one or more processes exited with non-zero status, thus causing
the job to be terminated. The first process to do so was:

  Process name: [[22004,1],0]
  Exit code:    1
--------------------------------------------------------------------------
===============================================================================
End: Sat May 31 06:57:18 PDT 2014
