srun: cluster configuration lacks support for cpu binding
Running Java benchmark SPopt, class C, on 8 servers (np=8), usnic,self

SLURM job ID: 775785

Servers:
mpi001
mpi024
mpi014
mpi022
mpi028
mpi002
mpi012
mpi015

mpirun --mca btl usnic,self --bind-to core --map-by node -np 8 java NPB_MPJ.SPopt class=C

Start: Sat May 31 20:59:40 PDT 2014
===============================================================================
srun: cluster configuration lacks support for cpu binding
--------------------------------------------------------------------------
MPI_ABORT was invoked on rank 0 in communicator MPI_COMM_WORLD 
with errorcode -1.

NOTE: invoking MPI_ABORT causes Open MPI to kill all MPI processes.
You may or may not see output from other processes, depending on
exactly when Open MPI kills them.
--------------------------------------------------------------------------
[mpi001:21358] 7 more processes have sent help message help-mpi-api.txt / mpi-abort
[mpi001:21358] Set MCA parameter "orte_base_help_aggregate" to 0 to see all help / error messages
srun: Job step aborted: Waiting up to 2 seconds for job step to finish.
slurmd[mpi002]: *** STEP 775785.1 CANCELLED AT 2014-06-01T03:31:57 ***
mpirun: Forwarding signal 18 to job
srun: got SIGCONT
slurmd[mpi001]: *** JOB 775785 CANCELLED AT 2014-06-01T03:31:57 ***
srun: forcing job termination
srun: error: mpi024: task 5: Exited with exit code 1
srun: Terminating job step 775785.1
srun: error: mpi012: task 1: Exited with exit code 1
srun: error: mpi015: task 3: Exited with exit code 1
srun: error: mpi028: task 6: Exited with exit code 1
srun: error: mpi022: task 4: Exited with exit code 1
srun: error: mpi014: task 2: Exited with exit code 1
srun: error: mpi002: task 0: Exited with exit code 1
