srun: cluster configuration lacks support for cpu binding
Running Java benchmark SPopt, class C, on 8 servers (np=8), tcp,self

SLURM job ID: 775784

Servers:
mpi001
mpi022
mpi014
mpi024
mpi028
mpi012
mpi002
mpi015

mpirun --mca btl tcp,self --bind-to core --map-by node -np 8 java NPB_MPJ.SPopt class=C

Start: Sat May 31 20:59:10 PDT 2014
===============================================================================
srun: cluster configuration lacks support for cpu binding
--------------------------------------------------------------------------
MPI_ABORT was invoked on rank 0 in communicator MPI_COMM_WORLD 
with errorcode -1.

NOTE: invoking MPI_ABORT causes Open MPI to kill all MPI processes.
You may or may not see output from other processes, depending on
exactly when Open MPI kills them.
--------------------------------------------------------------------------
===============================================================================
End: Sat May 31 20:59:11 PDT 2014
