srun: cluster configuration lacks support for cpu binding
Running Java benchmark MG, class D, on 8 servers (np=8), tcp,self

SLURM job ID: 775780

Servers:
mpi005
mpi031
mpi030
mpi008
mpi032
mpi006
mpi010
mpi007

mpirun --mca btl tcp,self --bind-to core --map-by node -np 8 java NPB_MPJ.MG class=D

Start: Sat May 31 20:53:40 PDT 2014
===============================================================================
srun: cluster configuration lacks support for cpu binding
 Unofficial NAS Parallel Benchmarks Java version
 MPJ Version MG CLASS=D np=8
 No input file mg.input. Using compiled defaults
 Size                : 1024x1024x1024
 Iterations          : 50
 Number of processes : 8
   iter 1
   iter 5
   iter 10
   iter 15
   iter 20
   iter 25
   iter 30
   iter 35
   iter 40
   iter 45
   iter 50
 Initialization time: 34.912
 Benchmark completed 
 Verification successful 
 L2 Norm is 1.5832750604261002E-10
 Error is   2.4631841880885394E-12
MG.D: Verification Successful
**** NAS Parallel Benchmarks Java-MPJ version (NPB-MPJ) MG ***** 
* Class             = D                                        * 
* Size              = 1024 X 1024 X 1024                       * 
* Iterations        = 50                                       * 
* Time in seconds   = 260.912                                  * 
* ACCTime           = 0.000                                    * 
* Mops total        = 11934.489                                * 
* Operation type    = floating point                           * 
* Verification      = Successful                               * 
* Process requested = 8                                        * 
*                                                              *
* Please send all errors/feedbacks to:                         * 
* Damian Alvarez Mallon                                        * 
* dalvarezm@udc.es                                             * 
**************************************************************** 
===============================================================================
End: Sat May 31 20:58:38 PDT 2014
