srun: cluster configuration lacks support for cpu binding
Running Java benchmark IS, class C, on 4 servers (np=4), tcp,self

SLURM job ID: 775748

Servers:
mpi001
mpi002
mpi005
mpi006

mpirun --mca btl tcp,self --bind-to core --map-by node -np 4 java NPB_MPJ.IS class=C

Start: Sat May 31 17:02:15 PDT 2014
===============================================================================
srun: cluster configuration lacks support for cpu binding
 Unofficial NAS Parallel Benchmarks Java version
 MPJ Version IS CLASS=C np=4
 Size:  134217728 Iterations:   10

   iteration
        1
        2
        3
        4
        5
        6
        7
        8
        9
        10
IS.C: Verification Successful
**** NAS Parallel Benchmarks Java-MPJ version (NPB-MPJ) IS ***** 
* Class             = C                                        * 
* Size              = 134217728                                * 
* Iterations        = 10                                       * 
* Time in seconds   = 9.701                                    * 
* ACCTime           = 0.000                                    * 
* Mops total        = 138.355                                  * 
* Operation type    = keys ranked                              * 
* Verification      = Successful                               * 
* Process requested = 4                                        * 
*                                                              *
* Please send all errors/feedbacks to:                         * 
* Damian Alvarez Mallon                                        * 
* dalvarezm@udc.es                                             * 
**************************************************************** 
===============================================================================
End: Sat May 31 17:02:34 PDT 2014
