srun: cluster configuration lacks support for cpu binding
Running Java benchmark SPopt2, class D, on 8 servers (np=8), tcp,self

SLURM job ID: 775790

Servers:
mpi021
mpi028
mpi027
mpi025
mpi029
mpi026
mpi024
mpi022

mpirun --mca btl tcp,self --bind-to core --map-by node -np 8 java NPB_MPJ.SPopt2 class=D

Start: Sun Jun  1 03:50:45 PDT 2014
===============================================================================
srun: cluster configuration lacks support for cpu binding
Exception in thread "main" java.lang.NoClassDefFoundError: NPB_MPJ/SPopt2
Caused by: java.lang.ClassNotFoundException: NPB_MPJ.SPopt2
	at java.net.URLClassLoader$1.run(URLClassLoader.java:217)
	at java.security.AccessController.doPrivileged(Native Method)
	at java.net.URLClassLoader.findClass(URLClassLoader.java:205)
	at java.lang.ClassLoader.loadClass(ClassLoader.java:323)
	at sun.misc.Launcher$AppClassLoader.loadClass(Launcher.java:294)
	at java.lang.ClassLoader.loadClass(ClassLoader.java:268)
Exception in thread "main" java.lang.NoClassDefFoundError: NPB_MPJ/SPopt2
Caused by: java.lang.ClassNotFoundException: NPB_MPJ.SPopt2
Exception in thread "main" 	at java.net.URLClassLoader$1.run(URLClassLoader.java:217)
	at java.security.AccessController.doPrivileged(Native Method)java.lang.NoClassDefFoundError: NPB_MPJ/SPopt2

	at java.net.URLClassLoader.findClass(URLClassLoader.java:205)
	at java.lang.ClassLoader.loadClass(ClassLoader.java:323)Caused by: java.lang.ClassNotFoundException: NPB_MPJ.SPopt2
	at java.net.URLClassLoader$1.run(URLClassLoader.java:217)

	at sun.misc.Launcher$AppClassLoader.loadClass(Launcher.java:294)
	at java.security.AccessController.doPrivileged(Native Method)
	at java.lang.ClassLoader.loadClass(ClassLoader.java:268)	at java.net.URLClassLoader.findClass(URLClassLoader.java:205)

	at java.lang.ClassLoader.loadClass(ClassLoader.java:323)
	at sun.misc.Launcher$AppClassLoader.loadClass(Launcher.java:294)
	at java.lang.ClassLoader.loadClass(ClassLoader.java:268)
Exception in thread "main" java.lang.NoClassDefFoundError: NPB_MPJ/SPopt2
Caused by: java.lang.ClassNotFoundException: NPB_MPJ.SPopt2
	at java.net.URLClassLoader$1.run(URLClassLoader.java:217)
	at java.security.AccessController.doPrivileged(Native Method)
Could not find the main class: NPB_MPJ.SPopt2. Program will exit.
	at java.net.URLClassLoader.findClass(URLClassLoader.java:205)
	at java.lang.ClassLoader.loadClass(ClassLoader.java:323)
	at sun.misc.Launcher$AppClassLoader.loadClass(Launcher.java:294)
	at java.lang.ClassLoader.loadClass(ClassLoader.java:268)
Could not find the main class: NPB_MPJ.SPopt2. Program will exit.
Could not find the main class: NPB_MPJ.SPopt2. Program will exit.
-------------------------------------------------------
Primary job  terminated normally, but 1 process returned
a non-zero exit code.. Per user-direction, the job has been aborted.
-------------------------------------------------------
Could not find the main class: NPB_MPJ.SPopt2. Program will exit.
Exception in thread "main" Exception in thread "main" java.lang.NoClassDefFoundError: NPB_MPJ/SPopt2
java.lang.NoClassDefFoundError: NPB_MPJ/SPopt2Caused by: java.lang.ClassNotFoundException: NPB_MPJ.SPopt2

	at java.net.URLClassLoader$1.run(URLClassLoader.java:217)Caused by: java.lang.ClassNotFoundException: NPB_MPJ.SPopt2

	at java.net.URLClassLoader$1.run(URLClassLoader.java:217)	at java.security.AccessController.doPrivileged(Native Method)

Exception in thread "main" java.lang.NoClassDefFoundError: NPB_MPJ/SPopt2	at java.net.URLClassLoader.findClass(URLClassLoader.java:205)
	at java.security.AccessController.doPrivileged(Native Method)	at java.lang.ClassLoader.loadClass(ClassLoader.java:323)


	at java.net.URLClassLoader.findClass(URLClassLoader.java:205)Caused by: java.lang.ClassNotFoundException: NPB_MPJ.SPopt2
	at sun.misc.Launcher$AppClassLoader.loadClass(Launcher.java:294)

	at java.lang.ClassLoader.loadClass(ClassLoader.java:268)
	at java.lang.ClassLoader.loadClass(ClassLoader.java:323)	at java.net.URLClassLoader$1.run(URLClassLoader.java:217)

	at sun.misc.Launcher$AppClassLoader.loadClass(Launcher.java:294)	at java.security.AccessController.doPrivileged(Native Method)

	at java.lang.ClassLoader.loadClass(ClassLoader.java:268)	at java.net.URLClassLoader.findClass(URLClassLoader.java:205)

	at java.lang.ClassLoader.loadClass(ClassLoader.java:323)
	at sun.misc.Launcher$AppClassLoader.loadClass(Launcher.java:294)
	at java.lang.ClassLoader.loadClass(ClassLoader.java:268)
Could not find the main class: NPB_MPJ.SPopt2. Program will exit.
Could not find the main class: NPB_MPJ.SPopt2. Program will exit.
Could not find the main class: NPB_MPJ.SPopt2. Program will exit.
Exception in thread "main" java.lang.NoClassDefFoundError: NPB_MPJ/SPopt2
Caused by: java.lang.ClassNotFoundException: NPB_MPJ.SPopt2
	at java.net.URLClassLoader$1.run(URLClassLoader.java:217)
	at java.security.AccessController.doPrivileged(Native Method)
	at java.net.URLClassLoader.findClass(URLClassLoader.java:205)
	at java.lang.ClassLoader.loadClass(ClassLoader.java:323)
	at sun.misc.Launcher$AppClassLoader.loadClass(Launcher.java:294)
	at java.lang.ClassLoader.loadClass(ClassLoader.java:268)
Could not find the main class: NPB_MPJ.SPopt2. Program will exit.
--------------------------------------------------------------------------
mpirun detected that one or more processes exited with non-zero status, thus causing
the job to be terminated. The first process to do so was:

  Process name: [[45991,1],2]
  Exit code:    1
--------------------------------------------------------------------------
===============================================================================
End: Sun Jun  1 03:50:46 PDT 2014
