srun: cluster configuration lacks support for cpu binding
Running Java benchmark MG, class D, on 4 servers (np=4), usnic,self

SLURM job ID: 775751

Servers:
mpi001
mpi005
mpi002
mpi006

mpirun --mca btl usnic,self --bind-to core --map-by node -np 4 java NPB_MPJ.MG class=D

Start: Sat May 31 17:03:45 PDT 2014
===============================================================================
srun: cluster configuration lacks support for cpu binding
Exception in thread "main" java.lang.NegativeArraySizeException
	at NPB_MPJ.MG.runBenchmark(MG.java:198)
	at NPB_MPJ.MG.main(MG.java:112)
Exception in thread "main" java.lang.NegativeArraySizeException
	at NPB_MPJ.MG.runBenchmark(MG.java:198)
	at NPB_MPJ.MG.main(MG.java:112)
Exception in thread "main" java.lang.NegativeArraySizeException
	at NPB_MPJ.MG.runBenchmark(MG.java:198)
	at NPB_MPJ.MG.main(MG.java:112)
Exception in thread "main" java.lang.NegativeArraySizeException
	at NPB_MPJ.MG.runBenchmark(MG.java:198)
	at NPB_MPJ.MG.main(MG.java:112)
-------------------------------------------------------
Primary job  terminated normally, but 1 process returned
a non-zero exit code.. Per user-direction, the job has been aborted.
-------------------------------------------------------
srun: Job step aborted: Waiting up to 2 seconds for job step to finish.
mpirun: Forwarding signal 18 to job
srun: got SIGCONT
slurmd[mpi001]: *** JOB 775751 CANCELLED AT 2014-05-31T18:24:30 ***
slurmd[mpi002]: *** STEP 775751.1 CANCELLED AT 2014-05-31T18:24:30 ***
mpirun: abort is already in progress...hit ctrl-c again to forcibly terminate

srun: forcing job termination
srun: error: mpi005: task 1: Exited with exit code 1
srun: Terminating job step 775751.1
srun: error: mpi006: task 2: Exited with exit code 1
srun: error: mpi002: task 0: Exited with exit code 1
