Running Java benchmark MG, class D, on 1 servers (np=1), sm,self

SLURM job ID: 775637

Servers:
mpi015

mpirun --mca btl sm,self --bind-to core --map-by node -np 1 java NPB_MPJ.MG class=D

Start: Sat May 31 06:56:45 PDT 2014
===============================================================================
 Unofficial NAS Parallel Benchmarks Java version
 MPJ Version MG CLASS=D np=1
 No input file mg.input. Using compiled defaults
Exception in thread "main" java.lang.ArrayIndexOutOfBoundsException: 8413289
	at NPB_MPJ.MG.zero3(MG.java:639)
	at NPB_MPJ.MG.runBenchmark(MG.java:241)
	at NPB_MPJ.MG.main(MG.java:112)
-------------------------------------------------------
Primary job  terminated normally, but 1 process returned
a non-zero exit code.. Per user-direction, the job has been aborted.
-------------------------------------------------------
--------------------------------------------------------------------------
mpirun detected that one or more processes exited with non-zero status, thus causing
the job to be terminated. The first process to do so was:

  Process name: [[22073,1],0]
  Exit code:    1
--------------------------------------------------------------------------
===============================================================================
End: Sat May 31 06:56:48 PDT 2014
