Running Java benchmark SPopt3, class C, on 1 servers (np=8), sm,self

SLURM job ID: 775688

Servers:
mpi001
mpi001
mpi001
mpi001
mpi001
mpi001
mpi001
mpi001

mpirun --mca btl sm,self --bind-to core --map-by node -np 8 java NPB_MPJ.SPopt3 class=C

Start: Sat May 31 08:19:45 PDT 2014
===============================================================================
--------------------------------------------------------------------------
MPI_ABORT was invoked on rank 0 in communicator MPI_COMM_WORLD 
with errorcode -1.

NOTE: invoking MPI_ABORT causes Open MPI to kill all MPI processes.
You may or may not see output from other processes, depending on
exactly when Open MPI kills them.
--------------------------------------------------------------------------
===============================================================================
End: Sat May 31 08:19:48 PDT 2014
