srun: cluster configuration lacks support for cpu binding
Running Java benchmark MGopt, class D, on 4 servers (np=4), tcp,self

SLURM job ID: 775752

Servers:
mpi010
mpi023
mpi022
mpi024

mpirun --mca btl tcp,self --bind-to core --map-by node -np 4 java NPB_MPJ.MGopt class=D

Start: Sat May 31 18:22:45 PDT 2014
===============================================================================
srun: cluster configuration lacks support for cpu binding
Exception in thread "main" java.lang.NegativeArraySizeException
	at NPB_MPJ.MGopt.runBenchmark(MGopt.java:198)
	at NPB_MPJ.MGopt.main(MGopt.java:113)
Exception in thread "main" java.lang.NegativeArraySizeException
	at NPB_MPJ.MGopt.runBenchmark(MGopt.java:198)
	at NPB_MPJ.MGopt.main(MGopt.java:113)-------------------------------------------------------
Primary job  terminated normally, but 1 process returned
a non-zero exit code.. Per user-direction, the job has been aborted.
-------------------------------------------------------

Exception in thread "main" java.lang.NegativeArraySizeException
	at NPB_MPJ.MGopt.runBenchmark(MGopt.java:198)
	at NPB_MPJ.MGopt.main(MGopt.java:113)
Exception in thread "main" java.lang.NegativeArraySizeException
	at NPB_MPJ.MGopt.runBenchmark(MGopt.java:198)
	at NPB_MPJ.MGopt.main(MGopt.java:113)
--------------------------------------------------------------------------
mpirun detected that one or more processes exited with non-zero status, thus causing
the job to be terminated. The first process to do so was:

  Process name: [[31016,1],2]
  Exit code:    1
--------------------------------------------------------------------------
===============================================================================
End: Sat May 31 18:22:46 PDT 2014
