srun: cluster configuration lacks support for cpu binding
Running Java benchmark SPopt2, class C, on 8 servers (np=8), usnic,self

SLURM job ID: 775789

Servers:
mpi021
mpi028
mpi027
mpi025
mpi029
mpi024
mpi026
mpi022

mpirun --mca btl usnic,self --bind-to core --map-by node -np 8 java NPB_MPJ.SPopt2 class=C

Start: Sun Jun  1 03:32:45 PDT 2014
===============================================================================
srun: cluster configuration lacks support for cpu binding
--------------------------------------------------------------------------
MPI_ABORT was invoked on rank 0 in communicator MPI_COMM_WORLD 
with errorcode -1.

NOTE: invoking MPI_ABORT causes Open MPI to kill all MPI processes.
You may or may not see output from other processes, depending on
exactly when Open MPI kills them.
--------------------------------------------------------------------------
[mpi021:02346] 7 more processes have sent help message help-mpi-api.txt / mpi-abort
[mpi021:02346] Set MCA parameter "orte_base_help_aggregate" to 0 to see all help / error messages
srun: Job step aborted: Waiting up to 2 seconds for job step to finish.
mpirun: Forwarding signal 18 to job
srun: got SIGCONT
slurmd[mpi021]: *** JOB 775789 CANCELLED AT 2014-06-01T03:50:33 ***
slurmd[mpi022]: *** STEP 775789.1 CANCELLED AT 2014-06-01T03:50:33 ***
mpirun: abort is already in progress...hit ctrl-c again to forcibly terminate

srun: forcing job termination
srun: error: mpi025: task 2: Terminated
srun: Terminating job step 775789.1
srun: error: mpi029: task 6: Exited with exit code 1
srun: error: mpi022: task 0: Exited with exit code 1
srun: error: mpi027: task 4: Exited with exit code 1
srun: error: mpi028: task 5: Exited with exit code 1
srun: error: mpi024: task 1: Exited with exit code 1
srun: error: mpi026: task 3: Exited with exit code 1
