srun: cluster configuration lacks support for cpu binding
Running Java benchmark NPB_MPJ.SPopt2, class D, on 4 servers (np=4), tcp,self

SLURM job ID: 775833

Servers:
mpi001
mpi002
mpi014
mpi015

mpirun --mca btl_usnic_if_include 10.1.0.0/16,10.2.0.0/16 --mca btl_tcp_if_exclude 127.0.0.0/8,10.4.0.0/16 --mca btl tcp,self --bind-to core --map-by node -np 4 java NPB_MPJ.NPB_MPJ.SPopt2 class=D

Start: Sat May 31 20:50:40 PDT 2014
===============================================================================
srun: cluster configuration lacks support for cpu binding
Exception in thread "main" java.lang.NoClassDefFoundError: NPB_MPJ/NPB_MPJ/SPopt2
Caused by: java.lang.ClassNotFoundException: NPB_MPJ.NPB_MPJ.SPopt2
	at java.net.URLClassLoader$1.run(URLClassLoader.java:217)
	at java.security.AccessController.doPrivileged(Native Method)
	at java.net.URLClassLoader.findClass(URLClassLoader.java:205)
	at java.lang.ClassLoader.loadClass(ClassLoader.java:323)
	at sun.misc.Launcher$AppClassLoader.loadClass(Launcher.java:294)
	at java.lang.ClassLoader.loadClass(ClassLoader.java:268)
Could not find the main class: NPB_MPJ.NPB_MPJ.SPopt2. Program will exit.
-------------------------------------------------------
Primary job  terminated normally, but 1 process returned
a non-zero exit code.. Per user-direction, the job has been aborted.
-------------------------------------------------------
Exception in thread "main" java.lang.NoClassDefFoundError: NPB_MPJ/NPB_MPJ/SPopt2
Caused by: java.lang.ClassNotFoundException: NPB_MPJ.NPB_MPJ.SPopt2
	at java.net.URLClassLoader$1.run(URLClassLoader.java:217)
	at java.security.AccessController.doPrivileged(Native Method)
	at java.net.URLClassLoader.findClass(URLClassLoader.java:205)
	at java.lang.ClassLoader.loadClass(ClassLoader.java:323)
Exception in thread "main" 	at sun.misc.Launcher$AppClassLoader.loadClass(Launcher.java:294)
	at java.lang.ClassLoader.loadClass(ClassLoader.java:268)
Could not find the main class: NPB_MPJ.NPB_MPJ.SPopt2. Program will exit.
Exception in thread "main" java.lang.NoClassDefFoundError: NPB_MPJ/NPB_MPJ/SPopt2
java.lang.NoClassDefFoundError: NPB_MPJ/NPB_MPJ/SPopt2
Caused by: java.lang.ClassNotFoundException: NPB_MPJ.NPB_MPJ.SPopt2
Caused by: java.lang.ClassNotFoundException: NPB_MPJ.NPB_MPJ.SPopt2
	at java.net.URLClassLoader$1.run(URLClassLoader.java:217)
	at java.security.AccessController.doPrivileged(Native Method)	at java.net.URLClassLoader$1.run(URLClassLoader.java:217)

	at java.net.URLClassLoader.findClass(URLClassLoader.java:205)	at java.security.AccessController.doPrivileged(Native Method)

	at java.net.URLClassLoader.findClass(URLClassLoader.java:205)
	at java.lang.ClassLoader.loadClass(ClassLoader.java:323)
	at sun.misc.Launcher$AppClassLoader.loadClass(Launcher.java:294)	at java.lang.ClassLoader.loadClass(ClassLoader.java:323)

	at sun.misc.Launcher$AppClassLoader.loadClass(Launcher.java:294)
	at java.lang.ClassLoader.loadClass(ClassLoader.java:268)	at java.lang.ClassLoader.loadClass(ClassLoader.java:268)
Could not find the main class: NPB_MPJ.NPB_MPJ.SPopt2. Program will exit.

Could not find the main class: NPB_MPJ.NPB_MPJ.SPopt2. Program will exit.
--------------------------------------------------------------------------
mpirun detected that one or more processes exited with non-zero status, thus causing
the job to be terminated. The first process to do so was:

  Process name: [[7359,1],2]
  Exit code:    1
--------------------------------------------------------------------------
===============================================================================
End: Sat May 31 20:50:41 PDT 2014
