srun: cluster configuration lacks support for cpu binding
Running Java benchmark EP, class C, on 4 servers (np=4), usnic,self

SLURM job ID: 775743

Servers:
mpi001
mpi002
mpi005
mpi006

mpirun --mca btl usnic,self --bind-to core --map-by node -np 4 java NPB_MPJ.EP class=C

Start: Sat May 31 15:56:45 PDT 2014
===============================================================================
srun: cluster configuration lacks support for cpu binding
 Unofficial NAS Parallel Benchmarks Java version
 MPJ Version EP CLASS=C np=4
EP Benchmark Results
CPU Time = 107.788
N = 2^32
No. Gaussian Pairs = 3.373275903E9
Sums = 47643.6792799594 -80840.72988039246
Counts:
0 1.572172634E9
1 1.501108549E9
2 2.81805648E8
3 1.7761221E7
4 424017.0
5 3821.0
6 13.0
7 0.0
8 0.0
9 0.0
EP.C: Verification Successful
**** NAS Parallel Benchmarks Java-MPJ version (NPB-MPJ) EP ***** 
* Class             = C                                        * 
* Size              = 2147483647                               * 
* Iterations        = 1                                        * 
* Time in seconds   = 107.788                                  * 
* ACCTime           = 0.000                                    * 
* Mops total        = 79.693                                   * 
* Operation type    = Random numbers generated                 * 
* Verification      = Successful                               * 
* Process requested = 4                                        * 
*                                                              *
* Please send all errors/feedbacks to:                         * 
* Damian Alvarez Mallon                                        * 
* dalvarezm@udc.es                                             * 
**************************************************************** 
===============================================================================
End: Sat May 31 15:58:35 PDT 2014
