Running Java benchmark SPopt, class C, on 1 servers (np=8), sm,self

SLURM job ID: 775684

Servers:
mpi009
mpi009
mpi009
mpi009
mpi009
mpi009
mpi009
mpi009

mpirun --mca btl sm,self --bind-to core --map-by node -np 8 java NPB_MPJ.SPopt class=C

Start: Sat May 31 08:18:15 PDT 2014
===============================================================================
--------------------------------------------------------------------------
MPI_ABORT was invoked on rank 3 in communicator MPI_COMM_WORLD 
with errorcode -1.

NOTE: invoking MPI_ABORT causes Open MPI to kill all MPI processes.
You may or may not see output from other processes, depending on
exactly when Open MPI kills them.
--------------------------------------------------------------------------
===============================================================================
End: Sat May 31 08:18:16 PDT 2014
