srun: cluster configuration lacks support for cpu binding
Running Java benchmark SPopt, class D, on 8 servers (np=8), tcp,self

SLURM job ID: 775786

Servers:
mpi005
mpi030
mpi008
mpi031
mpi032
mpi010
mpi007
mpi006

mpirun --mca btl tcp,self --bind-to core --map-by node -np 8 java NPB_MPJ.SPopt class=D

Start: Sat May 31 21:04:10 PDT 2014
===============================================================================
srun: cluster configuration lacks support for cpu binding
--------------------------------------------------------------------------
MPI_ABORT was invoked on rank 4 in communicator MPI_COMM_WORLD 
with errorcode -1.

NOTE: invoking MPI_ABORT causes Open MPI to kill all MPI processes.
You may or may not see output from other processes, depending on
exactly when Open MPI kills them.
--------------------------------------------------------------------------
===============================================================================
End: Sat May 31 21:04:11 PDT 2014
