srun: cluster configuration lacks support for cpu binding
Running Java benchmark IS, class C, on 2 servers (np=2), tcp,self

SLURM job ID: 775718

Servers:
mpi001
mpi005

mpirun --mca btl tcp,self --bind-to core --map-by node -np 2 java NPB_MPJ.IS class=C

Start: Sat May 31 09:59:15 PDT 2014
===============================================================================
srun: cluster configuration lacks support for cpu binding
 Unofficial NAS Parallel Benchmarks Java version
 MPJ Version IS CLASS=C np=2
 Size:  134217728 Iterations:   10

   iteration
        1
        2
        3
        4
        5
        6
        7
        8
        9
        10
IS.C: Verification Successful
**** NAS Parallel Benchmarks Java-MPJ version (NPB-MPJ) IS ***** 
* Class             = C                                        * 
* Size              = 134217728                                * 
* Iterations        = 10                                       * 
* Time in seconds   = 17.644                                   * 
* ACCTime           = 0.000                                    * 
* Mops total        = 76.070                                   * 
* Operation type    = keys ranked                              * 
* Verification      = Successful                               * 
* Process requested = 2                                        * 
*                                                              *
* Please send all errors/feedbacks to:                         * 
* Damian Alvarez Mallon                                        * 
* dalvarezm@udc.es                                             * 
**************************************************************** 
===============================================================================
End: Sat May 31 09:59:48 PDT 2014
