srun: cluster configuration lacks support for cpu binding
Running Java benchmark SPopt, class C, on 4 servers (np=4), tcp,self

SLURM job ID: 775754

Servers:
mpi012
mpi030
mpi015
mpi032

mpirun --mca btl tcp,self --bind-to core --map-by node -np 4 java NPB_MPJ.SPopt class=C

Start: Sat May 31 18:23:15 PDT 2014
===============================================================================
srun: cluster configuration lacks support for cpu binding
[mpi030][[22465,1],2][../../../../../ompi/mca/btl/tcp/btl_tcp_endpoint.c:657:mca_btl_tcp_endpoint_complete_connect] connect() to 10.4.0.32 failed: No route to host (113)
[mpi032][[22465,1],3][../../../../../ompi/mca/btl/tcp/btl_tcp_endpoint.c:657:mca_btl_tcp_endpoint_complete_connect] connect() to 10.4.0.30 failed: No route to host (113)
srun: Job step aborted: Waiting up to 2 seconds for job step to finish.
mpirun: Forwarding signal 18 to job
srun: got SIGCONT
slurmd[mpi012]: *** JOB 775754 CANCELLED AT 2014-05-31T18:38:49 ***
slurmd[mpi015]: *** STEP 775754.1 CANCELLED AT 2014-05-31T18:38:49 ***
srun: forcing job termination
srun: error: mpi032: task 2: Exited with exit code 1
srun: Terminating job step 775754.1
srun: error: mpi015: task 0: Exited with exit code 1
srun: error: mpi030: task 1: Exited with exit code 1
