Running Java benchmark SPopt, class D, on 1 servers (np=4), sm,self

SLURM job ID: 775670

Servers:
mpi013
mpi013
mpi013
mpi013

mpirun --mca btl sm,self --bind-to core --map-by node -np 4 java NPB_MPJ.SPopt class=D

Start: Sat May 31 07:41:45 PDT 2014
===============================================================================
 Unofficial NAS Parallel Benchmarks Java version
 MPJ Version SP CLASS=D np=4
 No input file inputsp.data. Using compiled defaults
 Unofficial NAS Parallel Benchmarks -- SP Benchmark
 Size: 408x408x408
 Iterations: 500    dt: 3.0E-4
 Number of processes: 4
 Time step 1
 Time step 20
 Time step 40
 Time step 60
 Time step 80
 Time step 100
 Time step 120
 Time step 140
 Time step 160
 Time step 180
 Time step 200
mpirun: Forwarding signal 18 to job
slurmd[mpi013]: *** JOB 775670 CANCELLED AT 2014-06-01T03:31:23 ***
