srun: cluster configuration lacks support for cpu binding
Running Java benchmark CGbuf, class D, on 8 servers (np=8), usnic,self

SLURM job ID: 775771

Servers:
mpi007
mpi030
mpi014
mpi031
mpi032
mpi015
mpi010
mpi008

mpirun --mca btl usnic,self --bind-to core --map-by node -np 8 java NPB_MPJ.CGbuf class=D

Start: Sat May 31 19:59:40 PDT 2014
===============================================================================
srun: cluster configuration lacks support for cpu binding
 Unofficial NAS Parallel Benchmarks -- CG Benchmark
 Size: 1500000
 Iterations: 100
 Number of active processes: 8
 Number of nonzeroes per row: 21
 Eigenvalue shift: 500.0
 Iteration "-1"  is the warm up iteration
   iteration            ||r||                 zeta
[mpi008][[21141,1],1][../../../../../ompi/mca/btl/usnic/btl_usnic_component.c:1003:usnic_handle_completion] usnic_2: RX error polling CQ[1] with status 1 for wr_id 2aaaac517280 vend_err 1, byte_len 0
    -1        9.978827460199736E-13          499.9996989885352
[mpi008][[21141,1],1][../../../../../ompi/mca/btl/usnic/btl_usnic_component.c:1003:usnic_handle_completion] usnic_2: RX error polling CQ[1] with status 1 for wr_id 2aaaac50ff00 vend_err 1, byte_len 0
[mpi008][[21141,1],1][../../../../../ompi/mca/btl/usnic/btl_usnic_component.c:1003:usnic_handle_completion] usnic_2: RX error polling CQ[1] with status 1 for wr_id 2aaaac510e00 vend_err 1, byte_len 0
[mpi008][[21141,1],1][../../../../../ompi/mca/btl/usnic/btl_usnic_component.c:1003:usnic_handle_completion] usnic_2: RX error polling CQ[1] with status 1 for wr_id 2aaaac50f900 vend_err 1, byte_len 0
    0        9.978827460199736E-13          499.9996989885352
    1        6.567738900021977E-16          49.179292122262154
    2        6.863011313221079E-16          49.762141778091575
    3        7.10650972702067E-16          50.24761084484919
[mpi008][[21141,1],1][../../../../../ompi/mca/btl/usnic/btl_usnic_component.c:1003:usnic_handle_completion] usnic_2: RX error polling CQ[1] with status 1 for wr_id 2aaaac530a80 vend_err 1, byte_len 0
    4        7.319714893447367E-16          50.65041133187373
    5        7.500706294007054E-16          50.98356793299371
    6        7.656313771646866E-16          51.25841790935607
    7        7.793589960508765E-16          51.48469939195945
    8        7.906672740039223E-16          51.67068944628477
    9        7.993795100892994E-16          51.823364719003564
    10        8.06440648513987E-16          51.948566680560134
    11        8.11228943306451E-16          52.05116036496378
[mpi008][[21141,1],1][../../../../../ompi/mca/btl/usnic/btl_usnic_component.c:1003:usnic_handle_completion] usnic_2: RX error polling CQ[1] with status 1 for wr_id 2aaaac558c80 vend_err 1, byte_len 0
[mpi008][[21141,1],1][../../../../../ompi/mca/btl/usnic/btl_usnic_component.c:1003:usnic_handle_completion] usnic_2: RX error polling CQ[1] with status 1 for wr_id 2aaaac55f880 vend_err 1, byte_len 0
[mpi008][[21141,1],1][../../../../../ompi/mca/btl/usnic/btl_usnic_component.c:1003:usnic_handle_completion] usnic_2: RX error polling CQ[1] with status 1 for wr_id 2aaaac55af00 vend_err 1, byte_len 0
[mpi008][[21141,1],1][../../../../../ompi/mca/btl/usnic/btl_usnic_component.c:1003:usnic_handle_completion] usnic_2: RX error polling CQ[1] with status 1 for wr_id 2aaaac559b80 vend_err 1, byte_len 0
[mpi008][[21141,1],1][../../../../../ompi/mca/btl/usnic/btl_usnic_component.c:1003:usnic_handle_completion] usnic_2: RX error polling CQ[1] with status 1 for wr_id 2aaaac55da80 vend_err 1, byte_len 0
[mpi008][[21141,1],1][../../../../../ompi/mca/btl/usnic/btl_usnic_component.c:1003:usnic_handle_completion] usnic_2: RX error polling CQ[1] with status 1 for wr_id 2aaaac55ce80 vend_err 1, byte_len 0
[mpi008][[21141,1],1][../../../../../ompi/mca/btl/usnic/btl_usnic_component.c:1003:usnic_handle_completion] usnic_2: RX error polling CQ[1] with status 1 for wr_id 2aaaac55a900 vend_err 1, byte_len 0
[mpi008][[21141,1],1][../../../../../ompi/mca/btl/usnic/btl_usnic_component.c:1003:usnic_handle_completion] usnic_2: RX error polling CQ[1] with status 1 for wr_id 2aaaac55f280 vend_err 1, byte_len 0
[mpi008][[21141,1],1][../../../../../ompi/mca/btl/usnic/btl_usnic_component.c:1003:usnic_handle_completion] usnic_2: RX error polling CQ[1] with status 1 for wr_id 2aaaac55d300 vend_err 1, byte_len 0
[mpi008][[21141,1],1][../../../../../ompi/mca/btl/usnic/btl_usnic_component.c:1003:usnic_handle_completion] usnic_2: RX error polling CQ[1] with status 1 for wr_id 2aaaac55d780 vend_err 1, byte_len 0
[mpi008][[21141,1],1][../../../../../ompi/mca/btl/usnic/btl_usnic_component.c:1003:usnic_handle_completion] usnic_2: RX error polling CQ[1] with status 1 for wr_id 2aaaac55e500 vend_err 1, byte_len 0
[mpi008][[21141,1],1][../../../../../ompi/mca/btl/usnic/btl_usnic_component.c:1003:usnic_handle_completion] usnic_2: RX error polling CQ[1] with status 1 for wr_id 2aaaac55ee00 vend_err 1, byte_len 0
[mpi008][[21141,1],1][../../../../../ompi/mca/btl/usnic/btl_usnic_component.c:1003:usnic_handle_completion] usnic_2: RX error polling CQ[1] with status 1 for wr_id 2aaaac55c580 vend_err 1, byte_len 0
[mpi008][[21141,1],1][../../../../../ompi/mca/btl/usnic/btl_usnic_component.c:1003:usnic_handle_completion] usnic_2: RX error polling CQ[1] with status 1 for wr_id 2aaaac55ca00 vend_err 1, byte_len 0
[mpi008][[21141,1],1][../../../../../ompi/mca/btl/usnic/btl_usnic_component.c:1003:usnic_handle_completion] usnic_2: RX error polling CQ[1] with status 1 for wr_id 2aaaac558680 vend_err 1, byte_len 0
[mpi008][[21141,1],1][../../../../../ompi/mca/btl/usnic/btl_usnic_component.c:1003:usnic_handle_completion] usnic_2: RX error polling CQ[1] with status 1 for wr_id 2aaaac55d180 vend_err 1, byte_len 0
[mpi008][[21141,1],1][../../../../../ompi/mca/btl/usnic/btl_usnic_component.c:1003:usnic_handle_completion] usnic_2: RX error polling CQ[1] with status 1 for wr_id 2aaaac55ec80 vend_err 1, byte_len 0
[mpi008][[21141,1],1][../../../../../ompi/mca/btl/usnic/btl_usnic_component.c:1003:usnic_handle_completion] usnic_2: RX error polling CQ[1] with status 1 for wr_id 2aaaac540f80 vend_err 1, byte_len 0
[mpi008][[21141,1],1][../../../../../ompi/mca/btl/usnic/btl_usnic_component.c:1003:usnic_handle_completion] usnic_2: RX error polling CQ[1] with status 1 for wr_id 2aaaac55dc00 vend_err 1, byte_len 0
[mpi008][[21141,1],1][../../../../../ompi/mca/btl/usnic/btl_usnic_component.c:1003:usnic_handle_completion] usnic_2: RX error polling CQ[1] with status 1 for wr_id 2aaaac541100 vend_err 1, byte_len 0
[mpi008][[21141,1],1][../../../../../ompi/mca/btl/usnic/btl_usnic_component.c:1003:usnic_handle_completion] usnic_2: RX error polling CQ[1] with status 1 for wr_id 2aaaac4a0f00 vend_err 1, byte_len 0
[mpi008][[21141,1],1][../../../../../ompi/mca/btl/usnic/btl_usnic_component.c:1003:usnic_handle_completion] usnic_2: RX error polling CQ[1] with status 1 for wr_id 2aaaac556580 vend_err 1, byte_len 0
[mpi008][[21141,1],1][../../../../../ompi/mca/btl/usnic/btl_usnic_component.c:1003:usnic_handle_completion] usnic_2: RX error polling CQ[1] with status 1 for wr_id 2aaaac4a2580 vend_err 1, byte_len 0
[mpi008][[21141,1],1][../../../../../ompi/mca/btl/usnic/btl_usnic_component.c:1003:usnic_handle_completion] usnic_2: RX error polling CQ[1] with status 1 for wr_id 2aaaac4a1980 vend_err 1, byte_len 0
[mpi008][[21141,1],1][../../../../../ompi/mca/btl/usnic/btl_usnic_component.c:1003:usnic_handle_completion] usnic_2: RX error polling CQ[1] with status 1 for wr_id 2aaaac4a2100 vend_err 1, byte_len 0
    12        8.171245507980336E-16          52.13518039744059
    13        8.206247661248773E-16          52.203961406464316
    14        8.225295355752928E-16          52.26025204128092
    15        8.251632146293561E-16          52.30631309974473
    16        8.268408688865478E-16          52.34400098155896
    17        8.287653484779035E-16          52.37483801528657
[mpi008][[21141,1],1][../../../../../ompi/mca/btl/usnic/btl_usnic_component.c:1003:usnic_handle_completion] usnic_2: RX error polling CQ[1] with status 1 for wr_id 2aaaac518c00 vend_err 1, byte_len 0
[mpi008][[21141,1],1][../../../../../ompi/mca/btl/usnic/btl_usnic_component.c:1003:usnic_handle_completion] usnic_2: RX error polling CQ[1] with status 1 for wr_id 2aaaac518900 vend_err 1, byte_len 0
[mpi008][[21141,1],1][../../../../../ompi/mca/btl/usnic/btl_usnic_component.c:1003:usnic_handle_completion] usnic_2: RX error polling CQ[1] with status 1 for wr_id 2aaaac51c800 vend_err 1, byte_len 0
[mpi008][[21141,1],1][../../../../../ompi/mca/btl/usnic/btl_usnic_component.c:1003:usnic_handle_completion] usnic_2: RX error polling CQ[1] with status 1 for wr_id 2aaaac518600 vend_err 1, byte_len 0
    18        8.298761344201307E-16          52.40007130439864
[mpi008][[21141,1],1][../../../../../ompi/mca/btl/usnic/btl_usnic_component.c:1003:usnic_handle_completion] usnic_2: RX error polling CQ[1] with status 1 for wr_id 2aaaac4d8880 vend_err 1, byte_len 0
[mpi008][[21141,1],1][../../../../../ompi/mca/btl/usnic/btl_usnic_component.c:1003:usnic_handle_completion] usnic_2: RX error polling CQ[1] with status 1 for wr_id 2aaaac4da500 vend_err 1, byte_len 0
[mpi008][[21141,1],1][../../../../../ompi/mca/btl/usnic/btl_usnic_component.c:1003:usnic_handle_completion] usnic_2: RX error polling CQ[1] with status 1 for wr_id 2aaaac4dac80 vend_err 1, byte_len 0
[mpi008][[21141,1],1][../../../../../ompi/mca/btl/usnic/btl_usnic_component.c:1003:usnic_handle_completion] usnic_2: RX error polling CQ[1] with status 1 for wr_id 2aaaac4d7800 vend_err 1, byte_len 0
    19        8.302175692583082E-16          52.42072169384625
    20        8.307440380016451E-16          52.43762433808729
    21        8.335012457751482E-16          52.451462195835234
    22        8.337518558264676E-16          52.46279360972454
[mpi008][[21141,1],1][../../../../../ompi/mca/btl/usnic/btl_usnic_component.c:1003:usnic_handle_completion] usnic_2: RX error polling CQ[1] with status 1 for wr_id 2aaaac4b3380 vend_err 1, byte_len 0
[mpi008][[21141,1],1][../../../../../ompi/mca/btl/usnic/btl_usnic_component.c:1003:usnic_handle_completion] usnic_2: RX error polling CQ[1] with status 1 for wr_id 2aaaac4b5a80 vend_err 1, byte_len 0
[mpi008][[21141,1],1][../../../../../ompi/mca/btl/usnic/btl_usnic_component.c:1003:usnic_handle_completion] usnic_2: RX error polling CQ[1] with status 1 for wr_id 2aaaac4b3e00 vend_err 1, byte_len 0
[mpi008][[21141,1],1][../../../../../ompi/mca/btl/usnic/btl_usnic_component.c:1003:usnic_handle_completion] usnic_2: RX error polling CQ[1] with status 1 for wr_id 2aaaac4b4700 vend_err 1, byte_len 0
[mpi008][[21141,1],1][../../../../../ompi/mca/btl/usnic/btl_usnic_component.c:1003:usnic_handle_completion] usnic_2: RX error polling CQ[1] with status 1 for wr_id 2aaaac4b1880 vend_err 1, byte_len 0
[mpi008][[21141,1],1][../../../../../ompi/mca/btl/usnic/btl_usnic_component.c:1003:usnic_handle_completion] usnic_2: RX error polling CQ[1] with status 1 for wr_id 2aaaac4b4a00 vend_err 1, byte_len 0
[mpi008][[21141,1],1][../../../../../ompi/mca/btl/usnic/btl_usnic_component.c:1003:usnic_handle_completion] usnic_2: RX error polling CQ[1] with status 1 for wr_id 2aaaac4b2f00 vend_err 1, byte_len 0
[mpi008][[21141,1],1][../../../../../ompi/mca/btl/usnic/btl_usnic_component.c:1003:usnic_handle_completion] usnic_2: RX error polling CQ[1] with status 1 for wr_id 2aaaac4b8180 vend_err 1, byte_len 0
    23        8.336029427962466E-16          52.4720749669587
    24        8.34991145094967E-16          52.47967928733573
[mpi008][[21141,1],1][../../../../../ompi/mca/btl/usnic/btl_usnic_component.c:1003:usnic_handle_completion] usnic_2: RX error polling CQ[1] with status 1 for wr_id 2aaaac530600 vend_err 1, byte_len 0
    25        8.340557879671241E-16          52.4859114504294
    26        8.353020895893635E-16          52.49102065722832
    27        8.370730432072305E-16          52.49521062056715
    28        8.368060265312241E-16          52.49864789356985
    29        8.364694492522294E-16          52.501468673531406
    30        8.361055276176446E-16          52.5037843587117
[mpi008][[21141,1],1][../../../../../ompi/mca/btl/usnic/btl_usnic_component.c:1003:usnic_handle_completion] usnic_2: RX error polling CQ[1] with status 1 for wr_id 2aaaac4f4f00 vend_err 1, byte_len 0
[mpi008][[21141,1],1][../../../../../ompi/mca/btl/usnic/btl_usnic_component.c:1003:usnic_handle_completion] usnic_2: RX error polling CQ[1] with status 1 for wr_id 2aaaac4f9d00 vend_err 1, byte_len 0
    31        8.372332897552171E-16          52.50568608590862
    32        8.368352605120459E-16          52.507248435366876
    33        8.361962186861024E-16          52.50853245574427
    34        8.375194566430897E-16          52.50958813414877
    35        8.367117678216777E-16          52.510456413124246
    36        8.377011981210013E-16          52.51117083805309
    37        8.374481534174822E-16          52.511758902708095
[mpi008][[21141,1],1][../../../../../ompi/mca/btl/usnic/btl_usnic_component.c:1003:usnic_handle_completion] usnic_2: RX error polling CQ[1] with status 1 for wr_id 2aaaac52f100 vend_err 1, byte_len 0
[mpi008][[21141,1],1][../../../../../ompi/mca/btl/usnic/btl_usnic_component.c:1003:usnic_handle_completion] usnic_2: RX error polling CQ[1] with status 1 for wr_id 2aaaac528080 vend_err 1, byte_len 0
[mpi008][[21141,1],1][../../../../../ompi/mca/btl/usnic/btl_usnic_component.c:1003:usnic_handle_completion] usnic_2: RX error polling CQ[1] with status 1 for wr_id 2aaaac532e80 vend_err 1, byte_len 0
[mpi008][[21141,1],1][../../../../../ompi/mca/btl/usnic/btl_usnic_component.c:1003:usnic_handle_completion] usnic_2: RX error polling CQ[1] with status 1 for wr_id 2aaaac52ce80 vend_err 1, byte_len 0
[mpi008][[21141,1],1][../../../../../ompi/mca/btl/usnic/btl_usnic_component.c:1003:usnic_handle_completion] usnic_2: RX error polling CQ[1] with status 1 for wr_id 2aaaac533d80 vend_err 1, byte_len 0
[mpi008][[21141,1],1][../../../../../ompi/mca/btl/usnic/btl_usnic_component.c:1003:usnic_handle_completion] usnic_2: RX error polling CQ[1] with status 1 for wr_id 2aaaac51b780 vend_err 1, byte_len 0
[mpi008][[21141,1],1][../../../../../ompi/mca/btl/usnic/btl_usnic_component.c:1003:usnic_handle_completion] usnic_2: RX error polling CQ[1] with status 1 for wr_id 2aaaac526880 vend_err 1, byte_len 0
[mpi008][[21141,1],1][../../../../../ompi/mca/btl/usnic/btl_usnic_component.c:1003:usnic_handle_completion] usnic_2: RX error polling CQ[1] with status 1 for wr_id 2aaaac527f00 vend_err 1, byte_len 0
[mpi008][[21141,1],1][../../../../../ompi/mca/btl/usnic/btl_usnic_component.c:1003:usnic_handle_completion] usnic_2: RX error polling CQ[1] with status 1 for wr_id 2aaaac53a980 vend_err 1, byte_len 0
[mpi008][[21141,1],1][../../../../../ompi/mca/btl/usnic/btl_usnic_component.c:1003:usnic_handle_completion] usnic_2: RX error polling CQ[1] with status 1 for wr_id 2aaaac51f380 vend_err 1, byte_len 0
[mpi008][[21141,1],1][../../../../../ompi/mca/btl/usnic/btl_usnic_component.c:1003:usnic_handle_completion] usnic_2: RX error polling CQ[1] with status 1 for wr_id 2aaaac535d00 vend_err 1, byte_len 0
[mpi008][[21141,1],1][../../../../../ompi/mca/btl/usnic/btl_usnic_component.c:1003:usnic_handle_completion] usnic_2: RX error polling CQ[1] with status 1 for wr_id 2aaaac52c580 vend_err 1, byte_len 0
[mpi008][[21141,1],1][../../../../../ompi/mca/btl/usnic/btl_usnic_component.c:1003:usnic_handle_completion] usnic_2: RX error polling CQ[1] with status 1 for wr_id 2aaaac530f00 vend_err 1, byte_len 0
[mpi008][[21141,1],1][../../../../../ompi/mca/btl/usnic/btl_usnic_component.c:1003:usnic_handle_completion] usnic_2: RX error polling CQ[1] with status 1 for wr_id 2aaaac529a00 vend_err 1, byte_len 0
[mpi008][[21141,1],1][../../../../../ompi/mca/btl/usnic/btl_usnic_component.c:1003:usnic_handle_completion] usnic_2: RX error polling CQ[1] with status 1 for wr_id 2aaaac536d80 vend_err 1, byte_len 0
[mpi008][[21141,1],1][../../../../../ompi/mca/btl/usnic/btl_usnic_component.c:1003:usnic_handle_completion] usnic_2: RX error polling CQ[1] with status 1 for wr_id 2aaaac520400 vend_err 1, byte_len 0
    38        8.387226929485866E-16          52.512243148703476
    39        8.367241014145735E-16          52.51264206396934
    40        8.385030394130034E-16          52.51297081711442
    41        8.367178245821968E-16          52.51324185791992
    42        8.366207852189846E-16          52.513465408416494
[mpi008][[21141,1],1][../../../../../ompi/mca/btl/usnic/btl_usnic_component.c:1003:usnic_handle_completion] usnic_2: RX error polling CQ[1] with status 1 for wr_id 2aaaac559100 vend_err 1, byte_len 0
[mpi008][[21141,1],1][../../../../../ompi/mca/btl/usnic/btl_usnic_component.c:1003:usnic_handle_completion] usnic_2: RX error polling CQ[1] with status 1 for wr_id 2aaaac558c80 vend_err 1, byte_len 0
[mpi008][[21141,1],1][../../../../../ompi/mca/btl/usnic/btl_usnic_component.c:1003:usnic_handle_completion] usnic_2: RX error polling CQ[1] with status 1 for wr_id 2aaaac55fe80 vend_err 1, byte_len 0
[mpi008][[21141,1],1][../../../../../ompi/mca/btl/usnic/btl_usnic_component.c:1003:usnic_handle_completion] usnic_2: RX error polling CQ[1] with status 1 for wr_id 2aaaac557000 vend_err 1, byte_len 0
[mpi008][[21141,1],1][../../../../../ompi/mca/btl/usnic/btl_usnic_component.c:1003:usnic_handle_completion] usnic_2: RX error polling CQ[1] with status 1 for wr_id 2aaaac540680 vend_err 1, byte_len 0
[mpi008][[21141,1],1][../../../../../ompi/mca/btl/usnic/btl_usnic_component.c:1003:usnic_handle_completion] usnic_2: RX error polling CQ[1] with status 1 for wr_id 2aaaac551900 vend_err 1, byte_len 0
[mpi008][[21141,1],1][../../../../../ompi/mca/btl/usnic/btl_usnic_component.c:1003:usnic_handle_completion] usnic_2: RX error polling CQ[1] with status 1 for wr_id 2aaaac543500 vend_err 1, byte_len 0
[mpi008][[21141,1],1][../../../../../ompi/mca/btl/usnic/btl_usnic_component.c:1003:usnic_handle_completion] usnic_2: RX error polling CQ[1] with status 1 for wr_id 2aaaac54d700 vend_err 1, byte_len 0
[mpi008][[21141,1],1][../../../../../ompi/mca/btl/usnic/btl_usnic_component.c:1003:usnic_handle_completion] usnic_2: RX error polling CQ[1] with status 1 for wr_id 2aaaac553d00 vend_err 1, byte_len 0
[mpi008][[21141,1],1][../../../../../ompi/mca/btl/usnic/btl_usnic_component.c:1003:usnic_handle_completion] usnic_2: RX error polling CQ[1] with status 1 for wr_id 2aaaac544280 vend_err 1, byte_len 0
[mpi008][[21141,1],1][../../../../../ompi/mca/btl/usnic/btl_usnic_component.c:1003:usnic_handle_completion] usnic_2: RX error polling CQ[1] with status 1 for wr_id 2aaaac55e980 vend_err 1, byte_len 0
[mpi008][[21141,1],1][../../../../../ompi/mca/btl/usnic/btl_usnic_component.c:1003:usnic_handle_completion] usnic_2: RX error polling CQ[1] with status 1 for wr_id 2aaaac55eb00 vend_err 1, byte_len 0
[mpi008][[21141,1],1][../../../../../ompi/mca/btl/usnic/btl_usnic_component.c:1003:usnic_handle_completion] usnic_2: RX error polling CQ[1] with status 1 for wr_id 2aaaac542300 vend_err 1, byte_len 0
[mpi008][[21141,1],1][../../../../../ompi/mca/btl/usnic/btl_usnic_component.c:1003:usnic_handle_completion] usnic_2: RX error polling CQ[1] with status 1 for wr_id 2aaaac540b00 vend_err 1, byte_len 0
[mpi008][[21141,1],1][../../../../../ompi/mca/btl/usnic/btl_usnic_component.c:1003:usnic_handle_completion] usnic_2: RX error polling CQ[1] with status 1 for wr_id 2aaaac549500 vend_err 1, byte_len 0
[mpi008][[21141,1],1][../../../../../ompi/mca/btl/usnic/btl_usnic_component.c:1003:usnic_handle_completion] usnic_2: RX error polling CQ[1] with status 1 for wr_id 2aaaac542480 vend_err 1, byte_len 0
[mpi008][[21141,1],1][../../../../../ompi/mca/btl/usnic/btl_usnic_component.c:1003:usnic_handle_completion] usnic_2: RX error polling CQ[1] with status 1 for wr_id 2aaaac542900 vend_err 1, byte_len 0
[mpi008][[21141,1],1][../../../../../ompi/mca/btl/usnic/btl_usnic_component.c:1003:usnic_handle_completion] usnic_2: RX error polling CQ[1] with status 1 for wr_id 2aaaac545300 vend_err 1, byte_len 0
[mpi008][[21141,1],1][../../../../../ompi/mca/btl/usnic/btl_usnic_component.c:1003:usnic_handle_completion] usnic_2: RX error polling CQ[1] with status 1 for wr_id 2aaaac4a1380 vend_err 1, byte_len 0
[mpi008][[21141,1],1][../../../../../ompi/mca/btl/usnic/btl_usnic_component.c:1003:usnic_handle_completion] usnic_2: RX error polling CQ[1] with status 1 for wr_id 2aaaac560000 vend_err 1, byte_len 0
[mpi008][[21141,1],1][../../../../../ompi/mca/btl/usnic/btl_usnic_component.c:1003:usnic_handle_completion] usnic_2: RX error polling CQ[1] with status 1 for wr_id 2aaaac556100 vend_err 1, byte_len 0
[mpi008][[21141,1],1][../../../../../ompi/mca/btl/usnic/btl_usnic_component.c:1003:usnic_handle_completion] usnic_2: RX error polling CQ[1] with status 1 for wr_id 2aaaac549b00 vend_err 1, byte_len 0
[mpi008][[21141,1],1][../../../../../ompi/mca/btl/usnic/btl_usnic_component.c:1003:usnic_handle_completion] usnic_2: RX error polling CQ[1] with status 1 for wr_id 2aaaac4a1f80 vend_err 1, byte_len 0
[mpi008][[21141,1],1][../../../../../ompi/mca/btl/usnic/btl_usnic_component.c:1003:usnic_handle_completion] usnic_2: RX error polling CQ[1] with status 1 for wr_id 2aaaac543e00 vend_err 1, byte_len 0
[mpi008][[21141,1],1][../../../../../ompi/mca/btl/usnic/btl_usnic_component.c:1003:usnic_handle_completion] usnic_2: RX error polling CQ[1] with status 1 for wr_id 2aaaac557300 vend_err 1, byte_len 0
    43        8.380478561471255E-16          52.51364986468974
    44        8.373217646020216E-16          52.51380212562532
    45        8.37961859826783E-16          52.51392786206486
[mpi008][[21141,1],1][../../../../../ompi/mca/btl/usnic/btl_usnic_component.c:1003:usnic_handle_completion] usnic_2: RX error polling CQ[1] with status 1 for wr_id 2aaaac4bab80 vend_err 1, byte_len 0
[mpi008][[21141,1],1][../../../../../ompi/mca/btl/usnic/btl_usnic_component.c:1003:usnic_handle_completion] usnic_2: RX error polling CQ[1] with status 1 for wr_id 2aaaac4c0580 vend_err 1, byte_len 0
[mpi008][[21141,1],1][../../../../../ompi/mca/btl/usnic/btl_usnic_component.c:1003:usnic_handle_completion] usnic_2: RX error polling CQ[1] with status 1 for wr_id 2aaaac4bb180 vend_err 1, byte_len 0
[mpi008][[21141,1],1][../../../../../ompi/mca/btl/usnic/btl_usnic_component.c:1003:usnic_handle_completion] usnic_2: RX error polling CQ[1] with status 1 for wr_id 2aaaac4b6980 vend_err 1, byte_len 0
[mpi008][[21141,1],1][../../../../../ompi/mca/btl/usnic/btl_usnic_component.c:1003:usnic_handle_completion] usnic_2: RX error polling CQ[1] with status 1 for wr_id 2aaaac4b5900 vend_err 1, byte_len 0
[mpi008][[21141,1],1][../../../../../ompi/mca/btl/usnic/btl_usnic_component.c:1003:usnic_handle_completion] usnic_2: RX error polling CQ[1] with status 1 for wr_id 2aaaac4b0380 vend_err 1, byte_len 0
[mpi008][[21141,1],1][../../../../../ompi/mca/btl/usnic/btl_usnic_component.c:1003:usnic_handle_completion] usnic_2: RX error polling CQ[1] with status 1 for wr_id 2aaaac4b9080 vend_err 1, byte_len 0
[mpi008][[21141,1],1][../../../../../ompi/mca/btl/usnic/btl_usnic_component.c:1003:usnic_handle_completion] usnic_2: RX error polling CQ[1] with status 1 for wr_id 2aaaac4b2f00 vend_err 1, byte_len 0
[mpi008][[21141,1],1][../../../../../ompi/mca/btl/usnic/btl_usnic_component.c:1003:usnic_handle_completion] usnic_2: RX error polling CQ[1] with status 1 for wr_id 2aaaac4b8a80 vend_err 1, byte_len 0
[mpi008][[21141,1],1][../../../../../ompi/mca/btl/usnic/btl_usnic_component.c:1003:usnic_handle_completion] usnic_2: RX error polling CQ[1] with status 1 for wr_id 2aaaac4ba700 vend_err 1, byte_len 0
[mpi008][[21141,1],1][../../../../../ompi/mca/btl/usnic/btl_usnic_component.c:1003:usnic_handle_completion] usnic_2: RX error polling CQ[1] with status 1 for wr_id 2aaaac4af780 vend_err 1, byte_len 0
[mpi008][[21141,1],1][../../../../../ompi/mca/btl/usnic/btl_usnic_component.c:1003:usnic_handle_completion] usnic_2: RX error polling CQ[1] with status 1 for wr_id 2aaaac4b5600 vend_err 1, byte_len 0
[mpi008][[21141,1],1][../../../../../ompi/mca/btl/usnic/btl_usnic_component.c:1003:usnic_handle_completion] usnic_2: RX error polling CQ[1] with status 1 for wr_id 2aaaac4bfc80 vend_err 1, byte_len 0
[mpi008][[21141,1],1][../../../../../ompi/mca/btl/usnic/btl_usnic_component.c:1003:usnic_handle_completion] usnic_2: RX error polling CQ[1] with status 1 for wr_id 2aaaac54a580 vend_err 1, byte_len 0
[mpi008][[21141,1],1][../../../../../ompi/mca/btl/usnic/btl_usnic_component.c:1003:usnic_handle_completion] usnic_2: RX error polling CQ[1] with status 1 for wr_id 2aaaac53db00 vend_err 1, byte_len 0
[mpi008][[21141,1],1][../../../../../ompi/mca/btl/usnic/btl_usnic_component.c:1003:usnic_handle_completion] usnic_2: RX error polling CQ[1] with status 1 for wr_id 2aaaac556880 vend_err 1, byte_len 0
    46        8.393683027417949E-16          52.51403173720996
    47        8.393397737529999E-16          52.51411758717825
    48        8.382737582827422E-16          52.51418856890098
    49        8.382470554648907E-16          52.51424728144423
    50        8.377213310589029E-16          52.51429586539291
[mpi008][[21141,1],1][../../../../../ompi/mca/btl/usnic/btl_usnic_component.c:1003:usnic_handle_completion] usnic_2: RX error polling CQ[1] with status 1 for wr_id 2aaaac52f700 vend_err 1, byte_len 0
[mpi008][[21141,1],1][../../../../../ompi/mca/btl/usnic/btl_usnic_component.c:1003:usnic_handle_completion] usnic_2: RX error polling CQ[1] with status 1 for wr_id 2aaaac51d280 vend_err 1, byte_len 0
[mpi008][[21141,1],1][../../../../../ompi/mca/btl/usnic/btl_usnic_component.c:1003:usnic_handle_completion] usnic_2: RX error polling CQ[1] with status 1 for wr_id 2aaaac52ec80 vend_err 1, byte_len 0
[mpi008][[21141,1],1][../../../../../ompi/mca/btl/usnic/btl_usnic_component.c:1003:usnic_handle_completion] usnic_2: RX error polling CQ[1] with status 1 for wr_id 2aaaac535280 vend_err 1, byte_len 0
[mpi008][[21141,1],1][../../../../../ompi/mca/btl/usnic/btl_usnic_component.c:1003:usnic_handle_completion] usnic_2: RX error polling CQ[1] with status 1 for wr_id 2aaaac52aa80 vend_err 1, byte_len 0
[mpi008][[21141,1],1][../../../../../ompi/mca/btl/usnic/btl_usnic_component.c:1003:usnic_handle_completion] usnic_2: RX error polling CQ[1] with status 1 for wr_id 2aaaac52fa00 vend_err 1, byte_len 0
[mpi008][[21141,1],1][../../../../../ompi/mca/btl/usnic/btl_usnic_component.c:1003:usnic_handle_completion] usnic_2: RX error polling CQ[1] with status 1 for wr_id 2aaaac52e380 vend_err 1, byte_len 0
[mpi008][[21141,1],1][../../../../../ompi/mca/btl/usnic/btl_usnic_component.c:1003:usnic_handle_completion] usnic_2: RX error polling CQ[1] with status 1 for wr_id 2aaaac532400 vend_err 1, byte_len 0
[mpi008][[21141,1],1][../../../../../ompi/mca/btl/usnic/btl_usnic_component.c:1003:usnic_handle_completion] usnic_2: RX error polling CQ[1] with status 1 for wr_id 2aaaac524780 vend_err 1, byte_len 0
    51        8.37046108495126E-16          52.51433608446479
[mpi008][[21141,1],1][../../../../../ompi/mca/btl/usnic/btl_usnic_component.c:1003:usnic_handle_completion] usnic_2: RX error polling CQ[1] with status 1 for wr_id 2aaaac4d9480 vend_err 1, byte_len 0
[mpi008][[21141,1],1][../../../../../ompi/mca/btl/usnic/btl_usnic_component.c:1003:usnic_handle_completion] usnic_2: RX error polling CQ[1] with status 1 for wr_id 2aaaac4c6e80 vend_err 1, byte_len 0
[mpi008][[21141,1],1][../../../../../ompi/mca/btl/usnic/btl_usnic_component.c:1003:usnic_handle_completion] usnic_2: RX error polling CQ[1] with status 1 for wr_id 2aaaac4cf700 vend_err 1, byte_len 0
    52        8.384748393556167E-16          52.51436939245673
    53        8.377226385868673E-16          52.51439698813601
    54        8.379499657645585E-16          52.51441986045279
    55        8.381345244380633E-16          52.51443882548875
    56        8.373879083974671E-16          52.514454557067324
    57        8.370936678226299E-16          52.51446761169285
    58        8.374906211561271E-16          52.51447844918994
    59        8.385097611778732E-16          52.51448744965711
    60        8.3721808002264E-16          52.51449492741904
    61        8.368873168516389E-16          52.51450114252896
    62        8.37521435745663E-16          52.514506310179
    63        8.368383896732623E-16          52.514510608536966
    64        8.365092958244004E-16          52.51451418522936
    65        8.379052310814417E-16          52.51451716253496
    66        8.36175230040096E-16          52.514519641793186
    67        8.358744900365704E-16          52.51452170712457
    68        8.371788281460697E-16          52.51452342825513
    69        8.370890099561831E-16          52.51452486306039
    70        8.368411574743165E-16          52.514526059625894
    71        8.35711350581685E-16          52.51452705782856
[mpi008][[21141,1],1][../../../../../ompi/mca/btl/usnic/btl_usnic_component.c:1003:usnic_handle_completion] usnic_2: RX error polling CQ[1] with status 1 for wr_id 2aaaac551600 vend_err 1, byte_len 0
[mpi008][[21141,1],1][../../../../../ompi/mca/btl/usnic/btl_usnic_component.c:1003:usnic_handle_completion] usnic_2: RX error polling CQ[1] with status 1 for wr_id 2aaaac54da00 vend_err 1, byte_len 0
[mpi008][[21141,1],1][../../../../../ompi/mca/btl/usnic/btl_usnic_component.c:1003:usnic_handle_completion] usnic_2: RX error polling CQ[1] with status 1 for wr_id 2aaaac528f80 vend_err 1, byte_len 0
[mpi008][[21141,1],1][../../../../../ompi/mca/btl/usnic/btl_usnic_component.c:1003:usnic_handle_completion] usnic_2: RX error polling CQ[1] with status 1 for wr_id 2aaaac54f080 vend_err 1, byte_len 0
[mpi008][[21141,1],1][../../../../../ompi/mca/btl/usnic/btl_usnic_component.c:1003:usnic_handle_completion] usnic_2: RX error polling CQ[1] with status 1 for wr_id 2aaaac545180 vend_err 1, byte_len 0
[mpi008][[21141,1],1][../../../../../ompi/mca/btl/usnic/btl_usnic_component.c:1003:usnic_handle_completion] usnic_2: RX error polling CQ[1] with status 1 for wr_id 2aaaac553280 vend_err 1, byte_len 0
[mpi008][[21141,1],1][../../../../../ompi/mca/btl/usnic/btl_usnic_component.c:1003:usnic_handle_completion] usnic_2: RX error polling CQ[1] with status 1 for wr_id 2aaaac544b80 vend_err 1, byte_len 0
[mpi008][[21141,1],1][../../../../../ompi/mca/btl/usnic/btl_usnic_component.c:1003:usnic_handle_completion] usnic_2: RX error polling CQ[1] with status 1 for wr_id 2aaaac548900 vend_err 1, byte_len 0
[mpi008][[21141,1],1][../../../../../ompi/mca/btl/usnic/btl_usnic_component.c:1003:usnic_handle_completion] usnic_2: RX error polling CQ[1] with status 1 for wr_id 2aaaac536300 vend_err 1, byte_len 0
    72        8.364833006374487E-16          52.51452789087682
[mpi008][[21141,1],1][../../../../../ompi/mca/btl/usnic/btl_usnic_component.c:1003:usnic_handle_completion] usnic_2: RX error polling CQ[1] with status 1 for wr_id 2aaaac554480 vend_err 1, byte_len 0
    73        8.358382987942551E-16          52.5145285863245
    74        8.381192582491446E-16          52.51452916710389
    75        8.369863366776453E-16          52.51452965226292
[mpi008][[21141,1],1][../../../../../ompi/mca/btl/usnic/btl_usnic_component.c:1003:usnic_handle_completion] usnic_2: RX error polling CQ[1] with status 1 for wr_id 2aaaac537500 vend_err 1, byte_len 0
[mpi008][[21141,1],1][../../../../../ompi/mca/btl/usnic/btl_usnic_component.c:1003:usnic_handle_completion] usnic_2: RX error polling CQ[1] with status 1 for wr_id 2aaaac53a500 vend_err 1, byte_len 0
[mpi008][[21141,1],1][../../../../../ompi/mca/btl/usnic/btl_usnic_component.c:1003:usnic_handle_completion] usnic_2: RX error polling CQ[1] with status 1 for wr_id 2aaaac534e00 vend_err 1, byte_len 0
    76        8.362643187979582E-16          52.514530057719185
[mpi008][[21141,1],1][../../../../../ompi/mca/btl/usnic/btl_usnic_component.c:1003:usnic_handle_completion] usnic_2: RX error polling CQ[1] with status 1 for wr_id 2aaaac55fd00 vend_err 1, byte_len 0
[mpi008][[21141,1],1][../../../../../ompi/mca/btl/usnic/btl_usnic_component.c:1003:usnic_handle_completion] usnic_2: RX error polling CQ[1] with status 1 for wr_id 2aaaac558c80 vend_err 1, byte_len 0
[mpi008][[21141,1],1][../../../../../ompi/mca/btl/usnic/btl_usnic_component.c:1003:usnic_handle_completion] usnic_2: RX error polling CQ[1] with status 1 for wr_id 2aaaac55ca00 vend_err 1, byte_len 0
[mpi008][[21141,1],1][../../../../../ompi/mca/btl/usnic/btl_usnic_component.c:1003:usnic_handle_completion] usnic_2: RX error polling CQ[1] with status 1 for wr_id 2aaaac4a1080 vend_err 1, byte_len 0
[mpi008][[21141,1],1][../../../../../ompi/mca/btl/usnic/btl_usnic_component.c:1003:usnic_handle_completion] usnic_2: RX error polling CQ[1] with status 1 for wr_id 2aaaac540380 vend_err 1, byte_len 0
[mpi008][[21141,1],1][../../../../../ompi/mca/btl/usnic/btl_usnic_component.c:1003:usnic_handle_completion] usnic_2: RX error polling CQ[1] with status 1 for wr_id 2aaaac557000 vend_err 1, byte_len 0
[mpi008][[21141,1],1][../../../../../ompi/mca/btl/usnic/btl_usnic_component.c:1003:usnic_handle_completion] usnic_2: RX error polling CQ[1] with status 1 for wr_id 2aaaac542300 vend_err 1, byte_len 0
[mpi008][[21141,1],1][../../../../../ompi/mca/btl/usnic/btl_usnic_component.c:1003:usnic_handle_completion] usnic_2: RX error polling CQ[1] with status 1 for wr_id 2aaaac558680 vend_err 1, byte_len 0
[mpi008][[21141,1],1][../../../../../ompi/mca/btl/usnic/btl_usnic_component.c:1003:usnic_handle_completion] usnic_2: RX error polling CQ[1] with status 1 for wr_id 2aaaac544d00 vend_err 1, byte_len 0
[mpi008][[21141,1],1][../../../../../ompi/mca/btl/usnic/btl_usnic_component.c:1003:usnic_handle_completion] usnic_2: RX error polling CQ[1] with status 1 for wr_id 2aaaac4a1500 vend_err 1, byte_len 0
[mpi008][[21141,1],1][../../../../../ompi/mca/btl/usnic/btl_usnic_component.c:1003:usnic_handle_completion] usnic_2: RX error polling CQ[1] with status 1 for wr_id 2aaaac556280 vend_err 1, byte_len 0
[mpi008][[21141,1],1][../../../../../ompi/mca/btl/usnic/btl_usnic_component.c:1003:usnic_handle_completion] usnic_2: RX error polling CQ[1] with status 1 for wr_id 2aaaac55f880 vend_err 1, byte_len 0
[mpi008][[21141,1],1][../../../../../ompi/mca/btl/usnic/btl_usnic_component.c:1003:usnic_handle_completion] usnic_2: RX error polling CQ[1] with status 1 for wr_id 2aaaac53ea00 vend_err 1, byte_len 0
[mpi008][[21141,1],1][../../../../../ompi/mca/btl/usnic/btl_usnic_component.c:1003:usnic_handle_completion] usnic_2: RX error polling CQ[1] with status 1 for wr_id 2aaaac55af00 vend_err 1, byte_len 0
[mpi008][[21141,1],1][../../../../../ompi/mca/btl/usnic/btl_usnic_component.c:1003:usnic_handle_completion] usnic_2: RX error polling CQ[1] with status 1 for wr_id 2aaaac4a1680 vend_err 1, byte_len 0
    77        8.373386003108267E-16          52.51453039664676
[mpi008][[21141,1],1][../../../../../ompi/mca/btl/usnic/btl_usnic_component.c:1003:usnic_handle_completion] usnic_2: RX error polling CQ[1] with status 1 for wr_id 2aaaac4f5e00 vend_err 1, byte_len 0
[mpi008][[21141,1],1][../../../../../ompi/mca/btl/usnic/btl_usnic_component.c:1003:usnic_handle_completion] usnic_2: RX error polling CQ[1] with status 1 for wr_id 2aaaac4e8a80 vend_err 1, byte_len 0
[mpi008][[21141,1],1][../../../../../ompi/mca/btl/usnic/btl_usnic_component.c:1003:usnic_handle_completion] usnic_2: RX error polling CQ[1] with status 1 for wr_id 2aaaac4f3280 vend_err 1, byte_len 0
[mpi008][[21141,1],1][../../../../../ompi/mca/btl/usnic/btl_usnic_component.c:1003:usnic_handle_completion] usnic_2: RX error polling CQ[1] with status 1 for wr_id 2aaaac4e4d00 vend_err 1, byte_len 0
[mpi008][[21141,1],1][../../../../../ompi/mca/btl/usnic/btl_usnic_component.c:1003:usnic_handle_completion] usnic_2: RX error polling CQ[1] with status 1 for wr_id 2aaaac507c80 vend_err 1, byte_len 0
[mpi008][[21141,1],1][../../../../../ompi/mca/btl/usnic/btl_usnic_component.c:1003:usnic_handle_completion] usnic_2: RX error polling CQ[1] with status 1 for wr_id 2aaaac4e9b00 vend_err 1, byte_len 0
[mpi008][[21141,1],1][../../../../../ompi/mca/btl/usnic/btl_usnic_component.c:1003:usnic_handle_completion] usnic_2: RX error polling CQ[1] with status 1 for wr_id 2aaaac4ec200 vend_err 1, byte_len 0
    78        8.373703743338626E-16          52.51453068006305
    79        8.351101592080423E-16          52.51453091715479
    80        8.365605106949623E-16          52.51453111552104
[mpi008][[21141,1],1][../../../../../ompi/mca/btl/usnic/btl_usnic_component.c:1003:usnic_handle_completion] usnic_2: RX error polling CQ[1] with status 1 for wr_id 2aaaac4cd780 vend_err 1, byte_len 0
[mpi008][[21141,1],1][../../../../../ompi/mca/btl/usnic/btl_usnic_component.c:1003:usnic_handle_completion] usnic_2: RX error polling CQ[1] with status 1 for wr_id 2aaaac4b5f00 vend_err 1, byte_len 0
[mpi008][[21141,1],1][../../../../../ompi/mca/btl/usnic/btl_usnic_component.c:1003:usnic_handle_completion] usnic_2: RX error polling CQ[1] with status 1 for wr_id 2aaaac4d0a80 vend_err 1, byte_len 0
[mpi008][[21141,1],1][../../../../../ompi/mca/btl/usnic/btl_usnic_component.c:1003:usnic_handle_completion] usnic_2: RX error polling CQ[1] with status 1 for wr_id 2aaaac4c3400 vend_err 1, byte_len 0
[mpi008][[21141,1],1][../../../../../ompi/mca/btl/usnic/btl_usnic_component.c:1003:usnic_handle_completion] usnic_2: RX error polling CQ[1] with status 1 for wr_id 2aaaac4bec00 vend_err 1, byte_len 0
[mpi008][[21141,1],1][../../../../../ompi/mca/btl/usnic/btl_usnic_component.c:1003:usnic_handle_completion] usnic_2: RX error polling CQ[1] with status 1 for wr_id 2aaaac4dac80 vend_err 1, byte_len 0
[mpi008][[21141,1],1][../../../../../ompi/mca/btl/usnic/btl_usnic_component.c:1003:usnic_handle_completion] usnic_2: RX error polling CQ[1] with status 1 for wr_id 2aaaac4dc300 vend_err 1, byte_len 0
[mpi008][[21141,1],1][../../../../../ompi/mca/btl/usnic/btl_usnic_component.c:1003:usnic_handle_completion] usnic_2: RX error polling CQ[1] with status 1 for wr_id 2aaaac4c5200 vend_err 1, byte_len 0
[mpi008][[21141,1],1][../../../../../ompi/mca/btl/usnic/btl_usnic_component.c:1003:usnic_handle_completion] usnic_2: RX error polling CQ[1] with status 1 for wr_id 2aaaac4cf580 vend_err 1, byte_len 0
[mpi008][[21141,1],1][../../../../../ompi/mca/btl/usnic/btl_usnic_component.c:1003:usnic_handle_completion] usnic_2: RX error polling CQ[1] with status 1 for wr_id 2aaaac4c4600 vend_err 1, byte_len 0
[mpi008][[21141,1],1][../../../../../ompi/mca/btl/usnic/btl_usnic_component.c:1003:usnic_handle_completion] usnic_2: RX error polling CQ[1] with status 1 for wr_id 2aaaac4cd600 vend_err 1, byte_len 0
[mpi008][[21141,1],1][../../../../../ompi/mca/btl/usnic/btl_usnic_component.c:1003:usnic_handle_completion] usnic_2: RX error polling CQ[1] with status 1 for wr_id 2aaaac4d7500 vend_err 1, byte_len 0
[mpi008][[21141,1],1][../../../../../ompi/mca/btl/usnic/btl_usnic_component.c:1003:usnic_handle_completion] usnic_2: RX error polling CQ[1] with status 1 for wr_id 2aaaac4d9000 vend_err 1, byte_len 0
    81        8.36526468338278E-16          52.51453128156402
    82        8.36649773458223E-16          52.514531420582955
[mpi008][[21141,1],1][../../../../../ompi/mca/btl/usnic/btl_usnic_component.c:1003:usnic_handle_completion] usnic_2: RX error polling CQ[1] with status 1 for wr_id 2aaaac556580 vend_err 1, byte_len 0
[mpi008][[21141,1],1][../../../../../ompi/mca/btl/usnic/btl_usnic_component.c:1003:usnic_handle_completion] usnic_2: RX error polling CQ[1] with status 1 for wr_id 2aaaac55dd80 vend_err 1, byte_len 0
[mpi008][[21141,1],1][../../../../../ompi/mca/btl/usnic/btl_usnic_component.c:1003:usnic_handle_completion] usnic_2: RX error polling CQ[1] with status 1 for wr_id 2aaaac559880 vend_err 1, byte_len 0
[mpi008][[21141,1],1][../../../../../ompi/mca/btl/usnic/btl_usnic_component.c:1003:usnic_handle_completion] usnic_2: RX error polling CQ[1] with status 1 for wr_id 2aaaac553700 vend_err 1, byte_len 0
[mpi008][[21141,1],1][../../../../../ompi/mca/btl/usnic/btl_usnic_component.c:1003:usnic_handle_completion] usnic_2: RX error polling CQ[1] with status 1 for wr_id 2aaaac548000 vend_err 1, byte_len 0
[mpi008][[21141,1],1][../../../../../ompi/mca/btl/usnic/btl_usnic_component.c:1003:usnic_handle_completion] usnic_2: RX error polling CQ[1] with status 1 for wr_id 2aaaac55d300 vend_err 1, byte_len 0
[mpi008][[21141,1],1][../../../../../ompi/mca/btl/usnic/btl_usnic_component.c:1003:usnic_handle_completion] usnic_2: RX error polling CQ[1] with status 1 for wr_id 2aaaac55ee00 vend_err 1, byte_len 0
[mpi008][[21141,1],1][../../../../../ompi/mca/btl/usnic/btl_usnic_component.c:1003:usnic_handle_completion] usnic_2: RX error polling CQ[1] with status 1 for wr_id 2aaaac540680 vend_err 1, byte_len 0
[mpi008][[21141,1],1][../../../../../ompi/mca/btl/usnic/btl_usnic_component.c:1003:usnic_handle_completion] usnic_2: RX error polling CQ[1] with status 1 for wr_id 2aaaac55c700 vend_err 1, byte_len 0
[mpi008][[21141,1],1][../../../../../ompi/mca/btl/usnic/btl_usnic_component.c:1003:usnic_handle_completion] usnic_2: RX error polling CQ[1] with status 1 for wr_id 2aaaac544700 vend_err 1, byte_len 0
[mpi008][[21141,1],1][../../../../../ompi/mca/btl/usnic/btl_usnic_component.c:1003:usnic_handle_completion] usnic_2: RX error polling CQ[1] with status 1 for wr_id 2aaaac54d700 vend_err 1, byte_len 0
[mpi008][[21141,1],1][../../../../../ompi/mca/btl/usnic/btl_usnic_component.c:1003:usnic_handle_completion] usnic_2: RX error polling CQ[1] with status 1 for wr_id 2aaaac54aa00 vend_err 1, byte_len 0
[mpi008][[21141,1],1][../../../../../ompi/mca/btl/usnic/btl_usnic_component.c:1003:usnic_handle_completion] usnic_2: RX error polling CQ[1] with status 1 for wr_id 2aaaac55ec80 vend_err 1, byte_len 0
[mpi008][[21141,1],1][../../../../../ompi/mca/btl/usnic/btl_usnic_component.c:1003:usnic_handle_completion] usnic_2: RX error polling CQ[1] with status 1 for wr_id 2aaaac557480 vend_err 1, byte_len 0
[mpi008][[21141,1],1][../../../../../ompi/mca/btl/usnic/btl_usnic_component.c:1003:usnic_handle_completion] usnic_2: RX error polling CQ[1] with status 1 for wr_id 2aaaac4a0900 vend_err 1, byte_len 0
[mpi008][[21141,1],1][../../../../../ompi/mca/btl/usnic/btl_usnic_component.c:1003:usnic_handle_completion] usnic_2: RX error polling CQ[1] with status 1 for wr_id 2aaaac54db80 vend_err 1, byte_len 0
[mpi008][[21141,1],1][../../../../../ompi/mca/btl/usnic/btl_usnic_component.c:1003:usnic_handle_completion] usnic_2: RX error polling CQ[1] with status 1 for wr_id 2aaaac542c00 vend_err 1, byte_len 0
[mpi008][[21141,1],1][../../../../../ompi/mca/btl/usnic/btl_usnic_component.c:1003:usnic_handle_completion] usnic_2: RX error polling CQ[1] with status 1 for wr_id 2aaaac555b00 vend_err 1, byte_len 0
[mpi008][[21141,1],1][../../../../../ompi/mca/btl/usnic/btl_usnic_component.c:1003:usnic_handle_completion] usnic_2: RX error polling CQ[1] with status 1 for wr_id 2aaaac540f80 vend_err 1, byte_len 0
[mpi008][[21141,1],1][../../../../../ompi/mca/btl/usnic/btl_usnic_component.c:1003:usnic_handle_completion] usnic_2: RX error polling CQ[1] with status 1 for wr_id 2aaaac548c00 vend_err 1, byte_len 0
[mpi008][[21141,1],1][../../../../../ompi/mca/btl/usnic/btl_usnic_component.c:1003:usnic_handle_completion] usnic_2: RX error polling CQ[1] with status 1 for wr_id 2aaaac545300 vend_err 1, byte_len 0
[mpi008][[21141,1],1][../../../../../ompi/mca/btl/usnic/btl_usnic_component.c:1003:usnic_handle_completion] usnic_2: RX error polling CQ[1] with status 1 for wr_id 2aaaac4a2400 vend_err 1, byte_len 0
[mpi008][[21141,1],1][../../../../../ompi/mca/btl/usnic/btl_usnic_component.c:1003:usnic_handle_completion] usnic_2: RX error polling CQ[1] with status 1 for wr_id 2aaaac4ad500 vend_err 1, byte_len 0
[mpi008][[21141,1],1][../../../../../ompi/mca/btl/usnic/btl_usnic_component.c:1003:usnic_handle_completion] usnic_2: RX error polling CQ[1] with status 1 for wr_id 2aaaac53f300 vend_err 1, byte_len 0
[mpi008][[21141,1],1][../../../../../ompi/mca/btl/usnic/btl_usnic_component.c:1003:usnic_handle_completion] usnic_2: RX error polling CQ[1] with status 1 for wr_id 2aaaac542d80 vend_err 1, byte_len 0
[mpi008][[21141,1],1][../../../../../ompi/mca/btl/usnic/btl_usnic_component.c:1003:usnic_handle_completion] usnic_2: RX error polling CQ[1] with status 1 for wr_id 2aaaac542000 vend_err 1, byte_len 0
[mpi008][[21141,1],1][../../../../../ompi/mca/btl/usnic/btl_usnic_component.c:1003:usnic_handle_completion] usnic_2: RX error polling CQ[1] with status 1 for wr_id 2aaaac54b300 vend_err 1, byte_len 0
[mpi008][[21141,1],1][../../../../../ompi/mca/btl/usnic/btl_usnic_component.c:1003:usnic_handle_completion] usnic_2: RX error polling CQ[1] with status 1 for wr_id 2aaaac550a00 vend_err 1, byte_len 0
[mpi008][[21141,1],1][../../../../../ompi/mca/btl/usnic/btl_usnic_component.c:1003:usnic_handle_completion] usnic_2: RX error polling CQ[1] with status 1 for wr_id 2aaaac53fa80 vend_err 1, byte_len 0
[mpi008][[21141,1],1][../../../../../ompi/mca/btl/usnic/btl_usnic_component.c:1003:usnic_handle_completion] usnic_2: RX error polling CQ[1] with status 1 for wr_id 2aaaac549080 vend_err 1, byte_len 0
[mpi008][[21141,1],1][../../../../../ompi/mca/btl/usnic/btl_usnic_component.c:1003:usnic_handle_completion] usnic_2: RX error polling CQ[1] with status 1 for wr_id 2aaaac549680 vend_err 1, byte_len 0
[mpi008][[21141,1],1][../../../../../ompi/mca/btl/usnic/btl_usnic_component.c:1003:usnic_handle_completion] usnic_2: RX error polling CQ[1] with status 1 for wr_id 2aaaac513980 vend_err 1, byte_len 0
[mpi008][[21141,1],1][../../../../../ompi/mca/btl/usnic/btl_usnic_component.c:1003:usnic_handle_completion] usnic_2: RX error polling CQ[1] with status 1 for wr_id 2aaaac510b00 vend_err 1, byte_len 0
[mpi008][[21141,1],1][../../../../../ompi/mca/btl/usnic/btl_usnic_component.c:1003:usnic_handle_completion] usnic_2: RX error polling CQ[1] with status 1 for wr_id 2aaaac508880 vend_err 1, byte_len 0
[mpi008][[21141,1],1][../../../../../ompi/mca/btl/usnic/btl_usnic_component.c:1003:usnic_handle_completion] usnic_2: RX error polling CQ[1] with status 1 for wr_id 2aaaac513380 vend_err 1, byte_len 0
[mpi008][[21141,1],1][../../../../../ompi/mca/btl/usnic/btl_usnic_component.c:1003:usnic_handle_completion] usnic_2: RX error polling CQ[1] with status 1 for wr_id 2aaaac50e280 vend_err 1, byte_len 0
[mpi008][[21141,1],1][../../../../../ompi/mca/btl/usnic/btl_usnic_component.c:1003:usnic_handle_completion] usnic_2: RX error polling CQ[1] with status 1 for wr_id 2aaaac50e700 vend_err 1, byte_len 0
[mpi008][[21141,1],1][../../../../../ompi/mca/btl/usnic/btl_usnic_component.c:1003:usnic_handle_completion] usnic_2: RX error polling CQ[1] with status 1 for wr_id 2aaaac50f780 vend_err 1, byte_len 0
[mpi008][[21141,1],1][../../../../../ompi/mca/btl/usnic/btl_usnic_component.c:1003:usnic_handle_completion] usnic_2: RX error polling CQ[1] with status 1 for wr_id 2aaaac503f00 vend_err 1, byte_len 0
[mpi008][[21141,1],1][../../../../../ompi/mca/btl/usnic/btl_usnic_component.c:1003:usnic_handle_completion] usnic_2: RX error polling CQ[1] with status 1 for wr_id 2aaaac507380 vend_err 1, byte_len 0
[mpi008][[21141,1],1][../../../../../ompi/mca/btl/usnic/btl_usnic_component.c:1003:usnic_handle_completion] usnic_2: RX error polling CQ[1] with status 1 for wr_id 2aaaac51ba80 vend_err 1, byte_len 0
[mpi008][[21141,1],1][../../../../../ompi/mca/btl/usnic/btl_usnic_component.c:1003:usnic_handle_completion] usnic_2: RX error polling CQ[1] with status 1 for wr_id 2aaaac4fb680 vend_err 1, byte_len 0
[mpi008][[21141,1],1][../../../../../ompi/mca/btl/usnic/btl_usnic_component.c:1003:usnic_handle_completion] usnic_2: RX error polling CQ[1] with status 1 for wr_id 2aaaac508580 vend_err 1, byte_len 0
[mpi008][[21141,1],1][../../../../../ompi/mca/btl/usnic/btl_usnic_component.c:1003:usnic_handle_completion] usnic_2: RX error polling CQ[1] with status 1 for wr_id 2aaaac513080 vend_err 1, byte_len 0
[mpi008][[21141,1],1][../../../../../ompi/mca/btl/usnic/btl_usnic_component.c:1003:usnic_handle_completion] usnic_2: RX error polling CQ[1] with status 1 for wr_id 2aaaac507500 vend_err 1, byte_len 0
[mpi008][[21141,1],1][../../../../../ompi/mca/btl/usnic/btl_usnic_component.c:1003:usnic_handle_completion] usnic_2: RX error polling CQ[1] with status 1 for wr_id 2aaaac509000 vend_err 1, byte_len 0
[mpi008][[21141,1],1][../../../../../ompi/mca/btl/usnic/btl_usnic_component.c:1003:usnic_handle_completion] usnic_2: RX error polling CQ[1] with status 1 for wr_id 2aaaac515180 vend_err 1, byte_len 0
[mpi008][[21141,1],1][../../../../../ompi/mca/btl/usnic/btl_usnic_component.c:1003:usnic_handle_completion] usnic_2: RX error polling CQ[1] with status 1 for wr_id 2aaaac51fc80 vend_err 1, byte_len 0
[mpi008][[21141,1],1][../../../../../ompi/mca/btl/usnic/btl_usnic_component.c:1003:usnic_handle_completion] usnic_2: RX error polling CQ[1] with status 1 for wr_id 2aaaac526580 vend_err 1, byte_len 0
[mpi008][[21141,1],1][../../../../../ompi/mca/btl/usnic/btl_usnic_component.c:1003:usnic_handle_completion] usnic_2: RX error polling CQ[1] with status 1 for wr_id 2aaaac510c80 vend_err 1, byte_len 0
[mpi008][[21141,1],1][../../../../../ompi/mca/btl/usnic/btl_usnic_component.c:1003:usnic_handle_completion] usnic_2: RX error polling CQ[1] with status 1 for wr_id 2aaaac50cf00 vend_err 1, byte_len 0
[mpi008][[21141,1],1][../../../../../ompi/mca/btl/usnic/btl_usnic_component.c:1003:usnic_handle_completion] usnic_2: RX error polling CQ[1] with status 1 for wr_id 2aaaac503780 vend_err 1, byte_len 0
[mpi008][[21141,1],1][../../../../../ompi/mca/btl/usnic/btl_usnic_component.c:1003:usnic_handle_completion] usnic_2: RX error polling CQ[1] with status 1 for wr_id 2aaaac514700 vend_err 1, byte_len 0
[mpi008][[21141,1],1][../../../../../ompi/mca/btl/usnic/btl_usnic_component.c:1003:usnic_handle_completion] usnic_2: RX error polling CQ[1] with status 1 for wr_id 2aaaac525980 vend_err 1, byte_len 0
[mpi008][[21141,1],1][../../../../../ompi/mca/btl/usnic/btl_usnic_component.c:1003:usnic_handle_completion] usnic_2: RX error polling CQ[1] with status 1 for wr_id 2aaaac4fee00 vend_err 1, byte_len 0
[mpi008][[21141,1],1][../../../../../ompi/mca/btl/usnic/btl_usnic_component.c:1003:usnic_handle_completion] usnic_2: RX error polling CQ[1] with status 1 for wr_id 2aaaac504c80 vend_err 1, byte_len 0
[mpi008][[21141,1],1][../../../../../ompi/mca/btl/usnic/btl_usnic_component.c:1003:usnic_handle_completion] usnic_2: RX error polling CQ[1] with status 1 for wr_id 2aaaac517d00 vend_err 1, byte_len 0
[mpi008][[21141,1],1][../../../../../ompi/mca/btl/usnic/btl_usnic_component.c:1003:usnic_handle_completion] usnic_2: RX error polling CQ[1] with status 1 for wr_id 2aaaac510e00 vend_err 1, byte_len 0
[mpi008][[21141,1],1][../../../../../ompi/mca/btl/usnic/btl_usnic_component.c:1003:usnic_handle_completion] usnic_2: RX error polling CQ[1] with status 1 for wr_id 2aaaac501080 vend_err 1, byte_len 0
[mpi008][[21141,1],1][../../../../../ompi/mca/btl/usnic/btl_usnic_component.c:1003:usnic_handle_completion] usnic_2: RX error polling CQ[1] with status 1 for wr_id 2aaaac511b80 vend_err 1, byte_len 0
[mpi008][[21141,1],1][../../../../../ompi/mca/btl/usnic/btl_usnic_component.c:1003:usnic_handle_completion] usnic_2: RX error polling CQ[1] with status 1 for wr_id 2aaaac4ff580 vend_err 1, byte_len 0
[mpi008][[21141,1],1][../../../../../ompi/mca/btl/usnic/btl_usnic_component.c:1003:usnic_handle_completion] usnic_2: RX error polling CQ[1] with status 1 for wr_id 2aaaac519380 vend_err 1, byte_len 0
[mpi008][[21141,1],1][../../../../../ompi/mca/btl/usnic/btl_usnic_component.c:1003:usnic_handle_completion] usnic_2: RX error polling CQ[1] with status 1 for wr_id 2aaaac512a80 vend_err 1, byte_len 0
[mpi008][[21141,1],1][../../../../../ompi/mca/btl/usnic/btl_usnic_component.c:1003:usnic_handle_completion] usnic_2: RX error polling CQ[1] with status 1 for wr_id 2aaaac4ffa00 vend_err 1, byte_len 0
[mpi008][[21141,1],1][../../../../../ompi/mca/btl/usnic/btl_usnic_component.c:1003:usnic_handle_completion] usnic_2: RX error polling CQ[1] with status 1 for wr_id 2aaaac505a00 vend_err 1, byte_len 0
[mpi008][[21141,1],1][../../../../../ompi/mca/btl/usnic/btl_usnic_component.c:1003:usnic_handle_completion] usnic_2: RX error polling CQ[1] with status 1 for wr_id 2aaaac503a80 vend_err 1, byte_len 0
[mpi008][[21141,1],1][../../../../../ompi/mca/btl/usnic/btl_usnic_component.c:1003:usnic_handle_completion] usnic_2: RX error polling CQ[1] with status 1 for wr_id 2aaaac510680 vend_err 1, byte_len 0
[mpi008][[21141,1],1][../../../../../ompi/mca/btl/usnic/btl_usnic_component.c:1003:usnic_handle_completion] usnic_2: RX error polling CQ[1] with status 1 for wr_id 2aaaac4fbe00 vend_err 1, byte_len 0
    83        8.377041487804851E-16          52.51453153701425
    84        8.374037705249204E-16          52.5145316345662
    85        8.363261964851928E-16          52.51453171630692
    86        8.371444944735808E-16          52.51453178485008
[mpi008][[21141,1],1][../../../../../ompi/mca/btl/usnic/btl_usnic_component.c:1003:usnic_handle_completion] usnic_2: RX error polling CQ[1] with status 1 for wr_id 2aaaac4cf880 vend_err 1, byte_len 0
    87        8.366962711363429E-16          52.51453184228859
[mpi008][[21141,1],1][../../../../../ompi/mca/btl/usnic/btl_usnic_component.c:1003:usnic_handle_completion] usnic_2: RX error polling CQ[1] with status 1 for wr_id 2aaaac514280 vend_err 1, byte_len 0
    88        8.365065426793784E-16          52.51453189047868
    89        8.370128075049071E-16          52.51453193090259
    90        8.367487326322699E-16          52.514531964841524
[mpi008][[21141,1],1][../../../../../ompi/mca/btl/usnic/btl_usnic_component.c:1003:usnic_handle_completion] usnic_2: RX error polling CQ[1] with status 1 for wr_id 2aaaac553e80 vend_err 1, byte_len 0
[mpi008][[21141,1],1][../../../../../ompi/mca/btl/usnic/btl_usnic_component.c:1003:usnic_handle_completion] usnic_2: RX error polling CQ[1] with status 1 for wr_id 2aaaac537980 vend_err 1, byte_len 0
[mpi008][[21141,1],1][../../../../../ompi/mca/btl/usnic/btl_usnic_component.c:1003:usnic_handle_completion] usnic_2: RX error polling CQ[1] with status 1 for wr_id 2aaaac529400 vend_err 1, byte_len 0
[mpi008][[21141,1],1][../../../../../ompi/mca/btl/usnic/btl_usnic_component.c:1003:usnic_handle_completion] usnic_2: RX error polling CQ[1] with status 1 for wr_id 2aaaac535580 vend_err 1, byte_len 0
[mpi008][[21141,1],1][../../../../../ompi/mca/btl/usnic/btl_usnic_component.c:1003:usnic_handle_completion] usnic_2: RX error polling CQ[1] with status 1 for wr_id 2aaaac52dd80 vend_err 1, byte_len 0
    91        8.347494959641177E-16          52.51453199331081
    92        8.367063112310148E-16          52.51453201721944
    93        8.367013118059904E-16          52.51453203732177
    94        8.357535447824596E-16          52.51453205418056
    95        8.367068572511407E-16          52.514532068360325
[mpi008][[21141,1],1][../../../../../ompi/mca/btl/usnic/btl_usnic_component.c:1003:usnic_handle_completion] usnic_2: RX error polling CQ[1] with status 1 for wr_id 2aaaac520a00 vend_err 1, byte_len 0
[mpi008][[21141,1],1][../../../../../ompi/mca/btl/usnic/btl_usnic_component.c:1003:usnic_handle_completion] usnic_2: RX error polling CQ[1] with status 1 for wr_id 2aaaac538a00 vend_err 1, byte_len 0
[mpi008][[21141,1],1][../../../../../ompi/mca/btl/usnic/btl_usnic_component.c:1003:usnic_handle_completion] usnic_2: RX error polling CQ[1] with status 1 for wr_id 2aaaac532400 vend_err 1, byte_len 0
[mpi008][[21141,1],1][../../../../../ompi/mca/btl/usnic/btl_usnic_component.c:1003:usnic_handle_completion] usnic_2: RX error polling CQ[1] with status 1 for wr_id 2aaaac527600 vend_err 1, byte_len 0
[mpi008][[21141,1],1][../../../../../ompi/mca/btl/usnic/btl_usnic_component.c:1003:usnic_handle_completion] usnic_2: RX error polling CQ[1] with status 1 for wr_id 2aaaac533300 vend_err 1, byte_len 0
[mpi008][[21141,1],1][../../../../../ompi/mca/btl/usnic/btl_usnic_component.c:1003:usnic_handle_completion] usnic_2: RX error polling CQ[1] with status 1 for wr_id 2aaaac51d280 vend_err 1, byte_len 0
[mpi008][[21141,1],1][../../../../../ompi/mca/btl/usnic/btl_usnic_component.c:1003:usnic_handle_completion] usnic_2: RX error polling CQ[1] with status 1 for wr_id 2aaaac502580 vend_err 1, byte_len 0
[mpi008][[21141,1],1][../../../../../ompi/mca/btl/usnic/btl_usnic_component.c:1003:usnic_handle_completion] usnic_2: RX error polling CQ[1] with status 1 for wr_id 2aaaac531c80 vend_err 1, byte_len 0
[mpi008][[21141,1],1][../../../../../ompi/mca/btl/usnic/btl_usnic_component.c:1003:usnic_handle_completion] usnic_2: RX error polling CQ[1] with status 1 for wr_id 2aaaac532e80 vend_err 1, byte_len 0
[mpi008][[21141,1],1][../../../../../ompi/mca/btl/usnic/btl_usnic_component.c:1003:usnic_handle_completion] usnic_2: RX error polling CQ[1] with status 1 for wr_id 2aaaac51cc80 vend_err 1, byte_len 0
[mpi008][[21141,1],1][../../../../../ompi/mca/btl/usnic/btl_usnic_component.c:1003:usnic_handle_completion] usnic_2: RX error polling CQ[1] with status 1 for wr_id 2aaaac529580 vend_err 1, byte_len 0
[mpi008][[21141,1],1][../../../../../ompi/mca/btl/usnic/btl_usnic_component.c:1003:usnic_handle_completion] usnic_2: RX error polling CQ[1] with status 1 for wr_id 2aaaac521900 vend_err 1, byte_len 0
[mpi008][[21141,1],1][../../../../../ompi/mca/btl/usnic/btl_usnic_component.c:1003:usnic_handle_completion] usnic_2: RX error polling CQ[1] with status 1 for wr_id 2aaaac522980 vend_err 1, byte_len 0
[mpi008][[21141,1],1][../../../../../ompi/mca/btl/usnic/btl_usnic_component.c:1003:usnic_handle_completion] usnic_2: RX error polling CQ[1] with status 1 for wr_id 2aaaac533900 vend_err 1, byte_len 0
[mpi008][[21141,1],1][../../../../../ompi/mca/btl/usnic/btl_usnic_component.c:1003:usnic_handle_completion] usnic_2: RX error polling CQ[1] with status 1 for wr_id 2aaaac517700 vend_err 1, byte_len 0
[mpi008][[21141,1],1][../../../../../ompi/mca/btl/usnic/btl_usnic_component.c:1003:usnic_handle_completion] usnic_2: RX error polling CQ[1] with status 1 for wr_id 2aaaac51d400 vend_err 1, byte_len 0
[mpi008][[21141,1],1][../../../../../ompi/mca/btl/usnic/btl_usnic_component.c:1003:usnic_handle_completion] usnic_2: RX error polling CQ[1] with status 1 for wr_id 2aaaac531380 vend_err 1, byte_len 0
[mpi008][[21141,1],1][../../../../../ompi/mca/btl/usnic/btl_usnic_component.c:1003:usnic_handle_completion] usnic_2: RX error polling CQ[1] with status 1 for wr_id 2aaaac521f00 vend_err 1, byte_len 0
[mpi008][[21141,1],1][../../../../../ompi/mca/btl/usnic/btl_usnic_component.c:1003:usnic_handle_completion] usnic_2: RX error polling CQ[1] with status 1 for wr_id 2aaaac533180 vend_err 1, byte_len 0
[mpi008][[21141,1],1][../../../../../ompi/mca/btl/usnic/btl_usnic_component.c:1003:usnic_handle_completion] usnic_2: RX error polling CQ[1] with status 1 for wr_id 2aaaac52e980 vend_err 1, byte_len 0
    96        8.367489430008767E-16          52.514532080278855
    97        8.35800075069311E-16          52.51453209028949
    98        8.367373586552917E-16          52.51453209871465
    99        8.3735086073106445E-16          52.51453210579717

 Benchmark completed 
CG.D: Verification Successful
Zeta is: 52.51453210579717
Error is: 5.3851000378862045E-14
**** NAS Parallel Benchmarks Java-MPJ version (NPB-MPJ) CG ***** 
* Class             = D                                        * 
* Size              = 1500000                                  * 
* Iterations        = 100                                      * 
* Time in seconds   = 1153.620                                 * 
* ACCTime           = 0.000                                    * 
* Mops total        = 3157.799                                 * 
* Operation type    = Floating point                           * 
* Verification      = Successful                               * 
* Process requested = 8                                        * 
*                                                              *
* Please send all errors/feedbacks to:                         * 
* Damian Alvarez Mallon                                        * 
* dalvarezm@udc.es                                             * 
**************************************************************** 
===============================================================================
End: Sat May 31 20:19:21 PDT 2014
