srun: cluster configuration lacks support for cpu binding
Running Java benchmark EP, class C, on 8 servers (np=8), tcp,self

SLURM job ID: 775772

Servers:
mpi007
mpi030
mpi014
mpi031
mpi032
mpi008
mpi015
mpi010

mpirun --mca btl tcp,self --bind-to core --map-by node -np 8 java NPB_MPJ.EP class=C

Start: Sat May 31 20:19:40 PDT 2014
===============================================================================
srun: cluster configuration lacks support for cpu binding
 Unofficial NAS Parallel Benchmarks Java version
 MPJ Version EP CLASS=C np=8
EP Benchmark Results
CPU Time = 54.063
N = 2^32
No. Gaussian Pairs = 3.373275903E9
Sums = 47643.67927995973 -80840.72988049156
Counts:
0 1.572172634E9
1 1.501108549E9
2 2.81805648E8
3 1.7761221E7
4 424017.0
5 3821.0
6 13.0
7 0.0
8 0.0
9 0.0
EP.C: Verification Successful
**** NAS Parallel Benchmarks Java-MPJ version (NPB-MPJ) EP ***** 
* Class             = C                                        * 
* Size              = 2147483647                               * 
* Iterations        = 1                                        * 
* Time in seconds   = 54.063                                   * 
* ACCTime           = 0.000                                    * 
* Mops total        = 158.887                                  * 
* Operation type    = Random numbers generated                 * 
* Verification      = Successful                               * 
* Process requested = 8                                        * 
*                                                              *
* Please send all errors/feedbacks to:                         * 
* Damian Alvarez Mallon                                        * 
* dalvarezm@udc.es                                             * 
**************************************************************** 
===============================================================================
End: Sat May 31 20:20:35 PDT 2014
