srun: cluster configuration lacks support for cpu binding
Running Java benchmark EP, class D, on 8 servers (np=8), tcp,self

SLURM job ID: 775774

Servers:
mpi007
mpi014
mpi031
mpi030
mpi032
mpi015
mpi008
mpi010

mpirun --mca btl tcp,self --bind-to core --map-by node -np 8 java NPB_MPJ.EP class=D

Start: Sat May 31 20:21:40 PDT 2014
===============================================================================
srun: cluster configuration lacks support for cpu binding
 Unofficial NAS Parallel Benchmarks Java version
 MPJ Version EP CLASS=D np=8
EP Benchmark Results
CPU Time = 861.581
N = 2^36
No. Gaussian Pairs = 5.3972171957E10
Sums = 198248.12009580032 -102059.66363624667
Counts:
0 2.5154622775E10
1 2.4017899906E10
2 4.508609839E9
3 2.84201296E8
4 6776403.0
5 61541.0
6 197.0
7 0.0
8 0.0
9 0.0
EP.D: Verification Successful
**** NAS Parallel Benchmarks Java-MPJ version (NPB-MPJ) EP ***** 
* Class             = D                                        * 
* Size              = 2147483647                               * 
* Iterations        = 1                                        * 
* Time in seconds   = 861.581                                  * 
* ACCTime           = 0.000                                    * 
* Mops total        = 159.519                                  * 
* Operation type    = Random numbers generated                 * 
* Verification      = Successful                               * 
* Process requested = 8                                        * 
*                                                              *
* Please send all errors/feedbacks to:                         * 
* Damian Alvarez Mallon                                        * 
* dalvarezm@udc.es                                             * 
**************************************************************** 
===============================================================================
End: Sat May 31 20:36:03 PDT 2014
