Running Java benchmark EP, class C, on 1 servers (np=16), sm,self

SLURM job ID: 775693

Servers:
mpi030
mpi030
mpi030
mpi030
mpi030
mpi030
mpi030
mpi030
mpi030
mpi030
mpi030
mpi030
mpi030
mpi030
mpi030
mpi030

mpirun --mca btl sm,self --bind-to core --map-by node -np 16 java NPB_MPJ.EP class=C

Start: Sat May 31 08:24:45 PDT 2014
===============================================================================
 Unofficial NAS Parallel Benchmarks Java version
 MPJ Version EP CLASS=C np=16
EP Benchmark Results
CPU Time = 27.099
N = 2^32
No. Gaussian Pairs = 3.373275903E9
Sums = 47643.67927997308 -80840.7298804578
Counts:
0 1.572172634E9
1 1.501108549E9
2 2.81805648E8
3 1.7761221E7
4 424017.0
5 3821.0
6 13.0
7 0.0
8 0.0
9 0.0
EP.C: Verification Successful
**** NAS Parallel Benchmarks Java-MPJ version (NPB-MPJ) EP ***** 
* Class             = C                                        * 
* Size              = 2147483647                               * 
* Iterations        = 1                                        * 
* Time in seconds   = 27.099                                   * 
* ACCTime           = 0.000                                    * 
* Mops total        = 316.983                                  * 
* Operation type    = Random numbers generated                 * 
* Verification      = Successful                               * 
* Process requested = 16                                       * 
*                                                              *
* Please send all errors/feedbacks to:                         * 
* Damian Alvarez Mallon                                        * 
* dalvarezm@udc.es                                             * 
**************************************************************** 
===============================================================================
End: Sat May 31 08:25:13 PDT 2014
