srun: cluster configuration lacks support for cpu binding
Running Java benchmark EP, class C, on 2 servers (np=2), usnic,self

SLURM job ID: 775713

Servers:
mpi007
mpi008

mpirun --mca btl usnic,self --bind-to core --map-by node -np 2 java NPB_MPJ.EP class=C

Start: Sat May 31 09:07:45 PDT 2014
===============================================================================
srun: cluster configuration lacks support for cpu binding
 Unofficial NAS Parallel Benchmarks Java version
 MPJ Version EP CLASS=C np=2
EP Benchmark Results
CPU Time = 215.366
N = 2^32
No. Gaussian Pairs = 3.373275903E9
Sums = 47643.67927997833 -80840.729880257
Counts:
0 1.572172634E9
1 1.501108549E9
2 2.81805648E8
3 1.7761221E7
4 424017.0
5 3821.0
6 13.0
7 0.0
8 0.0
9 0.0
EP.C: Verification Successful
**** NAS Parallel Benchmarks Java-MPJ version (NPB-MPJ) EP ***** 
* Class             = C                                        * 
* Size              = 2147483647                               * 
* Iterations        = 1                                        * 
* Time in seconds   = 215.366                                  * 
* ACCTime           = 0.000                                    * 
* Mops total        = 39.885                                   * 
* Operation type    = Random numbers generated                 * 
* Verification      = Successful                               * 
* Process requested = 2                                        * 
*                                                              *
* Please send all errors/feedbacks to:                         * 
* Damian Alvarez Mallon                                        * 
* dalvarezm@udc.es                                             * 
**************************************************************** 
===============================================================================
End: Sat May 31 09:11:23 PDT 2014
