srun: cluster configuration lacks support for cpu binding
Running C benchmark /home/jsquyres/svn/ompi-tests/NPB3.3.1/NPB3.3-MPI/bin/cg.C.4, class tcp,self, on 4 servers (np=4), tcp,self

SLURM job ID: 785649

Servers:
mpi010
mpi015
mpi025
mpi026

mpirun --mca btl_usnic_if_include 10.10.0.0/16,10.2.0.0/16 --mca btl_tcp_if_include 10.10.0.0/16,10.2.0.0/16 --mca btl tcp,self --bind-to core --map-by node -np 4 /home/jsquyres/svn/ompi-tests/NPB3.3.1/NPB3.3-MPI/bin/cg.C.4

Start: Tue Jun 10 12:19:14 PDT 2014
===============================================================================
srun: cluster configuration lacks support for cpu binding


 NAS Parallel Benchmarks 3.3 -- CG Benchmark

 Size:     150000
 Iterations:    75
 Number of active processes:     4
 Number of nonzeroes per row:       15
 Eigenvalue shift: .110E+03

   iteration           ||r||                 zeta
        1       0.16252413756394E-12   109.9994423237398
        2       0.47058910728820E-15    27.3920437146531
        3       0.47051776125985E-15    28.0339761840276
        4       0.47002773943238E-15    28.4191507551296
        5       0.46735824640383E-15    28.6471670038882
        6       0.46832438827934E-15    28.7812969418424
        7       0.46742171289056E-15    28.8600458537355
        8       0.46720730439719E-15    28.9063145572688
        9       0.46822576939692E-15    28.9335649214633
       10       0.46797872466207E-15    28.9496695449005
       11       0.46684469590516E-15    28.9592263353758
       12       0.46735431640439E-15    28.9649233484888
       13       0.46468570250900E-15    28.9683359248936
       14       0.46904926287509E-15    28.9703903960005
       15       0.46858605565570E-15    28.9716336228368
       16       0.46670855457222E-15    28.9723898600848
       17       0.46760559302481E-15    28.9728522692217
       18       0.46749466213968E-15    28.9731364797786
       19       0.46610175626966E-15    28.9733120569290
       20       0.46421952288309E-15    28.9734210663758
       21       0.46648760604072E-15    28.9734890760541
       22       0.46288535300416E-15    28.9735317064871
       23       0.46293543228156E-15    28.9735585497255
       24       0.46433601139394E-15    28.9735755256645
       25       0.46444027858840E-15    28.9735863059383
       26       0.46378157179380E-15    28.9735931787384
       27       0.46673775472545E-15    28.9735975767373
       28       0.46328379867002E-15    28.9736004009986
       29       0.46363766417934E-15    28.9736022206758
       30       0.46355919012507E-15    28.9736033967627
       31       0.46501006810288E-15    28.9736041591164
       32       0.46316930191302E-15    28.9736046546412
       33       0.46203001841826E-15    28.9736049775610
       34       0.45851573315329E-15    28.9736051885092
       35       0.46063078772061E-15    28.9736053266252
       36       0.46052192337361E-15    28.9736054172461
       37       0.46018650455073E-15    28.9736054768224
       38       0.46061500779329E-15    28.9736055160635
       39       0.45998519239642E-15    28.9736055419569
       40       0.46057651309339E-15    28.9736055590703
       41       0.45775589823305E-15    28.9736055703979
       42       0.45895021615396E-15    28.9736055779078
       43       0.45954569036329E-15    28.9736055828930
       44       0.45994709303412E-15    28.9736055862076
       45       0.45799902657542E-15    28.9736055884132
       46       0.45694972266863E-15    28.9736055898831
       47       0.45871954804929E-15    28.9736055908644
       48       0.45698799154023E-15    28.9736055915181
       49       0.45605503998083E-15    28.9736055919562
       50       0.45463826651808E-15    28.9736055922487
       51       0.45385902206499E-15    28.9736055924456
       52       0.45648551425506E-15    28.9736055925765
       53       0.45636899074134E-15    28.9736055926646
       54       0.45723628916137E-15    28.9736055927225
       55       0.45667216899676E-15    28.9736055927623
       56       0.45521545355712E-15    28.9736055927895
       57       0.45562250620112E-15    28.9736055928084
       58       0.45602031614323E-15    28.9736055928196
       59       0.45519641286917E-15    28.9736055928281
       60       0.45353717505242E-15    28.9736055928346
       61       0.45301919063034E-15    28.9736055928382
       62       0.45254338359231E-15    28.9736055928404
       63       0.45131982041037E-15    28.9736055928419
       64       0.45258949062187E-15    28.9736055928438
       65       0.45009646982287E-15    28.9736055928435
       66       0.45189507449098E-15    28.9736055928445
       67       0.45320437449455E-15    28.9736055928447
       68       0.45173440786151E-15    28.9736055928450
       69       0.45165236667947E-15    28.9736055928440
       70       0.45171927755638E-15    28.9736055928450
       71       0.45016666631148E-15    28.9736055928453
       72       0.45097251542014E-15    28.9736055928470
       73       0.45167677321111E-15    28.9736055928450
       74       0.45018889967669E-15    28.9736055928443
       75       0.44996322249844E-15    28.9736055928458
 Benchmark completed 
 VERIFICATION SUCCESSFUL 
 Zeta is     0.2897360559285E+02
 Error is    0.2709879239913E-13


 CG Benchmark Completed.
 Class           =                        C
 Size            =                   150000
 Iterations      =                       75
 Time in seconds =                    77.10
 Total processes =                        4
 Compiled procs  =                        4
 Mop/s total     =                  1859.22
 Mop/s/process   =                   464.81
 Operation type  =           floating point
 Verification    =               SUCCESSFUL
 Version         =                    3.3.1
 Compile date    =              09 Jun 2014

 Compile options:
    MPIF77       = mpifort
    FLINK        = $(MPIF77)
    FMPI_LIB     = (none)
    FMPI_INC     = (none)
    FFLAGS       = -O2 -mcmodel=large
    FLINKFLAGS   = -O2 -mcmodel=large
    RAND         = randi8


 Please send feedbacks and/or the results of this run to:

 NPB Development Team 
 Internet: npb@nas.nasa.gov


===============================================================================
End: Tue Jun 10 12:20:34 PDT 2014
