srun: cluster configuration lacks support for cpu binding
Running C benchmark /home/jsquyres/svn/ompi-tests/NPB3.3.1/NPB3.3-MPI/bin/ft.D.2, class usnic,self, on 2 servers (np=2), usnic,self

SLURM job ID: 785642

Servers:
mpi009
mpi012

mpirun --mca btl_usnic_if_include 10.10.0.0/16,10.2.0.0/16 --mca btl_tcp_if_include 10.10.0.0/16,10.2.0.0/16 --mca btl usnic,self --bind-to core --map-by node -np 2 /home/jsquyres/svn/ompi-tests/NPB3.3.1/NPB3.3-MPI/bin/ft.D.2

Start: Tue Jun 10 12:07:13 PDT 2014
===============================================================================
srun: cluster configuration lacks support for cpu binding


 NAS Parallel Benchmarks 3.3 -- FT Benchmark

 No input file inputft.data. Using compiled defaults
 Size                : 2048x1024x1024
 Iterations          :             25
 Number of processes :              2
 Processor array     :         1x   2
 Layout type         :             1D

..........manuyally killed by Jeff after 4+ hours; previous job on June 9 
was killed after 12+ hours..........


srun: Job step aborted: Waiting up to 2 seconds for job step to finish.
mpirun: Forwarding signal 18 to job
srun: got SIGCONT
slurmd[mpi009]: *** JOB 785642 CANCELLED AT 2014-06-10T16:12:30 ***
slurmd[mpi012]: *** STEP 785642.1 CANCELLED AT 2014-06-10T16:12:30 ***
srun: forcing job termination
forrtl: error (78): process killed (SIGTERM)
Image              PC                Routine            Line        Source             
libintlc.so.5      00002AAAACF182C9  Unknown               Unknown  Unknown
libintlc.so.5      00002AAAACF16B9E  Unknown               Unknown  Unknown
libifcore.so.5     00002AAAAB945F3F  Unknown               Unknown  Unknown
libifcore.so.5     00002AAAAB8ADD7F  Unknown               Unknown  Unknown
libifcore.so.5     00002AAAAB8BEF0E  Unknown               Unknown  Unknown
libpthread.so.0    00002AAAAD171710  Unknown               Unknown  Unknown
libpthread.so.0    00002AAAAD16E383  Unknown               Unknown  Unknown
libusnic_verbs-rd  00002AAAB44E37A3  Unknown               Unknown  Unknown
mca_btl_usnic.so   00002AAAB1B1CCBA  Unknown               Unknown  Unknown
libopen-pal.so.6   00002AAAADDEC21B  Unknown               Unknown  Unknown
libmpi.so.1        00002AAAAB38D584  Unknown               Unknown  Unknown
mca_coll_tuned.so  00002AAAB3A93CFB  Unknown               Unknown  Unknown
mca_coll_tuned.so  00002AAAB3A99267  Unknown               Unknown  Unknown
libmpi.so.1        00002AAAAB3A22A3  Unknown               Unknown  Unknown
libmpi_mpifh.so.2  00002AAAAB12DD3A  Unknown               Unknown  Unknown
ft.D.2             0000000000410AA4  Unknown               Unknown  Unknown
ft.D.2             0000000000401C9D  Unknown               Unknown  Unknown
ft.D.2             0000000000401686  Unknown               Unknown  Unknown
libc.so.6          00002AAAAD39DD1D  Unknown               Unknown  Unknown
ft.D.2             0000000000401509  Unknown               Unknown  Unknown
srun: error: mpi012: task 0: Exited with exit code 1
srun: Terminating job step 785642.1
