srun: cluster configuration lacks support for cpu binding
Running C benchmark /home/jsquyres/svn/ompi-tests/NPB3.3.1/NPB3.3-MPI/bin/sp.D.9, class usnic,self, on 8 servers (np=9), usnic,self

SLURM job ID: 785696

Servers:
mpi001
mpi001
mpi005
mpi015
mpi010
mpi016
mpi002
mpi004
mpi008

mpirun --mca btl_usnic_if_include 10.10.0.0/16,10.2.0.0/16 --mca btl_tcp_if_include 10.10.0.0/16,10.2.0.0/16 --mca btl usnic,self --bind-to core --map-by node -np 9 /home/jsquyres/svn/ompi-tests/NPB3.3.1/NPB3.3-MPI/bin/sp.D.9

Start: Tue Jun 10 16:03:15 PDT 2014
===============================================================================
srun: cluster configuration lacks support for cpu binding
*** An error occurred in MPI_Init
*** on a NULL communicator
*** MPI_ERRORS_ARE_FATAL (processes in this communicator will now abort,
***    and potentially your MPI job)
[mpi001:30039] Local abort before MPI_INIT completed successfully; not able to aggregate error messages, and not able to guarantee that all other processes were killed!
--------------------------------------------------------------------------
At least one pair of MPI processes are unable to reach each other for
MPI communications.  This means that no Open MPI device has indicated
that it can be used to communicate between these processes.  This is
an error; Open MPI requires that all MPI processes be able to reach
each other.  This error can sometimes be the result of forgetting to
specify the "self" BTL.

  Process 1 ([[14826,1],8]) is on host: mpi001
  Process 2 ([[14826,1],0]) is on host: mpi001
  BTLs attempted: self usnic

Your MPI job is now going to abort; sorry.
--------------------------------------------------------------------------
--------------------------------------------------------------------------
MPI_INIT has failed because at least one MPI process is unreachable
from another.  This *usually* means that an underlying communication
plugin -- such as a BTL or an MTL -- has either not loaded or not
allowed itself to be used.  Your MPI job will now abort.

You may wish to try to narrow down the problem;

 * Check the output of ompi_info to see which BTL/MTL plugins are
   available.
 * Run your application with MPI_THREAD_SINGLE.
 * Set the MCA parameter btl_base_verbose to 100 (or mtl_base_verbose,
   if using MTL-based communications) to see exactly which
   communication plugins were considered and/or discarded.
--------------------------------------------------------------------------
*** An error occurred in MPI_Init
*** on a NULL communicator
*** MPI_ERRORS_ARE_FATAL (processes in this communicator will now abort,
***    and potentially your MPI job)
[mpi001:30038] Local abort before MPI_INIT completed successfully; not able to aggregate error messages, and not able to guarantee that all other processes were killed!
-------------------------------------------------------
Primary job  terminated normally, but 1 process returned
a non-zero exit code.. Per user-direction, the job has been aborted.
-------------------------------------------------------
forrtl: error (78): process killed (SIGTERM)
Image              PC                Routine            Line        Source             
libintlc.so.5      00002AAAACA752C9  Unknown               Unknown  Unknown
libintlc.so.5      00002AAAACA73B9E  Unknown               Unknown  Unknown
libifcore.so.5     00002AAAAB726F3F  Unknown               Unknown  Unknown
libifcore.so.5     00002AAAAB68ED7F  Unknown               Unknown  Unknown
libifcore.so.5     00002AAAAB69FF0E  Unknown               Unknown  Unknown
libpthread.so.0    0000003D4440F710  Unknown               Unknown  Unknown
libc.so.6          0000003D440DF343  Unknown               Unknown  Unknown
libopen-pal.so.6   00002AAAAD1E8079  Unknown               Unknown  Unknown
libopen-pal.so.6   00002AAAAD1DD35C  Unknown               Unknown  Unknown
libopen-pal.so.6   00002AAAAD1941CD  Unknown               Unknown  Unknown
libmpi.so.1        00002AAAAB16FA31  Unknown               Unknown  Unknown
libmpi.so.1        00002AAAAB1926BB  Unknown               Unknown  Unknown
libmpi_mpifh.so.2  00002AAAAAF13997  Unknown               Unknown  Unknown
sp.D.9             00000000004413F8  Unknown               Unknown  Unknown
sp.D.9             00000000004017F6  Unknown               Unknown  Unknown
sp.D.9             0000000000401776  Unknown               Unknown  Unknown
libc.so.6          0000003D4401ED1D  Unknown               Unknown  Unknown
sp.D.9             00000000004015F9  Unknown               Unknown  Unknown
forrtl: error (78): process killed (SIGTERM)
Image              PC                Routine            Line        Source             
libintlc.so.5      00002AAAACA752C9  Unknown               Unknown  Unknown
libintlc.so.5      00002AAAACA73B9E  Unknown               Unknown  Unknown
libifcore.so.5     00002AAAAB726F3F  Unknown               Unknown  Unknown
libifcore.so.5     00002AAAAB68ED7F  Unknown               Unknown  Unknown
libifcore.so.5     00002AAAAB69FF0E  Unknown               Unknown  Unknown
libpthread.so.0    00000032DE40F710  Unknown               Unknown  Unknown
libc.so.6          00000032DE0DF343  Unknown               Unknown  Unknown
libopen-pal.so.6   00002AAAAD1E8079  Unknown               Unknown  Unknown
libopen-pal.so.6   00002AAAAD1DD35C  Unknown               Unknown  Unknown
libopen-pal.so.6   00002AAAAD1941CD  Unknown               Unknown  Unknown
libmpi.so.1        00002AAAAB16FA31  Unknown               Unknown  Unknown
libmpi.so.1        00002AAAAB1926BB  Unknown               Unknown  Unknown
libmpi_mpifh.so.2  00002AAAAAF13997  Unknown               Unknown  Unknown
sp.D.9             00000000004413F8  Unknown               Unknown  Unknown
sp.D.9             00000000004017F6  Unknown               Unknown  Unknown
sp.D.9             0000000000401776  Unknown               Unknown  Unknown
libc.so.6          00000032DE01ED1D  Unknown               Unknown  Unknown
sp.D.9             00000000004015F9  Unknown               Unknown  Unknown
forrtl: error (78): process killed (SIGTERM)
Image              PC                Routine            Line        Source             
libintlc.so.5      00002AAAACA752C9  Unknown               Unknown  Unknown
libintlc.so.5      00002AAAACA73B9E  Unknown               Unknown  Unknown
libifcore.so.5     00002AAAAB726F3F  Unknown               Unknown  Unknown
libifcore.so.5     00002AAAAB68ED7F  Unknown               Unknown  Unknown
libifcore.so.5     00002AAAAB69FF0E  Unknown               Unknown  Unknown
libpthread.so.0    00000035D1A0F710  Unknown               Unknown  Unknown
libc.so.6          00000035D16DF343  Unknown               Unknown  Unknown
libopen-pal.so.6   00002AAAAD1E8079  Unknown               Unknown  Unknown
libopen-pal.so.6   00002AAAAD1DD35C  Unknown               Unknown  Unknown
libopen-pal.so.6   00002AAAAD1941CD  Unknown               Unknown  Unknown
libmpi.so.1        00002AAAAB16FA31  Unknown               Unknown  Unknown
libmpi.so.1        00002AAAAB1926BB  Unknown               Unknown  Unknown
libmpi_mpifh.so.2  00002AAAAAF13997  Unknown               Unknown  Unknown
sp.D.9             00000000004413F8  Unknown               Unknown  Unknown
sp.D.9             00000000004017F6  Unknown               Unknown  Unknown
sp.D.9             0000000000401776  Unknown               Unknown  Unknown
libc.so.6          00000035D161ED1D  Unknown               Unknown  Unknown
sp.D.9             00000000004015F9  Unknown               Unknown  Unknown
forrtl: error (78): process killed (SIGTERM)
Image              PC                Routine            Line        Source             
libintlc.so.5      00002AAAACA752C9  Unknown               Unknown  Unknown
libintlc.so.5      00002AAAACA73B9E  Unknown               Unknown  Unknown
libifcore.so.5     00002AAAAB726F3F  Unknown               Unknown  Unknown
libifcore.so.5     00002AAAAB68ED7F  Unknown               Unknown  Unknown
libifcore.so.5     00002AAAAB69FF0E  Unknown               Unknown  Unknown
libpthread.so.0    00000031FD80F710  Unknown               Unknown  Unknown
libc.so.6          00000031FD4CF527  Unknown               Unknown  Unknown
libmpi.so.1        00002AAAAB16FA31  Unknown               Unknown  Unknown
libmpi.so.1        00002AAAAB1926BB  Unknown               Unknown  Unknown
libmpi_mpifh.so.2  00002AAAAAF13997  Unknown               Unknown  Unknown
sp.D.9             00000000004413F8  Unknown               Unknown  Unknown
sp.D.9             00000000004017F6  Unknown               Unknown  Unknown
sp.D.9             0000000000401776  Unknown               Unknown  Unknown
libc.so.6          00000031FD41ED1D  Unknown               Unknown  Unknown
sp.D.9             00000000004015F9  Unknown               Unknown  Unknown
forrtl: error (78): process killed (SIGTERM)
Image              PC                Routine            Line        Source             
libintlc.so.5      00002AAAACA752C9  Unknown               Unknown  Unknown
libintlc.so.5      00002AAAACA73B9E  Unknown               Unknown  Unknown
libifcore.so.5     00002AAAAB726F3F  Unknown               Unknown  Unknown
libifcore.so.5     00002AAAAB68ED7F  Unknown               Unknown  Unknown
libifcore.so.5     00002AAAAB69FF0E  Unknown               Unknown  Unknown
libpthread.so.0    00000030BD40F710  Unknown               Unknown  Unknown
libc.so.6          00000030BD0CF527  Unknown               Unknown  Unknown
libmpi.so.1        00002AAAAB16FA31  Unknown               Unknown  Unknown
libmpi.so.1        00002AAAAB1926BB  Unknown               Unknown  Unknown
libmpi_mpifh.so.2  00002AAAAAF13997  Unknown               Unknown  Unknown
sp.D.9             00000000004413F8  Unknown               Unknown  Unknown
sp.D.9             00000000004017F6  Unknown               Unknown  Unknown
sp.D.9             0000000000401776  Unknown               Unknown  Unknown
libc.so.6          00000030BD01ED1D  Unknown               Unknown  Unknown
sp.D.9             00000000004015F9  Unknown               Unknown  Unknown
forrtl: error (78): process killed (SIGTERM)
Image              PC                Routine            Line        Source             
libintlc.so.5      00002AAAACA752C9  Unknown               Unknown  Unknown
libintlc.so.5      00002AAAACA73B9E  Unknown               Unknown  Unknown
libifcore.so.5     00002AAAAB726F3F  Unknown               Unknown  Unknown
libifcore.so.5     00002AAAAB68ED7F  Unknown               Unknown  Unknown
libifcore.so.5     00002AAAAB69FF0E  Unknown               Unknown  Unknown
libpthread.so.0    0000003AB340F710  Unknown               Unknown  Unknown
libc.so.6          0000003AB30DF343  Unknown               Unknown  Unknown
libopen-pal.so.6   00002AAAAD1E8079  Unknown               Unknown  Unknown
libopen-pal.so.6   00002AAAAD1DD35C  Unknown               Unknown  Unknown
libopen-pal.so.6   00002AAAAD1941CD  Unknown               Unknown  Unknown
libmpi.so.1        00002AAAAB16FA31  Unknown               Unknown  Unknown
libmpi.so.1        00002AAAAB1926BB  Unknown               Unknown  Unknown
libmpi_mpifh.so.2  00002AAAAAF13997  Unknown               Unknown  Unknown
sp.D.9             00000000004413F8  Unknown               Unknown  Unknown
sp.D.9             00000000004017F6  Unknown               Unknown  Unknown
sp.D.9             0000000000401776  Unknown               Unknown  Unknown
libc.so.6          0000003AB301ED1D  Unknown               Unknown  Unknown
sp.D.9             00000000004015F9  Unknown               Unknown  Unknown
forrtl: error (78): process killed (SIGTERM)
Image              PC                Routine            Line        Source             
libintlc.so.5      00002AAAACA752C9  Unknown               Unknown  Unknown
libintlc.so.5      00002AAAACA73B9E  Unknown               Unknown  Unknown
libifcore.so.5     00002AAAAB726F3F  Unknown               Unknown  Unknown
libifcore.so.5     00002AAAAB68ED7F  Unknown               Unknown  Unknown
libifcore.so.5     00002AAAAB69FF0E  Unknown               Unknown  Unknown
libpthread.so.0    0000003E9820F710  Unknown               Unknown  Unknown
libc.so.6          0000003E97ECF527  Unknown               Unknown  Unknown
libmpi.so.1        00002AAAAB16FA31  Unknown               Unknown  Unknown
libmpi.so.1        00002AAAAB1926BB  Unknown               Unknown  Unknown
libmpi_mpifh.so.2  00002AAAAAF13997  Unknown               Unknown  Unknown
sp.D.9             00000000004413F8  Unknown               Unknown  Unknown
sp.D.9             00000000004017F6  Unknown               Unknown  Unknown
sp.D.9             0000000000401776  Unknown               Unknown  Unknown
libc.so.6          0000003E97E1ED1D  Unknown               Unknown  Unknown
sp.D.9             00000000004015F9  Unknown               Unknown  Unknown
--------------------------------------------------------------------------
mpirun detected that one or more processes exited with non-zero status, thus causing
the job to be terminated. The first process to do so was:

  Process name: [[14826,1],8]
  Exit code:    1
--------------------------------------------------------------------------
===============================================================================
End: Tue Jun 10 16:03:18 PDT 2014
