srun: cluster configuration lacks support for cpu binding
Running Java benchmark MGopt, class D, on 2 servers (np=2), usnic,self

SLURM job ID: 785766

Servers:
mpi004
mpi005

mpirun --mca btl_usnic_if_include 10.10.0.0/16,10.2.0.0/16 --mca btl_tcp_if_include 10.10.0.0/16,10.2.0.0/16 --mca btl usnic,self --bind-to core --map-by node -np 2 java -Xmx64g NPB_MPJ.MGopt class=D

Start: Tue Jun 10 13:50:50 PDT 2014
===============================================================================
srun: cluster configuration lacks support for cpu binding
 Unofficial NAS Parallel Benchmarks Java version
 MPJ Version MG CLASS=D np=2
 No input file mg.input. Using compiled defaults
Exception in thread "main" java.lang.ArrayIndexOutOfBoundsException: 6014203
	at NPB_MPJ.MGopt.zero3(MGopt.java:639)
	at NPB_MPJ.MGopt.runBenchmark(MGopt.java:241)
	at NPB_MPJ.MGopt.main(MGopt.java:113)
Exception in thread "main" java.lang.ArrayIndexOutOfBoundsException: 6014203
	at NPB_MPJ.MGopt.zero3(MGopt.java:639)
	at NPB_MPJ.MGopt.runBenchmark(MGopt.java:241)
	at NPB_MPJ.MGopt.main(MGopt.java:113)
-------------------------------------------------------
Primary job  terminated normally, but 1 process returned
a non-zero exit code.. Per user-direction, the job has been aborted.
-------------------------------------------------------
--------------------------------------------------------------------------
mpirun detected that one or more processes exited with non-zero status, thus causing
the job to be terminated. The first process to do so was:

  Process name: [[10195,1],1]
  Exit code:    1
--------------------------------------------------------------------------
===============================================================================
End: Tue Jun 10 13:50:53 PDT 2014
