srun: cluster configuration lacks support for cpu binding
Running Java benchmark EP, class D, on 16 servers (np=16), tcp,self

SLURM job ID: 785841

Servers:
mpi001
mpi002
mpi011
mpi007
mpi010
mpi013
mpi006
mpi004
mpi015
mpi008
mpi014
mpi012
mpi016
mpi003
mpi009
mpi005

mpirun --mca btl_usnic_if_include 10.10.0.0/16,10.2.0.0/16 --mca btl_tcp_if_include 10.10.0.0/16,10.2.0.0/16 --mca btl tcp,self --bind-to core --map-by node -np 16 java -Xmx64g NPB_MPJ.EP class=D

Start: Wed Jun 11 07:53:52 PDT 2014
===============================================================================
srun: cluster configuration lacks support for cpu binding
 Unofficial NAS Parallel Benchmarks Java version
 MPJ Version EP CLASS=D np=16
EP Benchmark Results
CPU Time = 435.299
N = 2^36
No. Gaussian Pairs = 5.3972171957E10
Sums = 198248.12009462598 -102059.66363600826
Counts:
0 2.5154622775E10
1 2.4017899906E10
2 4.508609839E9
3 2.84201296E8
4 6776403.0
5 61541.0
6 197.0
7 0.0
8 0.0
9 0.0
EP.D: Verification Successful
**** NAS Parallel Benchmarks Java-MPJ version (NPB-MPJ) EP ***** 
* Class             = D                                        * 
* Size              = 2147483647                               * 
* Iterations        = 1                                        * 
* Time in seconds   = 435.299                                  * 
* ACCTime           = 0.000                                    * 
* Mops total        = 315.735                                  * 
* Operation type    = Random numbers generated                 * 
* Verification      = Successful                               * 
* Process requested = 16                                       * 
*                                                              *
* Please send all errors/feedbacks to:                         * 
* Damian Alvarez Mallon                                        * 
* dalvarezm@udc.es                                             * 
**************************************************************** 
===============================================================================
End: Wed Jun 11 08:01:08 PDT 2014
