Running Java benchmark CGbuf, class C, on 1 servers (np=4), sm,self

SLURM job ID: 785719

Servers:
mpi001
mpi001
mpi001
mpi001

mpirun --mca btl_usnic_if_include 10.10.0.0/16,10.2.0.0/16 --mca btl_tcp_if_include 10.10.0.0/16,10.2.0.0/16 --mca btl sm,self --bind-to core --map-by node -np 4 java -Xmx64g NPB_MPJ.CGbuf class=C

Start: Tue Jun 10 12:29:20 PDT 2014
===============================================================================
 Unofficial NAS Parallel Benchmarks -- CG Benchmark
 Size: 150000
 Iterations: 75
 Number of active processes: 4
 Number of nonzeroes per row: 15
 Eigenvalue shift: 110.0
 Iteration "-1"  is the warm up iteration
   iteration            ||r||                 zeta
    -1        3.49180285134886E-13          109.9994423237398
    0        3.49180285134886E-13          109.9994423237398
    1        9.326120293520036E-16          27.392043714653013
    2        9.40029669179042E-16          28.03397618402758
    3        9.498667202994334E-16          28.41915075512955
    4        9.537314796505663E-16          28.647167003888214
    5        9.593382481554137E-16          28.781296941842427
    6        9.555295308065734E-16          28.860045853735443
    7        9.593558389645868E-16          28.90631455726877
    8        9.629554688380014E-16          28.933564921463258
    9        9.598497080873362E-16          28.94966954490053
    10        9.62868965075527E-16          28.95922633537579
    11        9.61327796958969E-16          28.96492334848881
    12        9.60292371400782E-16          28.968335924893637
    13        9.599531610640217E-16          28.970390396000482
    14        9.608667686608186E-16          28.971633622836833
    15        9.626216266232546E-16          28.97238986008479
    16        9.599508030697142E-16          28.972852269221747
    17        9.619329118914233E-16          28.973136479778617
    18        9.589916043530506E-16          28.973312056929046
    19        9.64573827432801E-16          28.97342106637585
    20        9.634526308677989E-16          28.973489076054037
    21        9.599124402678372E-16          28.973531706487066
    22        9.617977164588328E-16          28.973558549725496
    23        9.592239019474317E-16          28.973575525664515
    24        9.581551618996106E-16          28.973586305938255
    25        9.565078037365492E-16          28.973593178738412
    26        9.612272973649574E-16          28.97359757673739
    27        9.644501674528087E-16          28.973600400998606
    28        9.599040969810768E-16          28.9736022206758
    29        9.612292459934307E-16          28.973603396762684
    30        9.61466644912288E-16          28.973604159116405
    31        9.602152744578205E-16          28.97360465464115
    32        9.602118030829295E-16          28.973604977560996
    33        9.572974467181941E-16          28.973605188509282
    34        9.58194501341459E-16          28.973605326625176
    35        9.586855420220797E-16          28.973605417246077
    36        9.576875761645832E-16          28.973605476822414
    37        9.60080981939574E-16          28.973605516063614
    38        9.558817757463602E-16          28.9736055419569
    39        9.55960418013715E-16          28.97360555907028
    40        9.574693073537818E-16          28.973605570397893
    41        9.599716708502834E-16          28.97360557790786
    42        9.57238802050071E-16          28.973605582892986
    43        9.592474045270166E-16          28.973605586207597
    44        9.537114559765696E-16          28.97360558841318
    45        9.531890364382005E-16          28.973605589883064
    46        9.579094701650756E-16          28.97360559086441
    47        9.595999583632316E-16          28.97360559151811
    48        9.575377949915897E-16          28.973605591956186
    49        9.576412349623943E-16          28.97360559224866
    50        9.54832138900003E-16          28.973605592445622
    51        9.506816019157698E-16          28.973605592576575
    52        9.546214982179637E-16          28.973605592664512
    53        9.625661826663963E-16          28.973605592722578
    54        9.565917092678534E-16          28.973605592762297
    55        9.543227532910593E-16          28.973605592789525
    56        9.549117835506208E-16          28.973605592808397
    57        9.545696067841372E-16          28.97360559281961
    58        9.567678743392359E-16          28.973605592828036
    59        9.532385914332218E-16          28.973605592834573
    60        9.54351446654131E-16          28.97360559283824
    61        9.587217634053954E-16          28.973605592840457
    62        9.52122907673077E-16          28.973605592841977
    63        9.528673268393029E-16          28.973605592843796
    64        9.566402197958993E-16          28.973605592843498
    65        9.533009575444842E-16          28.973605592844464
    66        9.542353283668555E-16          28.97360559284469
    67        9.55441258197149E-16          28.973605592845047
    68        9.522593667301944E-16          28.97360559284401
    69        9.528155449749249E-16          28.973605592845033
    70        9.535564625164676E-16          28.97360559284523
    71        9.519401182555503E-16          28.973605592847008
    72        9.56188724766368E-16          28.973605592845004
    73        9.56882092139141E-16          28.973605592844237
    74        9.521451777321525E-16          28.973605592845786

 Benchmark completed 
CG.C: Verification Successful
Zeta is: 28.973605592845786
Error is: 2.7098792399134562E-14
**** NAS Parallel Benchmarks Java-MPJ version (NPB-MPJ) CG ***** 
* Class             = C                                        * 
* Size              = 150000                                   * 
* Iterations        = 75                                       * 
* Time in seconds   = 80.118                                   * 
* ACCTime           = 0.000                                    * 
* Mops total        = 1789.205                                 * 
* Operation type    = Floating point                           * 
* Verification      = Successful                               * 
* Process requested = 4                                        * 
*                                                              *
* Please send all errors/feedbacks to:                         * 
* Damian Alvarez Mallon                                        * 
* dalvarezm@udc.es                                             * 
**************************************************************** 
===============================================================================
End: Tue Jun 10 12:30:44 PDT 2014
