srun: cluster configuration lacks support for cpu binding
Running Java benchmark IS, class C, on 16 servers (np=16), tcp,self

SLURM job ID: 785845

Servers:
mpi001
mpi002
mpi006
mpi013
mpi011
mpi007
mpi010
mpi004
mpi015
mpi014
mpi012
mpi008
mpi009
mpi016
mpi005
mpi003

mpirun --mca btl_usnic_if_include 10.10.0.0/16,10.2.0.0/16 --mca btl_tcp_if_include 10.10.0.0/16,10.2.0.0/16 --mca btl tcp,self --bind-to core --map-by node -np 16 java -Xmx64g NPB_MPJ.IS class=C

Start: Wed Jun 11 08:09:45 PDT 2014
===============================================================================
srun: cluster configuration lacks support for cpu binding
 Unofficial NAS Parallel Benchmarks Java version
 MPJ Version IS CLASS=C np=16
 Size:  134217728 Iterations:   10

   iteration
        1
        2
        3
        4
        5
        6
        7
        8
        9
        10
IS.C: Verification Successful
**** NAS Parallel Benchmarks Java-MPJ version (NPB-MPJ) IS ***** 
* Class             = C                                        * 
* Size              = 134217728                                * 
* Iterations        = 10                                       * 
* Time in seconds   = 2.346                                    * 
* ACCTime           = 0.000                                    * 
* Mops total        = 572.113                                  * 
* Operation type    = keys ranked                              * 
* Verification      = Successful                               * 
* Process requested = 16                                       * 
*                                                              *
* Please send all errors/feedbacks to:                         * 
* Damian Alvarez Mallon                                        * 
* dalvarezm@udc.es                                             * 
**************************************************************** 
===============================================================================
End: Wed Jun 11 08:09:50 PDT 2014
