srun: cluster configuration lacks support for cpu binding
Running Java benchmark EP, class C, on 16 servers (np=16), usnic,self

SLURM job ID: 785840

Servers:
mpi001
mpi002
mpi013
mpi011
mpi010
mpi004
mpi006
mpi007
mpi014
mpi015
mpi008
mpi012
mpi016
mpi005
mpi009
mpi003

mpirun --mca btl_usnic_if_include 10.10.0.0/16,10.2.0.0/16 --mca btl_tcp_if_include 10.10.0.0/16,10.2.0.0/16 --mca btl usnic,self --bind-to core --map-by node -np 16 java -Xmx64g NPB_MPJ.EP class=C

Start: Wed Jun 11 07:53:22 PDT 2014
===============================================================================
srun: cluster configuration lacks support for cpu binding
 Unofficial NAS Parallel Benchmarks Java version
 MPJ Version EP CLASS=C np=16
EP Benchmark Results
CPU Time = 27.31
N = 2^32
No. Gaussian Pairs = 3.373275903E9
Sums = 47643.67927997308 -80840.7298804578
Counts:
0 1.572172634E9
1 1.501108549E9
2 2.81805648E8
3 1.7761221E7
4 424017.0
5 3821.0
6 13.0
7 0.0
8 0.0
9 0.0
EP.C: Verification Successful
**** NAS Parallel Benchmarks Java-MPJ version (NPB-MPJ) EP ***** 
* Class             = C                                        * 
* Size              = 2147483647                               * 
* Iterations        = 1                                        * 
* Time in seconds   = 27.310                                   * 
* ACCTime           = 0.000                                    * 
* Mops total        = 314.534                                  * 
* Operation type    = Random numbers generated                 * 
* Verification      = Successful                               * 
* Process requested = 16                                       * 
*                                                              *
* Please send all errors/feedbacks to:                         * 
* Damian Alvarez Mallon                                        * 
* dalvarezm@udc.es                                             * 
**************************************************************** 
===============================================================================
End: Wed Jun 11 07:53:51 PDT 2014
