srun: cluster configuration lacks support for cpu binding
Running Java benchmark FT, class C, on 16 servers (np=16), tcp,self

SLURM job ID: 785843

Servers:
mpi001
mpi007
mpi011
mpi013
mpi010
mpi006
mpi004
mpi015
mpi008
mpi012
mpi014
mpi016
mpi005
mpi003
mpi009
mpi002

mpirun --mca btl_usnic_if_include 10.10.0.0/16,10.2.0.0/16 --mca btl_tcp_if_include 10.10.0.0/16,10.2.0.0/16 --mca btl tcp,self --bind-to core --map-by node -np 16 java -Xmx64g NPB_MPJ.FT class=C

Start: Wed Jun 11 08:08:27 PDT 2014
===============================================================================
srun: cluster configuration lacks support for cpu binding
 Unofficial NAS Parallel Benchmarks Java version
 MPJ Version FT CLASS=C np=16
 No input file inputft.data. Using compiled defaults
 Size                : 512x512x512
 Iterations          : 20
 Number of processes : 16
 Processor array     : 1x16
 Layout type         : 1D
 T = 1 Checksum = ( 519.5078707456657, 514.901969923807)
 T = 2 Checksum = ( 515.5422171134112, 512.7578201996746)
 T = 3 Checksum = ( 514.4678022222142, 512.2251847514314)
 T = 4 Checksum = ( 514.015059432843, 512.1090289018032)
 T = 5 Checksum = ( 513.7550426810105, 512.1143685823706)
 T = 6 Checksum = ( 513.5811056727715, 512.1496764568182)
 T = 7 Checksum = ( 513.4569343165185, 512.1870921892545)
 T = 8 Checksum = ( 513.3651975661285, 512.2193250322357)
 T = 9 Checksum = ( 513.2955192804632, 512.245473579366)
 T = 10 Checksum = ( 513.2410471738193, 512.266364960315)
 T = 11 Checksum = ( 513.1971141679048, 512.2830879826865)
 T = 12 Checksum = ( 513.160520571578, 512.2965869718473)
 T = 13 Checksum = ( 513.1290734193583, 512.3075927445424)
 T = 14 Checksum = ( 513.1012720313772, 512.3166486553143)
 T = 15 Checksum = ( 513.0760908195364, 512.3241541685366)
 T = 16 Checksum = ( 513.0528295923039, 512.3304037599428)
 T = 17 Checksum = ( 513.0310107772616, 512.33561679761)
 T = 18 Checksum = ( 513.010309013305, 512.3399592211208)
 T = 19 Checksum = ( 512.9905029333117, 512.343558898476)
 T = 20 Checksum = ( 512.9714421109035, 512.3465164008161)
FT.C: Verification Successful
**** NAS Parallel Benchmarks Java-MPJ version (NPB-MPJ) FT ***** 
* Class             = C                                        * 
* Size              = 512 X 512 X 512                          * 
* Iterations        = 20                                       * 
* Time in seconds   = 34.668                                   * 
* ACCTime           = 0.000                                    * 
* Mops total        = 11433.835                                * 
* Operation type    = floating point                           * 
* Verification      = Successful                               * 
* Process requested = 16                                       * 
*                                                              *
* Please send all errors/feedbacks to:                         * 
* Damian Alvarez Mallon                                        * 
* dalvarezm@udc.es                                             * 
**************************************************************** 
===============================================================================
End: Wed Jun 11 08:09:06 PDT 2014
