srun: cluster configuration lacks support for cpu binding
Running Java benchmark MG, class D, on 4 servers (np=4), usnic,self

SLURM job ID: 785784

Servers:
mpi026
mpi028
mpi027
mpi029

mpirun --mca btl_usnic_if_include 10.10.0.0/16,10.2.0.0/16 --mca btl_tcp_if_include 10.10.0.0/16,10.2.0.0/16 --mca btl usnic,self --bind-to core --map-by node -np 4 java -Xmx64g NPB_MPJ.MG class=D

Start: Tue Jun 10 16:34:17 PDT 2014
===============================================================================
srun: cluster configuration lacks support for cpu binding
Exception in thread "main" java.lang.NegativeArraySizeException
	at NPB_MPJ.MG.runBenchmark(MG.java:198)
	at NPB_MPJ.MG.main(MG.java:112)
Exception in thread "main" java.lang.NegativeArraySizeException
	at NPB_MPJ.MG.runBenchmark(MG.java:198)
	at NPB_MPJ.MG.main(MG.java:112)
Exception in thread "main" java.lang.NegativeArraySizeException
	at NPB_MPJ.MG.runBenchmark(MG.java:198)
	at NPB_MPJ.MG.main(MG.java:112)
Exception in thread "main" java.lang.NegativeArraySizeException
	at NPB_MPJ.MG.runBenchmark(MG.java:198)
	at NPB_MPJ.MG.main(MG.java:112)
-------------------------------------------------------
Primary job  terminated normally, but 1 process returned
a non-zero exit code.. Per user-direction, the job has been aborted.
-------------------------------------------------------
srun: Job step aborted: Waiting up to 2 seconds for job step to finish.
mpirun: Forwarding signal 18 to job
srun: got SIGCONT
slurmd[mpi027]: *** STEP 785784.1 CANCELLED AT 2014-06-11T05:13:50 ***
slurmd[mpi026]: *** JOB 785784 CANCELLED AT 2014-06-11T05:13:50 ***
srun: forcing job termination
--------------------------------------------------------------------------
mpirun detected that one or more processes exited with non-zero status, thus causing
the job to be terminated. The first process to do so was:

  Process name: [[4811,1],0]
  Exit code:    1
--------------------------------------------------------------------------
srun: error: mpi029: task 2: Terminated
srun: Terminating job step 785784.1
srun: error: mpi028: task 1: Exited with exit code 1
srun: error: mpi027: task 0: Exited with exit code 1
