Running Java benchmark IS, class C, on 1 servers (np=8), sm,self

SLURM job ID: 798332

Servers:
mpi011
mpi011
mpi011
mpi011
mpi011
mpi011
mpi011
mpi011

mpirun --mca btl_usnic_if_include 10.10.0.0/16,10.2.0.0/16 --mca btl_tcp_if_include 10.10.0.0/16,10.2.0.0/16 --mca btl sm,self --bind-to core --map-by node -np 8 /home/jsquyres/git/java-perf-test/jre1.7.0_60/bin/java -Xmx64g NPB_MPJ.IS class=C

Start: Sat Jun 21 17:53:50 PDT 2014
===============================================================================
 Unofficial NAS Parallel Benchmarks Java version
 MPJ Version IS CLASS=C np=8
 Size:  134217728 Iterations:   10
#
# A fatal error has been detected by the Java Runtime Environment:
#
#  SIGSEGV (0xb) at pc=0x0000003550489c60, pid=11054, tid=46912514623232
#
# JRE version: Java(TM) SE Runtime Environment (7.0_60-b19) (build 1.7.0_60-b19)
# Java VM: Java HotSpot(TM) 64-Bit Server VM (24.60-b09 mixed mode linux-amd64 )
# Problematic frame:
# C  [libc.so.6+0x89c60]  memcpy+0x310
#
# Core dump written. Default location: /home/jsquyres/svn/ompi-tests/NPB_MPJ/core or core.11054
#
#
# A fatal error has been detected by the Java Runtime Environment:
#
#  SIGSEGV (0xb) at pc=0x0000003550489c59, pid=10984, tid=46912514623232
#
# JRE version: Java(TM) SE Runtime Environment (7.0_60-b19) (build 1.7.0_60-b19)
# Java VM: Java HotSpot(TM) 64-Bit Server VM (24.60-b09 mixed mode linux-amd64 )
# Problematic frame:
# C  [libc.so.6+0x89c59]  memcpy+0x309
#
# Core dump written. Default location: /home/jsquyres/svn/ompi-tests/NPB_MPJ/core or core.10984
#
#
# A fatal error has been detected by the Java Runtime Environment:
#
#  SIGSEGV (0xb) at pc=0x0000003550489c60, pid=10985, tid=46912514623232
#
# JRE version: Java(TM) SE Runtime Environment (7.0_60-b19) (build 1.7.0_60-b19)
# Java VM: Java HotSpot(TM) 64-Bit Server VM (24.60-b09 mixed mode linux-amd64 )
# Problematic frame:
# C  [libc.so.6+0x89c60]  memcpy+0x310
#
# Core dump written. Default location: /home/jsquyres/svn/ompi-tests/NPB_MPJ/core or core.10985
#
#
# A fatal error has been detected by the Java Runtime Environment:
#
#  SIGSEGV (0xb) at pc=0x0000003550489c60, pid=11002, tid=46912514623232
#
# JRE version: Java(TM) SE Runtime Environment (7.0_60-b19) (build 1.7.0_60-b19)
# Java VM: Java HotSpot(TM) 64-Bit Server VM (24.60-b09 mixed mode linux-amd64 )
# Problematic frame:
# C  [libc.so.6+0x89c60]  memcpy+0x310
#
# Core dump written. Default location: /home/jsquyres/svn/ompi-tests/NPB_MPJ/core or core.11002
#
#
# A fatal error has been detected by the Java Runtime Environment:
#
#  SIGSEGV (0xb) at pc=0x0000003550489c60, pid=11017, tid=46912514623232
#
# JRE version: Java(TM) SE Runtime Environment (7.0_60-b19) (build 1.7.0_60-b19)
# Java VM: Java HotSpot(TM) 64-Bit Server VM (24.60-b09 mixed mode linux-amd64 )
# Problematic frame:
# C  [libc.so.6+0x89c60]  memcpy+0x310
#
# Core dump written. Default location: /home/jsquyres/svn/ompi-tests/NPB_MPJ/core or core.11017
#
# An error report file with more information is saved as:
# /home/jsquyres/svn/ompi-tests/NPB_MPJ/hs_err_pid11054.log
# An error report file with more information is saved as:
# /home/jsquyres/svn/ompi-tests/NPB_MPJ/hs_err_pid10985.log
# An error report file with more information is saved as:
# /home/jsquyres/svn/ompi-tests/NPB_MPJ/hs_err_pid11002.log
# An error report file with more information is saved as:
# /home/jsquyres/svn/ompi-tests/NPB_MPJ/hs_err_pid11017.log
# An error report file with more information is saved as:
# /home/jsquyres/svn/ompi-tests/NPB_MPJ/hs_err_pid10984.log
#
# A fatal error has been detected by the Java Runtime Environment:
#
#  SIGSEGV (0xb) at pc=0x0000003550489d7a, pid=10987, tid=46912514623232
#
# JRE version: Java(TM) SE Runtime Environment (7.0_60-b19) (build 1.7.0_60-b19)
# Java VM: Java HotSpot(TM) 64-Bit Server VM (24.60-b09 mixed mode linux-amd64 )
# Problematic frame:
# C  [libc.so.6+0x89d7a]  memcpy+0x42a
#
# Core dump written. Default location: /home/jsquyres/svn/ompi-tests/NPB_MPJ/core or core.10987
#
#
# A fatal error has been detected by the Java Runtime Environment:
#
#  SIGSEGV (0xb) at pc=0x00002abbb6103157, pid=11072, tid=46912514623232
#
# JRE version: Java(TM) SE Runtime Environment (7.0_60-b19) (build 1.7.0_60-b19)
# Java VM: Java HotSpot(TM) 64-Bit Server VM (24.60-b09 mixed mode linux-amd64 )
# Problematic frame:
# C  [libintlc.so.5+0x43157]  __intel_ssse3_rep_memcpy+0x1b67
#
# Core dump written. Default location: /home/jsquyres/svn/ompi-tests/NPB_MPJ/core or core.11072
#
# An error report file with more information is saved as:
# /home/jsquyres/svn/ompi-tests/NPB_MPJ/hs_err_pid11072.log
# An error report file with more information is saved as:
# /home/jsquyres/svn/ompi-tests/NPB_MPJ/hs_err_pid10987.log
#
# A fatal error has been detected by the Java Runtime Environment:
#
#  SIGSEGV (0xb) at pc=0x00002abbb6102e94, pid=11036, tid=46912514623232
#
# JRE version: Java(TM) SE Runtime Environment (7.0_60-b19) (build 1.7.0_60-b19)
# Java VM: Java HotSpot(TM) 64-Bit Server VM (24.60-b09 mixed mode linux-amd64 )
# Problematic frame:
# C  [libintlc.so.5+0x42e94]  __intel_ssse3_rep_memcpy+0x18a4
#
# Core dump written. Default location: /home/jsquyres/svn/ompi-tests/NPB_MPJ/core or core.11036
#
# An error report file with more information is saved as:
# /home/jsquyres/svn/ompi-tests/NPB_MPJ/hs_err_pid11036.log
#
# If you would like to submit a bug report, please visit:
#   http://bugreport.sun.com/bugreport/crash.jsp
#
[mpi011:10987] *** Process received signal ***
[mpi011:10987] Signal: Aborted (6)
[mpi011:10987] Signal code:  (-6)
[mpi011:10987] [ 0] /lib64/libpthread.so.0[0x355080f710]
[mpi011:10987] [ 1] /lib64/libc.so.6(gsignal+0x35)[0x3550432925]
[mpi011:10987] [ 2] /lib64/libc.so.6(abort+0x175)[0x3550434105]
[mpi011:10987] [ 3] /home/jsquyres/git/java-perf-test/jre1.7.0_60/lib/amd64/server/libjvm.so(+0x81e8c5)[0x2aaaab4fa8c5]
[mpi011:10987] [ 4] /home/jsquyres/git/java-perf-test/jre1.7.0_60/lib/amd64/server/libjvm.so(+0x99ebc7)[0x2aaaab67abc7]
[mpi011:10987] [ 5] /home/jsquyres/git/java-perf-test/jre1.7.0_60/lib/amd64/server/libjvm.so(JVM_handle_linux_signal+0x14f)[0x2aaaab4ff7cf]
[mpi011:10987] [ 6] /lib64/libpthread.so.0[0x355080f710]
[mpi011:10987] [ 7] /lib64/libc.so.6(memcpy+0x42a)[0x3550489d7a]
[mpi011:10987] [ 8] /home/jsquyres/git/java-perf-test/jre1.7.0_60/lib/amd64/server/libjvm.so(+0x651a12)[0x2aaaab32da12]
[mpi011:10987] [ 9] /home/jsquyres/bogus/lib/libmpi_java.so.1.1.2(ompi_java_getReadPtrv+0x7f4)[0x2abbb001a1b4]
[mpi011:10987] [10] /home/jsquyres/bogus/lib/libmpi_java.so.1.1.2(Java_mpi_Comm_allToAllv+0x109)[0x2abbb0011999]
[mpi011:10987] [11] [0x2aaab0887d98]
[mpi011:10987] *** End of error message ***
#
# If you would like to submit a bug report, please visit:
#   http://bugreport.sun.com/bugreport/crash.jsp
# The crash happened outside the Java Virtual Machine in native code.
# See problematic frame for where to report the bug.
#
[mpi011:11072] *** Process received signal ***
[mpi011:11072] Signal: Aborted (6)
[mpi011:11072] Signal code:  (-6)
#
# If you would like to submit a bug report, please visit:
#   http://bugreport.sun.com/bugreport/crash.jsp
# The crash happened outside the Java Virtual Machine in native code.
# See problematic frame for where to report the bug.
#
[mpi011:11036] *** Process received signal ***
[mpi011:11036] Signal: Aborted (6)
[mpi011:11036] Signal code:  (-6)
[mpi011:11036] [ 0] /lib64/libpthread.so.0[0x355080f710]
[mpi011:11036] [ 1] /lib64/libc.so.6(gsignal+0x35)[0x3550432925]
[mpi011:11036] [ 2] /lib64/libc.so.6(abort+0x175)[0x3550434105]
[mpi011:11036] [ 3] /home/jsquyres/git/java-perf-test/jre1.7.0_60/lib/amd64/server/libjvm.so(+0x81e8c5)[0x2aaaab4fa8c5]
[mpi011:11036] [ 4] /home/jsquyres/git/java-perf-test/jre1.7.0_60/lib/amd64/server/libjvm.so(+0x99ebc7)[0x2aaaab67abc7]
[mpi011:11036] [ 5] /home/jsquyres/git/java-perf-test/jre1.7.0_60/lib/amd64/server/libjvm.so(JVM_handle_linux_signal+0x14f)[0x2aaaab4ff7cf]
[mpi011:11036] [ 6] /lib64/libpthread.so.0[0x355080f710]
[mpi011:11036] [ 7] /opt/intel/composer_xe_2013_sp1.3.174/compiler/lib/intel64/libintlc.so.5(__intel_ssse3_rep_memcpy+0x18a4)[0x2abbb6102e94]
[mpi011:11036] [ 8] /home/jsquyres/bogus/lib/libopen-pal.so.6(opal_datatype_copy_content_same_ddt+0xda)[0x2abbb48019ea]
[mpi011:11036] [ 9] /home/jsquyres/bogus/lib/libmpi.so.1(ompi_datatype_sndrcv+0x5b4)[0x2abbb4282cb4]
[mpi011:11036] [10] /home/jsquyres/bogus/lib/openmpi/mca_coll_tuned.so(ompi_coll_tuned_alltoallv_intra_pairwise+0xed)[0x2abbbe5077fd]
[mpi011:11036] [11] /home/jsquyres/bogus/lib/libmpi.so.1(PMPI_Alltoallv+0x59)[0x2abbb4285329]
[mpi011:11036] [12] /home/jsquyres/bogus/lib/libmpi_java.so.1.1.2(Java_mpi_Comm_allToAllv+0x189)[0x2abbb4011a19]
[mpi011:11036] [13] [0x2aaab0887d98]
[mpi011:11036] *** End of error message ***
[mpi011:11072] [ 0] /lib64/libpthread.so.0[0x355080f710]
[mpi011:11072] [ 1] /lib64/libc.so.6(gsignal+0x35)[0x3550432925]
[mpi011:11072] [ 2] /lib64/libc.so.6(abort+0x175)[0x3550434105]
[mpi011:11072] [ 3] /home/jsquyres/git/java-perf-test/jre1.7.0_60/lib/amd64/server/libjvm.so(+0x81e8c5)[0x2aaaab4fa8c5]
[mpi011:11072] [ 4] /home/jsquyres/git/java-perf-test/jre1.7.0_60/lib/amd64/server/libjvm.so(+0x99ebc7)[0x2aaaab67abc7]
[mpi011:11072] [ 5] /home/jsquyres/git/java-perf-test/jre1.7.0_60/lib/amd64/server/libjvm.so(JVM_handle_linux_signal+0x14f)[0x2aaaab4ff7cf]
[mpi011:11072] [ 6] /lib64/libpthread.so.0[0x355080f710]
[mpi011:11072] [ 7] /opt/intel/composer_xe_2013_sp1.3.174/compiler/lib/intel64/libintlc.so.5(__intel_ssse3_rep_memcpy+0x1b67)[0x2abbb6103157]
[mpi011:11072] [ 8] /home/jsquyres/bogus/lib/libopen-pal.so.6(opal_datatype_copy_content_same_ddt+0xda)[0x2abbb48019ea]
[mpi011:11072] [ 9] /home/jsquyres/bogus/lib/libmpi.so.1(ompi_datatype_sndrcv+0x5b4)[0x2abbb4282cb4]
[mpi011:11072] [10] /home/jsquyres/bogus/lib/openmpi/mca_coll_tuned.so(ompi_coll_tuned_alltoallv_intra_pairwise+0xed)[0x2abbbe5077fd]
[mpi011:11072] [11] /home/jsquyres/bogus/lib/libmpi.so.1(PMPI_Alltoallv+0x59)[0x2abbb4285329]
[mpi011:11072] [12] /home/jsquyres/bogus/lib/libmpi_java.so.1.1.2(Java_mpi_Comm_allToAllv+0x189)[0x2abbb4011a19]
[mpi011:11072] [13] [0x2aaab0887d98]
[mpi011:11072] *** End of error message ***
--------------------------------------------------------------------------
mpirun noticed that process rank 2 with PID 10987 on node mpi011 exited on signal 6 (Aborted).
--------------------------------------------------------------------------
===============================================================================
End: Sat Jun 21 17:54:08 PDT 2014
