Running Java benchmark MGopt, class D, on 8 servers (np=8), usnic,self

SLURM job ID: 798420

Servers:
mpi001
mpi007
mpi004
mpi008
mpi009
mpi005
mpi002
mpi003

mpirun --mca btl_usnic_if_include 10.10.0.0/16,10.2.0.0/16 --mca btl_tcp_if_include 10.10.0.0/16,10.2.0.0/16 --mca btl usnic,self --bind-to core --map-by node -np 8 /home/jsquyres/git/java-perf-test/jre1.7.0_60/bin/java -Xmx64g NPB_MPJ.MGopt class=D

Start: Sat Jun 21 21:07:04 PDT 2014
===============================================================================
 Unofficial NAS Parallel Benchmarks Java version
 MPJ Version MG CLASS=D np=8
 No input file mg.input. Using compiled defaults
 Size                : 1024x1024x1024
 Iterations          : 50
 Number of processes : 8
   iter 1
   iter 5
   iter 10
   iter 15
   iter 20
   iter 25
   iter 30
   iter 35
   iter 40
   iter 45
   iter 50
 Initialization time: 263.74
 Benchmark completed 
 Verification successful 
 L2 Norm is 1.5832750604261004E-10
 Error is   2.463020922748307E-12
MG.D: Verification Successful
**** NAS Parallel Benchmarks Java-MPJ version (NPB-MPJ) MG ***** 
* Class             = D                                        * 
* Size              = 1024 X 1024 X 1024                       * 
* Iterations        = 50                                       * 
* Time in seconds   = 401.861                                  * 
* ACCTime           = 0.000                                    * 
* Mops total        = 7748.559                                 * 
* Operation type    = floating point                           * 
* Verification      = Successful                               * 
* Process requested = 8                                        * 
*                                                              *
* Please send all errors/feedbacks to:                         * 
* Damian Alvarez Mallon                                        * 
* dalvarezm@udc.es                                             * 
**************************************************************** 
===============================================================================
End: Sat Jun 21 21:18:13 PDT 2014
