Running Java benchmark MG, class D, on 1 servers (np=8), sm,self

SLURM job ID: 798335

Servers:
mpi011
mpi011
mpi011
mpi011
mpi011
mpi011
mpi011
mpi011

mpirun --mca btl_usnic_if_include 10.10.0.0/16,10.2.0.0/16 --mca btl_tcp_if_include 10.10.0.0/16,10.2.0.0/16 --mca btl sm,self --bind-to core --map-by node -np 8 /home/jsquyres/git/java-perf-test/jre1.7.0_60/bin/java -Xmx64g NPB_MPJ.MG class=D

Start: Sat Jun 21 17:54:08 PDT 2014
===============================================================================
 Unofficial NAS Parallel Benchmarks Java version
 MPJ Version MG CLASS=D np=8
 No input file mg.input. Using compiled defaults
 Size                : 1024x1024x1024
 Iterations          : 50
 Number of processes : 8
   iter 1
   iter 5
   iter 10
   iter 15
   iter 20
   iter 25
   iter 30
   iter 35
   iter 40
   iter 45
   iter 50
 Initialization time: 266.332
 Benchmark completed 
 Verification successful 
 L2 Norm is 1.5832750604261004E-10
 Error is   2.463020922748307E-12
MG.D: Verification Successful
**** NAS Parallel Benchmarks Java-MPJ version (NPB-MPJ) MG ***** 
* Class             = D                                        * 
* Size              = 1024 X 1024 X 1024                       * 
* Iterations        = 50                                       * 
* Time in seconds   = 433.881                                  * 
* ACCTime           = 0.000                                    * 
* Mops total        = 7176.740                                 * 
* Operation type    = floating point                           * 
* Verification      = Successful                               * 
* Process requested = 8                                        * 
*                                                              *
* Please send all errors/feedbacks to:                         * 
* Damian Alvarez Mallon                                        * 
* dalvarezm@udc.es                                             * 
**************************************************************** 
===============================================================================
End: Sat Jun 21 18:05:50 PDT 2014
