Running Java benchmark MGopt, class C, on 4 servers (np=4), tcp,self

SLURM job ID: 798391

Servers:
mpi019
mpi022
mpi021
mpi024

mpirun --mca btl_usnic_if_include 10.10.0.0/16,10.2.0.0/16 --mca btl_tcp_if_include 10.10.0.0/16,10.2.0.0/16 --mca btl tcp,self --bind-to core --map-by node -np 4 /home/jsquyres/git/java-perf-test/jre1.7.0_60/bin/java -Xmx64g NPB_MPJ.MGopt class=C

Start: Sat Jun 21 19:25:36 PDT 2014
===============================================================================
 Unofficial NAS Parallel Benchmarks Java version
 MPJ Version MG CLASS=C np=4
 No input file mg.input. Using compiled defaults
 Size                : 512x512x512
 Iterations          : 20
 Number of processes : 4
   iter 1
   iter 5
   iter 10
   iter 15
   iter 20
 Initialization time: 68.09
 Benchmark completed 
 Verification successful 
 L2 Norm is 5.706732285736216E-7
 Error is   6.630974614516886E-13
MG.C: Verification Successful
**** NAS Parallel Benchmarks Java-MPJ version (NPB-MPJ) MG ***** 
* Class             = C                                        * 
* Size              = 512 X 512 X 512                          * 
* Iterations        = 20                                       * 
* Time in seconds   = 61.308                                   * 
* ACCTime           = 0.000                                    * 
* Mops total        = 2539.515                                 * 
* Operation type    = floating point                           * 
* Verification      = Successful                               * 
* Process requested = 4                                        * 
*                                                              *
* Please send all errors/feedbacks to:                         * 
* Damian Alvarez Mallon                                        * 
* dalvarezm@udc.es                                             * 
**************************************************************** 
===============================================================================
End: Sat Jun 21 19:27:47 PDT 2014
