Running Java benchmark EP, class D, on 4 servers (np=4), tcp,self

SLURM job ID: 798383

Servers:
mpi009
mpi014
mpi010
mpi016

mpirun --mca btl_usnic_if_include 10.10.0.0/16,10.2.0.0/16 --mca btl_tcp_if_include 10.10.0.0/16,10.2.0.0/16 --mca btl tcp,self --bind-to core --map-by node -np 4 /home/jsquyres/git/java-perf-test/jre1.7.0_60/bin/java -Xmx64g NPB_MPJ.EP class=D

Start: Sat Jun 21 19:10:42 PDT 2014
===============================================================================
 Unofficial NAS Parallel Benchmarks Java version
 MPJ Version EP CLASS=D np=4
EP Benchmark Results
CPU Time = 4015.965
N = 2^36
No. Gaussian Pairs = 5.3972171957E10
Sums = 198248.1200939377 -102059.6636373199
Counts:
0 2.5154622775E10
1 2.4017899906E10
2 4.508609839E9
3 2.84201296E8
4 6776403.0
5 61541.0
6 197.0
7 0.0
8 0.0
9 0.0
EP.D: Verification Successful
**** NAS Parallel Benchmarks Java-MPJ version (NPB-MPJ) EP ***** 
* Class             = D                                        * 
* Size              = 2147483647                               * 
* Iterations        = 1                                        * 
* Time in seconds   = 4015.965                                 * 
* ACCTime           = 0.000                                    * 
* Mops total        = 34.223                                   * 
* Operation type    = Random numbers generated                 * 
* Verification      = Successful                               * 
* Process requested = 4                                        * 
*                                                              *
* Please send all errors/feedbacks to:                         * 
* Damian Alvarez Mallon                                        * 
* dalvarezm@udc.es                                             * 
**************************************************************** 
===============================================================================
End: Sat Jun 21 20:17:39 PDT 2014
