Running Java benchmark MG, class C, on 1 servers (np=16), sm,self

SLURM job ID: 798345

Servers:
mpi031
mpi031
mpi031
mpi031
mpi031
mpi031
mpi031
mpi031
mpi031
mpi031
mpi031
mpi031
mpi031
mpi031
mpi031
mpi031

mpirun --mca btl_usnic_if_include 10.10.0.0/16,10.2.0.0/16 --mca btl_tcp_if_include 10.10.0.0/16,10.2.0.0/16 --mca btl sm,self --bind-to core --map-by node -np 16 /home/jsquyres/git/java-perf-test/jre1.7.0_60/bin/java -Xmx64g NPB_MPJ.MG class=C

Start: Sat Jun 21 17:55:49 PDT 2014
===============================================================================
 Unofficial NAS Parallel Benchmarks Java version
 MPJ Version MG CLASS=C np=16
 No input file mg.input. Using compiled defaults
 Size                : 512x512x512
 Iterations          : 20
 Number of processes : 16
   iter 1
   iter 5
   iter 10
   iter 15
   iter 20
 Initialization time: 18.894
 Benchmark completed 
 Verification successful 
 L2 Norm is 5.706732285739966E-7
 Error is   5.937078558045338E-15
MG.C: Verification Successful
**** NAS Parallel Benchmarks Java-MPJ version (NPB-MPJ) MG ***** 
* Class             = C                                        * 
* Size              = 512 X 512 X 512                          * 
* Iterations        = 20                                       * 
* Time in seconds   = 15.901                                   * 
* ACCTime           = 0.000                                    * 
* Mops total        = 9791.369                                 * 
* Operation type    = floating point                           * 
* Verification      = Successful                               * 
* Process requested = 16                                       * 
*                                                              *
* Please send all errors/feedbacks to:                         * 
* Damian Alvarez Mallon                                        * 
* dalvarezm@udc.es                                             * 
**************************************************************** 
===============================================================================
End: Sat Jun 21 17:56:25 PDT 2014
