Running C benchmark /home/jsquyres/svn/ompi-tests/NPB3.3.1/NPB3.3-MPI/bin/cg.D.4, class tcp,self, on 4 servers (np=4), tcp,self

Servers:
mpi001
mpi023
mpi012
mpi029

mpirun --mca btl tcp,self --bind-to core --map-by node -np 4 /home/jsquyres/svn/ompi-tests/NPB3.3.1/NPB3.3-MPI/bin/cg.D.4

Start: Mon Feb 17 08:17:03 PST 2014
===============================================================================


 NAS Parallel Benchmarks 3.3 -- CG Benchmark

 Size:    1500000
 Iterations:   100
 Number of active processes:     4
 Number of nonzeroes per row:       21
 Eigenvalue shift: .500E+03

Program received signal SIGSEGV: Segmentation fault - invalid memory reference.

Backtrace for this error:
#0  0x2AAAAB1EB2E7
#1  0x2AAAAB1EB8EE
#2  0x317A23299F
#3  0x2AAAAFA42660

Program received signal SIGSEGV: Segmentation fault - invalid memory reference.

Backtrace for this error:
#0  0x2AAAAB1EB2E7
#1  0x2AAAAB1EB8EE
#2  0x330B43299F
#3  0x2AAAAFA42660
[mpi029][[6405,1],3][../../../../../ompi/mca/btl/tcp/btl_tcp_frag.c:219:mca_btl_tcp_frag_recv] mca_btl_tcp_frag_recv: readv failed: Connection reset by peer (104)
[mpi029:21822] [[6405,1],3] ORTE_ERROR_LOG: Unreachable in file ../../../../../ompi/mca/pml/ob1/pml_ob1_sendreq.c at line 1130
[mpi012][[6405,1],1][../../../../../ompi/mca/btl/tcp/btl_tcp_frag.c:219:mca_btl_tcp_frag_recv] mca_btl_tcp_frag_recv: readv failed: Connection reset by peer (104)
[mpi012:20964] [[6405,1],1] ORTE_ERROR_LOG: Unreachable in file ../../../../../ompi/mca/pml/ob1/pml_ob1_sendreq.c at line 1130
--------------------------------------------------------------------------
mpirun noticed that process rank 2 with PID 21072 on node mpi023 exited on signal 11 (Segmentation fault).
--------------------------------------------------------------------------
===============================================================================
End: Mon Feb 17 08:17:32 PST 2014
