Running C benchmark /home/jsquyres/svn/ompi-tests/NPB3.3.1/NPB3.3-MPI/bin/cg.C.1, class sm,self, on 1 servers (np=1), sm,self

Servers:
mpi001

mpirun --mca btl sm,self --bind-to core --map-by node -np 1 /home/jsquyres/svn/ompi-tests/NPB3.3.1/NPB3.3-MPI/bin/cg.C.1

Start: Mon Feb 17 08:09:41 PST 2014
===============================================================================


 NAS Parallel Benchmarks 3.3 -- CG Benchmark

 Size:     150000
 Iterations:    75
 Number of active processes:     1
 Number of nonzeroes per row:       15
 Eigenvalue shift: .110E+03

   iteration           ||r||                 zeta
        1       0.48234431173952E-12   109.9994423237398
        2       0.10813301768061E-14    27.3920437146500
        3       0.11351384459845E-14    28.0339761840280
        4       0.11648391234434E-14    28.4191507551295
        5       0.11886771894963E-14    28.6471670038885
        6       0.11937874759659E-14    28.7812969418392
        7       0.12008615920883E-14    28.8600458537346
        8       0.12048530020154E-14    28.9063145572706
        9       0.12062626841265E-14    28.9335649214626
       10       0.12082951489145E-14    28.9496695448994
       11       0.12100045071758E-14    28.9592263353758
       12       0.12105538135476E-14    28.9649233484885
       13       0.12090697132234E-14    28.9683359248931
       14       0.12094759658880E-14    28.9703903960010
       15       0.12098629452510E-14    28.9716336228364
       16       0.12105410367377E-14    28.9723898600845
       17       0.12083418434676E-14    28.9728522692226
       18       0.12150514608219E-14    28.9731364797774
       19       0.12058055475732E-14    28.9733120569269
       20       0.12111799404999E-14    28.9734210663746
       21       0.12088605674603E-14    28.9734890760527
       22       0.12125228055955E-14    28.9735317064875
       23       0.12118183440261E-14    28.9735585497263
       24       0.12123372970376E-14    28.9735755256659
       25       0.12157366104819E-14    28.9735863059394
       26       0.12073280892320E-14    28.9735931787385
       27       0.12128045423460E-14    28.9735975767405
       28       0.12128795080443E-14    28.9736004009971
       29       0.12079164427643E-14    28.9736022206776
       30       0.12130178537380E-14    28.9736033967622
       31       0.12036462567625E-14    28.9736041591166
       32       0.12044366750466E-14    28.9736046546421
       33       0.12091217036463E-14    28.9736049775613
       34       0.12085085775008E-14    28.9736051885084
       35       0.12090796426934E-14    28.9736053266234
       36       0.12042067084041E-14    28.9736054172447
       37       0.12073535972318E-14    28.9736054768233
       38       0.12094898947086E-14    28.9736055160626
       39       0.12053079614109E-14    28.9736055419578
       40       0.12104427271092E-14    28.9736055590683
       41       0.12070784516351E-14    28.9736055703955
       42       0.12107062181558E-14    28.9736055779078
       43       0.12037074499666E-14    28.9736055828921
       44       0.12082164996494E-14    28.9736055862095
       45       0.12018175839238E-14    28.9736055884115
       46       0.12084480429540E-14    28.9736055898835
       47       0.12034719199629E-14    28.9736055908642
       48       0.12010895380859E-14    28.9736055915203
       49       0.12074619055286E-14    28.9736055919557
       50       0.12063268698261E-14    28.9736055922496
       51       0.12072764694589E-14    28.9736055924445
       52       0.12055938281969E-14    28.9736055925755
       53       0.12045153695310E-14    28.9736055926636
       54       0.12102319103294E-14    28.9736055927237
       55       0.12056144710026E-14    28.9736055927632
       56       0.12058642663639E-14    28.9736055927895
       57       0.12036388918711E-14    28.9736055928068
       58       0.12025303295927E-14    28.9736055928179
       59       0.12035322732149E-14    28.9736055928297
       60       0.12024957335314E-14    28.9736055928340
       61       0.12075171648896E-14    28.9736055928370
       62       0.12105355072094E-14    28.9736055928412
       63       0.11996918375061E-14    28.9736055928397
       64       0.12023750015119E-14    28.9736055928433
       65       0.12036586856011E-14    28.9736055928427
       66       0.12107773799785E-14    28.9736055928443
       67       0.12043927909652E-14    28.9736055928434
       68       0.12055636258518E-14    28.9736055928459
       69       0.12054998562919E-14    28.9736055928467
       70       0.12090369981388E-14    28.9736055928445
       71       0.12060279708305E-14    28.9736055928458
       72       0.12052402871101E-14    28.9736055928434
       73       0.12056749820729E-14    28.9736055928469
       74       0.11998943412229E-14    28.9736055928454
       75       0.12053174104701E-14    28.9736055928454
 Benchmark completed 
 VERIFICATION SUCCESSFUL 
 Zeta is     0.2897360559285E+02
 Error is    0.1287499186384E-13


 CG Benchmark Completed.
 Class           =                        C
 Size            =                   150000
 Iterations      =                       75
 Time in seconds =                   294.91
 Total processes =                        1
 Compiled procs  =                        1
 Mop/s total     =                   486.07
 Mop/s/process   =                   486.07
 Operation type  =           floating point
 Verification    =               SUCCESSFUL
 Version         =                    3.3.1
 Compile date    =              17 Feb 2014

 Compile options:
    MPIF77       = mpifort
    FLINK        = $(MPIF77)
    FMPI_LIB     = (none)
    FMPI_INC     = (none)
    FFLAGS       = -O2 -mcmodel=large
    FLINKFLAGS   = -O2 -mcmodel=large
    RAND         = randi8


 Please send feedbacks and/or the results of this run to:

 NPB Development Team 
 Internet: npb@nas.nasa.gov


===============================================================================
End: Mon Feb 17 08:14:43 PST 2014
