Running C benchmark /home/jsquyres/svn/ompi-tests/NPB3.3.1/NPB3.3-MPI/bin/cg.C.4, class tcp,self, on 4 servers (np=4), tcp,self

Servers:
mpi001
mpi023
mpi012
mpi029

mpirun --mca btl tcp,self --bind-to core --map-by node -np 4 /home/jsquyres/svn/ompi-tests/NPB3.3.1/NPB3.3-MPI/bin/cg.C.4

Start: Mon Feb 17 08:15:36 PST 2014
===============================================================================


 NAS Parallel Benchmarks 3.3 -- CG Benchmark

 Size:     150000
 Iterations:    75
 Number of active processes:     4
 Number of nonzeroes per row:       15
 Eigenvalue shift: .110E+03

Program received signal SIGSEGV: Segmentation fault - invalid memory reference.

Backtrace for this error:

Program received signal SIGSEGV: Segmentation fault - invalid memory reference.

Backtrace for this error:
#0  0x2AAAAB1EB2E7
#1  0x2AAAAB1EB8EE
#2  0x3225E3299F
#3  0x2AAAAFA42660
#0  0x2AAAAB1EB2E7
#1  0x2AAAAB1EB8EE
#2  0x317A23299F
#3  0x2AAAAFA42660

Program received signal SIGSEGV: Segmentation fault - invalid memory reference.

Backtrace for this error:
#0  0x2AAAAB1EB2E7
#1  0x2AAAAB1EB8EE
#2  0x330B43299F
#3  0x2AAAAFA42660

Program received signal SIGSEGV: Segmentation fault - invalid memory reference.

Backtrace for this error:
#0  0x2AAAAB1EB2E7
#1  0x2AAAAB1EB8EE
#2  0x3B9103299F
#3  0x2AAAAFA42660
--------------------------------------------------------------------------
mpirun noticed that process rank 2 with PID 20952 on node mpi023 exited on signal 11 (Segmentation fault).
--------------------------------------------------------------------------
2 total processes killed (some possibly by mpirun during cleanup)
===============================================================================
End: Mon Feb 17 08:15:40 PST 2014
