Running C benchmark /home/jsquyres/svn/ompi-tests/NPB3.3.1/NPB3.3-MPI/bin/ep.C.4, class usnic,self, on 4 servers (np=4), usnic,self

Servers:
mpi001
mpi006
mpi012
mpi015

mpirun --mca btl usnic,self --bind-to core --map-by node -np 4 /home/jsquyres/svn/ompi-tests/NPB3.3.1/NPB3.3-MPI/bin/ep.C.4

Start: Mon Feb 17 08:51:07 PST 2014
===============================================================================

 NAS Parallel Benchmarks 3.3 -- EP Benchmark

 Number of random numbers generated:      8589934592
 Number of active processes:                       4

EP Benchmark Results:

CPU Time =   70.4025
N = 2^   32
No. Gaussian Pairs =    3373275903.
Sums =     4.764367927995943D+04   -8.084072988039246D+04
Counts:
  0    1572172634.
  1    1501108549.
  2     281805648.
  3      17761221.
  4        424017.
  5          3821.
  6            13.
  7             0.
  8             0.
  9             0.


 EP Benchmark Completed.
 Class           =                        C
 Size            =               8589934592
 Iterations      =                        0
 Time in seconds =                    70.40
 Total processes =                        4
 Compiled procs  =                        4
 Mop/s total     =                   122.01
 Mop/s/process   =                    30.50
 Operation type  = Random numbers generated
 Verification    =               SUCCESSFUL
 Version         =                    3.3.1
 Compile date    =              17 Feb 2014

 Compile options:
    MPIF77       = mpifort
    FLINK        = $(MPIF77)
    FMPI_LIB     = (none)
    FMPI_INC     = (none)
    FFLAGS       = -O2 -mcmodel=large
    FLINKFLAGS   = -O2 -mcmodel=large
    RAND         = randi8


 Please send feedbacks and/or the results of this run to:

 NPB Development Team 
 Internet: npb@nas.nasa.gov


===============================================================================
End: Mon Feb 17 08:52:21 PST 2014
