Running C benchmark /home/jsquyres/svn/ompi-tests/NPB3.3.1/NPB3.3-MPI/bin/ep.C.2, class tcp,self, on 2 servers (np=2), tcp,self

Servers:
mpi015
mpi019

mpirun --mca btl tcp,self --bind-to core --map-by node -np 2 /home/jsquyres/svn/ompi-tests/NPB3.3.1/NPB3.3-MPI/bin/ep.C.2

Start: Mon Feb 17 08:12:06 PST 2014
===============================================================================

 NAS Parallel Benchmarks 3.3 -- EP Benchmark

 Number of random numbers generated:      8589934592
 Number of active processes:                       2

EP Benchmark Results:

CPU Time =  140.7833
N = 2^   32
No. Gaussian Pairs =    3373275903.
Sums =     4.764367927997834D+04   -8.084072988025697D+04
Counts:
  0    1572172634.
  1    1501108549.
  2     281805648.
  3      17761221.
  4        424017.
  5          3821.
  6            13.
  7             0.
  8             0.
  9             0.


 EP Benchmark Completed.
 Class           =                        C
 Size            =               8589934592
 Iterations      =                        0
 Time in seconds =                   140.78
 Total processes =                        2
 Compiled procs  =                        2
 Mop/s total     =                    61.02
 Mop/s/process   =                    30.51
 Operation type  = Random numbers generated
 Verification    =               SUCCESSFUL
 Version         =                    3.3.1
 Compile date    =              17 Feb 2014

 Compile options:
    MPIF77       = mpifort
    FLINK        = $(MPIF77)
    FMPI_LIB     = (none)
    FMPI_INC     = (none)
    FFLAGS       = -O2 -mcmodel=large
    FLINKFLAGS   = -O2 -mcmodel=large
    RAND         = randi8


 Please send feedbacks and/or the results of this run to:

 NPB Development Team 
 Internet: npb@nas.nasa.gov


===============================================================================
End: Mon Feb 17 08:14:29 PST 2014
