Running C benchmark /home/jsquyres/svn/ompi-tests/NPB3.3.1/NPB3.3-MPI/bin/ep.D.16, class sm,self, on 1 servers (np=16), sm,self

Servers:
mpi029
mpi029
mpi029
mpi029
mpi029
mpi029
mpi029
mpi029
mpi029
mpi029
mpi029
mpi029
mpi029
mpi029
mpi029
mpi029

mpirun --mca btl sm,self --bind-to core --map-by node -np 16 /home/jsquyres/svn/ompi-tests/NPB3.3.1/NPB3.3-MPI/bin/ep.D.16

Start: Mon Feb 17 08:10:18 PST 2014
===============================================================================

 NAS Parallel Benchmarks 3.3 -- EP Benchmark

 Number of random numbers generated:    137438953472
 Number of active processes:                      16

EP Benchmark Results:

CPU Time =  284.2695
N = 2^   36
No. Gaussian Pairs =   53972171957.
Sums =     1.982481200946259D+05   -1.020596636360082D+05
Counts:
  0   25154622775.
  1   24017899906.
  2    4508609839.
  3     284201296.
  4       6776403.
  5         61541.
  6           197.
  7             0.
  8             0.
  9             0.


 EP Benchmark Completed.
 Class           =                        D
 Size            =             137438953472
 Iterations      =                        0
 Time in seconds =                   284.27
 Total processes =                       16
 Compiled procs  =                       16
 Mop/s total     =                   483.48
 Mop/s/process   =                    30.22
 Operation type  = Random numbers generated
 Verification    =               SUCCESSFUL
 Version         =                    3.3.1
 Compile date    =              17 Feb 2014

 Compile options:
    MPIF77       = mpifort
    FLINK        = $(MPIF77)
    FMPI_LIB     = (none)
    FMPI_INC     = (none)
    FFLAGS       = -O2 -mcmodel=large
    FLINKFLAGS   = -O2 -mcmodel=large
    RAND         = randi8


 Please send feedbacks and/or the results of this run to:

 NPB Development Team 
 Internet: npb@nas.nasa.gov


===============================================================================
End: Mon Feb 17 08:15:04 PST 2014
