Running Java benchmark SPopt4, class D, on 2 servers (np=2), tcp,self

Servers:
mpi003
mpi013

mpirun --mca btl tcp,self --bind-to core --map-by node -np 2 java NPB_MPJ.SPopt4 class=D

Start: Mon Feb 17 10:37:22 PST 2014
===============================================================================
Exception in thread "main" java.lang.NoClassDefFoundError: NPB_MPJ/SPopt4
Caused by: java.lang.ClassNotFoundException: NPB_MPJ.SPopt4
	at java.net.URLClassLoader$1.run(URLClassLoader.java:217)
	at java.security.AccessController.doPrivileged(Native Method)
	at java.net.URLClassLoader.findClass(URLClassLoader.java:205)
	at java.lang.ClassLoader.loadClass(ClassLoader.java:323)
	at sun.misc.Launcher$AppClassLoader.loadClass(Launcher.java:294)
	at java.lang.ClassLoader.loadClass(ClassLoader.java:268)
Could not find the main class: NPB_MPJ.SPopt4. Program will exit.
-------------------------------------------------------
Primary job  terminated normally, but 1 process returned
a non-zero exit code.. Per user-direction, the job has been aborted.
-------------------------------------------------------
===============================================================================
End: Mon Feb 17 10:37:24 PST 2014
