Running Java benchmark SPopt3, class C, on 8 servers (np=8), tcp,self

Servers:
mpi002
mpi013
mpi005
mpi011
mpi026
mpi025
mpi028
mpi003

mpirun --mca btl tcp,self --bind-to core --map-by node -np 8 java NPB_MPJ.SPopt3 class=C

Start: Tue Feb 18 01:27:23 PST 2014
===============================================================================
--------------------------------------------------------------------------
MPI_ABORT was invoked on rank 6 in communicator MPI_COMM_WORLD 
with errorcode -1.

NOTE: invoking MPI_ABORT causes Open MPI to kill all MPI processes.
You may or may not see output from other processes, depending on
exactly when Open MPI kills them.
--------------------------------------------------------------------------
===============================================================================
End: Tue Feb 18 01:27:25 PST 2014
