Running Java benchmark SPopt4, class D, on 4 servers (np=4), usnic,self

Servers:
mpi002
mpi025
mpi003
mpi026

mpirun --mca btl usnic,self --bind-to core --map-by node -np 4 java NPB_MPJ.SPopt4 class=D

Start: Mon Feb 17 22:57:23 PST 2014
===============================================================================
Exception in thread "main" java.lang.NoClassDefFoundError: NPB_MPJ/SPopt4Exception in thread "main" java.lang.NoClassDefFoundError: NPB_MPJ/SPopt4

Caused by: java.lang.ClassNotFoundException: NPB_MPJ.SPopt4
Caused by: java.lang.ClassNotFoundException: NPB_MPJ.SPopt4
	at java.net.URLClassLoader$1.run(URLClassLoader.java:217)
	at java.security.AccessController.doPrivileged(Native Method)	at java.net.URLClassLoader$1.run(URLClassLoader.java:217)
	at java.net.URLClassLoader.findClass(URLClassLoader.java:205)

	at java.security.AccessController.doPrivileged(Native Method)
	at java.lang.ClassLoader.loadClass(ClassLoader.java:323)	at java.net.URLClassLoader.findClass(URLClassLoader.java:205)

Exception in thread "main" 	at sun.misc.Launcher$AppClassLoader.loadClass(Launcher.java:294)	at java.lang.ClassLoader.loadClass(ClassLoader.java:323)

	at java.lang.ClassLoader.loadClass(ClassLoader.java:268)	at sun.misc.Launcher$AppClassLoader.loadClass(Launcher.java:294)

java.lang.NoClassDefFoundError: NPB_MPJ/SPopt4	at java.lang.ClassLoader.loadClass(ClassLoader.java:268)

Caused by: java.lang.ClassNotFoundException: NPB_MPJ.SPopt4
	at java.net.URLClassLoader$1.run(URLClassLoader.java:217)
	at java.security.AccessController.doPrivileged(Native Method)
	at java.net.URLClassLoader.findClass(URLClassLoader.java:205)
	at java.lang.ClassLoader.loadClass(ClassLoader.java:323)
	at sun.misc.Launcher$AppClassLoader.loadClass(Launcher.java:294)
	at java.lang.ClassLoader.loadClass(ClassLoader.java:268)
Could not find the main class: NPB_MPJ.SPopt4. Program will exit.
Could not find the main class: NPB_MPJ.SPopt4. Program will exit.
Could not find the main class: NPB_MPJ.SPopt4. Program will exit.
-------------------------------------------------------
Primary job  terminated normally, but 1 process returned
a non-zero exit code.. Per user-direction, the job has been aborted.
-------------------------------------------------------
Exception in thread "main" java.lang.NoClassDefFoundError: NPB_MPJ/SPopt4
Caused by: java.lang.ClassNotFoundException: NPB_MPJ.SPopt4
	at java.net.URLClassLoader$1.run(URLClassLoader.java:217)
	at java.security.AccessController.doPrivileged(Native Method)
	at java.net.URLClassLoader.findClass(URLClassLoader.java:205)
	at java.lang.ClassLoader.loadClass(ClassLoader.java:323)
	at sun.misc.Launcher$AppClassLoader.loadClass(Launcher.java:294)
	at java.lang.ClassLoader.loadClass(ClassLoader.java:268)
Could not find the main class: NPB_MPJ.SPopt4. Program will exit.
--------------------------------------------------------------------------
mpirun detected that one or more processes exited with non-zero status, thus causing
the job to be terminated. The first process to do so was:

  Process name: [[643,1],2]
  Exit code:    1
--------------------------------------------------------------------------
===============================================================================
End: Mon Feb 17 22:57:24 PST 2014
