Running Java benchmark CGbuf, class C, on 4 servers (np=4), tcp,self

Servers:
mpi015
mpi019
mpi022
mpi027

mpirun --mca btl tcp,self --bind-to core --map-by node -np 4 java NPB_MPJ.CGbuf class=C

Start: Mon Feb 17 11:04:23 PST 2014
===============================================================================
 Unofficial NAS Parallel Benchmarks -- CG Benchmark
 Size: 150000
 Iterations: 75
 Number of active processes: 4
 Number of nonzeroes per row: 15
 Eigenvalue shift: 110.0
 Iteration "-1"  is the warm up iteration
   iteration            ||r||                 zeta
#
# A fatal error has been detected by the Java Runtime Environment:
#
#  SIGSEGV (0xb) at pc=0x00002aab70219660, pid=22178, tid=46912518821632
#
# JRE version: 6.0_28-b28
# Java VM: OpenJDK 64-Bit Server VM (23.25-b01 mixed mode linux-amd64 compressed oops)
# Problematic frame:
# C  [mca_pml_ob1.so+0x219660]#
# A fatal error has been detected by the Java Runtime Environment:
#
#  SIGSEGV (0xb) at pc=0x00002aab70219660, pid=28300, tid=46912518821632
#
# JRE version: 6.0_28-b28
# Java VM: OpenJDK 64-Bit Server VM (23.25-b01 mixed mode linux-amd64 compressed oops)
# Problematic frame:
# C  [mca_pml_ob1.so+0x219660]  _fini+0x203738
#
# Core dump written. Default location: /home/jsquyres/svn/ompi-tests/NPB_MPJ/core or core.28300
#
# An error report file with more information is saved as:
# /home/jsquyres/svn/ompi-tests/NPB_MPJ/hs_err_pid28300.log
  _fini+0x203738
#
# Core dump written. Default location: /home/jsquyres/svn/ompi-tests/NPB_MPJ/core or core.22178
#
# An error report file with more information is saved as:
# /home/jsquyres/svn/ompi-tests/NPB_MPJ/hs_err_pid22178.log
#
# If you would like to submit a bug report, please include
# instructions how to reproduce the bug and visit:
#   http://icedtea.classpath.org/bugzilla
#
[mpi027:28300] *** Process received signal ***
[mpi027:28300] Signal: Aborted (6)
[mpi027:28300] Signal code:  (-6)
#
# A fatal error has been detected by the Java Runtime Environment:
#
#  SIGSEGV (0xb) at pc=0x00002aab70219660, pid=28990, tid=46912518821632
#
# JRE version: 6.0_28-b28
# Java VM: OpenJDK 64-Bit Server VM (23.25-b01 mixed mode linux-amd64 compressed oops)
# Problematic frame:
# C  [mca_pml_ob1.so+0x219660]  _fini+0x203738
#
# Core dump written. Default location: /home/jsquyres/svn/ompi-tests/NPB_MPJ/core or core.28990
#
# An error report file with more information is saved as:
# /home/jsquyres/svn/ompi-tests/NPB_MPJ/hs_err_pid28990.log
[mpi022:22178] *** Process received signal ***
[mpi022:22178] Signal: Aborted (6)
[mpi022:22178] Signal code:  (-6)
#
# If you would like to submit a bug report, please include
# instructions how to reproduce the bug and visit:
#   http://icedtea.classpath.org/bugzilla
#
[mpi015:28990] *** Process received signal ***
[mpi015:28990] Signal: Aborted (6)
[mpi015:28990] Signal code:  (-6)
#
# If you would like to submit a bug report, please include
# instructions how to reproduce the bug and visit:
#   http://icedtea.classpath.org/bugzilla
#
[mpi027:28300] [ 0] /lib64/libpthread.so.0[0x3bda00f710]
[mpi027:28300] [ 1] /lib64/libc.so.6(gsignal+0x35)[0x3bd9c32925]
[mpi027:28300] [ 2] /lib64/libc.so.6(abort+0x175)[0x3bd9c34105]
[mpi027:28300] [ 3] /usr/lib/jvm/java-1.6.0-openjdk-1.6.0.0.x86_64/jre/lib/amd64/server/libjvm.so(+0x71d355)[0x2aaaab1e2355]
[mpi027:28300] [ 4] /usr/lib/jvm/java-1.6.0-openjdk-1.6.0.0.x86_64/jre/lib/amd64/server/libjvm.so(+0x8700af)[0x2aaaab3350af]
[mpi027:28300] [ 5] /usr/lib/jvm/java-1.6.0-openjdk-1.6.0.0.x86_64/jre/lib/amd64/server/libjvm.so(+0x87075b)[0x2aaaab33575b]
[mpi027:28300] [ 6] /lib64/libpthread.so.0[0x3bda00f710]
[mpi027:28300] [ 7] /usr/lib/jvm/java-1.6.0-openjdk-1.6.0.0.x86_64/jre/lib/amd64/server/libjvm.so(+0x714dcf)[0x2aaaab1d9dcf]
[mpi027:28300] [ 8] /usr/lib/jvm/java-1.6.0-openjdk-1.6.0.0.x86_64/jre/lib/amd64/server/libjvm.so(+0x86f207)[0x2aaaab334207]
[mpi027:28300] [ 9] /usr/lib/jvm/java-1.6.0-openjdk-1.6.0.0.x86_64/jre/lib/amd64/server/libjvm.so(+0x86fc23)[0x2aaaab334c23]
[mpi027:28300] [10] /usr/lib/jvm/java-1.6.0-openjdk-1.6.0.0.x86_64/jre/lib/amd64/server/libjvm.so(JVM_handle_linux_signal+0x127)[0x2aaaab1e65b7]
[mpi027:28300] [11] /lib64/libpthread.so.0[0x3bda00f710]
[mpi027:28300] [12] /home/jsquyres/bogus/lib/openmpi/mca_pml_ob1.so(+0x219660)[0x2aab70219660]
[mpi027:28300] *** End of error message ***
[mpi022:22178] [ 0] /lib64/libpthread.so.0[0x301860f710]
[mpi022:22178] [ 1] /lib64/libc.so.6(gsignal+0x35)[0x3018232925]
[mpi022:22178] [ 2] /lib64/libc.so.6(abort+0x175)[0x3018234105]
[mpi022:22178] [ 3] /usr/lib/jvm/java-1.6.0-openjdk-1.6.0.0.x86_64/jre/lib/amd64/server/libjvm.so(+0x71d355)[0x2aaaab1e2355]
[mpi022:22178] [ 4] /usr/lib/jvm/java-1.6.0-openjdk-1.6.0.0.x86_64/jre/lib/amd64/server/libjvm.so(+0x8700af)[0x2aaaab3350af]
[mpi022:22178] [ 5] /usr/lib/jvm/java-1.6.0-openjdk-1.6.0.0.x86_64/jre/lib/amd64/server/libjvm.so(+0x87075b)[0x2aaaab33575b]
[mpi022:22178] [ 6] /lib64/libpthread.so.0[0x301860f710]
[mpi022:22178] [ 7] /usr/lib/jvm/java-1.6.0-openjdk-1.6.0.0.x86_64/jre/lib/amd64/server/libjvm.so(+0x714dcf)[0x2aaaab1d9dcf]
[mpi022:22178] [ 8] /usr/lib/jvm/java-1.6.0-openjdk-1.6.0.0.x86_64/jre/lib/amd64/server/libjvm.so(+0x86f207)[0x2aaaab334207]
[mpi022:22178] [ 9] /usr/lib/jvm/java-1.6.0-openjdk-1.6.0.0.x86_64/jre/lib/amd64/server/libjvm.so(+0x86fc23)[0x2aaaab334c23]
[mpi022:22178] [10] /usr/lib/jvm/java-1.6.0-openjdk-1.6.0.0.x86_64/jre/lib/amd64/server/libjvm.so(JVM_handle_linux_signal+0x127)[0x2aaaab1e65b7]
[mpi022:22178] [11] /lib64/libpthread.so.0[0x301860f710]
[mpi022:22178] [12] /home/jsquyres/bogus/lib/openmpi/mca_pml_ob1.so(+0x219660)[0x2aab70219660]
[mpi022:22178] *** End of error message ***
#
# A fatal error has been detected by the Java Runtime Environment:
#
#  SIGSEGV (0xb) at pc=0x00002aab70219660, pid=28752, tid=46912518821632
#
# JRE version: 6.0_28-b28
# Java VM: OpenJDK 64-Bit Server VM (23.25-b01 mixed mode linux-amd64 compressed oops)
# Problematic frame:
# C  [mca_pml_ob1.so+0x219660]  _fini+0x203738
#
# Core dump written. Default location: /home/jsquyres/svn/ompi-tests/NPB_MPJ/core or core.28752
#
# An error report file with more information is saved as:
# /home/jsquyres/svn/ompi-tests/NPB_MPJ/hs_err_pid28752.log
[mpi019:28752] *** Process received signal ***
[mpi019:28752] Signal: Aborted (6)
[mpi019:28752] Signal code:  (-6)
#
# If you would like to submit a bug report, please include
# instructions how to reproduce the bug and visit:
#   http://icedtea.classpath.org/bugzilla
#
[mpi019:28752] [ 0] /lib64/libpthread.so.0[0x3311e0f710]
[mpi019:28752] [ 1] /lib64/libc.so.6(gsignal+0x35)[0x3311a32925]
[mpi019:28752] [ 2] /lib64/libc.so.6(abort+0x175)[0x3311a34105]
[mpi019:28752] [ 3] /usr/lib/jvm/java-1.6.0-openjdk-1.6.0.0.x86_64/jre/lib/amd64/server/libjvm.so(+0x71d355)[0x2aaaab1e2355]
[mpi019:28752] [ 4] /usr/lib/jvm/java-1.6.0-openjdk-1.6.0.0.x86_64/jre/lib/amd64/server/libjvm.so(+0x8700af)[0x2aaaab3350af]
[mpi019:28752] [ 5] /usr/lib/jvm/java-1.6.0-openjdk-1.6.0.0.x86_64/jre/lib/amd64/server/libjvm.so(+0x87075b)[0x2aaaab33575b]
[mpi019:28752] [ 6] /lib64/libpthread.so.0[0x3311e0f710]
[mpi019:28752] [ 7] /usr/lib/jvm/java-1.6.0-openjdk-1.6.0.0.x86_64/jre/lib/amd64/server/libjvm.so(+0x714dcf)[0x2aaaab1d9dcf]
[mpi019:28752] [ 8] /usr/lib/jvm/java-1.6.0-openjdk-1.6.0.0.x86_64/jre/lib/amd64/server/libjvm.so(+0x86f207)[0x2aaaab334207]
[mpi019:28752] [ 9] /usr/lib/jvm/java-1.6.0-openjdk-1.6.0.0.x86_64/jre/lib/amd64/server/libjvm.so(+0x86fc23)[0x2aaaab334c23]
[mpi019:28752] [10] /usr/lib/jvm/java-1.6.0-openjdk-1.6.0.0.x86_64/jre/lib/amd64/server/libjvm.so(JVM_handle_linux_signal+0x127)[0x2aaaab1e65b7]
[mpi019:28752] [11] /lib64/libpthread.so.0[0x3311e0f710]
[mpi019:28752] [12] /home/jsquyres/bogus/lib/openmpi/mca_pml_ob1.so(+0x219660)[0x2aab70219660]
[mpi019:28752] *** End of error message ***
[mpi015:28990] [ 0] /lib64/libpthread.so.0[0x327a80f710]
[mpi015:28990] [ 1] /lib64/libc.so.6(gsignal+0x35)[0x327a432925]
[mpi015:28990] [ 2] /lib64/libc.so.6(abort+0x175)[0x327a434105]
[mpi015:28990] [ 3] /usr/lib/jvm/java-1.6.0-openjdk-1.6.0.0.x86_64/jre/lib/amd64/server/libjvm.so(+0x71d355)[0x2aaaab1e2355]
[mpi015:28990] [ 4] /usr/lib/jvm/java-1.6.0-openjdk-1.6.0.0.x86_64/jre/lib/amd64/server/libjvm.so(+0x8700af)[0x2aaaab3350af]
[mpi015:28990] [ 5] /usr/lib/jvm/java-1.6.0-openjdk-1.6.0.0.x86_64/jre/lib/amd64/server/libjvm.so(+0x87075b)[0x2aaaab33575b]
[mpi015:28990] [ 6] /lib64/libpthread.so.0[0x327a80f710]
[mpi015:28990] [ 7] /usr/lib/jvm/java-1.6.0-openjdk-1.6.0.0.x86_64/jre/lib/amd64/server/libjvm.so(+0x714dcf)[0x2aaaab1d9dcf]
[mpi015:28990] [ 8] /usr/lib/jvm/java-1.6.0-openjdk-1.6.0.0.x86_64/jre/lib/amd64/server/libjvm.so(+0x86f207)[0x2aaaab334207]
[mpi015:28990] [ 9] /usr/lib/jvm/java-1.6.0-openjdk-1.6.0.0.x86_64/jre/lib/amd64/server/libjvm.so(+0x86fc23)[0x2aaaab334c23]
[mpi015:28990] [10] /usr/lib/jvm/java-1.6.0-openjdk-1.6.0.0.x86_64/jre/lib/amd64/server/libjvm.so(JVM_handle_linux_signal+0x127)[0x2aaaab1e65b7]
[mpi015:28990] [11] /lib64/libpthread.so.0[0x327a80f710]
[mpi015:28990] [12] /home/jsquyres/bogus/lib/openmpi/mca_pml_ob1.so(+0x219660)[0x2aab70219660]
[mpi015:28990] *** End of error message ***
--------------------------------------------------------------------------
mpirun noticed that process rank 3 with PID 28300 on node mpi027 exited on signal 6 (Aborted).
--------------------------------------------------------------------------
3 total processes killed (some possibly by mpirun during cleanup)
===============================================================================
End: Mon Feb 17 11:04:27 PST 2014
