Running Java benchmark CG, class C, on 4 servers (np=4), tcp,self

Servers:
mpi003
mpi028
mpi013
mpi032

mpirun --mca btl tcp,self --bind-to core --map-by node -np 4 java NPB_MPJ.CG class=C

Start: Mon Feb 17 10:37:52 PST 2014
===============================================================================
 Unofficial NAS Parallel Benchmarks -- CG Benchmark
 Size: 150000
 Iterations: 75
 Number of active processes: 4
 Number of nonzeroes per row: 15
 Eigenvalue shift: 110.0
 Iteration "-1"  is the warm up iteration
   iteration            ||r||                 zeta
#
# A fatal error has been detected by the Java Runtime Environment:
#
#  SIGSEGV (0xb) at pc=0x00002aab74219660, pid=28291, tid=46912518821632
#
# JRE version: 6.0_28-b28
# Java VM: OpenJDK 64-Bit Server VM (23.25-b01 mixed mode linux-amd64 compressed oops)
# Problematic frame:
# C  [mca_pml_ob1.so+0x219660]  _fini+0x203738
#
# Core dump written. Default location: /home/jsquyres/svn/ompi-tests/NPB_MPJ/core or core.28291
#
# An error report file with more information is saved as:
# /home/jsquyres/svn/ompi-tests/NPB_MPJ/hs_err_pid28291.log
#
# A fatal error has been detected by the Java Runtime Environment:
#
#  SIGSEGV (0xb) at pc=0x00002aab74219660, pid=27818, tid=46912518821632
#
# JRE version: 6.0_28-b28
# Java VM: OpenJDK 64-Bit Server VM (23.25-b01 mixed mode linux-amd64 compressed oops)
# Problematic frame:
# C  [mca_pml_ob1.so+0x219660]#
# A fatal error has been detected by the Java Runtime Environment:
#
#  SIGSEGV (0xb) at pc=0x00002aab74219660, pid=21041, tid=46912518821632
#
# JRE version: 6.0_28-b28
# Java VM: OpenJDK 64-Bit Server VM (23.25-b01 mixed mode linux-amd64 compressed oops)
# Problematic frame:
# C  [mca_pml_ob1.so+0x219660]  _fini+0x203738
#
# Core dump written. Default location: /home/jsquyres/svn/ompi-tests/NPB_MPJ/core or core.21041
#
  _fini+0x203738
#
# Core dump written. Default location: /home/jsquyres/svn/ompi-tests/NPB_MPJ/core or core.27818
#
# An error report file with more information is saved as:
# /home/jsquyres/svn/ompi-tests/NPB_MPJ/hs_err_pid21041.log
# An error report file with more information is saved as:
# /home/jsquyres/svn/ompi-tests/NPB_MPJ/hs_err_pid27818.log
#
# A fatal error has been detected by the Java Runtime Environment:
#
#  SIGSEGV (0xb) at pc=0x00002aab74219660, pid=27942, tid=46912518821632
#
# JRE version: 6.0_28-b28
# Java VM: OpenJDK 64-Bit Server VM (23.25-b01 mixed mode linux-amd64 compressed oops)
# Problematic frame:
# C  [mca_pml_ob1.so+0x219660]  _fini+0x203738
#
# Core dump written. Default location: /home/jsquyres/svn/ompi-tests/NPB_MPJ/core or core.27942
#
# An error report file with more information is saved as:
# /home/jsquyres/svn/ompi-tests/NPB_MPJ/hs_err_pid27942.log
[mpi013:27942] *** Process received signal ***
[mpi013:27942] Signal: Aborted (6)
[mpi013:27942] Signal code:  (-6)
#
# If you would like to submit a bug report, please include
# instructions how to reproduce the bug and visit:
#   http://icedtea.classpath.org/bugzilla
#
[mpi013:27942] [ 0] /lib64/libpthread.so.0[0x378820f710]
[mpi013:27942] [ 1] /lib64/libc.so.6(gsignal+0x35)[0x3787e32925]
[mpi013:27942] [ 2] /lib64/libc.so.6(abort+0x175)[0x3787e34105]
[mpi013:27942] [ 3] /usr/lib/jvm/java-1.6.0-openjdk-1.6.0.0.x86_64/jre/lib/amd64/server/libjvm.so(+0x71d355)[0x2aaaab1e2355]
[mpi013:27942] [ 4] /usr/lib/jvm/java-1.6.0-openjdk-1.6.0.0.x86_64/jre/lib/amd64/server/libjvm.so(+0x8700af)[0x2aaaab3350af]
[mpi013:27942] [ 5] /usr/lib/jvm/java-1.6.0-openjdk-1.6.0.0.x86_64/jre/lib/amd64/server/libjvm.so(+0x87075b)[0x2aaaab33575b]
[mpi013:27942] [ 6] /lib64/libpthread.so.0[0x378820f710]
[mpi013:27942] [ 7] /usr/lib/jvm/java-1.6.0-openjdk-1.6.0.0.x86_64/jre/lib/amd64/server/libjvm.so(+0x714dcf)[0x2aaaab1d9dcf]
[mpi013:27942] [ 8] /usr/lib/jvm/java-1.6.0-openjdk-1.6.0.0.x86_64/jre/lib/amd64/server/libjvm.so(+0x86f207)[0x2aaaab334207]
[mpi013:27942] [ 9] /usr/lib/jvm/java-1.6.0-openjdk-1.6.0.0.x86_64/jre/lib/amd64/server/libjvm.so(+0x86fc23)[0x2aaaab334c23]
[mpi013:27942] [10] /usr/lib/jvm/java-1.6.0-openjdk-1.6.0.0.x86_64/jre/lib/amd64/server/libjvm.so(JVM_handle_linux_signal+0x127)[0x2aaaab1e65b7]
[mpi013:27942] [11] /lib64/libpthread.so.0[0x378820f710]
[mpi013:27942] [12] /home/jsquyres/bogus/lib/openmpi/mca_pml_ob1.so(+0x219660)[0x2aab74219660]
[mpi013:27942] *** End of error message ***
[mpi003:28291] *** Process received signal ***
[mpi003:28291] Signal: Aborted (6)
[mpi003:28291] Signal code:  (-6)
#
# If you would like to submit a bug report, please include
# instructions how to reproduce the bug and visit:
#   http://icedtea.classpath.org/bugzilla
#
#
# If you would like to submit a bug report, please include
# instructions how to reproduce the bug and visit:
#   http://icedtea.classpath.org/bugzilla
#
[mpi032:21041] *** Process received signal ***
[mpi032:21041] Signal: Aborted (6)
[mpi032:21041] Signal code:  (-6)
[mpi028:27818] *** Process received signal ***
[mpi028:27818] Signal: Aborted (6)
[mpi028:27818] Signal code:  (-6)
#
# If you would like to submit a bug report, please include
# instructions how to reproduce the bug and visit:
#   http://icedtea.classpath.org/bugzilla
#
[mpi028:27818] [ 0] /lib64/libpthread.so.0[0x3544e0f710]
[mpi028:27818] [ 1] /lib64/libc.so.6(gsignal+0x35)[0x3544a32925]
[mpi028:27818] [ 2] /lib64/libc.so.6(abort+0x175)[0x3544a34105]
[mpi028:27818] [ 3] /usr/lib/jvm/java-1.6.0-openjdk-1.6.0.0.x86_64/jre/lib/amd64/server/libjvm.so(+0x71d355)[0x2aaaab1e2355]
[mpi028:27818] [ 4] /usr/lib/jvm/java-1.6.0-openjdk-1.6.0.0.x86_64/jre/lib/amd64/server/libjvm.so(+0x8700af)[0x2aaaab3350af]
[mpi028:27818] [ 5] /usr/lib/jvm/java-1.6.0-openjdk-1.6.0.0.x86_64/jre/lib/amd64/server/libjvm.so(+0x87075b)[0x2aaaab33575b]
[mpi028:27818] [ 6] /lib64/libpthread.so.0[0x3544e0f710]
[mpi028:27818] [ 7] /usr/lib/jvm/java-1.6.0-openjdk-1.6.0.0.x86_64/jre/lib/amd64/server/libjvm.so(+0x714dcf)[0x2aaaab1d9dcf]
[mpi028:27818] [ 8] /usr/lib/jvm/java-1.6.0-openjdk-1.6.0.0.x86_64/jre/lib/amd64/server/libjvm.so(+0x86f207)[0x2aaaab334207]
[mpi028:27818] [ 9] /usr/lib/jvm/java-1.6.0-openjdk-1.6.0.0.x86_64/jre/lib/amd64/server/libjvm.so(+0x86fc23)[0x2aaaab334c23]
[mpi028:27818] [10] /usr/lib/jvm/java-1.6.0-openjdk-1.6.0.0.x86_64/jre/lib/amd64/server/libjvm.so(JVM_handle_linux_signal+0x127)[0x2aaaab1e65b7]
[mpi028:27818] [11] /lib64/libpthread.so.0[0x3544e0f710]
[mpi028:27818] [12] /home/jsquyres/bogus/lib/openmpi/mca_pml_ob1.so(+0x219660)[0x2aab74219660]
[mpi028:27818] *** End of error message ***
[mpi032:21041] [ 0] /lib64/libpthread.so.0[0x358b80f710]
[mpi032:21041] [ 1] /lib64/libc.so.6(gsignal+0x35)[0x358b432925]
[mpi032:21041] [ 2] /lib64/libc.so.6(abort+0x175)[0x358b434105]
[mpi032:21041] [ 3] /usr/lib/jvm/java-1.6.0-openjdk-1.6.0.0.x86_64/jre/lib/amd64/server/libjvm.so(+0x71d355)[0x2aaaab1e2355]
[mpi032:21041] [ 4] /usr/lib/jvm/java-1.6.0-openjdk-1.6.0.0.x86_64/jre/lib/amd64/server/libjvm.so(+0x8700af)[0x2aaaab3350af]
[mpi032:21041] [ 5] /usr/lib/jvm/java-1.6.0-openjdk-1.6.0.0.x86_64/jre/lib/amd64/server/libjvm.so(+0x87075b)[0x2aaaab33575b]
[mpi032:21041] [ 6] /lib64/libpthread.so.0[0x358b80f710]
[mpi032:21041] [ 7] /usr/lib/jvm/java-1.6.0-openjdk-1.6.0.0.x86_64/jre/lib/amd64/server/libjvm.so(+0x714dcf)[0x2aaaab1d9dcf]
[mpi032:21041] [ 8] /usr/lib/jvm/java-1.6.0-openjdk-1.6.0.0.x86_64/jre/lib/amd64/server/libjvm.so(+0x86f207)[0x2aaaab334207]
[mpi032:21041] [ 9] /usr/lib/jvm/java-1.6.0-openjdk-1.6.0.0.x86_64/jre/lib/amd64/server/libjvm.so(+0x86fc23)[0x2aaaab334c23]
[mpi032:21041] [10] /usr/lib/jvm/java-1.6.0-openjdk-1.6.0.0.x86_64/jre/lib/amd64/server/libjvm.so(JVM_handle_linux_signal+0x127)[0x2aaaab1e65b7]
[mpi032:21041] [11] /lib64/libpthread.so.0[0x358b80f710]
[mpi032:21041] [12] /home/jsquyres/bogus/lib/openmpi/mca_pml_ob1.so(+0x219660)[0x2aab74219660]
[mpi032:21041] *** End of error message ***
[mpi003:28291] [ 0] /lib64/libpthread.so.0[0x3405c0f710]
[mpi003:28291] [ 1] /lib64/libc.so.6(gsignal+0x35)[0x3405832925]
[mpi003:28291] [ 2] /lib64/libc.so.6(abort+0x175)[0x3405834105]
[mpi003:28291] [ 3] /usr/lib/jvm/java-1.6.0-openjdk-1.6.0.0.x86_64/jre/lib/amd64/server/libjvm.so(+0x71d355)[0x2aaaab1e2355]
[mpi003:28291] [ 4] /usr/lib/jvm/java-1.6.0-openjdk-1.6.0.0.x86_64/jre/lib/amd64/server/libjvm.so(+0x8700af)[0x2aaaab3350af]
[mpi003:28291] [ 5] /usr/lib/jvm/java-1.6.0-openjdk-1.6.0.0.x86_64/jre/lib/amd64/server/libjvm.so(+0x87075b)[0x2aaaab33575b]
[mpi003:28291] [ 6] /lib64/libpthread.so.0[0x3405c0f710]
[mpi003:28291] [ 7] /usr/lib/jvm/java-1.6.0-openjdk-1.6.0.0.x86_64/jre/lib/amd64/server/libjvm.so(+0x714dcf)[0x2aaaab1d9dcf]
[mpi003:28291] [ 8] /usr/lib/jvm/java-1.6.0-openjdk-1.6.0.0.x86_64/jre/lib/amd64/server/libjvm.so(+0x86f207)[0x2aaaab334207]
[mpi003:28291] [ 9] /usr/lib/jvm/java-1.6.0-openjdk-1.6.0.0.x86_64/jre/lib/amd64/server/libjvm.so(+0x86fc23)[0x2aaaab334c23]
[mpi003:28291] [10] /usr/lib/jvm/java-1.6.0-openjdk-1.6.0.0.x86_64/jre/lib/amd64/server/libjvm.so(JVM_handle_linux_signal+0x127)[0x2aaaab1e65b7]
[mpi003:28291] [11] /lib64/libpthread.so.0[0x3405c0f710]
[mpi003:28291] [12] /home/jsquyres/bogus/lib/openmpi/mca_pml_ob1.so(+0x219660)[0x2aab74219660]
[mpi003:28291] *** End of error message ***
--------------------------------------------------------------------------
mpirun noticed that process rank 1 with PID 27942 on node mpi013 exited on signal 6 (Aborted).
--------------------------------------------------------------------------
3 total processes killed (some possibly by mpirun during cleanup)
===============================================================================
End: Mon Feb 17 10:37:57 PST 2014
