Running Java benchmark CG, class C, on 1 servers (np=2), sm,self

Servers:
mpi021
mpi021

mpirun --mca btl sm,self --bind-to core --map-by node -np 2 java NPB_MPJ.CG class=C

Start: Mon Feb 17 08:51:52 PST 2014
===============================================================================
 Unofficial NAS Parallel Benchmarks -- CG Benchmark
 Size: 150000
 Iterations: 75
 Number of active processes: 2
 Number of nonzeroes per row: 15
 Eigenvalue shift: 110.0
 Iteration "-1"  is the warm up iteration
   iteration            ||r||                 zeta
--------------------------------------------------------------------------
mpirun noticed that process rank 1 with PID 22609 on node mpi021 exited on signal 11 (Segmentation fault).
--------------------------------------------------------------------------
===============================================================================
End: Mon Feb 17 08:51:59 PST 2014
