Running Java benchmark CG, class D, on 1 servers (np=8), sm,self

Servers:
mpi024
mpi024
mpi024
mpi024
mpi024
mpi024
mpi024
mpi024

mpirun --mca btl sm,self --bind-to core --map-by node -np 8 java NPB_MPJ.CG class=D

Start: Mon Feb 17 08:58:22 PST 2014
===============================================================================
 Unofficial NAS Parallel Benchmarks -- CG Benchmark
 Size: 1500000
 Iterations: 100
 Number of active processes: 8
 Number of nonzeroes per row: 21
 Eigenvalue shift: 500.0
--------------------------------------------------------------------------
mpirun noticed that process rank 0 with PID 23681 on node mpi024 exited on signal 11 (Segmentation fault).
--------------------------------------------------------------------------
6 total processes killed (some possibly by mpirun during cleanup)
===============================================================================
End: Mon Feb 17 08:58:52 PST 2014
