Running Java benchmark CGbuf, class D, on 2 servers (np=2), tcp,self

Servers:
mpi025
mpi026

mpirun --mca btl tcp,self --bind-to core --map-by node -np 2 java NPB_MPJ.CGbuf class=D

Start: Mon Feb 17 09:21:52 PST 2014
===============================================================================
 Unofficial NAS Parallel Benchmarks -- CG Benchmark
 Size: 1500000
 Iterations: 100
 Number of active processes: 2
 Number of nonzeroes per row: 21
 Eigenvalue shift: 500.0
 Iteration "-1"  is the warm up iteration
   iteration            ||r||                 zeta
#
# A fatal error has been detected by the Java Runtime Environment:
#
#  SIGSEGV (0xb) at pc=0x00002aab74219660, pid=24070, tid=46912518821632
#
# JRE version: 6.0_28-b28
# Java VM: OpenJDK 64-Bit Server VM (23.25-b01 mixed mode linux-amd64 compressed oops)
# Problematic frame:
# C  [mca_pml_ob1.so+0x219660]  _fini+0x203738
#
# Core dump written. Default location: /home/jsquyres/svn/ompi-tests/NPB_MPJ/core or core.24070
#
# An error report file with more information is saved as:
# /home/jsquyres/svn/ompi-tests/NPB_MPJ/hs_err_pid24070.log
#
# If you would like to submit a bug report, please include
# instructions how to reproduce the bug and visit:
#   http://icedtea.classpath.org/bugzilla
#
[mpi025:24070] *** Process received signal ***
[mpi025:24070] Signal: Aborted (6)
[mpi025:24070] Signal code:  (-6)
[mpi025:24070] [ 0] /lib64/libpthread.so.0[0x323b60f710]
[mpi025:24070] [ 1] /lib64/libc.so.6(gsignal+0x35)[0x323b232925]
[mpi025:24070] [ 2] /lib64/libc.so.6(abort+0x175)[0x323b234105]
[mpi025:24070] [ 3] /usr/lib/jvm/java-1.6.0-openjdk-1.6.0.0.x86_64/jre/lib/amd64/server/libjvm.so(+0x71d355)[0x2aaaab1e2355]
[mpi025:24070] [ 4] /usr/lib/jvm/java-1.6.0-openjdk-1.6.0.0.x86_64/jre/lib/amd64/server/libjvm.so(+0x8700af)[0x2aaaab3350af]
[mpi025:24070] [ 5] /usr/lib/jvm/java-1.6.0-openjdk-1.6.0.0.x86_64/jre/lib/amd64/server/libjvm.so(+0x87075b)[0x2aaaab33575b]
[mpi025:24070] [ 6] /lib64/libpthread.so.0[0x323b60f710]
[mpi025:24070] [ 7] /usr/lib/jvm/java-1.6.0-openjdk-1.6.0.0.x86_64/jre/lib/amd64/server/libjvm.so(+0x714dcf)[0x2aaaab1d9dcf]
[mpi025:24070] [ 8] /usr/lib/jvm/java-1.6.0-openjdk-1.6.0.0.x86_64/jre/lib/amd64/server/libjvm.so(+0x86f207)[0x2aaaab334207]
[mpi025:24070] [ 9] /usr/lib/jvm/java-1.6.0-openjdk-1.6.0.0.x86_64/jre/lib/amd64/server/libjvm.so(+0x86fc23)[0x2aaaab334c23]
[mpi025:24070] [10] /usr/lib/jvm/java-1.6.0-openjdk-1.6.0.0.x86_64/jre/lib/amd64/server/libjvm.so(JVM_handle_linux_signal+0x127)[0x2aaaab1e65b7]
[mpi025:24070] [11] /lib64/libpthread.so.0[0x323b60f710]
[mpi025:24070] [12] /home/jsquyres/bogus/lib/openmpi/mca_pml_ob1.so(+0x219660)[0x2aab74219660]
[mpi025:24070] *** End of error message ***
[mpi026][[49454,1],1][../../../../../ompi/mca/btl/tcp/btl_tcp_frag.c:219:mca_btl_tcp_frag_recv] mca_btl_tcp_frag_recv: readv failed: Connection reset by peer (104)
[mpi026:17673] [[49454,1],1] ORTE_ERROR_LOG: Unreachable in file ../../../../../ompi/mca/pml/ob1/pml_ob1_sendreq.c at line 1130
--------------------------------------------------------------------------
mpirun noticed that process rank 0 with PID 24070 on node mpi025 exited on signal 6 (Aborted).
--------------------------------------------------------------------------
===============================================================================
End: Mon Feb 17 09:22:46 PST 2014
