Running Java benchmark CG, class D, on 4 servers (np=4), tcp,self

Servers:
mpi003
mpi028
mpi013
mpi032

mpirun --mca btl tcp,self --bind-to core --map-by node -np 4 java NPB_MPJ.CG class=D

Start: Mon Feb 17 10:39:53 PST 2014
===============================================================================
 Unofficial NAS Parallel Benchmarks -- CG Benchmark
 Size: 1500000
 Iterations: 100
 Number of active processes: 4
 Number of nonzeroes per row: 21
 Eigenvalue shift: 500.0
 Iteration "-1"  is the warm up iteration
   iteration            ||r||                 zeta
#
# A fatal error has been detected by the Java Runtime Environment:
#
#  SIGSEGV (0xb) at pc=0x00002aab74219660, pid=21222, tid=46912518821632
#
# JRE version: 6.0_28-b28
# Java VM: OpenJDK 64-Bit Server VM (23.25-b01 mixed mode linux-amd64 compressed oops)
# Problematic frame:
# C  [mca_pml_ob1.so+0x219660]  _fini+0x203738
#
# Core dump written. Default location: /home/jsquyres/svn/ompi-tests/NPB_MPJ/core or core.21222
#
# An error report file with more information is saved as:
# /home/jsquyres/svn/ompi-tests/NPB_MPJ/hs_err_pid21222.log
#
# If you would like to submit a bug report, please include
# instructions how to reproduce the bug and visit:
#   http://icedtea.classpath.org/bugzilla
#
[mpi032:21222] *** Process received signal ***
[mpi032:21222] Signal: Aborted (6)
[mpi032:21222] Signal code:  (-6)
[mpi032:21222] [ 0] /lib64/libpthread.so.0[0x358b80f710]
[mpi032:21222] [ 1] /lib64/libc.so.6(gsignal+0x35)[0x358b432925]
[mpi032:21222] [ 2] /lib64/libc.so.6(abort+0x175)[0x358b434105]
[mpi032:21222] [ 3] /usr/lib/jvm/java-1.6.0-openjdk-1.6.0.0.x86_64/jre/lib/amd64/server/libjvm.so(+0x71d355)[0x2aaaab1e2355]
[mpi032:21222] [ 4] /usr/lib/jvm/java-1.6.0-openjdk-1.6.0.0.x86_64/jre/lib/amd64/server/libjvm.so(+0x8700af)[0x2aaaab3350af]
[mpi032:21222] [ 5] /usr/lib/jvm/java-1.6.0-openjdk-1.6.0.0.x86_64/jre/lib/amd64/server/libjvm.so(+0x87075b)[0x2aaaab33575b]
[mpi032:21222] [ 6] /lib64/libpthread.so.0[0x358b80f710]
[mpi032:21222] [ 7] /usr/lib/jvm/java-1.6.0-openjdk-1.6.0.0.x86_64/jre/lib/amd64/server/libjvm.so(+0x714dcf)[0x2aaaab1d9dcf]
[mpi032:21222] [ 8] /usr/lib/jvm/java-1.6.0-openjdk-1.6.0.0.x86_64/jre/lib/amd64/server/libjvm.so(+0x86f207)[0x2aaaab334207]
[mpi032:21222] [ 9] /usr/lib/jvm/java-1.6.0-openjdk-1.6.0.0.x86_64/jre/lib/amd64/server/libjvm.so(+0x86fc23)[0x2aaaab334c23]
[mpi032:21222] [10] /usr/lib/jvm/java-1.6.0-openjdk-1.6.0.0.x86_64/jre/lib/amd64/server/libjvm.so(JVM_handle_linux_signal+0x127)[0x2aaaab1e65b7]
[mpi032:21222] [11] /lib64/libpthread.so.0[0x358b80f710]
[mpi032:21222] [12] /home/jsquyres/bogus/lib/openmpi/mca_pml_ob1.so(+0x219660)[0x2aab74219660]
[mpi032:21222] *** End of error message ***
#
# A fatal error has been detected by the Java Runtime Environment:
#
#  SIGSEGV (0xb) at pc=0x00002aab74219660, pid=28506, tid=46912518821632
#
# JRE version: 6.0_28-b28
# Java VM: OpenJDK 64-Bit Server VM (23.25-b01 mixed mode linux-amd64 compressed oops)
# Problematic frame:
# C  [mca_pml_ob1.so+0x219660]  _fini+0x203738
#
# Core dump written. Default location: /home/jsquyres/svn/ompi-tests/NPB_MPJ/core or core.28506
#
# An error report file with more information is saved as:
# /home/jsquyres/svn/ompi-tests/NPB_MPJ/hs_err_pid28506.log
#
# If you would like to submit a bug report, please include
# instructions how to reproduce the bug and visit:
#   http://icedtea.classpath.org/bugzilla
#
[mpi003:28506] *** Process received signal ***
[mpi003:28506] Signal: Aborted (6)
[mpi003:28506] Signal code:  (-6)
[mpi003:28506] [ 0] /lib64/libpthread.so.0[0x3405c0f710]
[mpi003:28506] [ 1] /lib64/libc.so.6(gsignal+0x35)[0x3405832925]
[mpi003:28506] [ 2] /lib64/libc.so.6(abort+0x175)[0x3405834105]
[mpi003:28506] [ 3] /usr/lib/jvm/java-1.6.0-openjdk-1.6.0.0.x86_64/jre/lib/amd64/server/libjvm.so(+0x71d355)[0x2aaaab1e2355]
[mpi003:28506] [ 4] /usr/lib/jvm/java-1.6.0-openjdk-1.6.0.0.x86_64/jre/lib/amd64/server/libjvm.so(+0x8700af)[0x2aaaab3350af]
[mpi003:28506] [ 5] /usr/lib/jvm/java-1.6.0-openjdk-1.6.0.0.x86_64/jre/lib/amd64/server/libjvm.so(+0x87075b)[0x2aaaab33575b]
[mpi003:28506] [ 6] /lib64/libpthread.so.0[0x3405c0f710]
[mpi003:28506] [ 7] /usr/lib/jvm/java-1.6.0-openjdk-1.6.0.0.x86_64/jre/lib/amd64/server/libjvm.so(+0x714dcf)[0x2aaaab1d9dcf]
[mpi003:28506] [ 8] /usr/lib/jvm/java-1.6.0-openjdk-1.6.0.0.x86_64/jre/lib/amd64/server/libjvm.so(+0x86f207)[0x2aaaab334207]
[mpi003:28506] [ 9] /usr/lib/jvm/java-1.6.0-openjdk-1.6.0.0.x86_64/jre/lib/amd64/server/libjvm.so(+0x86fc23)[0x2aaaab334c23]
[mpi003:28506] [10] /usr/lib/jvm/java-1.6.0-openjdk-1.6.0.0.x86_64/jre/lib/amd64/server/libjvm.so(JVM_handle_linux_signal+0x127)[0x2aaaab1e65b7]
[mpi003:28506] [11] /lib64/libpthread.so.0[0x3405c0f710]
[mpi003:28506] [12] /home/jsquyres/bogus/lib/openmpi/mca_pml_ob1.so(+0x219660)[0x2aab74219660]
[mpi003:28506] *** End of error message ***
[mpi013][[51532,1],1][../../../../../ompi/mca/btl/tcp/btl_tcp_frag.c:219:mca_btl_tcp_frag_recv] mca_btl_tcp_frag_recv: readv failed: Connection reset by peer (104)
[mpi013:28138] [[51532,1],1] ORTE_ERROR_LOG: Unreachable in file ../../../../../ompi/mca/pml/ob1/pml_ob1_sendreq.c at line 1130
--------------------------------------------------------------------------
mpirun noticed that process rank 0 with PID 28506 on node mpi003 exited on signal 6 (Aborted).
--------------------------------------------------------------------------
===============================================================================
End: Mon Feb 17 10:40:28 PST 2014
