Running Java benchmark SPopt, class D, on 1 servers (np=16), sm,self

Servers:
mpi024
mpi024
mpi024
mpi024
mpi024
mpi024
mpi024
mpi024
mpi024
mpi024
mpi024
mpi024
mpi024
mpi024
mpi024
mpi024

mpirun --mca btl sm,self --bind-to core --map-by node -np 16 java NPB_MPJ.SPopt class=D

Start: Mon Feb 17 09:04:22 PST 2014
===============================================================================
 Unofficial NAS Parallel Benchmarks Java version
 MPJ Version SP CLASS=D np=16
 No input file inputsp.data. Using compiled defaults
 Unofficial NAS Parallel Benchmarks -- SP Benchmark
 Size: 408x408x408
 Iterations: 500    dt: 3.0E-4
 Number of processes: 16
 Time step 1
 Time step 20
 Time step 40
 Time step 60
 Time step 80
 Time step 100
 Time step 120
 Time step 140
 Time step 160
 Time step 180
 Time step 200
 Time step 220
 Time step 240
 Time step 260
 Time step 280
 Time step 300
 Time step 320
 Time step 340
 Time step 360
 Time step 380
 Time step 400
 Time step 420
 Time step 440
 Time step 460
 Time step 480
 Time step 500
 Verification being performed for class D
 Accuracy setting for epsilon 1.0E-8
 Comparison of RMS-norms of residual
0 10446.962168867893 10446.96216887 2.0180112501907173E-13
1 3204.4277625784466 3204.427762578 1.3935776733230005E-13
2 4648.680733031795 4648.680733032 4.4020297295280016E-14
3 4238.923283696895 4238.923283697 2.488872252333995E-14
4 7588.412036136172 7588.412036136 2.2652235779570514E-14
 Comparison of RMS-norms of solution error
0 5.0894714236685745 5.089471423669 8.359167929656281E-14
1 0.5323514855894548 0.5323514855894 1.0281552056423915E-13
2 1.1870510089704878 1.187051008971 4.315373978798933E-13
3 1.0837349519379906 1.083734951938 8.60530832762589E-15
4 11.641083385680327 11.64108338568 2.8077254291616224E-14
 Verification successful
SP.D: Verification Successful
**** NAS Parallel Benchmarks Java-MPJ version (NPB-MPJ) SP ***** 
* Class             = D                                        * 
* Size              = 408 X 408 X 408                          * 
* Iterations        = 500                                      * 
* Time in seconds   = 45112.925                                * 
* ACCTime           = 0.000                                    * 
* Mops total        = 654.712                                  * 
* Operation type    = floating point                           * 
* Verification      = Successful                               * 
* Process requested = 16                                       * 
*                                                              *
* Please send all errors/feedbacks to:                         * 
* Damian Alvarez Mallon                                        * 
* dalvarezm@udc.es                                             * 
**************************************************************** 
===============================================================================
End: Mon Feb 17 21:39:33 PST 2014
