Running Java benchmark CGbuf, class D, on 1 servers (np=16), sm,self

Servers:
mpi024
mpi024
mpi024
mpi024
mpi024
mpi024
mpi024
mpi024
mpi024
mpi024
mpi024
mpi024
mpi024
mpi024
mpi024
mpi024

mpirun --mca btl sm,self --bind-to core --map-by node -np 16 java NPB_MPJ.CGbuf class=D

Start: Mon Feb 17 09:02:22 PST 2014
===============================================================================
 Unofficial NAS Parallel Benchmarks -- CG Benchmark
 Size: 1500000
 Iterations: 100
 Number of active processes: 16
 Number of nonzeroes per row: 21
 Eigenvalue shift: 500.0
--------------------------------------------------------------------------
mpirun noticed that process rank 2 with PID 25474 on node mpi024 exited on signal 11 (Segmentation fault).
--------------------------------------------------------------------------
===============================================================================
End: Mon Feb 17 09:03:18 PST 2014
