Running Java benchmark SPopt4, class D, on 4 servers (np=4), tcp,self

Servers:
mpi002
mpi025
mpi003
mpi026

mpirun --mca btl tcp,self --bind-to core --map-by node -np 4 java NPB_MPJ.SPopt4 class=D

Start: Mon Feb 17 22:56:53 PST 2014
===============================================================================
Exception in thread "main" java.lang.NoClassDefFoundError: NPB_MPJ/SPopt4
Exception in thread "main" Caused by: java.lang.ClassNotFoundException: NPB_MPJ.SPopt4
java.lang.NoClassDefFoundError: NPB_MPJ/SPopt4
	at java.net.URLClassLoader$1.run(URLClassLoader.java:217)
Caused by: java.lang.ClassNotFoundException: NPB_MPJ.SPopt4
	at java.security.AccessController.doPrivileged(Native Method)
	at java.net.URLClassLoader.findClass(URLClassLoader.java:205)
	at java.net.URLClassLoader$1.run(URLClassLoader.java:217)	at java.lang.ClassLoader.loadClass(ClassLoader.java:323)

	at java.security.AccessController.doPrivileged(Native Method)	at sun.misc.Launcher$AppClassLoader.loadClass(Launcher.java:294)
	at java.lang.ClassLoader.loadClass(ClassLoader.java:268)

	at java.net.URLClassLoader.findClass(URLClassLoader.java:205)
	at java.lang.ClassLoader.loadClass(ClassLoader.java:323)
	at sun.misc.Launcher$AppClassLoader.loadClass(Launcher.java:294)
	at java.lang.ClassLoader.loadClass(ClassLoader.java:268)
Exception in thread "main" java.lang.NoClassDefFoundError: NPB_MPJ/SPopt4
Caused by: java.lang.ClassNotFoundException: NPB_MPJ.SPopt4
	at java.net.URLClassLoader$1.run(URLClassLoader.java:217)
	at java.security.AccessController.doPrivileged(Native Method)
	at java.net.URLClassLoader.findClass(URLClassLoader.java:205)
	at java.lang.ClassLoader.loadClass(ClassLoader.java:323)
	at sun.misc.Launcher$AppClassLoader.loadClass(Launcher.java:294)
	at java.lang.ClassLoader.loadClass(ClassLoader.java:268)
Could not find the main class: NPB_MPJ.SPopt4. Program will exit.
Could not find the main class: NPB_MPJ.SPopt4. Program will exit.
Could not find the main class: NPB_MPJ.SPopt4. Program will exit.
-------------------------------------------------------
Primary job  terminated normally, but 1 process returned
a non-zero exit code.. Per user-direction, the job has been aborted.
-------------------------------------------------------
--------------------------------------------------------------------------
mpirun detected that one or more processes exited with non-zero status, thus causing
the job to be terminated. The first process to do so was:

  Process name: [[877,1],0]
  Exit code:    1
--------------------------------------------------------------------------
===============================================================================
End: Mon Feb 17 22:56:54 PST 2014
