Running Java benchmark EP, class D, on 1 servers (np=16), sm,self

Servers:
mpi005
mpi005
mpi005
mpi005
mpi005
mpi005
mpi005
mpi005
mpi005
mpi005
mpi005
mpi005
mpi005
mpi005
mpi005
mpi005

mpirun --mca btl sm,self --bind-to core --map-by node -np 16 java NPB_MPJ.EP class=D

Start: Mon Feb 17 09:03:22 PST 2014
===============================================================================
 Unofficial NAS Parallel Benchmarks Java version
 MPJ Version EP CLASS=D np=16
--------------------------------------------------------------------------
mpirun noticed that process rank 0 with PID 26189 on node mpi005 exited on signal 11 (Segmentation fault).
--------------------------------------------------------------------------
===============================================================================
End: Mon Feb 17 09:03:29 PST 2014
