Running Java benchmark FT, class C, on 1 servers (np=4), sm,self

Servers:
mpi021
mpi021
mpi021
mpi021

mpirun --mca btl sm,self --bind-to core --map-by node -np 4 java NPB_MPJ.FT class=C

Start: Mon Feb 17 08:56:22 PST 2014
===============================================================================
 Unofficial NAS Parallel Benchmarks Java version
 MPJ Version FT CLASS=C np=4
 No input file inputft.data. Using compiled defaults
 Size                : 512x512x512
 Iterations          : 20
 Number of processes : 4
 Processor array     : 1x4
 Layout type         : 1D
--------------------------------------------------------------------------
mpirun noticed that process rank 1 with PID 23407 on node mpi021 exited on signal 11 (Segmentation fault).
--------------------------------------------------------------------------
===============================================================================
End: Mon Feb 17 08:56:35 PST 2014
