Running Java benchmark SPopt2, class D, on 1 servers (np=4), sm,self

Servers:
mpi024
mpi024
mpi024
mpi024

mpirun --mca btl sm,self --bind-to core --map-by node -np 4 java NPB_MPJ.SPopt2 class=D

Start: Mon Feb 17 08:57:22 PST 2014
===============================================================================
 Unofficial NAS Parallel Benchmarks Java version
 MPJ Version SP CLASS=D np=4
 No input file inputsp.data. Using compiled defaults
 Unofficial NAS Parallel Benchmarks -- SP Benchmark
 Size: 408x408x408
 Iterations: 500    dt: 3.0E-4
 Number of processes: 4
--------------------------------------------------------------------------
mpirun noticed that process rank 1 with PID 23505 on node mpi024 exited on signal 11 (Segmentation fault).
--------------------------------------------------------------------------
===============================================================================
End: Mon Feb 17 08:58:11 PST 2014
