Running Java benchmark IS, class C, on 1 servers (np=8), sm,self

Servers:
mpi005
mpi005
mpi005
mpi005
mpi005
mpi005
mpi005
mpi005

mpirun --mca btl sm,self --bind-to core --map-by node -np 8 java NPB_MPJ.IS class=C

Start: Mon Feb 17 09:00:22 PST 2014
===============================================================================
 Unofficial NAS Parallel Benchmarks Java version
 MPJ Version IS CLASS=C np=8
 Size:  134217728 Iterations:   10

   iteration
        1
        2
        3
        4
        5
        6
        7
        8
        9
        10
IS.C: Verification Successful
**** NAS Parallel Benchmarks Java-MPJ version (NPB-MPJ) IS ***** 
* Class             = C                                        * 
* Size              = 134217728                                * 
* Iterations        = 10                                       * 
* Time in seconds   = 4.849                                    * 
* ACCTime           = 0.000                                    * 
* Mops total        = 276.795                                  * 
* Operation type    = keys ranked                              * 
* Verification      = Successful                               * 
* Process requested = 8                                        * 
*                                                              *
* Please send all errors/feedbacks to:                         * 
* Damian Alvarez Mallon                                        * 
* dalvarezm@udc.es                                             * 
**************************************************************** 
===============================================================================
End: Mon Feb 17 09:00:32 PST 2014
