Running Java benchmark CG, class D, on 1 servers (np=4), sm,self

Servers:
mpi021
mpi021
mpi021
mpi021

mpirun --mca btl sm,self --bind-to core --map-by node -np 4 java NPB_MPJ.CG class=D

Start: Mon Feb 17 08:55:22 PST 2014
===============================================================================
 Unofficial NAS Parallel Benchmarks -- CG Benchmark
 Size: 1500000
 Iterations: 100
 Number of active processes: 4
 Number of nonzeroes per row: 21
 Eigenvalue shift: 500.0
--------------------------------------------------------------------------
mpirun noticed that process rank 0 with PID 23240 on node mpi021 exited on signal 11 (Segmentation fault).
--------------------------------------------------------------------------
===============================================================================
End: Mon Feb 17 08:55:51 PST 2014
