Running Java benchmark CGbuf, class C, on 1 servers (np=1), sm,self

Servers:
mpi020

mpirun --mca btl sm,self --bind-to core --map-by node -np 1 java NPB_MPJ.CGbuf class=C

Start: Mon Feb 17 08:28:22 PST 2014
===============================================================================
 Unofficial NAS Parallel Benchmarks -- CG Benchmark
 Size: 150000
 Iterations: 75
 Number of active processes: 1
 Number of nonzeroes per row: 15
 Eigenvalue shift: 110.0
 Iteration "-1"  is the warm up iteration
   iteration            ||r||                 zeta
    -1        4.8234431173952E-13          109.9994423237398
    0        4.8234431173952E-13          109.9994423237398
    1        1.0813301768060526E-15          27.392043714649972
    2        1.1351384459845262E-15          28.033976184027992
    3        1.1648391234434214E-15          28.41915075512952
    4        1.1886771894963454E-15          28.647167003888484
    5        1.1937874759659194E-15          28.781296941839187
    6        1.2008615920883196E-15          28.86004585373459
    7        1.2048530020154038E-15          28.90631455727062
    8        1.2062626841265143E-15          28.933564921462562
    9        1.2082951489145463E-15          28.949669544899365
    10        1.2100045071758167E-15          28.95922633537576
    11        1.2105538135475967E-15          28.964923348488483
    12        1.2090697132234486E-15          28.96833592489314
    13        1.2094759658880316E-15          28.970390396001008
    14        1.2098629452510076E-15          28.971633622836436
    15        1.2105410367377487E-15          28.972389860084533
    16        1.2083418434676029E-15          28.972852269222557
    17        1.2150514608219197E-15          28.973136479777395
    18        1.2058055475732E-15          28.9733120569269
    19        1.2111799404999346E-15          28.97342106637457
    20        1.2088605674603075E-15          28.973489076052687
    21        1.2125228055955262E-15          28.973531706487535
    22        1.2118183440260705E-15          28.973558549726306
    23        1.2123372970376458E-15          28.97357552566592
    24        1.2157366104819078E-15          28.97358630593945
    25        1.2073280892319867E-15          28.97359317873851
    26        1.212804542346012E-15          28.973597576740545
    27        1.212879508044274E-15          28.973600400997142
    28        1.207916442764311E-15          28.973602220677563
    29        1.2130178537379767E-15          28.9736033967622
    30        1.2036462567624642E-15          28.97360415911659
    31        1.2044366750465705E-15          28.973604654642102
    32        1.2091217036462757E-15          28.973604977561337
    33        1.2085085775008343E-15          28.973605188508415
    34        1.2090796426934478E-15          28.973605326623442
    35        1.2042067084041059E-15          28.9736054172447
    36        1.2073535972317685E-15          28.973605476823337
    37        1.2094898947086333E-15          28.973605516062634
    38        1.2053079614109204E-15          28.973605541957753
    39        1.210442727109165E-15          28.973605559068275
    40        1.2070784516350623E-15          28.973605570395534
    41        1.2107062181558495E-15          28.97360557790779
    42        1.2037074499665693E-15          28.973605582892105
    43        1.2082164996494E-15          28.97360558620946
    44        1.2018175839237582E-15          28.973605588411544
    45        1.2084480429539976E-15          28.97360558988349
    46        1.2034719199628632E-15          28.97360559086421
    47        1.2010895380859265E-15          28.97360559152031
    48        1.207461905528623E-15          28.973605591955746
    49        1.2063268698260883E-15          28.97360559224957
    50        1.2072764694588901E-15          28.973605592444486
    51        1.2055938281969344E-15          28.97360559257548
    52        1.2045153695310456E-15          28.973605592663645
    53        1.2102319103294137E-15          28.973605592723658
    54        1.205614471002556E-15          28.973605592763164
    55        1.205864266363914E-15          28.97360559278951
    56        1.2036388918711234E-15          28.973605592806777
    57        1.2025303295926527E-15          28.973605592817904
    58        1.2035322732148528E-15          28.973605592829728
    59        1.2024957335314446E-15          28.973605592834048
    60        1.2075171648896104E-15          28.973605592837018
    61        1.2105355072094398E-15          28.973605592841167
    62        1.1996918375061019E-15          28.973605592839704
    63        1.2023750015118935E-15          28.973605592843256
    64        1.2036586856010887E-15          28.973605592842688
    65        1.210777379978456E-15          28.97360559284425
    66        1.204392790965225E-15          28.973605592843413
    67        1.2055636258517516E-15          28.97360559284587
    68        1.205499856291898E-15          28.973605592846738
    69        1.209036998138797E-15          28.973605592844535
    70        1.206027970830512E-15          28.9736055928458
    71        1.2052402871101171E-15          28.973605592843356
    72        1.205674982072879E-15          28.973605592846937
    73        1.199894341222937E-15          28.97360559284543
    74        1.2053174104700934E-15          28.973605592845374

 Benchmark completed 
CG.C: Verification Successful
Zeta is: 28.973605592845374
Error is: 1.2874991863842212E-14
**** NAS Parallel Benchmarks Java-MPJ version (NPB-MPJ) CG ***** 
* Class             = C                                        * 
* Size              = 150000                                   * 
* Iterations        = 75                                       * 
* Time in seconds   = 355.221                                  * 
* ACCTime           = 0.000                                    * 
* Mops total        = 403.545                                  * 
* Operation type    = Floating point                           * 
* Verification      = Successful                               * 
* Process requested = 1                                        * 
*                                                              *
* Please send all errors/feedbacks to:                         * 
* Damian Alvarez Mallon                                        * 
* dalvarezm@udc.es                                             * 
**************************************************************** 
===============================================================================
End: Mon Feb 17 08:34:26 PST 2014
