Running Java benchmark IS, class C, on 8 servers (np=8), tcp,self

Servers:
mpi002
mpi013
mpi005
mpi026
mpi011
mpi025
mpi028
mpi003

mpirun --mca btl tcp,self --bind-to core --map-by node -np 8 java NPB_MPJ.IS class=C

Start: Tue Feb 18 01:08:53 PST 2014
===============================================================================
 Unofficial NAS Parallel Benchmarks Java version
 MPJ Version IS CLASS=C np=8
 Size:  134217728 Iterations:   10

   iteration
        1
        2
        3
        4
        5
        6
        7
        8
        9
        10
IS.C: Verification Successful
**** NAS Parallel Benchmarks Java-MPJ version (NPB-MPJ) IS ***** 
* Class             = C                                        * 
* Size              = 134217728                                * 
* Iterations        = 10                                       * 
* Time in seconds   = 5.174                                    * 
* ACCTime           = 0.000                                    * 
* Mops total        = 259.408                                  * 
* Operation type    = keys ranked                              * 
* Verification      = Successful                               * 
* Process requested = 8                                        * 
*                                                              *
* Please send all errors/feedbacks to:                         * 
* Damian Alvarez Mallon                                        * 
* dalvarezm@udc.es                                             * 
**************************************************************** 
===============================================================================
End: Tue Feb 18 01:09:04 PST 2014
