Running Java benchmark IS, class C, on 4 servers (np=4), tcp,self

Servers:
mpi003
mpi013
mpi028
mpi032

mpirun --mca btl tcp,self --bind-to core --map-by node -np 4 java NPB_MPJ.IS class=C

Start: Mon Feb 17 11:56:52 PST 2014
===============================================================================
 Unofficial NAS Parallel Benchmarks Java version
 MPJ Version IS CLASS=C np=4
 Size:  134217728 Iterations:   10

   iteration
        1
        2
        3
        4
        5
        6
        7
        8
        9
        10
IS.C: Verification Successful
**** NAS Parallel Benchmarks Java-MPJ version (NPB-MPJ) IS ***** 
* Class             = C                                        * 
* Size              = 134217728                                * 
* Iterations        = 10                                       * 
* Time in seconds   = 10.081                                   * 
* ACCTime           = 0.000                                    * 
* Mops total        = 133.139                                  * 
* Operation type    = keys ranked                              * 
* Verification      = Successful                               * 
* Process requested = 4                                        * 
*                                                              *
* Please send all errors/feedbacks to:                         * 
* Damian Alvarez Mallon                                        * 
* dalvarezm@udc.es                                             * 
**************************************************************** 
===============================================================================
End: Mon Feb 17 11:57:13 PST 2014
