Running Java benchmark CG, class C, on 2 servers (np=2), tcp,self

Servers:
mpi005
mpi021

mpirun --mca btl tcp,self --bind-to core --map-by node -np 2 java NPB_MPJ.CG class=C

Start: Mon Feb 17 09:08:52 PST 2014
===============================================================================
 Unofficial NAS Parallel Benchmarks -- CG Benchmark
 Size: 150000
 Iterations: 75
 Number of active processes: 2
 Number of nonzeroes per row: 15
 Eigenvalue shift: 110.0
 Iteration "-1"  is the warm up iteration
   iteration            ||r||                 zeta
#
# A fatal error has been detected by the Java Runtime Environment:
#
#  SIGSEGV (0xb) at pc=0x00002aab70219660, pid=28126, tid=46912518821632
#
# JRE version: 6.0_28-b28
# Java VM: OpenJDK 64-Bit Server VM (23.25-b01 mixed mode linux-amd64 compressed oops)
# Problematic frame:
# C  [mca_pml_ob1.so+0x219660]  _fini+0x203738
#
# Core dump written. Default location: /home/jsquyres/svn/ompi-tests/NPB_MPJ/core or core.28126
#
# An error report file with more information is saved as:
# /home/jsquyres/svn/ompi-tests/NPB_MPJ/hs_err_pid28126.log
#
# If you would like to submit a bug report, please include
# instructions how to reproduce the bug and visit:
#   http://icedtea.classpath.org/bugzilla
#
[mpi005:28126] *** Process received signal ***
[mpi005:28126] Signal: Aborted (6)
[mpi005:28126] Signal code:  (-6)
[mpi005:28126] [ 0] /lib64/libpthread.so.0[0x3b6d80f710]
[mpi005:28126] [ 1] /lib64/libc.so.6(gsignal+0x35)[0x3b6d432925]
[mpi005:28126] [ 2] /lib64/libc.so.6(abort+0x175)[0x3b6d434105]
[mpi005:28126] [ 3] /usr/lib/jvm/java-1.6.0-openjdk-1.6.0.0.x86_64/jre/lib/amd64/server/libjvm.so(+0x71d355)[0x2aaaab1e2355]
[mpi005:28126] [ 4] /usr/lib/jvm/java-1.6.0-openjdk-1.6.0.0.x86_64/jre/lib/amd64/server/libjvm.so(+0x8700af)[0x2aaaab3350af]
[mpi005:28126] [ 5] /usr/lib/jvm/java-1.6.0-openjdk-1.6.0.0.x86_64/jre/lib/amd64/server/libjvm.so(+0x87075b)[0x2aaaab33575b]
[mpi005:28126] [ 6] /lib64/libpthread.so.0[0x3b6d80f710]
[mpi005:28126] [ 7] /usr/lib/jvm/java-1.6.0-openjdk-1.6.0.0.x86_64/jre/lib/amd64/server/libjvm.so(+0x714dcf)[0x2aaaab1d9dcf]
[mpi005:28126] [ 8] /usr/lib/jvm/java-1.6.0-openjdk-1.6.0.0.x86_64/jre/lib/amd64/server/libjvm.so(+0x86f207)[0x2aaaab334207]
[mpi005:28126] [ 9] /usr/lib/jvm/java-1.6.0-openjdk-1.6.0.0.x86_64/jre/lib/amd64/server/libjvm.so(+0x86fc23)[0x2aaaab334c23]
[mpi005:28126] [10] /usr/lib/jvm/java-1.6.0-openjdk-1.6.0.0.x86_64/jre/lib/amd64/server/libjvm.so(JVM_handle_linux_signal+0x127)[0x2aaaab1e65b7]
[mpi005:28126] [11] /lib64/libpthread.so.0[0x3b6d80f710]
[mpi005:28126] [12] /home/jsquyres/bogus/lib/openmpi/mca_pml_ob1.so(+0x219660)[0x2aab70219660]
[mpi005:28126] *** End of error message ***
#
# A fatal error has been detected by the Java Runtime Environment:
#
#  SIGSEGV (0xb) at pc=0x00002aab74219660, pid=28139, tid=46912518821632
#
# JRE version: 6.0_28-b28
# Java VM: OpenJDK 64-Bit Server VM (23.25-b01 mixed mode linux-amd64 compressed oops)
# Problematic frame:
# C  [mca_pml_ob1.so+0x219660]  _fini+0x203738
#
# Core dump written. Default location: /home/jsquyres/svn/ompi-tests/NPB_MPJ/core or core.28139
#
# An error report file with more information is saved as:
# /home/jsquyres/svn/ompi-tests/NPB_MPJ/hs_err_pid28139.log
[mpi021:28139] *** Process received signal ***
[mpi021:28139] Signal: Aborted (6)
[mpi021:28139] Signal code:  (-6)
#
# If you would like to submit a bug report, please include
# instructions how to reproduce the bug and visit:
#   http://icedtea.classpath.org/bugzilla
#
[mpi021:28139] [ 0] /lib64/libpthread.so.0[0x3a7da0f710]
[mpi021:28139] [ 1] /lib64/libc.so.6(gsignal+0x35)[0x3a7d632925]
[mpi021:28139] [ 2] /lib64/libc.so.6(abort+0x175)[0x3a7d634105]
[mpi021:28139] [ 3] /usr/lib/jvm/java-1.6.0-openjdk-1.6.0.0.x86_64/jre/lib/amd64/server/libjvm.so(+0x71d355)[0x2aaaab1e2355]
[mpi021:28139] [ 4] /usr/lib/jvm/java-1.6.0-openjdk-1.6.0.0.x86_64/jre/lib/amd64/server/libjvm.so(+0x8700af)[0x2aaaab3350af]
[mpi021:28139] [ 5] /usr/lib/jvm/java-1.6.0-openjdk-1.6.0.0.x86_64/jre/lib/amd64/server/libjvm.so(+0x87075b)[0x2aaaab33575b]
[mpi021:28139] [ 6] /lib64/libpthread.so.0[0x3a7da0f710]
[mpi021:28139] [ 7] /usr/lib/jvm/java-1.6.0-openjdk-1.6.0.0.x86_64/jre/lib/amd64/server/libjvm.so(+0x714dcf)[0x2aaaab1d9dcf]
[mpi021:28139] [ 8] /usr/lib/jvm/java-1.6.0-openjdk-1.6.0.0.x86_64/jre/lib/amd64/server/libjvm.so(+0x86f207)[0x2aaaab334207]
[mpi021:28139] [ 9] /usr/lib/jvm/java-1.6.0-openjdk-1.6.0.0.x86_64/jre/lib/amd64/server/libjvm.so(+0x86fc23)[0x2aaaab334c23]
[mpi021:28139] [10] /usr/lib/jvm/java-1.6.0-openjdk-1.6.0.0.x86_64/jre/lib/amd64/server/libjvm.so(JVM_handle_linux_signal+0x127)[0x2aaaab1e65b7]
[mpi021:28139] [11] /lib64/libpthread.so.0[0x3a7da0f710]
[mpi021:28139] [12] /home/jsquyres/bogus/lib/openmpi/mca_pml_ob1.so(+0x219660)[0x2aab74219660]
[mpi021:28139] *** End of error message ***
--------------------------------------------------------------------------
mpirun noticed that process rank 1 with PID 28139 on node mpi021 exited on signal 6 (Aborted).
--------------------------------------------------------------------------
===============================================================================
End: Mon Feb 17 09:08:59 PST 2014
