Running Java benchmark FT, class C, on 1 servers (np=2), sm,self

Servers:
mpi021
mpi021

mpirun --mca btl sm,self --bind-to core --map-by node -np 2 java NPB_MPJ.FT class=C

Start: Mon Feb 17 08:53:22 PST 2014
===============================================================================
 Unofficial NAS Parallel Benchmarks Java version
 MPJ Version FT CLASS=C np=2
 No input file inputft.data. Using compiled defaults
 Size                : 512x512x512
 Iterations          : 20
 Number of processes : 2
 Processor array     : 1x2
 Layout type         : 1D
--------------------------------------------------------------------------
mpirun noticed that process rank 1 with PID 22879 on node mpi021 exited on signal 11 (Segmentation fault).
--------------------------------------------------------------------------
===============================================================================
End: Mon Feb 17 08:53:36 PST 2014
