Running Java benchmark CGbuf, class C, on 1 servers (np=4), sm,self

Servers:
mpi024
mpi024
mpi024
mpi024

mpirun --mca btl sm,self --bind-to core --map-by node -np 4 java NPB_MPJ.CGbuf class=C

Start: Mon Feb 17 08:55:22 PST 2014
===============================================================================
 Unofficial NAS Parallel Benchmarks -- CG Benchmark
 Size: 150000
 Iterations: 75
 Number of active processes: 4
 Number of nonzeroes per row: 15
 Eigenvalue shift: 110.0
 Iteration "-1"  is the warm up iteration
   iteration            ||r||                 zeta
    -1        3.49180285134886E-13          109.9994423237398
--------------------------------------------------------------------------
mpirun noticed that process rank 2 with PID 22946 on node mpi024 exited on signal 11 (Segmentation fault).
--------------------------------------------------------------------------
===============================================================================
End: Mon Feb 17 08:55:30 PST 2014
