Running Java benchmark CGbuf, class D, on 1 servers (np=4), sm,self

Servers:
mpi005
mpi005
mpi005
mpi005

mpirun --mca btl sm,self --bind-to core --map-by node -np 4 java NPB_MPJ.CGbuf class=D

Start: Mon Feb 17 08:55:52 PST 2014
===============================================================================
 Unofficial NAS Parallel Benchmarks -- CG Benchmark
 Size: 1500000
 Iterations: 100
 Number of active processes: 4
 Number of nonzeroes per row: 21
 Eigenvalue shift: 500.0
--------------------------------------------------------------------------
mpirun noticed that process rank 3 with PID 23453 on node mpi005 exited on signal 11 (Segmentation fault).
--------------------------------------------------------------------------
===============================================================================
End: Mon Feb 17 08:56:20 PST 2014
