Running Java benchmark IS, class C, on 2 servers (np=2), usnic,self

Servers:
mpi002
mpi005

mpirun --mca btl usnic,self --bind-to core --map-by node -np 2 java NPB_MPJ.IS class=C

Start: Mon Feb 17 10:31:52 PST 2014
===============================================================================
 Unofficial NAS Parallel Benchmarks Java version
 MPJ Version IS CLASS=C np=2
 Size:  134217728 Iterations:   10

   iteration
        1
        2
        3
        4
        5
        6
        7
        8
        9
        10
IS.C: Verification Successful
**** NAS Parallel Benchmarks Java-MPJ version (NPB-MPJ) IS ***** 
* Class             = C                                        * 
* Size              = 134217728                                * 
* Iterations        = 10                                       * 
* Time in seconds   = 15.430                                   * 
* ACCTime           = 0.000                                    * 
* Mops total        = 86.985                                   * 
* Operation type    = keys ranked                              * 
* Verification      = Successful                               * 
* Process requested = 2                                        * 
*                                                              *
* Please send all errors/feedbacks to:                         * 
* Damian Alvarez Mallon                                        * 
* dalvarezm@udc.es                                             * 
**************************************************************** 
===============================================================================
End: Mon Feb 17 10:32:27 PST 2014
