Running Java benchmark SPopt2, class D, on 1 servers (np=8), sm,self

Servers:
mpi024
mpi024
mpi024
mpi024
mpi024
mpi024
mpi024
mpi024

mpirun --mca btl sm,self --bind-to core --map-by node -np 8 java NPB_MPJ.SPopt2 class=D

Start: Mon Feb 17 09:01:22 PST 2014
===============================================================================
--------------------------------------------------------------------------
MPI_ABORT was invoked on rank 5 in communicator MPI_COMM_WORLD 
with errorcode -1.

NOTE: invoking MPI_ABORT causes Open MPI to kill all MPI processes.
You may or may not see output from other processes, depending on
exactly when Open MPI kills them.
--------------------------------------------------------------------------
===============================================================================
End: Mon Feb 17 09:01:23 PST 2014
