Running C benchmark /home/jsquyres/svn/ompi-tests/NPB3.3.1/NPB3.3-MPI/bin/cg.C.1, class sm,self, on 1 servers (np=1), sm,self

SLURM job ID: 783848

Servers:
mpi001

mpirun --mca btl_usnic_if_include 10.10.0.0/16,10.2.0.0/16 --mca btl_tcp_if_include 10.10.0.0/16,10.2.0.0/16 --mca btl sm,self --bind-to core --map-by node -np 1 /home/jsquyres/svn/ompi-tests/NPB3.3.1/NPB3.3-MPI/bin/cg.C.1

Start: Mon Jun  9 15:48:42 PDT 2014
===============================================================================


 NAS Parallel Benchmarks 3.3 -- CG Benchmark

 Size:     150000
 Iterations:    75
 Number of active processes:     1
 Number of nonzeroes per row:       15
 Eigenvalue shift: .110E+03

   iteration           ||r||                 zeta
        1       0.20055640414536E-12   109.9994423237398
        2       0.58015073697461E-15    27.3920437146500
        3       0.57228376952545E-15    28.0339761840280
        4       0.57262952450938E-15    28.4191507551295
        5       0.57308611118736E-15    28.6471670038885
        6       0.57426663315617E-15    28.7812969418391
        7       0.57223480936287E-15    28.8600458537346
        8       0.57371402374593E-15    28.9063145572706
        9       0.57347227448177E-15    28.9335649214625
       10       0.57150385789317E-15    28.9496695448995
       11       0.57438880253024E-15    28.9592263353758
       12       0.57418973181973E-15    28.9649233484885
       13       0.57348331310347E-15    28.9683359248931
       14       0.57353381082338E-15    28.9703903960010
       15       0.57539813737471E-15    28.9716336228364
       16       0.57331333013154E-15    28.9723898600845
       17       0.57306720682327E-15    28.9728522692226
       18       0.57374386357427E-15    28.9731364797775
       19       0.57168101662885E-15    28.9733120569269
       20       0.57279834441504E-15    28.9734210663746
       21       0.57109271333862E-15    28.9734890760527
       22       0.57017359997621E-15    28.9735317064875
       23       0.57018190447101E-15    28.9735585497263
       24       0.57075716118930E-15    28.9735755256660
       25       0.57122772285019E-15    28.9735863059395
       26       0.57109269082569E-15    28.9735931787385
       27       0.57048428931108E-15    28.9735975767405
       28       0.56952273699180E-15    28.9736004009972
       29       0.56872512204022E-15    28.9736022206776
       30       0.57080532910605E-15    28.9736033967622
       31       0.57047606584483E-15    28.9736041591165
       32       0.57173115181864E-15    28.9736046546421
       33       0.56910473925894E-15    28.9736049775614
       34       0.56862987871006E-15    28.9736051885084
       35       0.57138918311324E-15    28.9736053266235
       36       0.56690721592319E-15    28.9736054172447
       37       0.56785098099268E-15    28.9736054768234
       38       0.56715624883776E-15    28.9736055160626
       39       0.56559750335038E-15    28.9736055419577
       40       0.56732007998159E-15    28.9736055590682
       41       0.56534715679502E-15    28.9736055703955
       42       0.56805924025963E-15    28.9736055779077
       43       0.56766321222206E-15    28.9736055828921
       44       0.56789601628493E-15    28.9736055862095
       45       0.56634900763239E-15    28.9736055884115
       46       0.56504600798905E-15    28.9736055898835
       47       0.56847195001615E-15    28.9736055908642
       48       0.56387281228570E-15    28.9736055915204
       49       0.56438154828176E-15    28.9736055919558
       50       0.56564385065424E-15    28.9736055922496
       51       0.56295241105807E-15    28.9736055924445
       52       0.56217684172721E-15    28.9736055925755
       53       0.56328494400871E-15    28.9736055926636
       54       0.56514001645722E-15    28.9736055927237
       55       0.56759213216578E-15    28.9736055927632
       56       0.56510568427336E-15    28.9736055927894
       57       0.56788940870168E-15    28.9736055928069
       58       0.56576021134589E-15    28.9736055928179
       59       0.56331286674910E-15    28.9736055928297
       60       0.56252202334739E-15    28.9736055928340
       61       0.56181722509865E-15    28.9736055928371
       62       0.56292810714305E-15    28.9736055928412
       63       0.56191609884714E-15    28.9736055928396
       64       0.55904478160277E-15    28.9736055928433
       65       0.55942123105108E-15    28.9736055928427
       66       0.56016815895707E-15    28.9736055928443
       67       0.56056611316878E-15    28.9736055928435
       68       0.55928926762861E-15    28.9736055928459
       69       0.56003453822198E-15    28.9736055928467
       70       0.56216737805253E-15    28.9736055928445
       71       0.55892772805972E-15    28.9736055928458
       72       0.55987340091087E-15    28.9736055928433
       73       0.56189671734932E-15    28.9736055928469
       74       0.55910494403130E-15    28.9736055928455
       75       0.55708828419728E-15    28.9736055928454
 Benchmark completed 
 VERIFICATION SUCCESSFUL 
 Zeta is     0.2897360559285E+02
 Error is    0.1238451598331E-13


 CG Benchmark Completed.
 Class           =                        C
 Size            =                   150000
 Iterations      =                       75
 Time in seconds =                   293.26
 Total processes =                        1
 Compiled procs  =                        1
 Mop/s total     =                   488.81
 Mop/s/process   =                   488.81
 Operation type  =           floating point
 Verification    =               SUCCESSFUL
 Version         =                    3.3.1
 Compile date    =              09 Jun 2014

 Compile options:
    MPIF77       = mpifort
    FLINK        = $(MPIF77)
    FMPI_LIB     = (none)
    FMPI_INC     = (none)
    FFLAGS       = -O2 -mcmodel=large
    FLINKFLAGS   = -O2 -mcmodel=large
    RAND         = randi8


 Please send feedbacks and/or the results of this run to:

 NPB Development Team 
 Internet: npb@nas.nasa.gov


===============================================================================
End: Mon Jun  9 15:53:41 PDT 2014
