srun: cluster configuration lacks support for cpu binding
Running C benchmark /home/jsquyres/svn/ompi-tests/NPB3.3.1/NPB3.3-MPI/bin/is.C.2, class tcp,self, on 2 servers (np=2), tcp,self

SLURM job ID: 783916

Servers:
mpi005
mpi030

mpirun --mca btl_usnic_if_include 10.10.0.0/16,10.2.0.0/16 --mca btl_tcp_if_include 10.10.0.0/16,10.2.0.0/16 --mca btl tcp,self --bind-to core --map-by node -np 2 /home/jsquyres/svn/ompi-tests/NPB3.3.1/NPB3.3-MPI/bin/is.C.2

Start: Mon Jun  9 16:29:32 PDT 2014
===============================================================================
srun: cluster configuration lacks support for cpu binding


 NAS Parallel Benchmarks 3.3 -- IS Benchmark

 Size:  134217728  (class C)
 Iterations:   10
 Number of processes:     2

   iteration
        1
        2
        3
        4
        5
        6
        7
        8
        9
        10


 IS Benchmark Completed
 Class           =                        C
 Size            =                134217728
 Iterations      =                       10
 Time in seconds =                     9.45
 Total processes =                        2
 Compiled procs  =                        2
 Mop/s total     =                   142.10
 Mop/s/process   =                    71.05
 Operation type  =              keys ranked
 Verification    =               SUCCESSFUL
 Version         =                    3.3.1
 Compile date    =              09 Jun 2014

 Compile options:
    MPICC        = mpicc
    CLINK        = $(MPICC)
    CMPI_LIB     = (none)
    CMPI_INC     = (none)
    CFLAGS       = -O2 -mcmodel=large
    CLINKFLAGS   = -O2 -mcmodel=large


 Please send feedbacks and/or the results of this run to:

 NPB Development Team
 npb@nas.nasa.gov


===============================================================================
End: Mon Jun  9 16:29:52 PDT 2014
