srun: cluster configuration lacks support for cpu binding
Running C benchmark /home/jsquyres/svn/ompi-tests/NPB3.3.1/NPB3.3-MPI/bin/mg.C.8, class tcp,self, on 8 servers (np=8), tcp,self

SLURM job ID: 783962

Servers:
mpi016
mpi031
mpi024
mpi030
mpi032
mpi022
mpi021
mpi029

mpirun --mca btl_usnic_if_include 10.10.0.0/16,10.2.0.0/16 --mca btl_tcp_if_include 10.10.0.0/16,10.2.0.0/16 --mca btl tcp,self --bind-to core --map-by node -np 8 /home/jsquyres/svn/ompi-tests/NPB3.3.1/NPB3.3-MPI/bin/mg.C.8

Start: Mon Jun  9 21:06:36 PDT 2014
===============================================================================
srun: cluster configuration lacks support for cpu binding


 NAS Parallel Benchmarks 3.3 -- MG Benchmark

 No input file. Using compiled defaults 
 Size:  512x 512x 512  (class C)
 Iterations:   20
 Number of processes:      8

 Initialization time:           0.761 seconds

  iter    1
  iter    5
  iter   10
  iter   15
  iter   20

 Benchmark completed 
 VERIFICATION SUCCESSFUL 
 L2 Norm is  0.5706732285740E-06
 Error is    0.3283946577419E-13


 MG Benchmark Completed.
 Class           =                        C
 Size            =            512x 512x 512
 Iterations      =                       20
 Time in seconds =                     6.46
 Total processes =                        8
 Compiled procs  =                        8
 Mop/s total     =                 24117.57
 Mop/s/process   =                  3014.70
 Operation type  =           floating point
 Verification    =               SUCCESSFUL
 Version         =                    3.3.1
 Compile date    =              09 Jun 2014

 Compile options:
    MPIF77       = mpifort
    FLINK        = $(MPIF77)
    FMPI_LIB     = (none)
    FMPI_INC     = (none)
    FFLAGS       = -O2 -mcmodel=large
    FLINKFLAGS   = -O2 -mcmodel=large
    RAND         = randi8


 Please send feedbacks and/or the results of this run to:

 NPB Development Team 
 Internet: npb@nas.nasa.gov


===============================================================================
End: Mon Jun  9 21:06:44 PDT 2014
