srun: cluster configuration lacks support for cpu binding
Running C benchmark /home/jsquyres/svn/ompi-tests/NPB3.3.1/NPB3.3-MPI/bin/mg.D.8, class usnic,self, on 8 servers (np=8), usnic,self

SLURM job ID: 783965

Servers:
mpi016
mpi031
mpi030
mpi024
mpi032
mpi029
mpi022
mpi021

mpirun --mca btl_usnic_if_include 10.10.0.0/16,10.2.0.0/16 --mca btl_tcp_if_include 10.10.0.0/16,10.2.0.0/16 --mca btl usnic,self --bind-to core --map-by node -np 8 /home/jsquyres/svn/ompi-tests/NPB3.3.1/NPB3.3-MPI/bin/mg.D.8

Start: Mon Jun  9 21:09:12 PDT 2014
===============================================================================
srun: cluster configuration lacks support for cpu binding


 NAS Parallel Benchmarks 3.3 -- MG Benchmark

 No input file. Using compiled defaults 
 Size: 1024x1024x1024  (class D)
 Iterations:   50
 Number of processes:      8

 Initialization time:           5.871 seconds

  iter    1
  iter    5
  iter   10
  iter   15
  iter   20
  iter   25
  iter   30
  iter   35
  iter   40
  iter   45
  iter   50

 Benchmark completed 
 VERIFICATION SUCCESSFUL 
 L2 Norm is  0.1583275060424E-09
 Error is    0.1014449191529E-10


 MG Benchmark Completed.
 Class           =                        D
 Size            =           1024x1024x1024
 Iterations      =                       50
 Time in seconds =                   128.96
 Total processes =                        8
 Compiled procs  =                        8
 Mop/s total     =                 24146.74
 Mop/s/process   =                  3018.34
 Operation type  =           floating point
 Verification    =               SUCCESSFUL
 Version         =                    3.3.1
 Compile date    =              09 Jun 2014

 Compile options:
    MPIF77       = mpifort
    FLINK        = $(MPIF77)
    FMPI_LIB     = (none)
    FMPI_INC     = (none)
    FFLAGS       = -O2 -mcmodel=large
    FLINKFLAGS   = -O2 -mcmodel=large
    RAND         = randi8


 Please send feedbacks and/or the results of this run to:

 NPB Development Team 
 Internet: npb@nas.nasa.gov


===============================================================================
End: Mon Jun  9 21:11:29 PDT 2014
