Running C benchmark /home/jsquyres/svn/ompi-tests/NPB3.3.1/NPB3.3-MPI/bin/sp.D.1, class sm,self, on 1 servers (np=1), sm,self

SLURM job ID: 783858

Servers:
mpi012

mpirun --mca btl_usnic_if_include 10.10.0.0/16,10.2.0.0/16 --mca btl_tcp_if_include 10.10.0.0/16,10.2.0.0/16 --mca btl sm,self --bind-to core --map-by node -np 1 /home/jsquyres/svn/ompi-tests/NPB3.3.1/NPB3.3-MPI/bin/sp.D.1

Start: Mon Jun  9 15:48:42 PDT 2014
===============================================================================


 NAS Parallel Benchmarks 3.3 -- SP Benchmark

 No input file inputsp.data. Using compiled defaults
 Size:  408x 408x 408
 Iterations:  500    dt:   0.0003000
 Number of active processes:     1

 Time step    1
 Time step   20
 Time step   40
 Time step   60
 Time step   80
 Time step  100
 Time step  120
 Time step  140
 Time step  160
 Time step  180
 Time step  200
 Time step  220
 Time step  240
 Time step  260
 Time step  280
 Time step  300
 Time step  320
 Time step  340
 Time step  360
 Time step  380
 Time step  400
 Time step  420
 Time step  440
 Time step  460
 Time step  480
 Time step  500
 Verification being performed for class D
 accuracy setting for epsilon =  0.1000000000000E-07
 Comparison of RMS-norms of residual
           1 0.1044696216886E+05 0.1044696216887E+05 0.5300108926299E-12
           2 0.3204427762578E+04 0.3204427762578E+04 0.2086109144384E-13
           3 0.4648680733027E+04 0.4648680733032E+04 0.1108333263012E-11
           4 0.4238923283690E+04 0.4238923283697E+04 0.1560694548576E-11
           5 0.7588412036135E+04 0.7588412036136E+04 0.1564082946685E-12
 Comparison of RMS-norms of solution error
           1 0.5089471423669E+01 0.5089471423669E+01 0.4310468640136E-13
           2 0.5323514855894E+00 0.5323514855894E+00 0.2294058268168E-13
           3 0.1187051008970E+01 0.1187051008971E+01 0.7643094095090E-12
           4 0.1083734951938E+01 0.1083734951938E+01 0.1733354963136E-12
           5 0.1164108338568E+02 0.1164108338568E+02 0.1257372692190E-12
 Verification Successful


 SP Benchmark Completed.
 Class           =                        D
 Size            =            408x 408x 408
 Iterations      =                      500
 Time in seconds =                 18759.41
 Total processes =                        1
 Compiled procs  =                        1
 Mop/s total     =                  1574.46
 Mop/s/process   =                  1574.46
 Operation type  =           floating point
 Verification    =               SUCCESSFUL
 Version         =                    3.3.1
 Compile date    =              09 Jun 2014

 Compile options:
    MPIF77       = mpifort
    FLINK        = $(MPIF77)
    FMPI_LIB     = (none)
    FMPI_INC     = (none)
    FFLAGS       = -O2 -mcmodel=large
    FLINKFLAGS   = -O2 -mcmodel=large
    RAND         = (none)


 Please send feedbacks and/or the results of this run to:

 NPB Development Team 
 Internet: npb@nas.nasa.gov


===============================================================================
End: Mon Jun  9 21:02:56 PDT 2014
