srun: cluster configuration lacks support for cpu binding
Running Java benchmark MG, class D, on 4 servers (np=4), usnic,self

SLURM job ID: 784081

Servers:
mpi025
mpi027
mpi026
mpi028

mpirun --mca btl_usnic_if_include 10.10.0.0/16,10.2.0.0/16 --mca btl_tcp_if_include 10.10.0.0/16,10.2.0.0/16 --mca btl usnic,self --bind-to core --map-by node -np 4 java -Xmx64g NPB_MPJ.MG class=D

Start: Mon Jun  9 20:00:21 PDT 2014
===============================================================================
srun: cluster configuration lacks support for cpu binding
Exception in thread "main" java.lang.NegativeArraySizeException
	at NPB_MPJ.MG.runBenchmark(MG.java:198)
	at NPB_MPJ.MG.main(MG.java:112)
Exception in thread "main" java.lang.NegativeArraySizeException
	at NPB_MPJ.MG.runBenchmark(MG.java:198)
	at NPB_MPJ.MG.main(MG.java:112)
Exception in thread "main" java.lang.NegativeArraySizeException
	at NPB_MPJ.MG.runBenchmark(MG.java:198)
	at NPB_MPJ.MG.main(MG.java:112)
Exception in thread "main" java.lang.NegativeArraySizeException
	at NPB_MPJ.MG.runBenchmark(MG.java:198)
	at NPB_MPJ.MG.main(MG.java:112)
-------------------------------------------------------
Primary job  terminated normally, but 1 process returned
a non-zero exit code.. Per user-direction, the job has been aborted.
-------------------------------------------------------
srun: Job step aborted: Waiting up to 2 seconds for job step to finish.
mpirun: Forwarding signal 18 to job
srun: got SIGCONT
slurmd[mpi025]: *** JOB 784081 CANCELLED AT 2014-06-10T05:22:08 ***
slurmd[mpi026]: *** STEP 784081.1 CANCELLED AT 2014-06-10T05:22:08 ***
mpirun: abort is already in progress...hit ctrl-c again to forcibly terminate

srun: forcing job termination
srun: error: mpi026: task 0: Terminated
srun: Terminating job step 784081.1
srun: error: mpi027: task 1: Exited with exit code 1
srun: error: mpi028: task 2: Exited with exit code 1
