srun: cluster configuration lacks support for cpu binding
Running Java benchmark FT, class C, on 4 servers (np=4), tcp,self

SLURM job ID: 784076

Servers:
mpi002
mpi022
mpi003
mpi024

mpirun --mca btl_usnic_if_include 10.10.0.0/16,10.2.0.0/16 --mca btl_tcp_if_include 10.10.0.0/16,10.2.0.0/16 --mca btl tcp,self --bind-to core --map-by node -np 4 java -Xmx64g NPB_MPJ.FT class=C

Start: Mon Jun  9 19:39:51 PDT 2014
===============================================================================
srun: cluster configuration lacks support for cpu binding
 Unofficial NAS Parallel Benchmarks Java version
 MPJ Version FT CLASS=C np=4
 No input file inputft.data. Using compiled defaults
 Size                : 512x512x512
 Iterations          : 20
 Number of processes : 4
 Processor array     : 1x4
 Layout type         : 1D
 T = 1 Checksum = ( 519.507870745666, 514.901969923807)
 T = 2 Checksum = ( 515.5422171134111, 512.7578201996746)
 T = 3 Checksum = ( 514.4678022222143, 512.2251847514314)
 T = 4 Checksum = ( 514.015059432843, 512.1090289018031)
 T = 5 Checksum = ( 513.7550426810105, 512.1143685823706)
 T = 6 Checksum = ( 513.5811056727716, 512.1496764568183)
 T = 7 Checksum = ( 513.4569343165183, 512.1870921892546)
 T = 8 Checksum = ( 513.3651975661285, 512.2193250322359)
 T = 9 Checksum = ( 513.295519280463, 512.245473579366)
 T = 10 Checksum = ( 513.2410471738194, 512.2663649603151)
 T = 11 Checksum = ( 513.1971141679048, 512.2830879826867)
 T = 12 Checksum = ( 513.1605205715779, 512.296586971847)
 T = 13 Checksum = ( 513.1290734193583, 512.3075927445424)
 T = 14 Checksum = ( 513.1012720313772, 512.3166486553143)
 T = 15 Checksum = ( 513.0760908195365, 512.3241541685366)
 T = 16 Checksum = ( 513.0528295923039, 512.330403759943)
 T = 17 Checksum = ( 513.0310107772616, 512.3356167976096)
 T = 18 Checksum = ( 513.010309013305, 512.3399592211207)
 T = 19 Checksum = ( 512.9905029333116, 512.343558898476)
 T = 20 Checksum = ( 512.9714421109034, 512.3465164008162)
FT.C: Verification Successful
**** NAS Parallel Benchmarks Java-MPJ version (NPB-MPJ) FT ***** 
* Class             = C                                        * 
* Size              = 512 X 512 X 512                          * 
* Iterations        = 20                                       * 
* Time in seconds   = 132.754                                  * 
* ACCTime           = 0.000                                    * 
* Mops total        = 2985.885                                 * 
* Operation type    = floating point                           * 
* Verification      = Successful                               * 
* Process requested = 4                                        * 
*                                                              *
* Please send all errors/feedbacks to:                         * 
* Damian Alvarez Mallon                                        * 
* dalvarezm@udc.es                                             * 
**************************************************************** 
===============================================================================
End: Mon Jun  9 19:42:16 PDT 2014
