srun: cluster configuration lacks support for cpu binding
Running Java benchmark IS, class C, on 4 servers (np=4), usnic,self

SLURM job ID: 784079

Servers:
mpi002
mpi022
mpi003
mpi024

mpirun --mca btl_usnic_if_include 10.10.0.0/16,10.2.0.0/16 --mca btl_tcp_if_include 10.10.0.0/16,10.2.0.0/16 --mca btl usnic,self --bind-to core --map-by node -np 4 java -Xmx64g NPB_MPJ.IS class=C

Start: Mon Jun  9 19:42:51 PDT 2014
===============================================================================
srun: cluster configuration lacks support for cpu binding
 Unofficial NAS Parallel Benchmarks Java version
 MPJ Version IS CLASS=C np=4
 Size:  134217728 Iterations:   10

   iteration
        1
        2
        3
        4
        5
        6
        7
        8
        9
        10
IS.C: Verification Successful
**** NAS Parallel Benchmarks Java-MPJ version (NPB-MPJ) IS ***** 
* Class             = C                                        * 
* Size              = 134217728                                * 
* Iterations        = 10                                       * 
* Time in seconds   = 7.561                                    * 
* ACCTime           = 0.000                                    * 
* Mops total        = 177.513                                  * 
* Operation type    = keys ranked                              * 
* Verification      = Successful                               * 
* Process requested = 4                                        * 
*                                                              *
* Please send all errors/feedbacks to:                         * 
* Damian Alvarez Mallon                                        * 
* dalvarezm@udc.es                                             * 
**************************************************************** 
===============================================================================
End: Mon Jun  9 19:43:09 PDT 2014
