srun: cluster configuration lacks support for cpu binding
Running Java benchmark EP, class C, on 8 servers (np=8), tcp,self

SLURM job ID: 784092

Servers:
mpi010
mpi016
mpi021
mpi013
mpi022
mpi012
mpi014
mpi011

mpirun --mca btl_usnic_if_include 10.10.0.0/16,10.2.0.0/16 --mca btl_tcp_if_include 10.10.0.0/16,10.2.0.0/16 --mca btl tcp,self --bind-to core --map-by node -np 8 java -Xmx64g NPB_MPJ.EP class=C

Start: Mon Jun  9 23:05:52 PDT 2014
===============================================================================
srun: cluster configuration lacks support for cpu binding
 Unofficial NAS Parallel Benchmarks Java version
 MPJ Version EP CLASS=C np=8
EP Benchmark Results
CPU Time = 54.328
N = 2^32
No. Gaussian Pairs = 3.373275903E9
Sums = 47643.67927995973 -80840.72988049156
Counts:
0 1.572172634E9
1 1.501108549E9
2 2.81805648E8
3 1.7761221E7
4 424017.0
5 3821.0
6 13.0
7 0.0
8 0.0
9 0.0
EP.C: Verification Successful
**** NAS Parallel Benchmarks Java-MPJ version (NPB-MPJ) EP ***** 
* Class             = C                                        * 
* Size              = 2147483647                               * 
* Iterations        = 1                                        * 
* Time in seconds   = 54.328                                   * 
* ACCTime           = 0.000                                    * 
* Mops total        = 158.112                                  * 
* Operation type    = Random numbers generated                 * 
* Verification      = Successful                               * 
* Process requested = 8                                        * 
*                                                              *
* Please send all errors/feedbacks to:                         * 
* Damian Alvarez Mallon                                        * 
* dalvarezm@udc.es                                             * 
**************************************************************** 
===============================================================================
End: Mon Jun  9 23:06:47 PDT 2014
