srun: cluster configuration lacks support for cpu binding
Running Java benchmark EP, class D, on 2 servers (np=2), usnic,self

SLURM job ID: 784055

Servers:
mpi011
mpi022

mpirun --mca btl_usnic_if_include 10.10.0.0/16,10.2.0.0/16 --mca btl_tcp_if_include 10.10.0.0/16,10.2.0.0/16 --mca btl usnic,self --bind-to core --map-by node -np 2 java -Xmx64g NPB_MPJ.EP class=D

Start: Mon Jun  9 17:57:51 PDT 2014
===============================================================================
srun: cluster configuration lacks support for cpu binding
 Unofficial NAS Parallel Benchmarks Java version
 MPJ Version EP CLASS=D np=2
EP Benchmark Results
CPU Time = 3475.336
N = 2^36
No. Gaussian Pairs = 5.3972171957E10
Sums = 198248.12009138163 -102059.66363768681
Counts:
0 2.5154622775E10
1 2.4017899906E10
2 4.508609839E9
3 2.84201296E8
4 6776403.0
5 61541.0
6 197.0
7 0.0
8 0.0
9 0.0
EP.D: Verification Successful
**** NAS Parallel Benchmarks Java-MPJ version (NPB-MPJ) EP ***** 
* Class             = D                                        * 
* Size              = 2147483647                               * 
* Iterations        = 1                                        * 
* Time in seconds   = 3475.336                                 * 
* ACCTime           = 0.000                                    * 
* Mops total        = 39.547                                   * 
* Operation type    = Random numbers generated                 * 
* Verification      = Successful                               * 
* Process requested = 2                                        * 
*                                                              *
* Please send all errors/feedbacks to:                         * 
* Damian Alvarez Mallon                                        * 
* dalvarezm@udc.es                                             * 
**************************************************************** 
===============================================================================
End: Mon Jun  9 18:55:48 PDT 2014
