srun: cluster configuration lacks support for cpu binding
Running Java benchmark MGopt, class D, on 4 servers (np=4), usnic,self

SLURM job ID: 784083

Servers:
mpi005
mpi007
mpi006
mpi008

mpirun --mca btl_usnic_if_include 10.10.0.0/16,10.2.0.0/16 --mca btl_tcp_if_include 10.10.0.0/16,10.2.0.0/16 --mca btl usnic,self --bind-to core --map-by node -np 4 java -Xmx64g NPB_MPJ.MGopt class=D

Start: Mon Jun  9 20:02:21 PDT 2014
===============================================================================
srun: cluster configuration lacks support for cpu binding
Exception in thread "main" java.lang.NegativeArraySizeException
	at NPB_MPJ.MGopt.runBenchmark(MGopt.java:198)
	at NPB_MPJ.MGopt.main(MGopt.java:113)
Exception in thread "main" java.lang.NegativeArraySizeException
	at NPB_MPJ.MGopt.runBenchmark(MGopt.java:198)
	at NPB_MPJ.MGopt.main(MGopt.java:113)
Exception in thread "main" java.lang.NegativeArraySizeException
	at NPB_MPJ.MGopt.runBenchmark(MGopt.java:198)
	at NPB_MPJ.MGopt.main(MGopt.java:113)
Exception in thread "main" java.lang.NegativeArraySizeException
	at NPB_MPJ.MGopt.runBenchmark(MGopt.java:198)
	at NPB_MPJ.MGopt.main(MGopt.java:113)
-------------------------------------------------------
Primary job  terminated normally, but 1 process returned
a non-zero exit code.. Per user-direction, the job has been aborted.
-------------------------------------------------------
srun: Job step aborted: Waiting up to 2 seconds for job step to finish.
slurmd[mpi006]: *** STEP 784083.1 CANCELLED AT 2014-06-10T05:22:17 ***
mpirun: Forwarding signal 18 to job
srun: got SIGCONT
slurmd[mpi005]: *** JOB 784083 CANCELLED AT 2014-06-10T05:22:17 ***
srun: forcing job termination
--------------------------------------------------------------------------
mpirun detected that one or more processes exited with non-zero status, thus causing
the job to be terminated. The first process to do so was:

  Process name: [[24982,1],0]
  Exit code:    1
--------------------------------------------------------------------------
srun: error: mpi008: task 2: Terminated
srun: Terminating job step 784083.1
srun: error: mpi006: task 0: Exited with exit code 1
srun: error: mpi007: task 1: Exited with exit code 1
