srun: cluster configuration lacks support for cpu binding
Running Java benchmark MG, class C, on 8 servers (np=8), usnic,self

SLURM job ID: 791320

Servers:
mpi015
mpi027
mpi020
mpi022
mpi028
mpi019
mpi021
mpi016

mpirun --mca btl_usnic_if_include 10.10.0.0/16,10.2.0.0/16 --mca btl_tcp_if_include 10.10.0.0/16,10.2.0.0/16 --mca btl usnic,self --bind-to core --map-by node -np 8 java -Xmx64g NPB_MPJ.MG class=C

Start: Mon Jun 16 09:33:04 PDT 2014
===============================================================================
srun: cluster configuration lacks support for cpu binding
 Unofficial NAS Parallel Benchmarks Java version
 MPJ Version MG CLASS=C np=8
 No input file mg.input. Using compiled defaults
 Size                : 512x512x512
 Iterations          : 20
 Number of processes : 8
   iter 1
   iter 5
   iter 10
   iter 15
   iter 20
 Initialization time: 6.019
 Benchmark completed 
 Verification successful 
 L2 Norm is 5.706732285739241E-7
 Error is   1.3302766644120336E-13
MG.C: Verification Successful
**** NAS Parallel Benchmarks Java-MPJ version (NPB-MPJ) MG ***** 
* Class             = C                                        * 
* Size              = 512 X 512 X 512                          * 
* Iterations        = 20                                       * 
* Time in seconds   = 13.371                                   * 
* ACCTime           = 0.000                                    * 
* Mops total        = 11643.177                                * 
* Operation type    = floating point                           * 
* Verification      = Successful                               * 
* Process requested = 8                                        * 
*                                                              *
* Please send all errors/feedbacks to:                         * 
* Damian Alvarez Mallon                                        * 
* dalvarezm@udc.es                                             * 
**************************************************************** 
===============================================================================
End: Mon Jun 16 09:33:25 PDT 2014
