srun: cluster configuration lacks support for cpu binding
Running Java benchmark EP, class C, on 4 servers (np=4), tcp,self

SLURM job ID: 798223

Servers:
mpi014
mpi023
mpi016
mpi024

mpirun --mca btl_usnic_if_include 10.10.0.0/16,10.2.0.0/16 --mca btl_tcp_if_include 10.10.0.0/16,10.2.0.0/16 --mca btl tcp,self --bind-to core --map-by node -np 4 /home/jsquyres/git/java-perf-test/jre1.7.0_60/bin/java -Xmx64g NPB_MPJ.EP class=C

Start: Sat Jun 21 08:57:05 PDT 2014
===============================================================================
srun: cluster configuration lacks support for cpu binding
 Unofficial NAS Parallel Benchmarks Java version
 MPJ Version EP CLASS=C np=4
EP Benchmark Results
CPU Time = 251.141
N = 2^32
No. Gaussian Pairs = 3.373275903E9
Sums = 47643.67927995944 -80840.72988039245
Counts:
0 1.572172634E9
1 1.501108549E9
2 2.81805648E8
3 1.7761221E7
4 424017.0
5 3821.0
6 13.0
7 0.0
8 0.0
9 0.0
EP.C: Verification Successful
**** NAS Parallel Benchmarks Java-MPJ version (NPB-MPJ) EP ***** 
* Class             = C                                        * 
* Size              = 2147483647                               * 
* Iterations        = 1                                        * 
* Time in seconds   = 251.141                                  * 
* ACCTime           = 0.000                                    * 
* Mops total        = 34.204                                   * 
* Operation type    = Random numbers generated                 * 
* Verification      = Successful                               * 
* Process requested = 4                                        * 
*                                                              *
* Please send all errors/feedbacks to:                         * 
* Damian Alvarez Mallon                                        * 
* dalvarezm@udc.es                                             * 
**************************************************************** 
===============================================================================
End: Sat Jun 21 09:01:17 PDT 2014
