srun: cluster configuration lacks support for cpu binding
Running Java benchmark MG, class C, on 16 servers (np=16), tcp,self

SLURM job ID: 798279

Servers:
mpi001
mpi006
mpi007
mpi011
mpi010
mpi013
mpi004
mpi015
mpi014
mpi008
mpi012
mpi016
mpi002
mpi005
mpi003
mpi009

mpirun --mca btl_usnic_if_include 10.10.0.0/16,10.2.0.0/16 --mca btl_tcp_if_include 10.10.0.0/16,10.2.0.0/16 --mca btl tcp,self --bind-to core --map-by node -np 16 /home/jsquyres/git/java-perf-test/jre1.7.0_60/bin/java -Xmx64g NPB_MPJ.MG class=C

Start: Sat Jun 21 12:42:56 PDT 2014
===============================================================================
srun: cluster configuration lacks support for cpu binding
 Unofficial NAS Parallel Benchmarks Java version
 MPJ Version MG CLASS=C np=16
 No input file mg.input. Using compiled defaults
 Size                : 512x512x512
 Iterations          : 20
 Number of processes : 16
   iter 1
   iter 5
   iter 10
   iter 15
   iter 20
 Initialization time: 19.843
 Benchmark completed 
 Verification successful 
 L2 Norm is 5.706732285739966E-7
 Error is   5.937078558045338E-15
MG.C: Verification Successful
**** NAS Parallel Benchmarks Java-MPJ version (NPB-MPJ) MG ***** 
* Class             = C                                        * 
* Size              = 512 X 512 X 512                          * 
* Iterations        = 20                                       * 
* Time in seconds   = 15.091                                   * 
* ACCTime           = 0.000                                    * 
* Mops total        = 10316.231                                * 
* Operation type    = floating point                           * 
* Verification      = Successful                               * 
* Process requested = 16                                       * 
*                                                              *
* Please send all errors/feedbacks to:                         * 
* Damian Alvarez Mallon                                        * 
* dalvarezm@udc.es                                             * 
**************************************************************** 
===============================================================================
End: Sat Jun 21 12:43:32 PDT 2014
