srun: cluster configuration lacks support for cpu binding
Running Java benchmark IS, class C, on 8 servers (np=8), usnic,self

SLURM job ID: 798254

Servers:
mpi022
mpi023
mpi027
mpi028
mpi025
mpi029
mpi026
mpi024

mpirun --mca btl_usnic_if_include 10.10.0.0/16,10.2.0.0/16 --mca btl_tcp_if_include 10.10.0.0/16,10.2.0.0/16 --mca btl usnic,self --bind-to core --map-by node -np 8 /home/jsquyres/git/java-perf-test/jre1.7.0_60/bin/java -Xmx64g NPB_MPJ.IS class=C

Start: Sat Jun 21 10:52:24 PDT 2014
===============================================================================
srun: cluster configuration lacks support for cpu binding
 Unofficial NAS Parallel Benchmarks Java version
 MPJ Version IS CLASS=C np=8
 Size:  134217728 Iterations:   10

   iteration
        1
        2
        3
        4
        5
        6
        7
        8
        9
        10
IS.C: Verification Successful
**** NAS Parallel Benchmarks Java-MPJ version (NPB-MPJ) IS ***** 
* Class             = C                                        * 
* Size              = 134217728                                * 
* Iterations        = 10                                       * 
* Time in seconds   = 3.923                                    * 
* ACCTime           = 0.000                                    * 
* Mops total        = 342.130                                  * 
* Operation type    = keys ranked                              * 
* Verification      = Successful                               * 
* Process requested = 8                                        * 
*                                                              *
* Please send all errors/feedbacks to:                         * 
* Damian Alvarez Mallon                                        * 
* dalvarezm@udc.es                                             * 
**************************************************************** 
===============================================================================
End: Sat Jun 21 10:52:33 PDT 2014
