srun: cluster configuration lacks support for cpu binding
Running Java benchmark MGopt, class D, on 16 servers (np=16), usnic,self

SLURM job ID: 798286

Servers:
mpi001
mpi011
mpi007
mpi013
mpi004
mpi006
mpi010
mpi015
mpi012
mpi008
mpi014
mpi009
mpi003
mpi016
mpi005
mpi002

mpirun --mca btl_usnic_if_include 10.10.0.0/16,10.2.0.0/16 --mca btl_tcp_if_include 10.10.0.0/16,10.2.0.0/16 --mca btl usnic,self --bind-to core --map-by node -np 16 /home/jsquyres/git/java-perf-test/jre1.7.0_60/bin/java -Xmx64g NPB_MPJ.MGopt class=D

Start: Sat Jun 21 13:02:29 PDT 2014
===============================================================================
srun: cluster configuration lacks support for cpu binding
 Unofficial NAS Parallel Benchmarks Java version
 MPJ Version MG CLASS=D np=16
 No input file mg.input. Using compiled defaults
 Size                : 1024x1024x1024
 Iterations          : 50
 Number of processes : 16
   iter 1
   iter 5
   iter 10
   iter 15
   iter 20
   iter 25
   iter 30
   iter 35
   iter 40
   iter 45
   iter 50
 Initialization time: 143.011
 Benchmark completed 
 Verification successful 
 L2 Norm is 1.583275060435508E-10
 Error is   3.4788578696752566E-12
MG.D: Verification Successful
**** NAS Parallel Benchmarks Java-MPJ version (NPB-MPJ) MG ***** 
* Class             = D                                        * 
* Size              = 1024 X 1024 X 1024                       * 
* Iterations        = 50                                       * 
* Time in seconds   = 201.786                                  * 
* ACCTime           = 0.000                                    * 
* Mops total        = 15431.454                                * 
* Operation type    = floating point                           * 
* Verification      = Successful                               * 
* Process requested = 16                                       * 
*                                                              *
* Please send all errors/feedbacks to:                         * 
* Damian Alvarez Mallon                                        * 
* dalvarezm@udc.es                                             * 
**************************************************************** 
===============================================================================
End: Sat Jun 21 13:08:17 PDT 2014
